2023-06-19 15:43:27,516 Savedir: MixBench/error_allpurpose_root_AST_CFG_PDG_DEP
2023-06-19 15:43:27,540 Dataset size: 600
2023-06-19 15:43:27,540 Split: 
  train -> 420, val -> 60, test -> 120
2023-06-19 15:43:27,540 Edges: ['AST', 'CFG', 'PDG', 'DEP']
2023-06-19 15:43:29,244 ============> Training mode start...
2023-06-19 15:46:11,909 	Train Loss: 10.737570 | Train Acc: 51.157% | Acc0: 99.05% |  Acc1: 2.87% 
2023-06-19 15:46:33,708 	 Val. Loss: 10.274720 |  Val. Acc: 66.146% |  Val. Pre: 66.39% |  Val. Rec: 68.12% |  Val. Fsc: 67.25%
2023-06-19 15:46:33,708 	 Acc0: 75.00% |  Acc1: 57.14% |  Pre0: 65.16% |  Pre1: 67.62% |  Rec0: 75.83% | Rec1: 60.42% 
2023-06-19 15:46:33,709 Epoch: 01 | Epoch Time: 3m 4s
2023-06-19 15:46:33,709 Validation loss decreased (inf --> 10.274720).  Saving model ...
2023-06-19 15:49:12,634 	Train Loss: 10.578139 | Train Acc: 69.676% | Acc0: 67.30% |  Acc1: 73.21% 
2023-06-19 15:49:34,351 	 Val. Loss: 10.014568 |  Val. Acc: 61.458% |  Val. Pre: 64.09% |  Val. Rec: 63.02% |  Val. Fsc: 63.55%
2023-06-19 15:49:34,351 	 Acc0: 78.12% |  Acc1: 42.86% |  Pre0: 59.97% |  Pre1: 68.21% |  Rec0: 81.67% | Rec1: 44.38% 
2023-06-19 15:49:34,351 Epoch: 02 | Epoch Time: 3m 0s
2023-06-19 15:49:34,351 Validation loss decreased (10.274720 --> 10.014568).  Saving model ...
2023-06-19 15:52:14,702 	Train Loss: 10.172582 | Train Acc: 63.889% | Acc0: 79.62% |  Acc1: 45.93% 
2023-06-19 15:52:36,797 	 Val. Loss: 9.634935 |  Val. Acc: 71.875% |  Val. Pre: 80.76% |  Val. Rec: 72.71% |  Val. Fsc: 76.52%
2023-06-19 15:52:36,797 	 Acc0: 46.88% |  Acc1: 100.00% |  Pre0: 100.00% |  Pre1: 61.52% |  Rec0: 45.42% | Rec1: 100.00% 
2023-06-19 15:52:36,798 Epoch: 03 | Epoch Time: 3m 2s
2023-06-19 15:52:36,798 Validation loss decreased (10.014568 --> 9.634935).  Saving model ...
2023-06-19 15:55:18,688 	Train Loss: 9.248044 | Train Acc: 71.991% | Acc0: 65.40% |  Acc1: 79.90% 
2023-06-19 15:55:40,527 	 Val. Loss: 8.282072 |  Val. Acc: 80.208% |  Val. Pre: 84.42% |  Val. Rec: 81.46% |  Val. Fsc: 82.91%
2023-06-19 15:55:40,527 	 Acc0: 62.50% |  Acc1: 100.00% |  Pre0: 100.00% |  Pre1: 68.84% |  Rec0: 62.92% | Rec1: 100.00% 
2023-06-19 15:55:40,527 Epoch: 04 | Epoch Time: 3m 3s
2023-06-19 15:55:40,527 Validation loss decreased (9.634935 --> 8.282072).  Saving model ...
2023-06-19 15:58:21,205 	Train Loss: 8.230181 | Train Acc: 75.463% | Acc0: 62.56% |  Acc1: 88.52% 
2023-06-19 15:58:43,324 	 Val. Loss: 8.173124 |  Val. Acc: 78.646% |  Val. Pre: 83.47% |  Val. Rec: 79.38% |  Val. Fsc: 81.37%
2023-06-19 15:58:43,324 	 Acc0: 59.38% |  Acc1: 100.00% |  Pre0: 100.00% |  Pre1: 66.94% |  Rec0: 58.75% | Rec1: 100.00% 
2023-06-19 15:58:43,338 Epoch: 05 | Epoch Time: 3m 2s
2023-06-19 15:58:43,338 Validation loss decreased (8.282072 --> 8.173124).  Saving model ...
2023-06-19 16:01:24,477 	Train Loss: 7.876738 | Train Acc: 75.463% | Acc0: 63.98% |  Acc1: 87.08% 
2023-06-19 16:01:46,477 	 Val. Loss: 7.555965 |  Val. Acc: 80.208% |  Val. Pre: 84.42% |  Val. Rec: 81.46% |  Val. Fsc: 82.91%
2023-06-19 16:01:46,477 	 Acc0: 62.50% |  Acc1: 100.00% |  Pre0: 100.00% |  Pre1: 68.84% |  Rec0: 62.92% | Rec1: 100.00% 
2023-06-19 16:01:46,477 Epoch: 06 | Epoch Time: 3m 3s
2023-06-19 16:01:46,477 Validation loss decreased (8.173124 --> 7.555965).  Saving model ...
2023-06-19 16:04:27,613 	Train Loss: 7.657808 | Train Acc: 78.241% | Acc0: 61.61% |  Acc1: 95.22% 
2023-06-19 16:04:49,454 	 Val. Loss: 6.862734 |  Val. Acc: 82.292% |  Val. Pre: 85.53% |  Val. Rec: 84.58% |  Val. Fsc: 85.05%
2023-06-19 16:04:49,454 	 Acc0: 65.62% |  Acc1: 100.00% |  Pre0: 100.00% |  Pre1: 71.06% |  Rec0: 69.17% | Rec1: 100.00% 
2023-06-19 16:04:49,454 Epoch: 07 | Epoch Time: 3m 2s
2023-06-19 16:04:49,454 Validation loss decreased (7.555965 --> 6.862734).  Saving model ...
2023-06-19 16:07:29,980 	Train Loss: 7.492952 | Train Acc: 77.083% | Acc0: 60.66% |  Acc1: 95.22% 
2023-06-19 16:07:51,967 	 Val. Loss: 7.352346 |  Val. Acc: 80.208% |  Val. Pre: 84.42% |  Val. Rec: 81.46% |  Val. Fsc: 82.91%
2023-06-19 16:07:51,967 	 Acc0: 62.50% |  Acc1: 100.00% |  Pre0: 100.00% |  Pre1: 68.84% |  Rec0: 62.92% | Rec1: 100.00% 
2023-06-19 16:07:51,967 Epoch: 08 | Epoch Time: 3m 2s
2023-06-19 16:07:51,967 EarlyStopping counter: 1 out of 20
2023-06-19 16:10:33,014 	Train Loss: 7.388767 | Train Acc: 78.704% | Acc0: 63.03% |  Acc1: 94.74% 
2023-06-19 16:10:54,911 	 Val. Loss: 6.755525 |  Val. Acc: 82.292% |  Val. Pre: 85.53% |  Val. Rec: 84.58% |  Val. Fsc: 85.05%
2023-06-19 16:10:54,911 	 Acc0: 65.62% |  Acc1: 100.00% |  Pre0: 100.00% |  Pre1: 71.06% |  Rec0: 69.17% | Rec1: 100.00% 
2023-06-19 16:10:54,911 Epoch: 09 | Epoch Time: 3m 2s
2023-06-19 16:10:54,911 Validation loss decreased (6.862734 --> 6.755525).  Saving model ...
2023-06-19 16:13:34,361 	Train Loss: 7.289110 | Train Acc: 79.861% | Acc0: 63.03% |  Acc1: 95.69% 
2023-06-19 16:13:56,263 	 Val. Loss: 6.863506 |  Val. Acc: 82.292% |  Val. Pre: 85.53% |  Val. Rec: 84.58% |  Val. Fsc: 85.05%
2023-06-19 16:13:56,264 	 Acc0: 65.62% |  Acc1: 100.00% |  Pre0: 100.00% |  Pre1: 71.06% |  Rec0: 69.17% | Rec1: 100.00% 
2023-06-19 16:13:56,276 Epoch: 10 | Epoch Time: 3m 1s
2023-06-19 16:13:56,277 EarlyStopping counter: 1 out of 20
2023-06-19 16:16:36,884 	Train Loss: 7.304027 | Train Acc: 77.083% | Acc0: 60.19% |  Acc1: 95.69% 
2023-06-19 16:16:58,723 	 Val. Loss: 7.339634 |  Val. Acc: 78.646% |  Val. Pre: 83.47% |  Val. Rec: 79.38% |  Val. Fsc: 81.37%
2023-06-19 16:16:58,723 	 Acc0: 59.38% |  Acc1: 100.00% |  Pre0: 100.00% |  Pre1: 66.94% |  Rec0: 58.75% | Rec1: 100.00% 
2023-06-19 16:16:58,723 Epoch: 11 | Epoch Time: 3m 2s
2023-06-19 16:16:58,723 EarlyStopping counter: 2 out of 20
2023-06-19 16:19:38,865 	Train Loss: 7.327561 | Train Acc: 79.167% | Acc0: 60.66% |  Acc1: 96.65% 
2023-06-19 16:20:00,615 	 Val. Loss: 6.420582 |  Val. Acc: 83.854% |  Val. Pre: 86.36% |  Val. Rec: 85.83% |  Val. Fsc: 86.10%
2023-06-19 16:20:00,615 	 Acc0: 68.75% |  Acc1: 100.00% |  Pre0: 100.00% |  Pre1: 72.73% |  Rec0: 71.67% | Rec1: 100.00% 
2023-06-19 16:20:00,616 Epoch: 12 | Epoch Time: 3m 1s
2023-06-19 16:20:00,616 Validation loss decreased (6.755525 --> 6.420582).  Saving model ...
2023-06-19 16:22:41,249 	Train Loss: 7.130372 | Train Acc: 78.704% | Acc0: 61.61% |  Acc1: 96.17% 
2023-06-19 16:23:02,990 	 Val. Loss: 6.260836 |  Val. Acc: 83.854% |  Val. Pre: 86.36% |  Val. Rec: 85.83% |  Val. Fsc: 86.10%
2023-06-19 16:23:02,991 	 Acc0: 68.75% |  Acc1: 100.00% |  Pre0: 100.00% |  Pre1: 72.73% |  Rec0: 71.67% | Rec1: 100.00% 
2023-06-19 16:23:02,991 Epoch: 13 | Epoch Time: 3m 2s
2023-06-19 16:23:02,991 Validation loss decreased (6.420582 --> 6.260836).  Saving model ...
2023-06-19 16:25:43,541 	Train Loss: 7.089741 | Train Acc: 76.852% | Acc0: 60.19% |  Acc1: 95.22% 
2023-06-19 16:26:05,252 	 Val. Loss: 6.098585 |  Val. Acc: 83.854% |  Val. Pre: 86.36% |  Val. Rec: 85.83% |  Val. Fsc: 86.10%
2023-06-19 16:26:05,252 	 Acc0: 68.75% |  Acc1: 100.00% |  Pre0: 100.00% |  Pre1: 72.73% |  Rec0: 71.67% | Rec1: 100.00% 
2023-06-19 16:26:05,252 Epoch: 14 | Epoch Time: 3m 2s
2023-06-19 16:26:05,252 Validation loss decreased (6.260836 --> 6.098585).  Saving model ...
2023-06-19 16:28:45,295 	Train Loss: 7.137549 | Train Acc: 79.398% | Acc0: 64.45% |  Acc1: 94.74% 
2023-06-19 16:29:07,097 	 Val. Loss: 6.791706 |  Val. Acc: 82.292% |  Val. Pre: 85.53% |  Val. Rec: 84.58% |  Val. Fsc: 85.05%
2023-06-19 16:29:07,097 	 Acc0: 65.62% |  Acc1: 100.00% |  Pre0: 100.00% |  Pre1: 71.06% |  Rec0: 69.17% | Rec1: 100.00% 
2023-06-19 16:29:07,109 Epoch: 15 | Epoch Time: 3m 1s
2023-06-19 16:29:07,109 EarlyStopping counter: 1 out of 20
2023-06-19 16:31:47,508 	Train Loss: 7.260972 | Train Acc: 78.241% | Acc0: 59.24% |  Acc1: 97.61% 
2023-06-19 16:32:09,538 	 Val. Loss: 6.247576 |  Val. Acc: 83.854% |  Val. Pre: 86.36% |  Val. Rec: 85.83% |  Val. Fsc: 86.10%
2023-06-19 16:32:09,538 	 Acc0: 68.75% |  Acc1: 100.00% |  Pre0: 100.00% |  Pre1: 72.73% |  Rec0: 71.67% | Rec1: 100.00% 
2023-06-19 16:32:09,538 Epoch: 16 | Epoch Time: 3m 2s
2023-06-19 16:32:09,538 EarlyStopping counter: 2 out of 20
2023-06-19 16:34:50,011 	Train Loss: 7.034437 | Train Acc: 78.935% | Acc0: 61.61% |  Acc1: 96.65% 
2023-06-19 16:35:12,102 	 Val. Loss: 6.108999 |  Val. Acc: 83.854% |  Val. Pre: 86.36% |  Val. Rec: 85.83% |  Val. Fsc: 86.10%
2023-06-19 16:35:12,102 	 Acc0: 68.75% |  Acc1: 100.00% |  Pre0: 100.00% |  Pre1: 72.73% |  Rec0: 71.67% | Rec1: 100.00% 
2023-06-19 16:35:12,102 Epoch: 17 | Epoch Time: 3m 2s
2023-06-19 16:35:12,102 EarlyStopping counter: 3 out of 20
2023-06-19 16:37:53,746 	Train Loss: 6.930343 | Train Acc: 79.167% | Acc0: 62.09% |  Acc1: 96.65% 
2023-06-19 16:38:15,641 	 Val. Loss: 6.074465 |  Val. Acc: 83.854% |  Val. Pre: 86.36% |  Val. Rec: 85.83% |  Val. Fsc: 86.10%
2023-06-19 16:38:15,642 	 Acc0: 68.75% |  Acc1: 100.00% |  Pre0: 100.00% |  Pre1: 72.73% |  Rec0: 71.67% | Rec1: 100.00% 
2023-06-19 16:38:15,642 Epoch: 18 | Epoch Time: 3m 3s
2023-06-19 16:38:15,642 Validation loss decreased (6.098585 --> 6.074465).  Saving model ...
2023-06-19 16:40:56,685 	Train Loss: 6.925476 | Train Acc: 79.167% | Acc0: 62.09% |  Acc1: 96.65% 
2023-06-19 16:41:18,850 	 Val. Loss: 6.042414 |  Val. Acc: 83.854% |  Val. Pre: 86.36% |  Val. Rec: 85.83% |  Val. Fsc: 86.10%
2023-06-19 16:41:18,851 	 Acc0: 68.75% |  Acc1: 100.00% |  Pre0: 100.00% |  Pre1: 72.73% |  Rec0: 71.67% | Rec1: 100.00% 
2023-06-19 16:41:18,851 Epoch: 19 | Epoch Time: 3m 3s
2023-06-19 16:41:18,851 Validation loss decreased (6.074465 --> 6.042414).  Saving model ...
2023-06-19 16:43:59,523 	Train Loss: 6.924652 | Train Acc: 76.157% | Acc0: 63.03% |  Acc1: 92.34% 
2023-06-19 16:44:21,411 	 Val. Loss: 6.700161 |  Val. Acc: 80.729% |  Val. Pre: 84.58% |  Val. Rec: 82.50% |  Val. Fsc: 83.53%
2023-06-19 16:44:21,412 	 Acc0: 62.50% |  Acc1: 100.00% |  Pre0: 100.00% |  Pre1: 69.17% |  Rec0: 65.00% | Rec1: 100.00% 
2023-06-19 16:44:21,426 Epoch: 20 | Epoch Time: 3m 2s
2023-06-19 16:44:21,426 EarlyStopping counter: 1 out of 20
2023-06-19 16:47:02,747 	Train Loss: 7.131646 | Train Acc: 78.241% | Acc0: 61.14% |  Acc1: 95.69% 
2023-06-19 16:47:24,497 	 Val. Loss: 6.001753 |  Val. Acc: 83.854% |  Val. Pre: 86.36% |  Val. Rec: 85.83% |  Val. Fsc: 86.10%
2023-06-19 16:47:24,497 	 Acc0: 68.75% |  Acc1: 100.00% |  Pre0: 100.00% |  Pre1: 72.73% |  Rec0: 71.67% | Rec1: 100.00% 
2023-06-19 16:47:24,497 Epoch: 21 | Epoch Time: 3m 3s
2023-06-19 16:47:24,497 Validation loss decreased (6.042414 --> 6.001753).  Saving model ...
2023-06-19 16:50:05,251 	Train Loss: 6.898777 | Train Acc: 79.630% | Acc0: 61.61% |  Acc1: 96.65% 
2023-06-19 16:50:27,016 	 Val. Loss: 5.904340 |  Val. Acc: 83.854% |  Val. Pre: 86.36% |  Val. Rec: 85.83% |  Val. Fsc: 86.10%
2023-06-19 16:50:27,016 	 Acc0: 68.75% |  Acc1: 100.00% |  Pre0: 100.00% |  Pre1: 72.73% |  Rec0: 71.67% | Rec1: 100.00% 
2023-06-19 16:50:27,016 Epoch: 22 | Epoch Time: 3m 2s
2023-06-19 16:50:27,016 Validation loss decreased (6.001753 --> 5.904340).  Saving model ...
2023-06-19 16:53:06,308 	Train Loss: 6.800350 | Train Acc: 79.167% | Acc0: 60.66% |  Acc1: 96.65% 
2023-06-19 16:53:28,105 	 Val. Loss: 5.732419 |  Val. Acc: 83.854% |  Val. Pre: 86.36% |  Val. Rec: 85.83% |  Val. Fsc: 86.10%
2023-06-19 16:53:28,105 	 Acc0: 68.75% |  Acc1: 100.00% |  Pre0: 100.00% |  Pre1: 72.73% |  Rec0: 71.67% | Rec1: 100.00% 
2023-06-19 16:53:28,105 Epoch: 23 | Epoch Time: 3m 1s
2023-06-19 16:53:28,105 Validation loss decreased (5.904340 --> 5.732419).  Saving model ...
2023-06-19 16:56:08,567 	Train Loss: 6.857093 | Train Acc: 79.630% | Acc0: 62.56% |  Acc1: 97.13% 
2023-06-19 16:56:30,430 	 Val. Loss: 5.717068 |  Val. Acc: 83.854% |  Val. Pre: 86.36% |  Val. Rec: 85.83% |  Val. Fsc: 86.10%
2023-06-19 16:56:30,430 	 Acc0: 68.75% |  Acc1: 100.00% |  Pre0: 100.00% |  Pre1: 72.73% |  Rec0: 71.67% | Rec1: 100.00% 
2023-06-19 16:56:30,430 Epoch: 24 | Epoch Time: 3m 2s
2023-06-19 16:56:30,430 Validation loss decreased (5.732419 --> 5.717068).  Saving model ...
2023-06-19 16:59:11,545 	Train Loss: 6.726800 | Train Acc: 79.167% | Acc0: 61.61% |  Acc1: 97.13% 
2023-06-19 16:59:33,242 	 Val. Loss: 5.689988 |  Val. Acc: 83.854% |  Val. Pre: 86.36% |  Val. Rec: 85.83% |  Val. Fsc: 86.10%
2023-06-19 16:59:33,242 	 Acc0: 68.75% |  Acc1: 100.00% |  Pre0: 100.00% |  Pre1: 72.73% |  Rec0: 71.67% | Rec1: 100.00% 
2023-06-19 16:59:33,255 Epoch: 25 | Epoch Time: 3m 2s
2023-06-19 16:59:33,255 Validation loss decreased (5.717068 --> 5.689988).  Saving model ...
2023-06-19 17:02:13,781 	Train Loss: 6.687578 | Train Acc: 80.324% | Acc0: 63.03% |  Acc1: 96.65% 
2023-06-19 17:02:36,327 	 Val. Loss: 5.718027 |  Val. Acc: 83.854% |  Val. Pre: 86.36% |  Val. Rec: 85.83% |  Val. Fsc: 86.10%
2023-06-19 17:02:36,328 	 Acc0: 68.75% |  Acc1: 100.00% |  Pre0: 100.00% |  Pre1: 72.73% |  Rec0: 71.67% | Rec1: 100.00% 
2023-06-19 17:02:36,328 Epoch: 26 | Epoch Time: 3m 3s
2023-06-19 17:02:36,328 EarlyStopping counter: 1 out of 20
2023-06-19 17:05:16,233 	Train Loss: 6.671619 | Train Acc: 77.315% | Acc0: 60.66% |  Acc1: 97.13% 
2023-06-19 17:05:37,993 	 Val. Loss: 5.503849 |  Val. Acc: 83.854% |  Val. Pre: 86.36% |  Val. Rec: 85.83% |  Val. Fsc: 86.10%
2023-06-19 17:05:37,994 	 Acc0: 68.75% |  Acc1: 100.00% |  Pre0: 100.00% |  Pre1: 72.73% |  Rec0: 71.67% | Rec1: 100.00% 
2023-06-19 17:05:37,994 Epoch: 27 | Epoch Time: 3m 1s
2023-06-19 17:05:37,994 Validation loss decreased (5.689988 --> 5.503849).  Saving model ...
2023-06-19 17:08:17,273 	Train Loss: 6.659910 | Train Acc: 78.935% | Acc0: 61.61% |  Acc1: 96.65% 
2023-06-19 17:08:39,110 	 Val. Loss: 5.883578 |  Val. Acc: 83.854% |  Val. Pre: 86.36% |  Val. Rec: 85.83% |  Val. Fsc: 86.10%
2023-06-19 17:08:39,110 	 Acc0: 68.75% |  Acc1: 100.00% |  Pre0: 100.00% |  Pre1: 72.73% |  Rec0: 71.67% | Rec1: 100.00% 
2023-06-19 17:08:39,111 Epoch: 28 | Epoch Time: 3m 1s
2023-06-19 17:08:39,111 EarlyStopping counter: 1 out of 20
2023-06-19 17:11:18,693 	Train Loss: 6.783839 | Train Acc: 78.472% | Acc0: 59.72% |  Acc1: 97.61% 
2023-06-19 17:11:40,355 	 Val. Loss: 5.769709 |  Val. Acc: 83.854% |  Val. Pre: 86.36% |  Val. Rec: 85.83% |  Val. Fsc: 86.10%
2023-06-19 17:11:40,355 	 Acc0: 68.75% |  Acc1: 100.00% |  Pre0: 100.00% |  Pre1: 72.73% |  Rec0: 71.67% | Rec1: 100.00% 
2023-06-19 17:11:40,355 Epoch: 29 | Epoch Time: 3m 1s
2023-06-19 17:11:40,355 EarlyStopping counter: 2 out of 20
2023-06-19 17:14:19,230 	Train Loss: 6.831096 | Train Acc: 79.630% | Acc0: 61.14% |  Acc1: 97.13% 
2023-06-19 17:14:40,936 	 Val. Loss: 6.018831 |  Val. Acc: 83.854% |  Val. Pre: 86.36% |  Val. Rec: 85.83% |  Val. Fsc: 86.10%
2023-06-19 17:14:40,936 	 Acc0: 68.75% |  Acc1: 100.00% |  Pre0: 100.00% |  Pre1: 72.73% |  Rec0: 71.67% | Rec1: 100.00% 
2023-06-19 17:14:40,948 Epoch: 30 | Epoch Time: 3m 0s
2023-06-19 17:14:40,948 EarlyStopping counter: 3 out of 20
2023-06-19 17:17:20,804 	Train Loss: 6.708530 | Train Acc: 79.630% | Acc0: 61.14% |  Acc1: 97.13% 
2023-06-19 17:17:42,661 	 Val. Loss: 5.567826 |  Val. Acc: 83.854% |  Val. Pre: 86.36% |  Val. Rec: 85.83% |  Val. Fsc: 86.10%
2023-06-19 17:17:42,661 	 Acc0: 68.75% |  Acc1: 100.00% |  Pre0: 100.00% |  Pre1: 72.73% |  Rec0: 71.67% | Rec1: 100.00% 
2023-06-19 17:17:42,661 Epoch: 31 | Epoch Time: 3m 1s
2023-06-19 17:17:42,661 EarlyStopping counter: 4 out of 20
2023-06-19 17:20:21,878 	Train Loss: 6.633172 | Train Acc: 80.556% | Acc0: 63.03% |  Acc1: 97.13% 
2023-06-19 17:20:43,667 	 Val. Loss: 5.449660 |  Val. Acc: 83.854% |  Val. Pre: 86.36% |  Val. Rec: 85.83% |  Val. Fsc: 86.10%
2023-06-19 17:20:43,667 	 Acc0: 68.75% |  Acc1: 100.00% |  Pre0: 100.00% |  Pre1: 72.73% |  Rec0: 71.67% | Rec1: 100.00% 
2023-06-19 17:20:43,668 Epoch: 32 | Epoch Time: 3m 1s
2023-06-19 17:20:43,668 Validation loss decreased (5.503849 --> 5.449660).  Saving model ...
2023-06-19 17:23:23,242 	Train Loss: 6.592409 | Train Acc: 79.861% | Acc0: 63.03% |  Acc1: 97.13% 
2023-06-19 17:23:45,072 	 Val. Loss: 5.499354 |  Val. Acc: 83.854% |  Val. Pre: 86.36% |  Val. Rec: 85.83% |  Val. Fsc: 86.10%
2023-06-19 17:23:45,072 	 Acc0: 68.75% |  Acc1: 100.00% |  Pre0: 100.00% |  Pre1: 72.73% |  Rec0: 71.67% | Rec1: 100.00% 
2023-06-19 17:23:45,073 Epoch: 33 | Epoch Time: 3m 1s
2023-06-19 17:23:45,073 EarlyStopping counter: 1 out of 20
2023-06-19 17:26:23,597 	Train Loss: 6.632276 | Train Acc: 79.398% | Acc0: 62.56% |  Acc1: 96.65% 
2023-06-19 17:26:45,349 	 Val. Loss: 5.364451 |  Val. Acc: 83.854% |  Val. Pre: 86.36% |  Val. Rec: 85.83% |  Val. Fsc: 86.10%
2023-06-19 17:26:45,350 	 Acc0: 68.75% |  Acc1: 100.00% |  Pre0: 100.00% |  Pre1: 72.73% |  Rec0: 71.67% | Rec1: 100.00% 
2023-06-19 17:26:45,350 Epoch: 34 | Epoch Time: 3m 0s
2023-06-19 17:26:45,350 Validation loss decreased (5.449660 --> 5.364451).  Saving model ...
2023-06-19 17:29:25,672 	Train Loss: 6.501134 | Train Acc: 80.556% | Acc0: 63.03% |  Acc1: 97.13% 
2023-06-19 17:29:47,405 	 Val. Loss: 5.875829 |  Val. Acc: 83.854% |  Val. Pre: 86.36% |  Val. Rec: 85.83% |  Val. Fsc: 86.10%
2023-06-19 17:29:47,405 	 Acc0: 68.75% |  Acc1: 100.00% |  Pre0: 100.00% |  Pre1: 72.73% |  Rec0: 71.67% | Rec1: 100.00% 
2023-06-19 17:29:47,423 Epoch: 35 | Epoch Time: 3m 2s
2023-06-19 17:29:47,423 EarlyStopping counter: 1 out of 20
2023-06-19 17:32:27,427 	Train Loss: 6.594947 | Train Acc: 80.093% | Acc0: 61.61% |  Acc1: 97.61% 
2023-06-19 17:32:49,184 	 Val. Loss: 5.498211 |  Val. Acc: 83.854% |  Val. Pre: 86.36% |  Val. Rec: 85.83% |  Val. Fsc: 86.10%
2023-06-19 17:32:49,184 	 Acc0: 68.75% |  Acc1: 100.00% |  Pre0: 100.00% |  Pre1: 72.73% |  Rec0: 71.67% | Rec1: 100.00% 
2023-06-19 17:32:49,184 Epoch: 36 | Epoch Time: 3m 1s
2023-06-19 17:32:49,184 EarlyStopping counter: 2 out of 20
2023-06-19 17:35:29,352 	Train Loss: 6.571970 | Train Acc: 79.630% | Acc0: 60.66% |  Acc1: 97.61% 
2023-06-19 17:35:51,023 	 Val. Loss: 5.516392 |  Val. Acc: 83.854% |  Val. Pre: 86.36% |  Val. Rec: 85.83% |  Val. Fsc: 86.10%
2023-06-19 17:35:51,023 	 Acc0: 68.75% |  Acc1: 100.00% |  Pre0: 100.00% |  Pre1: 72.73% |  Rec0: 71.67% | Rec1: 100.00% 
2023-06-19 17:35:51,023 Epoch: 37 | Epoch Time: 3m 1s
2023-06-19 17:35:51,023 EarlyStopping counter: 3 out of 20
2023-06-19 17:38:31,183 	Train Loss: 6.507522 | Train Acc: 79.630% | Acc0: 61.61% |  Acc1: 98.09% 
2023-06-19 17:38:52,906 	 Val. Loss: 5.335035 |  Val. Acc: 83.854% |  Val. Pre: 86.36% |  Val. Rec: 85.83% |  Val. Fsc: 86.10%
2023-06-19 17:38:52,906 	 Acc0: 68.75% |  Acc1: 100.00% |  Pre0: 100.00% |  Pre1: 72.73% |  Rec0: 71.67% | Rec1: 100.00% 
2023-06-19 17:38:52,906 Epoch: 38 | Epoch Time: 3m 1s
2023-06-19 17:38:52,906 Validation loss decreased (5.364451 --> 5.335035).  Saving model ...
2023-06-19 17:41:33,379 	Train Loss: 6.475536 | Train Acc: 79.861% | Acc0: 62.56% |  Acc1: 97.61% 
2023-06-19 17:41:55,092 	 Val. Loss: 5.341894 |  Val. Acc: 83.854% |  Val. Pre: 86.36% |  Val. Rec: 85.83% |  Val. Fsc: 86.10%
2023-06-19 17:41:55,092 	 Acc0: 68.75% |  Acc1: 100.00% |  Pre0: 100.00% |  Pre1: 72.73% |  Rec0: 71.67% | Rec1: 100.00% 
2023-06-19 17:41:55,092 Epoch: 39 | Epoch Time: 3m 2s
2023-06-19 17:41:55,092 EarlyStopping counter: 1 out of 20
2023-06-19 17:44:34,135 	Train Loss: 6.434525 | Train Acc: 79.398% | Acc0: 61.14% |  Acc1: 98.09% 
2023-06-19 17:45:06,820 	 Val. Loss: 5.188660 |  Val. Acc: 83.333% |  Val. Pre: 83.76% |  Val. Rec: 85.31% |  Val. Fsc: 84.53%
2023-06-19 17:45:06,821 	 Acc0: 71.88% |  Acc1: 96.43% |  Pre0: 93.75% |  Pre1: 73.77% |  Rec0: 73.75% | Rec1: 96.88% 
2023-06-19 17:45:06,834 Epoch: 40 | Epoch Time: 3m 11s
2023-06-19 17:45:06,834 Validation loss decreased (5.335035 --> 5.188660).  Saving model ...
2023-06-19 17:49:06,913 	Train Loss: 6.501419 | Train Acc: 78.704% | Acc0: 61.14% |  Acc1: 98.09% 
2023-06-19 17:49:39,771 	 Val. Loss: 5.181147 |  Val. Acc: 83.854% |  Val. Pre: 86.36% |  Val. Rec: 85.83% |  Val. Fsc: 86.10%
2023-06-19 17:49:39,771 	 Acc0: 68.75% |  Acc1: 100.00% |  Pre0: 100.00% |  Pre1: 72.73% |  Rec0: 71.67% | Rec1: 100.00% 
2023-06-19 17:49:39,771 Epoch: 41 | Epoch Time: 4m 32s
2023-06-19 17:49:39,772 Validation loss decreased (5.188660 --> 5.181147).  Saving model ...
2023-06-19 17:53:39,162 	Train Loss: 6.647373 | Train Acc: 78.935% | Acc0: 61.61% |  Acc1: 98.09% 
2023-06-19 17:54:11,911 	 Val. Loss: 5.262244 |  Val. Acc: 83.854% |  Val. Pre: 86.36% |  Val. Rec: 85.83% |  Val. Fsc: 86.10%
2023-06-19 17:54:11,912 	 Acc0: 68.75% |  Acc1: 100.00% |  Pre0: 100.00% |  Pre1: 72.73% |  Rec0: 71.67% | Rec1: 100.00% 
2023-06-19 17:54:11,912 Epoch: 42 | Epoch Time: 4m 32s
2023-06-19 17:54:11,912 EarlyStopping counter: 1 out of 20
2023-06-19 17:58:10,923 	Train Loss: 6.522487 | Train Acc: 78.704% | Acc0: 62.56% |  Acc1: 96.65% 
2023-06-19 17:58:43,614 	 Val. Loss: 5.588320 |  Val. Acc: 84.375% |  Val. Pre: 82.91% |  Val. Rec: 84.79% |  Val. Fsc: 83.84%
2023-06-19 17:58:43,615 	 Acc0: 81.25% |  Acc1: 89.29% |  Pre0: 87.73% |  Pre1: 78.10% |  Rec0: 82.08% | Rec1: 87.50% 
2023-06-19 17:58:43,615 Epoch: 43 | Epoch Time: 4m 31s
2023-06-19 17:58:43,615 EarlyStopping counter: 2 out of 20
2023-06-19 18:02:43,414 	Train Loss: 6.651590 | Train Acc: 78.009% | Acc0: 62.09% |  Acc1: 95.69% 
2023-06-19 18:03:16,304 	 Val. Loss: 5.368924 |  Val. Acc: 83.854% |  Val. Pre: 86.36% |  Val. Rec: 85.83% |  Val. Fsc: 86.10%
2023-06-19 18:03:16,304 	 Acc0: 68.75% |  Acc1: 100.00% |  Pre0: 100.00% |  Pre1: 72.73% |  Rec0: 71.67% | Rec1: 100.00% 
2023-06-19 18:03:16,304 Epoch: 44 | Epoch Time: 4m 32s
2023-06-19 18:03:16,304 EarlyStopping counter: 3 out of 20
2023-06-19 18:07:15,837 	Train Loss: 6.481741 | Train Acc: 79.167% | Acc0: 60.66% |  Acc1: 98.09% 
2023-06-19 18:07:48,654 	 Val. Loss: 5.215290 |  Val. Acc: 83.854% |  Val. Pre: 86.36% |  Val. Rec: 85.83% |  Val. Fsc: 86.10%
2023-06-19 18:07:48,655 	 Acc0: 68.75% |  Acc1: 100.00% |  Pre0: 100.00% |  Pre1: 72.73% |  Rec0: 71.67% | Rec1: 100.00% 
2023-06-19 18:07:48,668 Epoch: 45 | Epoch Time: 4m 32s
2023-06-19 18:07:48,668 EarlyStopping counter: 4 out of 20
2023-06-19 18:11:47,187 	Train Loss: 6.318379 | Train Acc: 79.398% | Acc0: 61.61% |  Acc1: 99.04% 
2023-06-19 18:12:19,968 	 Val. Loss: 5.273845 |  Val. Acc: 83.854% |  Val. Pre: 86.36% |  Val. Rec: 85.83% |  Val. Fsc: 86.10%
2023-06-19 18:12:19,969 	 Acc0: 68.75% |  Acc1: 100.00% |  Pre0: 100.00% |  Pre1: 72.73% |  Rec0: 71.67% | Rec1: 100.00% 
2023-06-19 18:12:19,969 Epoch: 46 | Epoch Time: 4m 31s
2023-06-19 18:12:19,969 EarlyStopping counter: 5 out of 20
2023-06-19 18:16:18,736 	Train Loss: 6.334487 | Train Acc: 80.556% | Acc0: 61.61% |  Acc1: 98.56% 
2023-06-19 18:16:51,511 	 Val. Loss: 5.099452 |  Val. Acc: 85.417% |  Val. Pre: 87.06% |  Val. Rec: 86.88% |  Val. Fsc: 86.97%
2023-06-19 18:16:51,511 	 Acc0: 71.88% |  Acc1: 100.00% |  Pre0: 100.00% |  Pre1: 74.12% |  Rec0: 73.75% | Rec1: 100.00% 
2023-06-19 18:16:51,511 Epoch: 47 | Epoch Time: 4m 31s
2023-06-19 18:16:51,511 Validation loss decreased (5.181147 --> 5.099452).  Saving model ...
2023-06-19 18:20:50,188 	Train Loss: 6.228648 | Train Acc: 82.176% | Acc0: 67.30% |  Acc1: 96.17% 
2023-06-19 18:21:22,988 	 Val. Loss: 5.523341 |  Val. Acc: 83.854% |  Val. Pre: 86.36% |  Val. Rec: 85.83% |  Val. Fsc: 86.10%
2023-06-19 18:21:22,988 	 Acc0: 68.75% |  Acc1: 100.00% |  Pre0: 100.00% |  Pre1: 72.73% |  Rec0: 71.67% | Rec1: 100.00% 
2023-06-19 18:21:22,988 Epoch: 48 | Epoch Time: 4m 31s
2023-06-19 18:21:22,988 EarlyStopping counter: 1 out of 20
2023-06-19 18:25:22,197 	Train Loss: 6.471609 | Train Acc: 79.630% | Acc0: 62.09% |  Acc1: 97.61% 
2023-06-19 18:25:55,006 	 Val. Loss: 5.239778 |  Val. Acc: 83.854% |  Val. Pre: 86.36% |  Val. Rec: 85.83% |  Val. Fsc: 86.10%
2023-06-19 18:25:55,006 	 Acc0: 68.75% |  Acc1: 100.00% |  Pre0: 100.00% |  Pre1: 72.73% |  Rec0: 71.67% | Rec1: 100.00% 
2023-06-19 18:25:55,006 Epoch: 49 | Epoch Time: 4m 32s
2023-06-19 18:25:55,006 EarlyStopping counter: 2 out of 20
2023-06-19 18:29:54,450 	Train Loss: 6.270980 | Train Acc: 80.787% | Acc0: 62.56% |  Acc1: 98.09% 
2023-06-19 18:30:27,273 	 Val. Loss: 5.027743 |  Val. Acc: 85.417% |  Val. Pre: 87.06% |  Val. Rec: 86.88% |  Val. Fsc: 86.97%
2023-06-19 18:30:27,273 	 Acc0: 71.88% |  Acc1: 100.00% |  Pre0: 100.00% |  Pre1: 74.12% |  Rec0: 73.75% | Rec1: 100.00% 
2023-06-19 18:30:27,290 Epoch: 50 | Epoch Time: 4m 32s
2023-06-19 18:30:27,291 Validation loss decreased (5.099452 --> 5.027743).  Saving model ...
2023-06-19 18:34:26,653 	Train Loss: 6.253533 | Train Acc: 79.861% | Acc0: 62.09% |  Acc1: 98.09% 
2023-06-19 18:34:59,402 	 Val. Loss: 5.013091 |  Val. Acc: 85.417% |  Val. Pre: 87.06% |  Val. Rec: 86.88% |  Val. Fsc: 86.97%
2023-06-19 18:34:59,402 	 Acc0: 71.88% |  Acc1: 100.00% |  Pre0: 100.00% |  Pre1: 74.12% |  Rec0: 73.75% | Rec1: 100.00% 
2023-06-19 18:34:59,402 Epoch: 51 | Epoch Time: 4m 32s
2023-06-19 18:34:59,402 Validation loss decreased (5.027743 --> 5.013091).  Saving model ...
2023-06-19 18:38:58,998 	Train Loss: 6.258838 | Train Acc: 80.093% | Acc0: 63.98% |  Acc1: 96.65% 
2023-06-19 18:39:31,664 	 Val. Loss: 5.258420 |  Val. Acc: 83.854% |  Val. Pre: 86.36% |  Val. Rec: 85.83% |  Val. Fsc: 86.10%
2023-06-19 18:39:31,664 	 Acc0: 68.75% |  Acc1: 100.00% |  Pre0: 100.00% |  Pre1: 72.73% |  Rec0: 71.67% | Rec1: 100.00% 
2023-06-19 18:39:31,664 Epoch: 52 | Epoch Time: 4m 32s
2023-06-19 18:39:31,664 EarlyStopping counter: 1 out of 20
2023-06-19 18:43:31,196 	Train Loss: 6.285591 | Train Acc: 78.935% | Acc0: 64.93% |  Acc1: 91.87% 
2023-06-19 18:44:04,014 	 Val. Loss: 5.148219 |  Val. Acc: 83.854% |  Val. Pre: 86.36% |  Val. Rec: 85.83% |  Val. Fsc: 86.10%
2023-06-19 18:44:04,014 	 Acc0: 68.75% |  Acc1: 100.00% |  Pre0: 100.00% |  Pre1: 72.73% |  Rec0: 71.67% | Rec1: 100.00% 
2023-06-19 18:44:04,014 Epoch: 53 | Epoch Time: 4m 32s
2023-06-19 18:44:04,014 EarlyStopping counter: 2 out of 20
2023-06-19 18:48:03,197 	Train Loss: 6.472744 | Train Acc: 78.935% | Acc0: 61.14% |  Acc1: 97.13% 
2023-06-19 18:48:36,158 	 Val. Loss: 5.091789 |  Val. Acc: 83.854% |  Val. Pre: 86.36% |  Val. Rec: 85.83% |  Val. Fsc: 86.10%
2023-06-19 18:48:36,158 	 Acc0: 68.75% |  Acc1: 100.00% |  Pre0: 100.00% |  Pre1: 72.73% |  Rec0: 71.67% | Rec1: 100.00% 
2023-06-19 18:48:36,158 Epoch: 54 | Epoch Time: 4m 32s
2023-06-19 18:48:36,158 EarlyStopping counter: 3 out of 20
2023-06-19 18:52:34,999 	Train Loss: 6.265046 | Train Acc: 79.630% | Acc0: 62.09% |  Acc1: 97.61% 
2023-06-19 18:53:07,786 	 Val. Loss: 5.215015 |  Val. Acc: 83.854% |  Val. Pre: 86.36% |  Val. Rec: 85.83% |  Val. Fsc: 86.10%
2023-06-19 18:53:07,786 	 Acc0: 68.75% |  Acc1: 100.00% |  Pre0: 100.00% |  Pre1: 72.73% |  Rec0: 71.67% | Rec1: 100.00% 
2023-06-19 18:53:07,798 Epoch: 55 | Epoch Time: 4m 31s
2023-06-19 18:53:07,798 EarlyStopping counter: 4 out of 20
2023-06-19 18:57:06,860 	Train Loss: 6.299638 | Train Acc: 79.167% | Acc0: 60.66% |  Acc1: 98.09% 
2023-06-19 18:57:39,614 	 Val. Loss: 4.947545 |  Val. Acc: 85.417% |  Val. Pre: 87.06% |  Val. Rec: 86.88% |  Val. Fsc: 86.97%
2023-06-19 18:57:39,614 	 Acc0: 71.88% |  Acc1: 100.00% |  Pre0: 100.00% |  Pre1: 74.12% |  Rec0: 73.75% | Rec1: 100.00% 
2023-06-19 18:57:39,614 Epoch: 56 | Epoch Time: 4m 31s
2023-06-19 18:57:39,615 Validation loss decreased (5.013091 --> 4.947545).  Saving model ...
2023-06-19 19:01:39,832 	Train Loss: 6.167495 | Train Acc: 81.250% | Acc0: 62.56% |  Acc1: 99.04% 
2023-06-19 19:02:12,765 	 Val. Loss: 4.995955 |  Val. Acc: 83.854% |  Val. Pre: 86.36% |  Val. Rec: 85.83% |  Val. Fsc: 86.10%
2023-06-19 19:02:12,765 	 Acc0: 68.75% |  Acc1: 100.00% |  Pre0: 100.00% |  Pre1: 72.73% |  Rec0: 71.67% | Rec1: 100.00% 
2023-06-19 19:02:12,765 Epoch: 57 | Epoch Time: 4m 33s
2023-06-19 19:02:12,765 EarlyStopping counter: 1 out of 20
2023-06-19 19:06:10,532 	Train Loss: 6.149277 | Train Acc: 80.787% | Acc0: 62.56% |  Acc1: 98.09% 
2023-06-19 19:06:43,506 	 Val. Loss: 4.843809 |  Val. Acc: 85.417% |  Val. Pre: 87.06% |  Val. Rec: 86.88% |  Val. Fsc: 86.97%
2023-06-19 19:06:43,507 	 Acc0: 71.88% |  Acc1: 100.00% |  Pre0: 100.00% |  Pre1: 74.12% |  Rec0: 73.75% | Rec1: 100.00% 
2023-06-19 19:06:43,507 Epoch: 58 | Epoch Time: 4m 30s
2023-06-19 19:06:43,507 Validation loss decreased (4.947545 --> 4.843809).  Saving model ...
2023-06-19 19:09:51,433 	Train Loss: 6.511642 | Train Acc: 80.324% | Acc0: 62.09% |  Acc1: 99.04% 
2023-06-19 19:10:12,720 	 Val. Loss: 5.364892 |  Val. Acc: 85.417% |  Val. Pre: 87.06% |  Val. Rec: 86.88% |  Val. Fsc: 86.97%
2023-06-19 19:10:12,721 	 Acc0: 71.88% |  Acc1: 100.00% |  Pre0: 100.00% |  Pre1: 74.12% |  Rec0: 73.75% | Rec1: 100.00% 
2023-06-19 19:10:12,721 Epoch: 59 | Epoch Time: 3m 29s
2023-06-19 19:10:12,721 EarlyStopping counter: 1 out of 20
2023-06-19 19:12:48,807 	Train Loss: 6.483467 | Train Acc: 79.167% | Acc0: 62.56% |  Acc1: 94.74% 
2023-06-19 19:13:09,914 	 Val. Loss: 4.998774 |  Val. Acc: 85.417% |  Val. Pre: 85.95% |  Val. Rec: 88.44% |  Val. Fsc: 87.17%
2023-06-19 19:13:09,914 	 Acc0: 75.00% |  Acc1: 96.43% |  Pre0: 95.00% |  Pre1: 76.89% |  Rec0: 80.00% | Rec1: 96.88% 
2023-06-19 19:13:09,926 Epoch: 60 | Epoch Time: 2m 57s
2023-06-19 19:13:09,927 EarlyStopping counter: 2 out of 20
2023-06-19 19:15:44,947 	Train Loss: 6.235191 | Train Acc: 80.324% | Acc0: 62.56% |  Acc1: 98.56% 
2023-06-19 19:16:06,212 	 Val. Loss: 4.935759 |  Val. Acc: 85.417% |  Val. Pre: 85.95% |  Val. Rec: 88.44% |  Val. Fsc: 87.17%
2023-06-19 19:16:06,212 	 Acc0: 75.00% |  Acc1: 96.43% |  Pre0: 95.00% |  Pre1: 76.89% |  Rec0: 80.00% | Rec1: 96.88% 
2023-06-19 19:16:06,213 Epoch: 61 | Epoch Time: 2m 56s
2023-06-19 19:16:06,213 EarlyStopping counter: 3 out of 20
2023-06-19 19:18:41,362 	Train Loss: 6.102083 | Train Acc: 81.019% | Acc0: 63.51% |  Acc1: 99.04% 
2023-06-19 19:19:02,496 	 Val. Loss: 4.951569 |  Val. Acc: 85.417% |  Val. Pre: 87.06% |  Val. Rec: 86.88% |  Val. Fsc: 86.97%
2023-06-19 19:19:02,496 	 Acc0: 71.88% |  Acc1: 100.00% |  Pre0: 100.00% |  Pre1: 74.12% |  Rec0: 73.75% | Rec1: 100.00% 
2023-06-19 19:19:02,497 Epoch: 62 | Epoch Time: 2m 56s
2023-06-19 19:19:02,497 EarlyStopping counter: 4 out of 20
2023-06-19 19:21:38,063 	Train Loss: 6.022250 | Train Acc: 81.019% | Acc0: 66.35% |  Acc1: 96.17% 
2023-06-19 19:21:59,393 	 Val. Loss: 5.260507 |  Val. Acc: 83.854% |  Val. Pre: 86.36% |  Val. Rec: 85.83% |  Val. Fsc: 86.10%
2023-06-19 19:21:59,393 	 Acc0: 68.75% |  Acc1: 100.00% |  Pre0: 100.00% |  Pre1: 72.73% |  Rec0: 71.67% | Rec1: 100.00% 
2023-06-19 19:21:59,393 Epoch: 63 | Epoch Time: 2m 56s
2023-06-19 19:21:59,393 EarlyStopping counter: 5 out of 20
2023-06-19 19:24:35,886 	Train Loss: 6.166872 | Train Acc: 80.556% | Acc0: 62.09% |  Acc1: 98.09% 
2023-06-19 19:24:57,054 	 Val. Loss: 4.936541 |  Val. Acc: 85.417% |  Val. Pre: 87.06% |  Val. Rec: 86.88% |  Val. Fsc: 86.97%
2023-06-19 19:24:57,054 	 Acc0: 71.88% |  Acc1: 100.00% |  Pre0: 100.00% |  Pre1: 74.12% |  Rec0: 73.75% | Rec1: 100.00% 
2023-06-19 19:24:57,054 Epoch: 64 | Epoch Time: 2m 57s
2023-06-19 19:24:57,054 EarlyStopping counter: 6 out of 20
2023-06-19 19:27:32,466 	Train Loss: 6.035439 | Train Acc: 81.019% | Acc0: 62.56% |  Acc1: 98.56% 
2023-06-19 19:27:53,652 	 Val. Loss: 4.728719 |  Val. Acc: 85.417% |  Val. Pre: 87.06% |  Val. Rec: 86.88% |  Val. Fsc: 86.97%
2023-06-19 19:27:53,652 	 Acc0: 71.88% |  Acc1: 100.00% |  Pre0: 100.00% |  Pre1: 74.12% |  Rec0: 73.75% | Rec1: 100.00% 
2023-06-19 19:27:53,665 Epoch: 65 | Epoch Time: 2m 56s
2023-06-19 19:27:53,665 Validation loss decreased (4.843809 --> 4.728719).  Saving model ...
2023-06-19 19:30:29,426 	Train Loss: 6.121653 | Train Acc: 80.787% | Acc0: 63.03% |  Acc1: 97.61% 
2023-06-19 19:30:50,600 	 Val. Loss: 5.090236 |  Val. Acc: 83.854% |  Val. Pre: 86.36% |  Val. Rec: 85.83% |  Val. Fsc: 86.10%
2023-06-19 19:30:50,600 	 Acc0: 68.75% |  Acc1: 100.00% |  Pre0: 100.00% |  Pre1: 72.73% |  Rec0: 71.67% | Rec1: 100.00% 
2023-06-19 19:30:50,600 Epoch: 66 | Epoch Time: 2m 56s
2023-06-19 19:30:50,600 EarlyStopping counter: 1 out of 20
2023-06-19 19:33:26,495 	Train Loss: 6.192550 | Train Acc: 82.639% | Acc0: 65.88% |  Acc1: 98.56% 
2023-06-19 19:33:47,678 	 Val. Loss: 5.208459 |  Val. Acc: 83.854% |  Val. Pre: 86.36% |  Val. Rec: 85.83% |  Val. Fsc: 86.10%
2023-06-19 19:33:47,678 	 Acc0: 68.75% |  Acc1: 100.00% |  Pre0: 100.00% |  Pre1: 72.73% |  Rec0: 71.67% | Rec1: 100.00% 
2023-06-19 19:33:47,678 Epoch: 67 | Epoch Time: 2m 57s
2023-06-19 19:33:47,678 EarlyStopping counter: 2 out of 20
2023-06-19 19:36:24,271 	Train Loss: 6.008891 | Train Acc: 79.630% | Acc0: 64.93% |  Acc1: 96.17% 
2023-06-19 19:36:45,458 	 Val. Loss: 4.787122 |  Val. Acc: 87.500% |  Val. Pre: 88.45% |  Val. Rec: 90.00% |  Val. Fsc: 89.22%
2023-06-19 19:36:45,458 	 Acc0: 75.00% |  Acc1: 100.00% |  Pre0: 100.00% |  Pre1: 76.89% |  Rec0: 80.00% | Rec1: 100.00% 
2023-06-19 19:36:45,458 Epoch: 68 | Epoch Time: 2m 57s
2023-06-19 19:36:45,458 EarlyStopping counter: 3 out of 20
2023-06-19 19:39:21,374 	Train Loss: 6.157834 | Train Acc: 79.861% | Acc0: 61.61% |  Acc1: 98.56% 
2023-06-19 19:39:42,488 	 Val. Loss: 4.710835 |  Val. Acc: 89.062% |  Val. Pre: 89.58% |  Val. Rec: 92.08% |  Val. Fsc: 90.82%
2023-06-19 19:39:42,488 	 Acc0: 78.12% |  Acc1: 100.00% |  Pre0: 100.00% |  Pre1: 79.17% |  Rec0: 84.17% | Rec1: 100.00% 
2023-06-19 19:39:42,488 Epoch: 69 | Epoch Time: 2m 57s
2023-06-19 19:39:42,489 Validation loss decreased (4.728719 --> 4.710835).  Saving model ...
2023-06-19 19:42:18,432 	Train Loss: 5.974806 | Train Acc: 79.630% | Acc0: 63.03% |  Acc1: 98.09% 
2023-06-19 19:42:39,748 	 Val. Loss: 4.638996 |  Val. Acc: 86.979% |  Val. Pre: 88.19% |  Val. Rec: 88.96% |  Val. Fsc: 88.57%
2023-06-19 19:42:39,748 	 Acc0: 75.00% |  Acc1: 100.00% |  Pre0: 100.00% |  Pre1: 76.39% |  Rec0: 77.92% | Rec1: 100.00% 
2023-06-19 19:42:39,760 Epoch: 70 | Epoch Time: 2m 57s
2023-06-19 19:42:39,760 Validation loss decreased (4.710835 --> 4.638996).  Saving model ...
2023-06-19 19:45:15,554 	Train Loss: 5.973416 | Train Acc: 80.324% | Acc0: 64.45% |  Acc1: 98.09% 
2023-06-19 19:45:36,835 	 Val. Loss: 4.591586 |  Val. Acc: 89.062% |  Val. Pre: 89.58% |  Val. Rec: 92.08% |  Val. Fsc: 90.82%
2023-06-19 19:45:36,835 	 Acc0: 78.12% |  Acc1: 100.00% |  Pre0: 100.00% |  Pre1: 79.17% |  Rec0: 84.17% | Rec1: 100.00% 
2023-06-19 19:45:36,836 Epoch: 71 | Epoch Time: 2m 57s
2023-06-19 19:45:36,836 Validation loss decreased (4.638996 --> 4.591586).  Saving model ...
2023-06-19 19:48:14,000 	Train Loss: 5.965235 | Train Acc: 81.019% | Acc0: 64.45% |  Acc1: 98.09% 
2023-06-19 19:48:35,264 	 Val. Loss: 4.670634 |  Val. Acc: 87.500% |  Val. Pre: 88.45% |  Val. Rec: 90.00% |  Val. Fsc: 89.22%
2023-06-19 19:48:35,264 	 Acc0: 75.00% |  Acc1: 100.00% |  Pre0: 100.00% |  Pre1: 76.89% |  Rec0: 80.00% | Rec1: 100.00% 
2023-06-19 19:48:35,264 Epoch: 72 | Epoch Time: 2m 58s
2023-06-19 19:48:35,264 EarlyStopping counter: 1 out of 20
2023-06-19 19:51:11,687 	Train Loss: 5.847163 | Train Acc: 81.481% | Acc0: 63.51% |  Acc1: 98.56% 
2023-06-19 19:51:33,088 	 Val. Loss: 4.723309 |  Val. Acc: 85.417% |  Val. Pre: 87.06% |  Val. Rec: 86.88% |  Val. Fsc: 86.97%
2023-06-19 19:51:33,088 	 Acc0: 71.88% |  Acc1: 100.00% |  Pre0: 100.00% |  Pre1: 74.12% |  Rec0: 73.75% | Rec1: 100.00% 
2023-06-19 19:51:33,088 Epoch: 73 | Epoch Time: 2m 57s
2023-06-19 19:51:33,088 EarlyStopping counter: 2 out of 20
2023-06-19 19:54:08,434 	Train Loss: 5.955666 | Train Acc: 80.093% | Acc0: 62.09% |  Acc1: 98.56% 
2023-06-19 19:54:29,537 	 Val. Loss: 4.676716 |  Val. Acc: 87.500% |  Val. Pre: 88.45% |  Val. Rec: 90.00% |  Val. Fsc: 89.22%
2023-06-19 19:54:29,537 	 Acc0: 75.00% |  Acc1: 100.00% |  Pre0: 100.00% |  Pre1: 76.89% |  Rec0: 80.00% | Rec1: 100.00% 
2023-06-19 19:54:29,537 Epoch: 74 | Epoch Time: 2m 56s
2023-06-19 19:54:29,537 EarlyStopping counter: 3 out of 20
2023-06-19 19:57:04,965 	Train Loss: 6.020581 | Train Acc: 81.250% | Acc0: 63.51% |  Acc1: 98.09% 
2023-06-19 19:57:26,809 	 Val. Loss: 4.845839 |  Val. Acc: 87.500% |  Val. Pre: 88.45% |  Val. Rec: 90.00% |  Val. Fsc: 89.22%
2023-06-19 19:57:26,809 	 Acc0: 75.00% |  Acc1: 100.00% |  Pre0: 100.00% |  Pre1: 76.89% |  Rec0: 80.00% | Rec1: 100.00% 
2023-06-19 19:57:26,825 Epoch: 75 | Epoch Time: 2m 57s
2023-06-19 19:57:26,825 EarlyStopping counter: 4 out of 20
2023-06-19 20:00:02,439 	Train Loss: 5.918963 | Train Acc: 81.250% | Acc0: 65.88% |  Acc1: 95.69% 
2023-06-19 20:00:23,592 	 Val. Loss: 4.524902 |  Val. Acc: 86.979% |  Val. Pre: 88.19% |  Val. Rec: 88.96% |  Val. Fsc: 88.57%
2023-06-19 20:00:23,592 	 Acc0: 75.00% |  Acc1: 100.00% |  Pre0: 100.00% |  Pre1: 76.39% |  Rec0: 77.92% | Rec1: 100.00% 
2023-06-19 20:00:23,592 Epoch: 76 | Epoch Time: 2m 56s
2023-06-19 20:00:23,593 Validation loss decreased (4.591586 --> 4.524902).  Saving model ...
2023-06-19 20:02:58,520 	Train Loss: 5.977412 | Train Acc: 79.630% | Acc0: 62.09% |  Acc1: 97.61% 
2023-06-19 20:03:19,702 	 Val. Loss: 4.485490 |  Val. Acc: 89.062% |  Val. Pre: 89.58% |  Val. Rec: 92.08% |  Val. Fsc: 90.82%
2023-06-19 20:03:19,702 	 Acc0: 78.12% |  Acc1: 100.00% |  Pre0: 100.00% |  Pre1: 79.17% |  Rec0: 84.17% | Rec1: 100.00% 
2023-06-19 20:03:19,702 Epoch: 77 | Epoch Time: 2m 56s
2023-06-19 20:03:19,703 Validation loss decreased (4.524902 --> 4.485490).  Saving model ...
2023-06-19 20:05:54,725 	Train Loss: 5.923266 | Train Acc: 80.787% | Acc0: 62.56% |  Acc1: 98.09% 
2023-06-19 20:06:16,492 	 Val. Loss: 4.713481 |  Val. Acc: 86.979% |  Val. Pre: 87.08% |  Val. Rec: 90.52% |  Val. Fsc: 88.77%
2023-06-19 20:06:16,492 	 Acc0: 78.12% |  Acc1: 96.43% |  Pre0: 95.00% |  Pre1: 79.17% |  Rec0: 84.17% | Rec1: 96.88% 
2023-06-19 20:06:16,493 Epoch: 78 | Epoch Time: 2m 56s
2023-06-19 20:06:16,493 EarlyStopping counter: 1 out of 20
2023-06-19 20:08:52,081 	Train Loss: 5.817667 | Train Acc: 81.250% | Acc0: 66.82% |  Acc1: 99.04% 
2023-06-19 20:09:13,324 	 Val. Loss: 4.420043 |  Val. Acc: 86.979% |  Val. Pre: 88.19% |  Val. Rec: 88.96% |  Val. Fsc: 88.57%
2023-06-19 20:09:13,324 	 Acc0: 75.00% |  Acc1: 100.00% |  Pre0: 100.00% |  Pre1: 76.39% |  Rec0: 77.92% | Rec1: 100.00% 
2023-06-19 20:09:13,324 Epoch: 79 | Epoch Time: 2m 56s
2023-06-19 20:09:13,324 Validation loss decreased (4.485490 --> 4.420043).  Saving model ...
2023-06-19 20:11:49,960 	Train Loss: 6.481745 | Train Acc: 79.167% | Acc0: 66.82% |  Acc1: 93.30% 
2023-06-19 20:12:11,235 	 Val. Loss: 5.522002 |  Val. Acc: 82.292% |  Val. Pre: 85.53% |  Val. Rec: 84.58% |  Val. Fsc: 85.05%
2023-06-19 20:12:11,235 	 Acc0: 65.62% |  Acc1: 100.00% |  Pre0: 100.00% |  Pre1: 71.06% |  Rec0: 69.17% | Rec1: 100.00% 
2023-06-19 20:12:11,249 Epoch: 80 | Epoch Time: 2m 57s
2023-06-19 20:12:11,249 EarlyStopping counter: 1 out of 20
2023-06-19 20:14:47,018 	Train Loss: 6.305905 | Train Acc: 79.167% | Acc0: 61.61% |  Acc1: 98.56% 
2023-06-19 20:15:08,212 	 Val. Loss: 5.379814 |  Val. Acc: 86.979% |  Val. Pre: 86.84% |  Val. Rec: 89.48% |  Val. Fsc: 88.14%
2023-06-19 20:15:08,212 	 Acc0: 78.12% |  Acc1: 96.43% |  Pre0: 95.00% |  Pre1: 78.68% |  Rec0: 82.08% | Rec1: 96.88% 
2023-06-19 20:15:08,212 Epoch: 81 | Epoch Time: 2m 56s
2023-06-19 20:15:08,212 EarlyStopping counter: 2 out of 20
2023-06-19 20:17:43,900 	Train Loss: 6.258769 | Train Acc: 81.250% | Acc0: 65.40% |  Acc1: 96.17% 
2023-06-19 20:18:05,076 	 Val. Loss: 4.973482 |  Val. Acc: 85.417% |  Val. Pre: 87.06% |  Val. Rec: 86.88% |  Val. Fsc: 86.97%
2023-06-19 20:18:05,076 	 Acc0: 71.88% |  Acc1: 100.00% |  Pre0: 100.00% |  Pre1: 74.12% |  Rec0: 73.75% | Rec1: 100.00% 
2023-06-19 20:18:05,076 Epoch: 82 | Epoch Time: 2m 56s
2023-06-19 20:18:05,077 EarlyStopping counter: 3 out of 20
2023-06-19 20:20:41,072 	Train Loss: 6.058144 | Train Acc: 80.556% | Acc0: 65.40% |  Acc1: 96.17% 
2023-06-19 20:21:02,289 	 Val. Loss: 4.941101 |  Val. Acc: 85.417% |  Val. Pre: 87.06% |  Val. Rec: 86.88% |  Val. Fsc: 86.97%
2023-06-19 20:21:02,289 	 Acc0: 71.88% |  Acc1: 100.00% |  Pre0: 100.00% |  Pre1: 74.12% |  Rec0: 73.75% | Rec1: 100.00% 
2023-06-19 20:21:02,289 Epoch: 83 | Epoch Time: 2m 57s
2023-06-19 20:21:02,289 EarlyStopping counter: 4 out of 20
2023-06-19 20:23:38,012 	Train Loss: 5.885541 | Train Acc: 80.324% | Acc0: 65.40% |  Acc1: 97.13% 
2023-06-19 20:23:59,814 	 Val. Loss: 4.648020 |  Val. Acc: 86.979% |  Val. Pre: 88.19% |  Val. Rec: 88.96% |  Val. Fsc: 88.57%
2023-06-19 20:23:59,814 	 Acc0: 75.00% |  Acc1: 100.00% |  Pre0: 100.00% |  Pre1: 76.39% |  Rec0: 77.92% | Rec1: 100.00% 
2023-06-19 20:23:59,814 Epoch: 84 | Epoch Time: 2m 57s
2023-06-19 20:23:59,814 EarlyStopping counter: 5 out of 20
2023-06-19 20:26:36,329 	Train Loss: 5.885274 | Train Acc: 81.250% | Acc0: 64.45% |  Acc1: 98.56% 
2023-06-19 20:26:58,014 	 Val. Loss: 4.515753 |  Val. Acc: 89.062% |  Val. Pre: 89.58% |  Val. Rec: 92.08% |  Val. Fsc: 90.82%
2023-06-19 20:26:58,014 	 Acc0: 78.12% |  Acc1: 100.00% |  Pre0: 100.00% |  Pre1: 79.17% |  Rec0: 84.17% | Rec1: 100.00% 
2023-06-19 20:26:58,027 Epoch: 85 | Epoch Time: 2m 58s
2023-06-19 20:26:58,027 EarlyStopping counter: 6 out of 20
2023-06-19 20:29:35,019 	Train Loss: 5.781249 | Train Acc: 82.639% | Acc0: 66.35% |  Acc1: 98.09% 
2023-06-19 20:29:56,288 	 Val. Loss: 4.606081 |  Val. Acc: 87.500% |  Val. Pre: 88.45% |  Val. Rec: 90.00% |  Val. Fsc: 89.22%
2023-06-19 20:29:56,288 	 Acc0: 75.00% |  Acc1: 100.00% |  Pre0: 100.00% |  Pre1: 76.89% |  Rec0: 80.00% | Rec1: 100.00% 
2023-06-19 20:29:56,288 Epoch: 86 | Epoch Time: 2m 58s
2023-06-19 20:29:56,288 EarlyStopping counter: 7 out of 20
2023-06-19 20:32:32,419 	Train Loss: 5.768331 | Train Acc: 82.176% | Acc0: 65.88% |  Acc1: 97.61% 
2023-06-19 20:32:53,826 	 Val. Loss: 4.408275 |  Val. Acc: 89.062% |  Val. Pre: 89.58% |  Val. Rec: 92.08% |  Val. Fsc: 90.82%
2023-06-19 20:32:53,826 	 Acc0: 78.12% |  Acc1: 100.00% |  Pre0: 100.00% |  Pre1: 79.17% |  Rec0: 84.17% | Rec1: 100.00% 
2023-06-19 20:32:53,826 Epoch: 87 | Epoch Time: 2m 57s
2023-06-19 20:32:53,826 Validation loss decreased (4.420043 --> 4.408275).  Saving model ...
2023-06-19 20:35:31,444 	Train Loss: 5.826227 | Train Acc: 81.944% | Acc0: 64.93% |  Acc1: 99.52% 
2023-06-19 20:35:52,856 	 Val. Loss: 4.483978 |  Val. Acc: 89.062% |  Val. Pre: 89.58% |  Val. Rec: 92.08% |  Val. Fsc: 90.82%
2023-06-19 20:35:52,856 	 Acc0: 78.12% |  Acc1: 100.00% |  Pre0: 100.00% |  Pre1: 79.17% |  Rec0: 84.17% | Rec1: 100.00% 
2023-06-19 20:35:52,856 Epoch: 88 | Epoch Time: 2m 59s
2023-06-19 20:35:52,856 EarlyStopping counter: 1 out of 20
2023-06-19 20:38:29,268 	Train Loss: 5.777234 | Train Acc: 81.944% | Acc0: 65.88% |  Acc1: 98.56% 
2023-06-19 20:38:50,507 	 Val. Loss: 4.457893 |  Val. Acc: 89.062% |  Val. Pre: 89.58% |  Val. Rec: 92.08% |  Val. Fsc: 90.82%
2023-06-19 20:38:50,507 	 Acc0: 78.12% |  Acc1: 100.00% |  Pre0: 100.00% |  Pre1: 79.17% |  Rec0: 84.17% | Rec1: 100.00% 
2023-06-19 20:38:50,507 Epoch: 89 | Epoch Time: 2m 57s
2023-06-19 20:38:50,507 EarlyStopping counter: 2 out of 20
2023-06-19 20:41:27,173 	Train Loss: 5.628579 | Train Acc: 82.407% | Acc0: 66.35% |  Acc1: 97.61% 
2023-06-19 20:41:48,411 	 Val. Loss: 4.459046 |  Val. Acc: 89.062% |  Val. Pre: 89.58% |  Val. Rec: 92.08% |  Val. Fsc: 90.82%
2023-06-19 20:41:48,411 	 Acc0: 78.12% |  Acc1: 100.00% |  Pre0: 100.00% |  Pre1: 79.17% |  Rec0: 84.17% | Rec1: 100.00% 
2023-06-19 20:41:48,424 Epoch: 90 | Epoch Time: 2m 57s
2023-06-19 20:41:48,424 EarlyStopping counter: 3 out of 20
2023-06-19 20:44:25,461 	Train Loss: 5.617222 | Train Acc: 83.102% | Acc0: 67.77% |  Acc1: 97.61% 
2023-06-19 20:44:47,107 	 Val. Loss: 4.412001 |  Val. Acc: 89.062% |  Val. Pre: 89.58% |  Val. Rec: 92.08% |  Val. Fsc: 90.82%
2023-06-19 20:44:47,107 	 Acc0: 78.12% |  Acc1: 100.00% |  Pre0: 100.00% |  Pre1: 79.17% |  Rec0: 84.17% | Rec1: 100.00% 
2023-06-19 20:44:47,107 Epoch: 91 | Epoch Time: 2m 58s
2023-06-19 20:44:47,107 EarlyStopping counter: 4 out of 20
2023-06-19 20:47:25,812 	Train Loss: 5.829127 | Train Acc: 81.250% | Acc0: 67.77% |  Acc1: 96.65% 
2023-06-19 20:47:47,255 	 Val. Loss: 4.527629 |  Val. Acc: 89.062% |  Val. Pre: 89.58% |  Val. Rec: 92.08% |  Val. Fsc: 90.82%
2023-06-19 20:47:47,255 	 Acc0: 78.12% |  Acc1: 100.00% |  Pre0: 100.00% |  Pre1: 79.17% |  Rec0: 84.17% | Rec1: 100.00% 
2023-06-19 20:47:47,256 Epoch: 92 | Epoch Time: 3m 0s
2023-06-19 20:47:47,256 EarlyStopping counter: 5 out of 20
2023-06-19 20:50:22,893 	Train Loss: 5.633273 | Train Acc: 82.176% | Acc0: 64.93% |  Acc1: 98.56% 
2023-06-19 20:50:43,907 	 Val. Loss: 4.303149 |  Val. Acc: 89.062% |  Val. Pre: 89.58% |  Val. Rec: 92.08% |  Val. Fsc: 90.82%
2023-06-19 20:50:43,907 	 Acc0: 78.12% |  Acc1: 100.00% |  Pre0: 100.00% |  Pre1: 79.17% |  Rec0: 84.17% | Rec1: 100.00% 
2023-06-19 20:50:43,908 Epoch: 93 | Epoch Time: 2m 56s
2023-06-19 20:50:43,908 Validation loss decreased (4.408275 --> 4.303149).  Saving model ...
2023-06-19 20:53:20,701 	Train Loss: 5.530344 | Train Acc: 83.796% | Acc0: 68.72% |  Acc1: 98.09% 
2023-06-19 20:53:41,883 	 Val. Loss: 4.293983 |  Val. Acc: 89.062% |  Val. Pre: 89.58% |  Val. Rec: 92.08% |  Val. Fsc: 90.82%
2023-06-19 20:53:41,883 	 Acc0: 78.12% |  Acc1: 100.00% |  Pre0: 100.00% |  Pre1: 79.17% |  Rec0: 84.17% | Rec1: 100.00% 
2023-06-19 20:53:41,883 Epoch: 94 | Epoch Time: 2m 57s
2023-06-19 20:53:41,883 Validation loss decreased (4.303149 --> 4.293983).  Saving model ...
2023-06-19 20:56:20,328 	Train Loss: 5.660842 | Train Acc: 82.870% | Acc0: 65.88% |  Acc1: 99.04% 
2023-06-19 20:56:41,624 	 Val. Loss: 4.382325 |  Val. Acc: 90.625% |  Val. Pre: 90.48% |  Val. Rec: 93.12% |  Val. Fsc: 91.78%
2023-06-19 20:56:41,624 	 Acc0: 81.25% |  Acc1: 100.00% |  Pre0: 100.00% |  Pre1: 80.95% |  Rec0: 86.25% | Rec1: 100.00% 
2023-06-19 20:56:41,637 Epoch: 95 | Epoch Time: 2m 59s
2023-06-19 20:56:41,638 EarlyStopping counter: 1 out of 20
2023-06-19 20:59:18,474 	Train Loss: 5.660675 | Train Acc: 83.565% | Acc0: 68.25% |  Acc1: 98.09% 
2023-06-19 20:59:39,725 	 Val. Loss: 4.298542 |  Val. Acc: 89.062% |  Val. Pre: 89.58% |  Val. Rec: 92.08% |  Val. Fsc: 90.82%
2023-06-19 20:59:39,725 	 Acc0: 78.12% |  Acc1: 100.00% |  Pre0: 100.00% |  Pre1: 79.17% |  Rec0: 84.17% | Rec1: 100.00% 
2023-06-19 20:59:39,725 Epoch: 96 | Epoch Time: 2m 58s
2023-06-19 20:59:39,725 EarlyStopping counter: 2 out of 20
2023-06-19 21:02:16,090 	Train Loss: 5.673676 | Train Acc: 82.870% | Acc0: 65.88% |  Acc1: 99.04% 
2023-06-19 21:02:37,451 	 Val. Loss: 4.209409 |  Val. Acc: 89.062% |  Val. Pre: 89.58% |  Val. Rec: 92.08% |  Val. Fsc: 90.82%
2023-06-19 21:02:37,451 	 Acc0: 78.12% |  Acc1: 100.00% |  Pre0: 100.00% |  Pre1: 79.17% |  Rec0: 84.17% | Rec1: 100.00% 
2023-06-19 21:02:37,451 Epoch: 97 | Epoch Time: 2m 57s
2023-06-19 21:02:37,451 Validation loss decreased (4.293983 --> 4.209409).  Saving model ...
2023-06-19 21:05:12,929 	Train Loss: 5.647674 | Train Acc: 81.944% | Acc0: 69.19% |  Acc1: 96.65% 
2023-06-19 21:05:34,066 	 Val. Loss: 4.516161 |  Val. Acc: 87.500% |  Val. Pre: 88.45% |  Val. Rec: 90.00% |  Val. Fsc: 89.22%
2023-06-19 21:05:34,067 	 Acc0: 75.00% |  Acc1: 100.00% |  Pre0: 100.00% |  Pre1: 76.89% |  Rec0: 80.00% | Rec1: 100.00% 
2023-06-19 21:05:34,067 Epoch: 98 | Epoch Time: 2m 56s
2023-06-19 21:05:34,067 EarlyStopping counter: 1 out of 20
2023-06-19 21:08:10,431 	Train Loss: 5.591252 | Train Acc: 82.407% | Acc0: 65.88% |  Acc1: 98.09% 
2023-06-19 21:08:31,683 	 Val. Loss: 4.244354 |  Val. Acc: 89.062% |  Val. Pre: 89.58% |  Val. Rec: 92.08% |  Val. Fsc: 90.82%
2023-06-19 21:08:31,683 	 Acc0: 78.12% |  Acc1: 100.00% |  Pre0: 100.00% |  Pre1: 79.17% |  Rec0: 84.17% | Rec1: 100.00% 
2023-06-19 21:08:31,684 Epoch: 99 | Epoch Time: 2m 57s
2023-06-19 21:08:31,684 EarlyStopping counter: 2 out of 20
2023-06-19 21:11:11,920 	Train Loss: 5.440229 | Train Acc: 82.407% | Acc0: 68.25% |  Acc1: 97.13% 
2023-06-19 21:11:34,217 	 Val. Loss: 4.488279 |  Val. Acc: 89.062% |  Val. Pre: 89.58% |  Val. Rec: 92.08% |  Val. Fsc: 90.82%
2023-06-19 21:11:34,217 	 Acc0: 78.12% |  Acc1: 100.00% |  Pre0: 100.00% |  Pre1: 79.17% |  Rec0: 84.17% | Rec1: 100.00% 
2023-06-19 21:11:34,231 Epoch: 100 | Epoch Time: 3m 2s
2023-06-19 21:11:34,231 EarlyStopping counter: 3 out of 20
2023-06-19 21:14:10,667 	Train Loss: 5.622110 | Train Acc: 81.713% | Acc0: 67.30% |  Acc1: 96.65% 
2023-06-19 21:14:31,833 	 Val. Loss: 4.428835 |  Val. Acc: 86.979% |  Val. Pre: 88.19% |  Val. Rec: 88.96% |  Val. Fsc: 88.57%
2023-06-19 21:14:31,834 	 Acc0: 75.00% |  Acc1: 100.00% |  Pre0: 100.00% |  Pre1: 76.39% |  Rec0: 77.92% | Rec1: 100.00% 
2023-06-19 21:14:31,834 Epoch: 101 | Epoch Time: 2m 57s
2023-06-19 21:14:31,834 EarlyStopping counter: 4 out of 20
2023-06-19 21:17:07,026 	Train Loss: 5.420593 | Train Acc: 81.019% | Acc0: 68.72% |  Acc1: 98.09% 
2023-06-19 21:17:28,181 	 Val. Loss: 4.186827 |  Val. Acc: 89.062% |  Val. Pre: 89.58% |  Val. Rec: 92.08% |  Val. Fsc: 90.82%
2023-06-19 21:17:28,181 	 Acc0: 78.12% |  Acc1: 100.00% |  Pre0: 100.00% |  Pre1: 79.17% |  Rec0: 84.17% | Rec1: 100.00% 
2023-06-19 21:17:28,181 Epoch: 102 | Epoch Time: 2m 56s
2023-06-19 21:17:28,181 Validation loss decreased (4.209409 --> 4.186827).  Saving model ...
2023-06-19 21:20:05,909 	Train Loss: 5.347285 | Train Acc: 82.639% | Acc0: 67.30% |  Acc1: 98.56% 
2023-06-19 21:20:27,173 	 Val. Loss: 4.119261 |  Val. Acc: 86.979% |  Val. Pre: 87.08% |  Val. Rec: 90.52% |  Val. Fsc: 88.77%
2023-06-19 21:20:27,173 	 Acc0: 78.12% |  Acc1: 96.43% |  Pre0: 95.00% |  Pre1: 79.17% |  Rec0: 84.17% | Rec1: 96.88% 
2023-06-19 21:20:27,173 Epoch: 103 | Epoch Time: 2m 58s
2023-06-19 21:20:27,173 Validation loss decreased (4.186827 --> 4.119261).  Saving model ...
2023-06-19 21:23:01,812 	Train Loss: 5.424922 | Train Acc: 82.176% | Acc0: 68.72% |  Acc1: 97.61% 
2023-06-19 21:23:22,848 	 Val. Loss: 4.017162 |  Val. Acc: 89.062% |  Val. Pre: 89.58% |  Val. Rec: 92.08% |  Val. Fsc: 90.82%
2023-06-19 21:23:22,849 	 Acc0: 78.12% |  Acc1: 100.00% |  Pre0: 100.00% |  Pre1: 79.17% |  Rec0: 84.17% | Rec1: 100.00% 
2023-06-19 21:23:22,849 Epoch: 104 | Epoch Time: 2m 55s
2023-06-19 21:23:22,849 Validation loss decreased (4.119261 --> 4.017162).  Saving model ...
2023-06-19 21:25:59,102 	Train Loss: 5.219953 | Train Acc: 86.111% | Acc0: 72.99% |  Acc1: 98.56% 
2023-06-19 21:26:20,115 	 Val. Loss: 3.997131 |  Val. Acc: 89.062% |  Val. Pre: 89.58% |  Val. Rec: 92.08% |  Val. Fsc: 90.82%
2023-06-19 21:26:20,116 	 Acc0: 78.12% |  Acc1: 100.00% |  Pre0: 100.00% |  Pre1: 79.17% |  Rec0: 84.17% | Rec1: 100.00% 
2023-06-19 21:26:20,128 Epoch: 105 | Epoch Time: 2m 57s
2023-06-19 21:26:20,128 Validation loss decreased (4.017162 --> 3.997131).  Saving model ...
2023-06-19 21:28:54,718 	Train Loss: 5.316318 | Train Acc: 84.028% | Acc0: 69.67% |  Acc1: 97.61% 
2023-06-19 21:29:15,758 	 Val. Loss: 4.399694 |  Val. Acc: 89.062% |  Val. Pre: 89.58% |  Val. Rec: 92.08% |  Val. Fsc: 90.82%
2023-06-19 21:29:15,759 	 Acc0: 78.12% |  Acc1: 100.00% |  Pre0: 100.00% |  Pre1: 79.17% |  Rec0: 84.17% | Rec1: 100.00% 
2023-06-19 21:29:15,759 Epoch: 106 | Epoch Time: 2m 55s
2023-06-19 21:29:15,759 EarlyStopping counter: 1 out of 20
2023-06-19 21:31:50,161 	Train Loss: 5.671102 | Train Acc: 81.713% | Acc0: 69.67% |  Acc1: 95.69% 
2023-06-19 21:32:11,207 	 Val. Loss: 4.924738 |  Val. Acc: 85.417% |  Val. Pre: 87.06% |  Val. Rec: 86.88% |  Val. Fsc: 86.97%
2023-06-19 21:32:11,207 	 Acc0: 71.88% |  Acc1: 100.00% |  Pre0: 100.00% |  Pre1: 74.12% |  Rec0: 73.75% | Rec1: 100.00% 
2023-06-19 21:32:11,207 Epoch: 107 | Epoch Time: 2m 55s
2023-06-19 21:32:11,207 EarlyStopping counter: 2 out of 20
2023-06-19 21:34:46,548 	Train Loss: 5.610057 | Train Acc: 82.407% | Acc0: 69.19% |  Acc1: 96.17% 
2023-06-19 21:35:07,660 	 Val. Loss: 4.569463 |  Val. Acc: 85.417% |  Val. Pre: 87.06% |  Val. Rec: 86.88% |  Val. Fsc: 86.97%
2023-06-19 21:35:07,660 	 Acc0: 71.88% |  Acc1: 100.00% |  Pre0: 100.00% |  Pre1: 74.12% |  Rec0: 73.75% | Rec1: 100.00% 
2023-06-19 21:35:07,660 Epoch: 108 | Epoch Time: 2m 56s
2023-06-19 21:35:07,660 EarlyStopping counter: 3 out of 20
2023-06-19 21:37:46,083 	Train Loss: 5.616449 | Train Acc: 84.491% | Acc0: 70.62% |  Acc1: 99.04% 
2023-06-19 21:38:08,060 	 Val. Loss: 4.294754 |  Val. Acc: 89.062% |  Val. Pre: 89.58% |  Val. Rec: 92.08% |  Val. Fsc: 90.82%
2023-06-19 21:38:08,061 	 Acc0: 78.12% |  Acc1: 100.00% |  Pre0: 100.00% |  Pre1: 79.17% |  Rec0: 84.17% | Rec1: 100.00% 
2023-06-19 21:38:08,061 Epoch: 109 | Epoch Time: 3m 0s
2023-06-19 21:38:08,061 EarlyStopping counter: 4 out of 20
2023-06-19 21:40:47,039 	Train Loss: 5.520273 | Train Acc: 83.796% | Acc0: 67.30% |  Acc1: 99.52% 
2023-06-19 21:41:08,293 	 Val. Loss: 4.042231 |  Val. Acc: 89.062% |  Val. Pre: 89.58% |  Val. Rec: 92.08% |  Val. Fsc: 90.82%
2023-06-19 21:41:08,293 	 Acc0: 78.12% |  Acc1: 100.00% |  Pre0: 100.00% |  Pre1: 79.17% |  Rec0: 84.17% | Rec1: 100.00% 
2023-06-19 21:41:08,305 Epoch: 110 | Epoch Time: 3m 0s
2023-06-19 21:41:08,305 EarlyStopping counter: 5 out of 20
2023-06-19 21:43:47,639 	Train Loss: 5.346385 | Train Acc: 83.102% | Acc0: 68.72% |  Acc1: 98.09% 
2023-06-19 21:44:09,496 	 Val. Loss: 4.224673 |  Val. Acc: 89.062% |  Val. Pre: 89.58% |  Val. Rec: 92.08% |  Val. Fsc: 90.82%
2023-06-19 21:44:09,496 	 Acc0: 78.12% |  Acc1: 100.00% |  Pre0: 100.00% |  Pre1: 79.17% |  Rec0: 84.17% | Rec1: 100.00% 
2023-06-19 21:44:09,496 Epoch: 111 | Epoch Time: 3m 1s
2023-06-19 21:44:09,496 EarlyStopping counter: 6 out of 20
2023-06-19 21:46:48,170 	Train Loss: 5.219911 | Train Acc: 84.491% | Acc0: 72.04% |  Acc1: 97.61% 
2023-06-19 21:47:09,264 	 Val. Loss: 4.048499 |  Val. Acc: 89.062% |  Val. Pre: 89.58% |  Val. Rec: 92.08% |  Val. Fsc: 90.82%
2023-06-19 21:47:09,264 	 Acc0: 78.12% |  Acc1: 100.00% |  Pre0: 100.00% |  Pre1: 79.17% |  Rec0: 84.17% | Rec1: 100.00% 
2023-06-19 21:47:09,264 Epoch: 112 | Epoch Time: 2m 59s
2023-06-19 21:47:09,264 EarlyStopping counter: 7 out of 20
2023-06-19 21:49:44,561 	Train Loss: 5.138696 | Train Acc: 84.259% | Acc0: 68.72% |  Acc1: 99.04% 
2023-06-19 21:50:05,644 	 Val. Loss: 3.867320 |  Val. Acc: 89.062% |  Val. Pre: 89.58% |  Val. Rec: 92.08% |  Val. Fsc: 90.82%
2023-06-19 21:50:05,644 	 Acc0: 78.12% |  Acc1: 100.00% |  Pre0: 100.00% |  Pre1: 79.17% |  Rec0: 84.17% | Rec1: 100.00% 
2023-06-19 21:50:05,644 Epoch: 113 | Epoch Time: 2m 56s
2023-06-19 21:50:05,644 Validation loss decreased (3.997131 --> 3.867320).  Saving model ...
2023-06-19 21:52:40,844 	Train Loss: 4.987109 | Train Acc: 85.417% | Acc0: 72.99% |  Acc1: 97.13% 
2023-06-19 21:53:01,903 	 Val. Loss: 3.801909 |  Val. Acc: 89.062% |  Val. Pre: 89.58% |  Val. Rec: 92.08% |  Val. Fsc: 90.82%
2023-06-19 21:53:01,903 	 Acc0: 78.12% |  Acc1: 100.00% |  Pre0: 100.00% |  Pre1: 79.17% |  Rec0: 84.17% | Rec1: 100.00% 
2023-06-19 21:53:01,903 Epoch: 114 | Epoch Time: 2m 56s
2023-06-19 21:53:01,903 Validation loss decreased (3.867320 --> 3.801909).  Saving model ...
2023-06-19 21:55:37,597 	Train Loss: 5.181090 | Train Acc: 84.954% | Acc0: 72.04% |  Acc1: 97.13% 
2023-06-19 21:55:58,854 	 Val. Loss: 4.079181 |  Val. Acc: 89.062% |  Val. Pre: 89.58% |  Val. Rec: 92.08% |  Val. Fsc: 90.82%
2023-06-19 21:55:58,854 	 Acc0: 78.12% |  Acc1: 100.00% |  Pre0: 100.00% |  Pre1: 79.17% |  Rec0: 84.17% | Rec1: 100.00% 
2023-06-19 21:55:58,870 Epoch: 115 | Epoch Time: 2m 56s
2023-06-19 21:55:58,870 EarlyStopping counter: 1 out of 20
2023-06-19 21:58:34,324 	Train Loss: 5.436340 | Train Acc: 81.481% | Acc0: 70.62% |  Acc1: 92.82% 
2023-06-19 21:58:55,381 	 Val. Loss: 4.322526 |  Val. Acc: 87.500% |  Val. Pre: 88.45% |  Val. Rec: 90.00% |  Val. Fsc: 89.22%
2023-06-19 21:58:55,382 	 Acc0: 75.00% |  Acc1: 100.00% |  Pre0: 100.00% |  Pre1: 76.89% |  Rec0: 80.00% | Rec1: 100.00% 
2023-06-19 21:58:55,382 Epoch: 116 | Epoch Time: 2m 56s
2023-06-19 21:58:55,382 EarlyStopping counter: 2 out of 20
2023-06-19 22:01:30,262 	Train Loss: 5.619363 | Train Acc: 83.565% | Acc0: 68.72% |  Acc1: 97.61% 
2023-06-19 22:01:51,239 	 Val. Loss: 4.590556 |  Val. Acc: 89.062% |  Val. Pre: 89.58% |  Val. Rec: 92.08% |  Val. Fsc: 90.82%
2023-06-19 22:01:51,239 	 Acc0: 78.12% |  Acc1: 100.00% |  Pre0: 100.00% |  Pre1: 79.17% |  Rec0: 84.17% | Rec1: 100.00% 
2023-06-19 22:01:51,239 Epoch: 117 | Epoch Time: 2m 55s
2023-06-19 22:01:51,239 EarlyStopping counter: 3 out of 20
2023-06-19 22:04:28,494 	Train Loss: 5.510293 | Train Acc: 83.102% | Acc0: 68.72% |  Acc1: 96.65% 
2023-06-19 22:04:49,765 	 Val. Loss: 4.190591 |  Val. Acc: 86.979% |  Val. Pre: 88.19% |  Val. Rec: 88.96% |  Val. Fsc: 88.57%
2023-06-19 22:04:49,765 	 Acc0: 75.00% |  Acc1: 100.00% |  Pre0: 100.00% |  Pre1: 76.39% |  Rec0: 77.92% | Rec1: 100.00% 
2023-06-19 22:04:49,765 Epoch: 118 | Epoch Time: 2m 58s
2023-06-19 22:04:49,765 EarlyStopping counter: 4 out of 20
2023-06-19 22:07:24,429 	Train Loss: 5.536350 | Train Acc: 83.333% | Acc0: 70.14% |  Acc1: 97.13% 
2023-06-19 22:07:45,509 	 Val. Loss: 4.646715 |  Val. Acc: 89.062% |  Val. Pre: 89.58% |  Val. Rec: 92.08% |  Val. Fsc: 90.82%
2023-06-19 22:07:45,510 	 Acc0: 78.12% |  Acc1: 100.00% |  Pre0: 100.00% |  Pre1: 79.17% |  Rec0: 84.17% | Rec1: 100.00% 
2023-06-19 22:07:45,510 Epoch: 119 | Epoch Time: 2m 55s
2023-06-19 22:07:45,510 EarlyStopping counter: 5 out of 20
2023-06-19 22:10:20,788 	Train Loss: 5.549577 | Train Acc: 82.639% | Acc0: 69.19% |  Acc1: 98.09% 
2023-06-19 22:10:41,909 	 Val. Loss: 4.434486 |  Val. Acc: 89.062% |  Val. Pre: 89.58% |  Val. Rec: 92.08% |  Val. Fsc: 90.82%
2023-06-19 22:10:41,909 	 Acc0: 78.12% |  Acc1: 100.00% |  Pre0: 100.00% |  Pre1: 79.17% |  Rec0: 84.17% | Rec1: 100.00% 
2023-06-19 22:10:41,922 Epoch: 120 | Epoch Time: 2m 56s
2023-06-19 22:10:41,922 EarlyStopping counter: 6 out of 20
2023-06-19 22:13:17,117 	Train Loss: 5.305246 | Train Acc: 85.648% | Acc0: 72.99% |  Acc1: 97.61% 
2023-06-19 22:13:38,349 	 Val. Loss: 4.139834 |  Val. Acc: 89.062% |  Val. Pre: 89.58% |  Val. Rec: 92.08% |  Val. Fsc: 90.82%
2023-06-19 22:13:38,349 	 Acc0: 78.12% |  Acc1: 100.00% |  Pre0: 100.00% |  Pre1: 79.17% |  Rec0: 84.17% | Rec1: 100.00% 
2023-06-19 22:13:38,349 Epoch: 121 | Epoch Time: 2m 56s
2023-06-19 22:13:38,349 EarlyStopping counter: 7 out of 20
2023-06-19 22:16:14,145 	Train Loss: 5.389943 | Train Acc: 84.954% | Acc0: 71.56% |  Acc1: 97.61% 
2023-06-19 22:16:36,346 	 Val. Loss: 4.512125 |  Val. Acc: 87.500% |  Val. Pre: 88.45% |  Val. Rec: 90.00% |  Val. Fsc: 89.22%
2023-06-19 22:16:36,346 	 Acc0: 75.00% |  Acc1: 100.00% |  Pre0: 100.00% |  Pre1: 76.89% |  Rec0: 80.00% | Rec1: 100.00% 
2023-06-19 22:16:36,347 Epoch: 122 | Epoch Time: 2m 57s
2023-06-19 22:16:36,347 EarlyStopping counter: 8 out of 20
2023-06-19 22:19:12,872 	Train Loss: 5.423949 | Train Acc: 83.333% | Acc0: 67.77% |  Acc1: 99.52% 
2023-06-19 22:19:34,061 	 Val. Loss: 4.147238 |  Val. Acc: 90.625% |  Val. Pre: 90.48% |  Val. Rec: 93.12% |  Val. Fsc: 91.78%
2023-06-19 22:19:34,061 	 Acc0: 81.25% |  Acc1: 100.00% |  Pre0: 100.00% |  Pre1: 80.95% |  Rec0: 86.25% | Rec1: 100.00% 
2023-06-19 22:19:34,061 Epoch: 123 | Epoch Time: 2m 57s
2023-06-19 22:19:34,061 EarlyStopping counter: 9 out of 20
2023-06-19 22:22:10,494 	Train Loss: 5.269888 | Train Acc: 84.491% | Acc0: 70.14% |  Acc1: 98.09% 
2023-06-19 22:22:31,911 	 Val. Loss: 4.265545 |  Val. Acc: 90.104% |  Val. Pre: 89.17% |  Val. Rec: 90.52% |  Val. Fsc: 89.84%
2023-06-19 22:22:31,911 	 Acc0: 87.50% |  Acc1: 92.86% |  Pre0: 92.92% |  Pre1: 85.42% |  Rec0: 90.42% | Rec1: 90.62% 
2023-06-19 22:22:31,911 Epoch: 124 | Epoch Time: 2m 57s
2023-06-19 22:22:31,911 EarlyStopping counter: 10 out of 20
2023-06-19 22:25:07,962 	Train Loss: 5.567924 | Train Acc: 82.407% | Acc0: 68.72% |  Acc1: 95.22% 
2023-06-19 22:25:29,227 	 Val. Loss: 4.317182 |  Val. Acc: 90.625% |  Val. Pre: 90.48% |  Val. Rec: 93.12% |  Val. Fsc: 91.78%
2023-06-19 22:25:29,227 	 Acc0: 81.25% |  Acc1: 100.00% |  Pre0: 100.00% |  Pre1: 80.95% |  Rec0: 86.25% | Rec1: 100.00% 
2023-06-19 22:25:29,240 Epoch: 125 | Epoch Time: 2m 57s
2023-06-19 22:25:29,240 EarlyStopping counter: 11 out of 20
2023-06-19 22:28:05,407 	Train Loss: 5.247357 | Train Acc: 85.417% | Acc0: 73.46% |  Acc1: 98.09% 
2023-06-19 22:28:26,531 	 Val. Loss: 4.038963 |  Val. Acc: 89.062% |  Val. Pre: 89.58% |  Val. Rec: 92.08% |  Val. Fsc: 90.82%
2023-06-19 22:28:26,531 	 Acc0: 78.12% |  Acc1: 100.00% |  Pre0: 100.00% |  Pre1: 79.17% |  Rec0: 84.17% | Rec1: 100.00% 
2023-06-19 22:28:26,531 Epoch: 126 | Epoch Time: 2m 57s
2023-06-19 22:28:26,531 EarlyStopping counter: 12 out of 20
2023-06-19 22:31:01,400 	Train Loss: 5.388878 | Train Acc: 82.176% | Acc0: 69.67% |  Acc1: 95.22% 
2023-06-19 22:31:22,527 	 Val. Loss: 3.917842 |  Val. Acc: 90.625% |  Val. Pre: 90.48% |  Val. Rec: 93.12% |  Val. Fsc: 91.78%
2023-06-19 22:31:22,527 	 Acc0: 81.25% |  Acc1: 100.00% |  Pre0: 100.00% |  Pre1: 80.95% |  Rec0: 86.25% | Rec1: 100.00% 
2023-06-19 22:31:22,527 Epoch: 127 | Epoch Time: 2m 55s
2023-06-19 22:31:22,527 EarlyStopping counter: 13 out of 20
2023-06-19 22:33:57,644 	Train Loss: 5.174422 | Train Acc: 83.796% | Acc0: 72.99% |  Acc1: 98.09% 
2023-06-19 22:34:18,863 	 Val. Loss: 4.346622 |  Val. Acc: 89.062% |  Val. Pre: 89.58% |  Val. Rec: 92.08% |  Val. Fsc: 90.82%
2023-06-19 22:34:18,864 	 Acc0: 78.12% |  Acc1: 100.00% |  Pre0: 100.00% |  Pre1: 79.17% |  Rec0: 84.17% | Rec1: 100.00% 
2023-06-19 22:34:18,864 Epoch: 128 | Epoch Time: 2m 56s
2023-06-19 22:34:18,864 EarlyStopping counter: 14 out of 20
2023-06-19 22:36:54,654 	Train Loss: 5.178624 | Train Acc: 84.722% | Acc0: 70.62% |  Acc1: 98.09% 
2023-06-19 22:37:15,690 	 Val. Loss: 3.928637 |  Val. Acc: 89.062% |  Val. Pre: 89.58% |  Val. Rec: 92.08% |  Val. Fsc: 90.82%
2023-06-19 22:37:15,690 	 Acc0: 78.12% |  Acc1: 100.00% |  Pre0: 100.00% |  Pre1: 79.17% |  Rec0: 84.17% | Rec1: 100.00% 
2023-06-19 22:37:15,690 Epoch: 129 | Epoch Time: 2m 56s
2023-06-19 22:37:15,690 EarlyStopping counter: 15 out of 20
2023-06-19 22:39:50,810 	Train Loss: 4.925506 | Train Acc: 86.574% | Acc0: 73.46% |  Acc1: 99.04% 
2023-06-19 22:40:11,760 	 Val. Loss: 3.691926 |  Val. Acc: 90.625% |  Val. Pre: 90.48% |  Val. Rec: 93.12% |  Val. Fsc: 91.78%
2023-06-19 22:40:11,760 	 Acc0: 81.25% |  Acc1: 100.00% |  Pre0: 100.00% |  Pre1: 80.95% |  Rec0: 86.25% | Rec1: 100.00% 
2023-06-19 22:40:11,772 Epoch: 130 | Epoch Time: 2m 56s
2023-06-19 22:40:11,772 Validation loss decreased (3.801909 --> 3.691926).  Saving model ...
2023-06-19 22:42:47,192 	Train Loss: 4.734524 | Train Acc: 87.963% | Acc0: 78.67% |  Acc1: 98.09% 
2023-06-19 22:43:08,342 	 Val. Loss: 3.720752 |  Val. Acc: 90.625% |  Val. Pre: 90.48% |  Val. Rec: 93.12% |  Val. Fsc: 91.78%
2023-06-19 22:43:08,342 	 Acc0: 81.25% |  Acc1: 100.00% |  Pre0: 100.00% |  Pre1: 80.95% |  Rec0: 86.25% | Rec1: 100.00% 
2023-06-19 22:43:08,342 Epoch: 131 | Epoch Time: 2m 56s
2023-06-19 22:43:08,342 EarlyStopping counter: 1 out of 20
2023-06-19 22:45:43,185 	Train Loss: 4.797599 | Train Acc: 86.343% | Acc0: 73.93% |  Acc1: 98.09% 
2023-06-19 22:46:04,448 	 Val. Loss: 3.682056 |  Val. Acc: 90.625% |  Val. Pre: 90.48% |  Val. Rec: 93.12% |  Val. Fsc: 91.78%
2023-06-19 22:46:04,449 	 Acc0: 81.25% |  Acc1: 100.00% |  Pre0: 100.00% |  Pre1: 80.95% |  Rec0: 86.25% | Rec1: 100.00% 
2023-06-19 22:46:04,449 Epoch: 132 | Epoch Time: 2m 56s
2023-06-19 22:46:04,449 Validation loss decreased (3.691926 --> 3.682056).  Saving model ...
2023-06-19 22:48:40,714 	Train Loss: 4.769412 | Train Acc: 87.500% | Acc0: 76.78% |  Acc1: 97.61% 
2023-06-19 22:49:01,699 	 Val. Loss: 3.683068 |  Val. Acc: 90.625% |  Val. Pre: 90.48% |  Val. Rec: 93.12% |  Val. Fsc: 91.78%
2023-06-19 22:49:01,699 	 Acc0: 81.25% |  Acc1: 100.00% |  Pre0: 100.00% |  Pre1: 80.95% |  Rec0: 86.25% | Rec1: 100.00% 
2023-06-19 22:49:01,699 Epoch: 133 | Epoch Time: 2m 57s
2023-06-19 22:49:01,699 EarlyStopping counter: 1 out of 20
2023-06-19 22:51:36,508 	Train Loss: 4.637311 | Train Acc: 87.731% | Acc0: 76.78% |  Acc1: 98.09% 
2023-06-19 22:51:57,627 	 Val. Loss: 3.591824 |  Val. Acc: 90.625% |  Val. Pre: 90.48% |  Val. Rec: 93.12% |  Val. Fsc: 91.78%
2023-06-19 22:51:57,627 	 Acc0: 81.25% |  Acc1: 100.00% |  Pre0: 100.00% |  Pre1: 80.95% |  Rec0: 86.25% | Rec1: 100.00% 
2023-06-19 22:51:57,627 Epoch: 134 | Epoch Time: 2m 55s
2023-06-19 22:51:57,627 Validation loss decreased (3.682056 --> 3.591824).  Saving model ...
2023-06-19 22:54:34,327 	Train Loss: 4.726301 | Train Acc: 87.037% | Acc0: 76.30% |  Acc1: 98.56% 
2023-06-19 22:54:55,346 	 Val. Loss: 3.821330 |  Val. Acc: 89.062% |  Val. Pre: 89.58% |  Val. Rec: 92.08% |  Val. Fsc: 90.82%
2023-06-19 22:54:55,346 	 Acc0: 78.12% |  Acc1: 100.00% |  Pre0: 100.00% |  Pre1: 79.17% |  Rec0: 84.17% | Rec1: 100.00% 
2023-06-19 22:54:55,359 Epoch: 135 | Epoch Time: 2m 57s
2023-06-19 22:54:55,359 EarlyStopping counter: 1 out of 20
2023-06-19 22:57:30,695 	Train Loss: 4.471259 | Train Acc: 87.731% | Acc0: 74.88% |  Acc1: 100.00% 
2023-06-19 22:57:51,843 	 Val. Loss: 3.611208 |  Val. Acc: 88.542% |  Val. Pre: 87.98% |  Val. Rec: 91.56% |  Val. Fsc: 89.73%
2023-06-19 22:57:51,844 	 Acc0: 81.25% |  Acc1: 96.43% |  Pre0: 95.00% |  Pre1: 80.95% |  Rec0: 86.25% | Rec1: 96.88% 
2023-06-19 22:57:51,844 Epoch: 136 | Epoch Time: 2m 56s
2023-06-19 22:57:51,844 EarlyStopping counter: 2 out of 20
2023-06-19 23:00:26,654 	Train Loss: 4.565156 | Train Acc: 88.657% | Acc0: 78.20% |  Acc1: 98.56% 
2023-06-19 23:00:47,893 	 Val. Loss: 3.566069 |  Val. Acc: 90.625% |  Val. Pre: 90.48% |  Val. Rec: 93.12% |  Val. Fsc: 91.78%
2023-06-19 23:00:47,894 	 Acc0: 81.25% |  Acc1: 100.00% |  Pre0: 100.00% |  Pre1: 80.95% |  Rec0: 86.25% | Rec1: 100.00% 
2023-06-19 23:00:47,894 Epoch: 137 | Epoch Time: 2m 56s
2023-06-19 23:00:47,894 Validation loss decreased (3.591824 --> 3.566069).  Saving model ...
2023-06-19 23:03:22,523 	Train Loss: 4.394065 | Train Acc: 89.120% | Acc0: 78.67% |  Acc1: 99.04% 
2023-06-19 23:03:43,642 	 Val. Loss: 3.783907 |  Val. Acc: 89.062% |  Val. Pre: 89.58% |  Val. Rec: 92.08% |  Val. Fsc: 90.82%
2023-06-19 23:03:43,642 	 Acc0: 78.12% |  Acc1: 100.00% |  Pre0: 100.00% |  Pre1: 79.17% |  Rec0: 84.17% | Rec1: 100.00% 
2023-06-19 23:03:43,642 Epoch: 138 | Epoch Time: 2m 55s
2023-06-19 23:03:43,642 EarlyStopping counter: 1 out of 20
2023-06-19 23:06:18,704 	Train Loss: 4.418038 | Train Acc: 87.500% | Acc0: 77.25% |  Acc1: 98.56% 
2023-06-19 23:06:39,781 	 Val. Loss: 3.541088 |  Val. Acc: 89.062% |  Val. Pre: 89.58% |  Val. Rec: 92.08% |  Val. Fsc: 90.82%
2023-06-19 23:06:39,782 	 Acc0: 78.12% |  Acc1: 100.00% |  Pre0: 100.00% |  Pre1: 79.17% |  Rec0: 84.17% | Rec1: 100.00% 
2023-06-19 23:06:39,782 Epoch: 139 | Epoch Time: 2m 56s
2023-06-19 23:06:39,782 Validation loss decreased (3.566069 --> 3.541088).  Saving model ...
2023-06-19 23:09:15,705 	Train Loss: 4.483561 | Train Acc: 88.194% | Acc0: 76.78% |  Acc1: 99.04% 
2023-06-19 23:09:36,894 	 Val. Loss: 3.595455 |  Val. Acc: 90.625% |  Val. Pre: 90.48% |  Val. Rec: 93.12% |  Val. Fsc: 91.78%
2023-06-19 23:09:36,894 	 Acc0: 81.25% |  Acc1: 100.00% |  Pre0: 100.00% |  Pre1: 80.95% |  Rec0: 86.25% | Rec1: 100.00% 
2023-06-19 23:09:36,908 Epoch: 140 | Epoch Time: 2m 57s
2023-06-19 23:09:36,908 EarlyStopping counter: 1 out of 20
2023-06-19 23:12:12,440 	Train Loss: 4.541442 | Train Acc: 88.426% | Acc0: 80.09% |  Acc1: 97.61% 
2023-06-19 23:12:33,554 	 Val. Loss: 3.894232 |  Val. Acc: 90.625% |  Val. Pre: 90.48% |  Val. Rec: 93.12% |  Val. Fsc: 91.78%
2023-06-19 23:12:33,554 	 Acc0: 81.25% |  Acc1: 100.00% |  Pre0: 100.00% |  Pre1: 80.95% |  Rec0: 86.25% | Rec1: 100.00% 
2023-06-19 23:12:33,554 Epoch: 141 | Epoch Time: 2m 56s
2023-06-19 23:12:33,554 EarlyStopping counter: 2 out of 20
2023-06-19 23:15:08,348 	Train Loss: 4.559354 | Train Acc: 86.806% | Acc0: 78.67% |  Acc1: 95.69% 
2023-06-19 23:15:29,515 	 Val. Loss: 3.847578 |  Val. Acc: 89.062% |  Val. Pre: 89.58% |  Val. Rec: 92.08% |  Val. Fsc: 90.82%
2023-06-19 23:15:29,515 	 Acc0: 78.12% |  Acc1: 100.00% |  Pre0: 100.00% |  Pre1: 79.17% |  Rec0: 84.17% | Rec1: 100.00% 
2023-06-19 23:15:29,515 Epoch: 142 | Epoch Time: 2m 55s
2023-06-19 23:15:29,515 EarlyStopping counter: 3 out of 20
2023-06-19 23:18:04,522 	Train Loss: 5.187391 | Train Acc: 85.417% | Acc0: 72.04% |  Acc1: 98.09% 
2023-06-19 23:18:25,678 	 Val. Loss: 3.863119 |  Val. Acc: 90.625% |  Val. Pre: 90.48% |  Val. Rec: 93.12% |  Val. Fsc: 91.78%
2023-06-19 23:18:25,678 	 Acc0: 81.25% |  Acc1: 100.00% |  Pre0: 100.00% |  Pre1: 80.95% |  Rec0: 86.25% | Rec1: 100.00% 
2023-06-19 23:18:25,678 Epoch: 143 | Epoch Time: 2m 56s
2023-06-19 23:18:25,678 EarlyStopping counter: 4 out of 20
2023-06-19 23:21:01,217 	Train Loss: 5.013894 | Train Acc: 85.880% | Acc0: 74.41% |  Acc1: 98.09% 
2023-06-19 23:21:22,182 	 Val. Loss: 3.858483 |  Val. Acc: 90.625% |  Val. Pre: 90.48% |  Val. Rec: 93.12% |  Val. Fsc: 91.78%
2023-06-19 23:21:22,182 	 Acc0: 81.25% |  Acc1: 100.00% |  Pre0: 100.00% |  Pre1: 80.95% |  Rec0: 86.25% | Rec1: 100.00% 
2023-06-19 23:21:22,182 Epoch: 144 | Epoch Time: 2m 56s
2023-06-19 23:21:22,182 EarlyStopping counter: 5 out of 20
2023-06-19 23:23:56,806 	Train Loss: 4.929395 | Train Acc: 85.880% | Acc0: 75.36% |  Acc1: 98.56% 
2023-06-19 23:24:17,878 	 Val. Loss: 3.894512 |  Val. Acc: 90.625% |  Val. Pre: 90.48% |  Val. Rec: 93.12% |  Val. Fsc: 91.78%
2023-06-19 23:24:17,878 	 Acc0: 81.25% |  Acc1: 100.00% |  Pre0: 100.00% |  Pre1: 80.95% |  Rec0: 86.25% | Rec1: 100.00% 
2023-06-19 23:24:17,891 Epoch: 145 | Epoch Time: 2m 55s
2023-06-19 23:24:17,891 EarlyStopping counter: 6 out of 20
2023-06-19 23:26:53,890 	Train Loss: 4.588372 | Train Acc: 87.500% | Acc0: 77.73% |  Acc1: 99.52% 
2023-06-19 23:27:15,151 	 Val. Loss: 3.584526 |  Val. Acc: 90.625% |  Val. Pre: 90.48% |  Val. Rec: 93.12% |  Val. Fsc: 91.78%
2023-06-19 23:27:15,151 	 Acc0: 81.25% |  Acc1: 100.00% |  Pre0: 100.00% |  Pre1: 80.95% |  Rec0: 86.25% | Rec1: 100.00% 
2023-06-19 23:27:15,152 Epoch: 146 | Epoch Time: 2m 57s
2023-06-19 23:27:15,152 EarlyStopping counter: 7 out of 20
2023-06-19 23:29:51,733 	Train Loss: 4.465927 | Train Acc: 89.120% | Acc0: 78.20% |  Acc1: 99.52% 
2023-06-19 23:30:12,959 	 Val. Loss: 3.913265 |  Val. Acc: 91.667% |  Val. Pre: 90.83% |  Val. Rec: 93.65% |  Val. Fsc: 92.22%
2023-06-19 23:30:12,960 	 Acc0: 87.50% |  Acc1: 96.43% |  Pre0: 95.00% |  Pre1: 86.67% |  Rec0: 90.42% | Rec1: 96.88% 
2023-06-19 23:30:12,960 Epoch: 147 | Epoch Time: 2m 57s
2023-06-19 23:30:12,960 EarlyStopping counter: 8 out of 20
2023-06-19 23:32:48,231 	Train Loss: 4.873811 | Train Acc: 86.343% | Acc0: 74.41% |  Acc1: 97.61% 
2023-06-19 23:33:09,482 	 Val. Loss: 3.862696 |  Val. Acc: 89.062% |  Val. Pre: 89.58% |  Val. Rec: 92.08% |  Val. Fsc: 90.82%
2023-06-19 23:33:09,483 	 Acc0: 78.12% |  Acc1: 100.00% |  Pre0: 100.00% |  Pre1: 79.17% |  Rec0: 84.17% | Rec1: 100.00% 
2023-06-19 23:33:09,483 Epoch: 148 | Epoch Time: 2m 56s
2023-06-19 23:33:09,483 EarlyStopping counter: 9 out of 20
2023-06-19 23:35:44,950 	Train Loss: 5.363068 | Train Acc: 83.796% | Acc0: 73.46% |  Acc1: 94.74% 
2023-06-19 23:36:06,165 	 Val. Loss: 5.054007 |  Val. Acc: 85.417% |  Val. Pre: 87.36% |  Val. Rec: 87.71% |  Val. Fsc: 87.53%
2023-06-19 23:36:06,165 	 Acc0: 71.88% |  Acc1: 100.00% |  Pre0: 100.00% |  Pre1: 74.72% |  Rec0: 75.42% | Rec1: 100.00% 
2023-06-19 23:36:06,165 Epoch: 149 | Epoch Time: 2m 56s
2023-06-19 23:36:06,165 EarlyStopping counter: 10 out of 20
2023-06-19 23:38:41,835 	Train Loss: 5.579318 | Train Acc: 82.407% | Acc0: 66.82% |  Acc1: 98.56% 
2023-06-19 23:39:03,092 	 Val. Loss: 4.561199 |  Val. Acc: 87.500% |  Val. Pre: 88.75% |  Val. Rec: 90.83% |  Val. Fsc: 89.78%
2023-06-19 23:39:03,092 	 Acc0: 75.00% |  Acc1: 100.00% |  Pre0: 100.00% |  Pre1: 77.50% |  Rec0: 81.67% | Rec1: 100.00% 
2023-06-19 23:39:03,105 Epoch: 150 | Epoch Time: 2m 56s
2023-06-19 23:39:03,105 EarlyStopping counter: 11 out of 20
2023-06-19 23:41:37,770 	Train Loss: 5.199122 | Train Acc: 84.028% | Acc0: 70.14% |  Acc1: 98.56% 
2023-06-19 23:41:58,869 	 Val. Loss: 4.236306 |  Val. Acc: 89.062% |  Val. Pre: 89.58% |  Val. Rec: 92.08% |  Val. Fsc: 90.82%
2023-06-19 23:41:58,869 	 Acc0: 78.12% |  Acc1: 100.00% |  Pre0: 100.00% |  Pre1: 79.17% |  Rec0: 84.17% | Rec1: 100.00% 
2023-06-19 23:41:58,869 Epoch: 151 | Epoch Time: 2m 55s
2023-06-19 23:41:58,869 EarlyStopping counter: 12 out of 20
2023-06-19 23:44:34,837 	Train Loss: 4.962099 | Train Acc: 85.880% | Acc0: 73.46% |  Acc1: 97.61% 
2023-06-19 23:44:55,810 	 Val. Loss: 3.660654 |  Val. Acc: 88.542% |  Val. Pre: 87.98% |  Val. Rec: 91.56% |  Val. Fsc: 89.73%
2023-06-19 23:44:55,810 	 Acc0: 81.25% |  Acc1: 96.43% |  Pre0: 95.00% |  Pre1: 80.95% |  Rec0: 86.25% | Rec1: 96.88% 
2023-06-19 23:44:55,811 Epoch: 152 | Epoch Time: 2m 56s
2023-06-19 23:44:55,811 EarlyStopping counter: 13 out of 20
2023-06-19 23:47:30,735 	Train Loss: 4.563644 | Train Acc: 89.120% | Acc0: 78.67% |  Acc1: 99.04% 
2023-06-19 23:47:51,947 	 Val. Loss: 3.542517 |  Val. Acc: 90.625% |  Val. Pre: 90.48% |  Val. Rec: 93.12% |  Val. Fsc: 91.78%
2023-06-19 23:47:51,947 	 Acc0: 81.25% |  Acc1: 100.00% |  Pre0: 100.00% |  Pre1: 80.95% |  Rec0: 86.25% | Rec1: 100.00% 
2023-06-19 23:47:51,948 Epoch: 153 | Epoch Time: 2m 56s
2023-06-19 23:47:51,948 EarlyStopping counter: 14 out of 20
2023-06-19 23:50:27,779 	Train Loss: 4.396456 | Train Acc: 87.963% | Acc0: 77.73% |  Acc1: 97.61% 
2023-06-19 23:50:49,044 	 Val. Loss: 3.562400 |  Val. Acc: 89.062% |  Val. Pre: 89.58% |  Val. Rec: 92.08% |  Val. Fsc: 90.82%
2023-06-19 23:50:49,045 	 Acc0: 78.12% |  Acc1: 100.00% |  Pre0: 100.00% |  Pre1: 79.17% |  Rec0: 84.17% | Rec1: 100.00% 
2023-06-19 23:50:49,045 Epoch: 154 | Epoch Time: 2m 57s
2023-06-19 23:50:49,045 EarlyStopping counter: 15 out of 20
2023-06-19 23:53:24,474 	Train Loss: 4.168358 | Train Acc: 90.278% | Acc0: 80.57% |  Acc1: 99.52% 
2023-06-19 23:53:45,744 	 Val. Loss: 3.571948 |  Val. Acc: 90.625% |  Val. Pre: 90.48% |  Val. Rec: 93.12% |  Val. Fsc: 91.78%
2023-06-19 23:53:45,744 	 Acc0: 81.25% |  Acc1: 100.00% |  Pre0: 100.00% |  Pre1: 80.95% |  Rec0: 86.25% | Rec1: 100.00% 
2023-06-19 23:53:45,756 Epoch: 155 | Epoch Time: 2m 56s
2023-06-19 23:53:45,756 EarlyStopping counter: 16 out of 20
2023-06-19 23:56:20,257 	Train Loss: 4.108402 | Train Acc: 89.815% | Acc0: 81.52% |  Acc1: 99.04% 
2023-06-19 23:56:41,252 	 Val. Loss: 3.497932 |  Val. Acc: 90.625% |  Val. Pre: 90.48% |  Val. Rec: 93.12% |  Val. Fsc: 91.78%
2023-06-19 23:56:41,252 	 Acc0: 81.25% |  Acc1: 100.00% |  Pre0: 100.00% |  Pre1: 80.95% |  Rec0: 86.25% | Rec1: 100.00% 
2023-06-19 23:56:41,252 Epoch: 156 | Epoch Time: 2m 55s
2023-06-19 23:56:41,252 Validation loss decreased (3.541088 --> 3.497932).  Saving model ...
2023-06-19 23:59:16,309 	Train Loss: 4.340751 | Train Acc: 88.194% | Acc0: 78.20% |  Acc1: 99.04% 
2023-06-19 23:59:37,433 	 Val. Loss: 3.639894 |  Val. Acc: 90.625% |  Val. Pre: 90.48% |  Val. Rec: 93.12% |  Val. Fsc: 91.78%
2023-06-19 23:59:37,433 	 Acc0: 81.25% |  Acc1: 100.00% |  Pre0: 100.00% |  Pre1: 80.95% |  Rec0: 86.25% | Rec1: 100.00% 
2023-06-19 23:59:37,433 Epoch: 157 | Epoch Time: 2m 56s
2023-06-19 23:59:37,433 EarlyStopping counter: 1 out of 20
2023-06-20 00:02:12,041 	Train Loss: 4.478393 | Train Acc: 87.731% | Acc0: 74.88% |  Acc1: 100.00% 
2023-06-20 00:02:33,229 	 Val. Loss: 3.921531 |  Val. Acc: 90.625% |  Val. Pre: 90.48% |  Val. Rec: 93.12% |  Val. Fsc: 91.78%
2023-06-20 00:02:33,229 	 Acc0: 81.25% |  Acc1: 100.00% |  Pre0: 100.00% |  Pre1: 80.95% |  Rec0: 86.25% | Rec1: 100.00% 
2023-06-20 00:02:33,229 Epoch: 158 | Epoch Time: 2m 55s
2023-06-20 00:02:33,229 EarlyStopping counter: 2 out of 20
2023-06-20 00:05:07,964 	Train Loss: 4.701658 | Train Acc: 87.500% | Acc0: 78.67% |  Acc1: 95.69% 
2023-06-20 00:05:29,007 	 Val. Loss: 3.957352 |  Val. Acc: 89.062% |  Val. Pre: 89.58% |  Val. Rec: 92.08% |  Val. Fsc: 90.82%
2023-06-20 00:05:29,007 	 Acc0: 78.12% |  Acc1: 100.00% |  Pre0: 100.00% |  Pre1: 79.17% |  Rec0: 84.17% | Rec1: 100.00% 
2023-06-20 00:05:29,007 Epoch: 159 | Epoch Time: 2m 55s
2023-06-20 00:05:29,007 EarlyStopping counter: 3 out of 20
2023-06-20 00:08:03,608 	Train Loss: 5.132633 | Train Acc: 85.417% | Acc0: 72.51% |  Acc1: 99.04% 
2023-06-20 00:08:24,616 	 Val. Loss: 3.950896 |  Val. Acc: 90.625% |  Val. Pre: 90.48% |  Val. Rec: 93.12% |  Val. Fsc: 91.78%
2023-06-20 00:08:24,616 	 Acc0: 81.25% |  Acc1: 100.00% |  Pre0: 100.00% |  Pre1: 80.95% |  Rec0: 86.25% | Rec1: 100.00% 
2023-06-20 00:08:24,628 Epoch: 160 | Epoch Time: 2m 55s
2023-06-20 00:08:24,628 EarlyStopping counter: 4 out of 20
2023-06-20 00:10:59,491 	Train Loss: 4.881794 | Train Acc: 85.648% | Acc0: 72.99% |  Acc1: 97.61% 
2023-06-20 00:11:20,638 	 Val. Loss: 3.741504 |  Val. Acc: 90.625% |  Val. Pre: 90.48% |  Val. Rec: 93.12% |  Val. Fsc: 91.78%
2023-06-20 00:11:20,639 	 Acc0: 81.25% |  Acc1: 100.00% |  Pre0: 100.00% |  Pre1: 80.95% |  Rec0: 86.25% | Rec1: 100.00% 
2023-06-20 00:11:20,639 Epoch: 161 | Epoch Time: 2m 56s
2023-06-20 00:11:20,639 EarlyStopping counter: 5 out of 20
2023-06-20 00:13:55,522 	Train Loss: 4.704184 | Train Acc: 87.963% | Acc0: 77.73% |  Acc1: 99.04% 
2023-06-20 00:14:16,555 	 Val. Loss: 3.402229 |  Val. Acc: 90.625% |  Val. Pre: 90.48% |  Val. Rec: 93.12% |  Val. Fsc: 91.78%
2023-06-20 00:14:16,555 	 Acc0: 81.25% |  Acc1: 100.00% |  Pre0: 100.00% |  Pre1: 80.95% |  Rec0: 86.25% | Rec1: 100.00% 
2023-06-20 00:14:16,556 Epoch: 162 | Epoch Time: 2m 55s
2023-06-20 00:14:16,556 Validation loss decreased (3.497932 --> 3.402229).  Saving model ...
2023-06-20 00:16:52,100 	Train Loss: 4.441279 | Train Acc: 87.963% | Acc0: 77.25% |  Acc1: 98.09% 
2023-06-20 00:17:13,325 	 Val. Loss: 3.625701 |  Val. Acc: 90.625% |  Val. Pre: 90.48% |  Val. Rec: 93.12% |  Val. Fsc: 91.78%
2023-06-20 00:17:13,325 	 Acc0: 81.25% |  Acc1: 100.00% |  Pre0: 100.00% |  Pre1: 80.95% |  Rec0: 86.25% | Rec1: 100.00% 
2023-06-20 00:17:13,325 Epoch: 163 | Epoch Time: 2m 56s
2023-06-20 00:17:13,325 EarlyStopping counter: 1 out of 20
2023-06-20 00:19:49,495 	Train Loss: 4.210552 | Train Acc: 89.583% | Acc0: 80.09% |  Acc1: 100.00% 
2023-06-20 00:20:10,823 	 Val. Loss: 3.406302 |  Val. Acc: 90.625% |  Val. Pre: 90.48% |  Val. Rec: 93.12% |  Val. Fsc: 91.78%
2023-06-20 00:20:10,824 	 Acc0: 81.25% |  Acc1: 100.00% |  Pre0: 100.00% |  Pre1: 80.95% |  Rec0: 86.25% | Rec1: 100.00% 
2023-06-20 00:20:10,824 Epoch: 164 | Epoch Time: 2m 57s
2023-06-20 00:20:10,824 EarlyStopping counter: 2 out of 20
2023-06-20 00:22:46,072 	Train Loss: 4.067352 | Train Acc: 90.509% | Acc0: 80.57% |  Acc1: 100.00% 
2023-06-20 00:23:07,301 	 Val. Loss: 3.341819 |  Val. Acc: 90.625% |  Val. Pre: 90.48% |  Val. Rec: 93.12% |  Val. Fsc: 91.78%
2023-06-20 00:23:07,301 	 Acc0: 81.25% |  Acc1: 100.00% |  Pre0: 100.00% |  Pre1: 80.95% |  Rec0: 86.25% | Rec1: 100.00% 
2023-06-20 00:23:07,313 Epoch: 165 | Epoch Time: 2m 56s
2023-06-20 00:23:07,313 Validation loss decreased (3.402229 --> 3.341819).  Saving model ...
2023-06-20 00:25:43,599 	Train Loss: 4.032329 | Train Acc: 89.815% | Acc0: 79.62% |  Acc1: 99.52% 
2023-06-20 00:26:04,888 	 Val. Loss: 3.412293 |  Val. Acc: 90.625% |  Val. Pre: 90.48% |  Val. Rec: 93.12% |  Val. Fsc: 91.78%
2023-06-20 00:26:04,888 	 Acc0: 81.25% |  Acc1: 100.00% |  Pre0: 100.00% |  Pre1: 80.95% |  Rec0: 86.25% | Rec1: 100.00% 
2023-06-20 00:26:04,888 Epoch: 166 | Epoch Time: 2m 57s
2023-06-20 00:26:04,889 EarlyStopping counter: 1 out of 20
2023-06-20 00:28:40,977 	Train Loss: 3.909039 | Train Acc: 91.667% | Acc0: 83.41% |  Acc1: 99.52% 
2023-06-20 00:29:02,161 	 Val. Loss: 3.723426 |  Val. Acc: 89.062% |  Val. Pre: 89.58% |  Val. Rec: 92.08% |  Val. Fsc: 90.82%
2023-06-20 00:29:02,162 	 Acc0: 78.12% |  Acc1: 100.00% |  Pre0: 100.00% |  Pre1: 79.17% |  Rec0: 84.17% | Rec1: 100.00% 
2023-06-20 00:29:02,162 Epoch: 167 | Epoch Time: 2m 57s
2023-06-20 00:29:02,162 EarlyStopping counter: 2 out of 20
2023-06-20 00:31:37,558 	Train Loss: 4.483318 | Train Acc: 87.963% | Acc0: 76.78% |  Acc1: 98.56% 
2023-06-20 00:31:58,762 	 Val. Loss: 3.622925 |  Val. Acc: 90.625% |  Val. Pre: 90.48% |  Val. Rec: 93.12% |  Val. Fsc: 91.78%
2023-06-20 00:31:58,762 	 Acc0: 81.25% |  Acc1: 100.00% |  Pre0: 100.00% |  Pre1: 80.95% |  Rec0: 86.25% | Rec1: 100.00% 
2023-06-20 00:31:58,762 Epoch: 168 | Epoch Time: 2m 56s
2023-06-20 00:31:58,762 EarlyStopping counter: 3 out of 20
2023-06-20 00:34:34,502 	Train Loss: 4.534800 | Train Acc: 89.120% | Acc0: 79.62% |  Acc1: 99.52% 
2023-06-20 00:34:55,585 	 Val. Loss: 3.542069 |  Val. Acc: 90.625% |  Val. Pre: 90.48% |  Val. Rec: 93.12% |  Val. Fsc: 91.78%
2023-06-20 00:34:55,585 	 Acc0: 81.25% |  Acc1: 100.00% |  Pre0: 100.00% |  Pre1: 80.95% |  Rec0: 86.25% | Rec1: 100.00% 
2023-06-20 00:34:55,585 Epoch: 169 | Epoch Time: 2m 56s
2023-06-20 00:34:55,585 EarlyStopping counter: 4 out of 20
2023-06-20 00:37:31,807 	Train Loss: 4.358033 | Train Acc: 88.889% | Acc0: 78.20% |  Acc1: 99.04% 
2023-06-20 00:37:53,043 	 Val. Loss: 3.275569 |  Val. Acc: 90.625% |  Val. Pre: 90.48% |  Val. Rec: 93.12% |  Val. Fsc: 91.78%
2023-06-20 00:37:53,044 	 Acc0: 81.25% |  Acc1: 100.00% |  Pre0: 100.00% |  Pre1: 80.95% |  Rec0: 86.25% | Rec1: 100.00% 
2023-06-20 00:37:53,056 Epoch: 170 | Epoch Time: 2m 57s
2023-06-20 00:37:53,056 Validation loss decreased (3.341819 --> 3.275569).  Saving model ...
2023-06-20 00:40:28,940 	Train Loss: 4.861235 | Train Acc: 87.037% | Acc0: 76.78% |  Acc1: 96.65% 
2023-06-20 00:40:50,175 	 Val. Loss: 3.786279 |  Val. Acc: 90.625% |  Val. Pre: 90.48% |  Val. Rec: 93.12% |  Val. Fsc: 91.78%
2023-06-20 00:40:50,175 	 Acc0: 81.25% |  Acc1: 100.00% |  Pre0: 100.00% |  Pre1: 80.95% |  Rec0: 86.25% | Rec1: 100.00% 
2023-06-20 00:40:50,175 Epoch: 171 | Epoch Time: 2m 57s
2023-06-20 00:40:50,175 EarlyStopping counter: 1 out of 20
2023-06-20 00:43:25,943 	Train Loss: 4.753341 | Train Acc: 88.889% | Acc0: 77.73% |  Acc1: 99.52% 
2023-06-20 00:43:47,296 	 Val. Loss: 3.655680 |  Val. Acc: 90.625% |  Val. Pre: 90.48% |  Val. Rec: 93.12% |  Val. Fsc: 91.78%
2023-06-20 00:43:47,296 	 Acc0: 81.25% |  Acc1: 100.00% |  Pre0: 100.00% |  Pre1: 80.95% |  Rec0: 86.25% | Rec1: 100.00% 
2023-06-20 00:43:47,296 Epoch: 172 | Epoch Time: 2m 57s
2023-06-20 00:43:47,296 EarlyStopping counter: 2 out of 20
2023-06-20 00:46:22,510 	Train Loss: 4.457884 | Train Acc: 88.426% | Acc0: 79.15% |  Acc1: 98.56% 
2023-06-20 00:46:44,562 	 Val. Loss: 3.443956 |  Val. Acc: 92.188% |  Val. Pre: 91.67% |  Val. Rec: 94.17% |  Val. Fsc: 92.90%
2023-06-20 00:46:44,562 	 Acc0: 84.38% |  Acc1: 100.00% |  Pre0: 100.00% |  Pre1: 83.33% |  Rec0: 88.33% | Rec1: 100.00% 
2023-06-20 00:46:44,562 Epoch: 173 | Epoch Time: 2m 57s
2023-06-20 00:46:44,562 EarlyStopping counter: 3 out of 20
2023-06-20 00:49:19,135 	Train Loss: 4.385621 | Train Acc: 90.046% | Acc0: 79.62% |  Acc1: 100.00% 
2023-06-20 00:49:40,371 	 Val. Loss: 3.585437 |  Val. Acc: 90.625% |  Val. Pre: 90.48% |  Val. Rec: 93.12% |  Val. Fsc: 91.78%
2023-06-20 00:49:40,371 	 Acc0: 81.25% |  Acc1: 100.00% |  Pre0: 100.00% |  Pre1: 80.95% |  Rec0: 86.25% | Rec1: 100.00% 
2023-06-20 00:49:40,372 Epoch: 174 | Epoch Time: 2m 55s
2023-06-20 00:49:40,372 EarlyStopping counter: 4 out of 20
2023-06-20 00:52:15,943 	Train Loss: 4.395105 | Train Acc: 89.120% | Acc0: 77.73% |  Acc1: 100.00% 
2023-06-20 00:52:37,087 	 Val. Loss: 4.701238 |  Val. Acc: 79.167% |  Val. Pre: 79.61% |  Val. Rec: 76.67% |  Val. Fsc: 78.11%
2023-06-20 00:52:37,088 	 Acc0: 96.88% |  Acc1: 60.71% |  Pre0: 71.73% |  Pre1: 87.50% |  Rec0: 97.92% | Rec1: 55.42% 
2023-06-20 00:52:37,100 Epoch: 175 | Epoch Time: 2m 56s
2023-06-20 00:52:37,100 EarlyStopping counter: 5 out of 20
2023-06-20 00:55:13,471 	Train Loss: 4.880743 | Train Acc: 87.037% | Acc0: 77.73% |  Acc1: 95.69% 
2023-06-20 00:55:34,691 	 Val. Loss: 3.734843 |  Val. Acc: 90.625% |  Val. Pre: 90.48% |  Val. Rec: 93.12% |  Val. Fsc: 91.78%
2023-06-20 00:55:34,691 	 Acc0: 81.25% |  Acc1: 100.00% |  Pre0: 100.00% |  Pre1: 80.95% |  Rec0: 86.25% | Rec1: 100.00% 
2023-06-20 00:55:34,691 Epoch: 176 | Epoch Time: 2m 57s
2023-06-20 00:55:34,691 EarlyStopping counter: 6 out of 20
2023-06-20 00:58:10,440 	Train Loss: 4.641653 | Train Acc: 84.491% | Acc0: 74.41% |  Acc1: 95.22% 
2023-06-20 00:58:31,641 	 Val. Loss: 3.660065 |  Val. Acc: 90.625% |  Val. Pre: 90.48% |  Val. Rec: 93.12% |  Val. Fsc: 91.78%
2023-06-20 00:58:31,641 	 Acc0: 81.25% |  Acc1: 100.00% |  Pre0: 100.00% |  Pre1: 80.95% |  Rec0: 86.25% | Rec1: 100.00% 
2023-06-20 00:58:31,641 Epoch: 177 | Epoch Time: 2m 56s
2023-06-20 00:58:31,641 EarlyStopping counter: 7 out of 20
2023-06-20 01:01:06,927 	Train Loss: 4.707341 | Train Acc: 86.343% | Acc0: 72.51% |  Acc1: 99.52% 
2023-06-20 01:01:28,020 	 Val. Loss: 3.649758 |  Val. Acc: 92.188% |  Val. Pre: 91.67% |  Val. Rec: 94.17% |  Val. Fsc: 92.90%
2023-06-20 01:01:28,020 	 Acc0: 84.38% |  Acc1: 100.00% |  Pre0: 100.00% |  Pre1: 83.33% |  Rec0: 88.33% | Rec1: 100.00% 
2023-06-20 01:01:28,021 Epoch: 178 | Epoch Time: 2m 56s
2023-06-20 01:01:28,021 EarlyStopping counter: 8 out of 20
2023-06-20 01:04:03,439 	Train Loss: 4.278676 | Train Acc: 90.972% | Acc0: 82.46% |  Acc1: 99.04% 
2023-06-20 01:04:24,516 	 Val. Loss: 3.725397 |  Val. Acc: 89.062% |  Val. Pre: 89.58% |  Val. Rec: 92.08% |  Val. Fsc: 90.82%
2023-06-20 01:04:24,516 	 Acc0: 78.12% |  Acc1: 100.00% |  Pre0: 100.00% |  Pre1: 79.17% |  Rec0: 84.17% | Rec1: 100.00% 
2023-06-20 01:04:24,516 Epoch: 179 | Epoch Time: 2m 56s
2023-06-20 01:04:24,516 EarlyStopping counter: 9 out of 20
2023-06-20 01:06:59,517 	Train Loss: 4.095573 | Train Acc: 90.278% | Acc0: 81.04% |  Acc1: 99.04% 
2023-06-20 01:07:20,675 	 Val. Loss: 3.340787 |  Val. Acc: 90.625% |  Val. Pre: 90.48% |  Val. Rec: 93.12% |  Val. Fsc: 91.78%
2023-06-20 01:07:20,675 	 Acc0: 81.25% |  Acc1: 100.00% |  Pre0: 100.00% |  Pre1: 80.95% |  Rec0: 86.25% | Rec1: 100.00% 
2023-06-20 01:07:20,687 Epoch: 180 | Epoch Time: 2m 56s
2023-06-20 01:07:20,687 EarlyStopping counter: 10 out of 20
2023-06-20 01:09:55,764 	Train Loss: 4.057145 | Train Acc: 87.963% | Acc0: 80.57% |  Acc1: 97.61% 
2023-06-20 01:10:16,809 	 Val. Loss: 4.519262 |  Val. Acc: 89.062% |  Val. Pre: 89.34% |  Val. Rec: 91.04% |  Val. Fsc: 90.18%
2023-06-20 01:10:16,809 	 Acc0: 78.12% |  Acc1: 100.00% |  Pre0: 100.00% |  Pre1: 78.68% |  Rec0: 82.08% | Rec1: 100.00% 
2023-06-20 01:10:16,809 Epoch: 181 | Epoch Time: 2m 56s
2023-06-20 01:10:16,809 EarlyStopping counter: 11 out of 20
2023-06-20 01:12:52,028 	Train Loss: 5.622992 | Train Acc: 83.102% | Acc0: 68.72% |  Acc1: 96.65% 
2023-06-20 01:13:13,204 	 Val. Loss: 5.041310 |  Val. Acc: 85.417% |  Val. Pre: 87.06% |  Val. Rec: 86.88% |  Val. Fsc: 86.97%
2023-06-20 01:13:13,204 	 Acc0: 71.88% |  Acc1: 100.00% |  Pre0: 100.00% |  Pre1: 74.12% |  Rec0: 73.75% | Rec1: 100.00% 
2023-06-20 01:13:13,204 Epoch: 182 | Epoch Time: 2m 56s
2023-06-20 01:13:13,204 EarlyStopping counter: 12 out of 20
2023-06-20 01:15:47,828 	Train Loss: 5.521899 | Train Acc: 83.333% | Acc0: 67.30% |  Acc1: 98.56% 
2023-06-20 01:16:08,867 	 Val. Loss: 4.640427 |  Val. Acc: 88.542% |  Val. Pre: 89.14% |  Val. Rec: 88.96% |  Val. Fsc: 89.05%
2023-06-20 01:16:08,867 	 Acc0: 78.12% |  Acc1: 100.00% |  Pre0: 100.00% |  Pre1: 78.28% |  Rec0: 77.92% | Rec1: 100.00% 
2023-06-20 01:16:08,867 Epoch: 183 | Epoch Time: 2m 55s
2023-06-20 01:16:08,867 EarlyStopping counter: 13 out of 20
2023-06-20 01:18:43,840 	Train Loss: 5.110238 | Train Acc: 87.037% | Acc0: 75.36% |  Acc1: 98.09% 
2023-06-20 01:19:04,971 	 Val. Loss: 4.218892 |  Val. Acc: 89.062% |  Val. Pre: 89.34% |  Val. Rec: 91.04% |  Val. Fsc: 90.18%
2023-06-20 01:19:04,971 	 Acc0: 78.12% |  Acc1: 100.00% |  Pre0: 100.00% |  Pre1: 78.68% |  Rec0: 82.08% | Rec1: 100.00% 
2023-06-20 01:19:04,971 Epoch: 184 | Epoch Time: 2m 56s
2023-06-20 01:19:04,971 EarlyStopping counter: 14 out of 20
2023-06-20 01:21:38,902 	Train Loss: 4.950593 | Train Acc: 84.954% | Acc0: 72.99% |  Acc1: 97.61% 
2023-06-20 01:21:59,353 	 Val. Loss: 4.205958 |  Val. Acc: 89.062% |  Val. Pre: 89.34% |  Val. Rec: 91.04% |  Val. Fsc: 90.18%
2023-06-20 01:21:59,353 	 Acc0: 78.12% |  Acc1: 100.00% |  Pre0: 100.00% |  Pre1: 78.68% |  Rec0: 82.08% | Rec1: 100.00% 
2023-06-20 01:21:59,366 Epoch: 185 | Epoch Time: 2m 54s
2023-06-20 01:21:59,366 EarlyStopping counter: 15 out of 20
2023-06-20 01:24:31,087 	Train Loss: 4.804438 | Train Acc: 86.806% | Acc0: 75.83% |  Acc1: 98.56% 
2023-06-20 01:24:51,771 	 Val. Loss: 3.802489 |  Val. Acc: 90.625% |  Val. Pre: 90.48% |  Val. Rec: 93.12% |  Val. Fsc: 91.78%
2023-06-20 01:24:51,771 	 Acc0: 81.25% |  Acc1: 100.00% |  Pre0: 100.00% |  Pre1: 80.95% |  Rec0: 86.25% | Rec1: 100.00% 
2023-06-20 01:24:51,771 Epoch: 186 | Epoch Time: 2m 52s
2023-06-20 01:24:51,771 EarlyStopping counter: 16 out of 20
2023-06-20 01:27:23,134 	Train Loss: 4.642870 | Train Acc: 85.880% | Acc0: 74.88% |  Acc1: 99.04% 
2023-06-20 01:27:43,727 	 Val. Loss: 3.504707 |  Val. Acc: 90.625% |  Val. Pre: 90.48% |  Val. Rec: 93.12% |  Val. Fsc: 91.78%
2023-06-20 01:27:43,727 	 Acc0: 81.25% |  Acc1: 100.00% |  Pre0: 100.00% |  Pre1: 80.95% |  Rec0: 86.25% | Rec1: 100.00% 
2023-06-20 01:27:43,727 Epoch: 187 | Epoch Time: 2m 51s
2023-06-20 01:27:43,727 EarlyStopping counter: 17 out of 20
2023-06-20 01:30:15,215 	Train Loss: 4.641263 | Train Acc: 87.963% | Acc0: 76.30% |  Acc1: 99.04% 
2023-06-20 01:30:35,758 	 Val. Loss: 3.697252 |  Val. Acc: 90.625% |  Val. Pre: 90.48% |  Val. Rec: 93.12% |  Val. Fsc: 91.78%
2023-06-20 01:30:35,758 	 Acc0: 81.25% |  Acc1: 100.00% |  Pre0: 100.00% |  Pre1: 80.95% |  Rec0: 86.25% | Rec1: 100.00% 
2023-06-20 01:30:35,758 Epoch: 188 | Epoch Time: 2m 52s
2023-06-20 01:30:35,758 EarlyStopping counter: 18 out of 20
2023-06-20 01:33:06,458 	Train Loss: 4.543448 | Train Acc: 87.731% | Acc0: 77.25% |  Acc1: 99.04% 
2023-06-20 01:33:26,893 	 Val. Loss: 3.614382 |  Val. Acc: 90.625% |  Val. Pre: 90.48% |  Val. Rec: 93.12% |  Val. Fsc: 91.78%
2023-06-20 01:33:26,893 	 Acc0: 81.25% |  Acc1: 100.00% |  Pre0: 100.00% |  Pre1: 80.95% |  Rec0: 86.25% | Rec1: 100.00% 
2023-06-20 01:33:26,893 Epoch: 189 | Epoch Time: 2m 51s
2023-06-20 01:33:26,893 EarlyStopping counter: 19 out of 20
2023-06-20 01:35:57,537 	Train Loss: 4.312452 | Train Acc: 89.815% | Acc0: 80.09% |  Acc1: 99.04% 
2023-06-20 01:36:18,060 	 Val. Loss: 3.412337 |  Val. Acc: 90.625% |  Val. Pre: 90.48% |  Val. Rec: 93.12% |  Val. Fsc: 91.78%
2023-06-20 01:36:18,061 	 Acc0: 81.25% |  Acc1: 100.00% |  Pre0: 100.00% |  Pre1: 80.95% |  Rec0: 86.25% | Rec1: 100.00% 
2023-06-20 01:36:18,073 Epoch: 190 | Epoch Time: 2m 51s
2023-06-20 01:36:18,074 EarlyStopping counter: 20 out of 20
2023-06-20 01:36:18,074 Early stopping
