2023-06-19 15:42:39,033 Savedir: MixBench/error_allpurpose_root_AST_PDG_CAST_DEP
2023-06-19 15:42:39,059 Dataset size: 600
2023-06-19 15:42:39,059 Split: 
  train -> 420, val -> 60, test -> 120
2023-06-19 15:42:39,059 Edges: ['AST', 'PDG', 'CAST', 'DEP']
2023-06-19 15:42:41,339 ============> Training mode start...
2023-06-19 15:45:20,814 	Train Loss: 10.738981 | Train Acc: 50.000% | Acc0: 99.53% |  Acc1: 0.00% 
2023-06-19 15:45:42,480 	 Val. Loss: 10.266346 |  Val. Acc: 66.146% |  Val. Pre: 65.89% |  Val. Rec: 67.08% |  Val. Fsc: 66.48%
2023-06-19 15:45:42,480 	 Acc0: 78.12% |  Acc1: 53.57% |  Pre0: 63.44% |  Pre1: 68.33% |  Rec0: 77.92% | Rec1: 56.25% 
2023-06-19 15:45:42,480 Epoch: 01 | Epoch Time: 3m 1s
2023-06-19 15:45:42,480 Validation loss decreased (inf --> 10.266346).  Saving model ...
2023-06-19 15:48:20,073 	Train Loss: 10.581979 | Train Acc: 71.065% | Acc0: 63.51% |  Acc1: 78.47% 
2023-06-19 15:48:41,567 	 Val. Loss: 10.044490 |  Val. Acc: 73.958% |  Val. Pre: 73.10% |  Val. Rec: 74.48% |  Val. Fsc: 73.78%
2023-06-19 15:48:41,567 	 Acc0: 68.75% |  Acc1: 82.14% |  Pre0: 78.33% |  Pre1: 67.86% |  Rec0: 67.08% | Rec1: 81.88% 
2023-06-19 15:48:41,567 Epoch: 02 | Epoch Time: 2m 59s
2023-06-19 15:48:41,567 Validation loss decreased (10.266346 --> 10.044490).  Saving model ...
2023-06-19 15:51:24,467 	Train Loss: 10.218999 | Train Acc: 65.046% | Acc0: 74.88% |  Acc1: 54.55% 
2023-06-19 15:51:45,908 	 Val. Loss: 9.706674 |  Val. Acc: 70.312% |  Val. Pre: 79.96% |  Val. Rec: 70.62% |  Val. Fsc: 75.00%
2023-06-19 15:51:45,908 	 Acc0: 43.75% |  Acc1: 100.00% |  Pre0: 100.00% |  Pre1: 59.91% |  Rec0: 41.25% | Rec1: 100.00% 
2023-06-19 15:51:45,908 Epoch: 03 | Epoch Time: 3m 4s
2023-06-19 15:51:45,909 Validation loss decreased (10.044490 --> 9.706674).  Saving model ...
2023-06-19 15:54:25,093 	Train Loss: 9.422476 | Train Acc: 71.065% | Acc0: 63.03% |  Acc1: 80.38% 
2023-06-19 15:54:46,654 	 Val. Loss: 8.384824 |  Val. Acc: 79.688% |  Val. Pre: 79.52% |  Val. Rec: 82.29% |  Val. Fsc: 80.88%
2023-06-19 15:54:46,654 	 Acc0: 71.88% |  Acc1: 89.29% |  Pre0: 85.83% |  Pre1: 73.21% |  Rec0: 73.33% | Rec1: 91.25% 
2023-06-19 15:54:46,654 Epoch: 04 | Epoch Time: 3m 0s
2023-06-19 15:54:46,654 Validation loss decreased (9.706674 --> 8.384824).  Saving model ...
2023-06-19 15:57:24,355 	Train Loss: 8.407743 | Train Acc: 75.231% | Acc0: 63.03% |  Acc1: 87.56% 
2023-06-19 15:57:45,879 	 Val. Loss: 7.884517 |  Val. Acc: 78.646% |  Val. Pre: 83.47% |  Val. Rec: 79.38% |  Val. Fsc: 81.37%
2023-06-19 15:57:45,879 	 Acc0: 59.38% |  Acc1: 100.00% |  Pre0: 100.00% |  Pre1: 66.94% |  Rec0: 58.75% | Rec1: 100.00% 
2023-06-19 15:57:45,893 Epoch: 05 | Epoch Time: 2m 59s
2023-06-19 15:57:45,894 Validation loss decreased (8.384824 --> 7.884517).  Saving model ...
2023-06-19 16:00:24,787 	Train Loss: 7.887192 | Train Acc: 76.852% | Acc0: 63.51% |  Acc1: 90.43% 
2023-06-19 16:00:46,731 	 Val. Loss: 7.477297 |  Val. Acc: 80.208% |  Val. Pre: 84.42% |  Val. Rec: 81.46% |  Val. Fsc: 82.91%
2023-06-19 16:00:46,731 	 Acc0: 62.50% |  Acc1: 100.00% |  Pre0: 100.00% |  Pre1: 68.84% |  Rec0: 62.92% | Rec1: 100.00% 
2023-06-19 16:00:46,731 Epoch: 06 | Epoch Time: 3m 0s
2023-06-19 16:00:46,731 Validation loss decreased (7.884517 --> 7.477297).  Saving model ...
2023-06-19 16:03:24,693 	Train Loss: 7.690257 | Train Acc: 78.241% | Acc0: 61.61% |  Acc1: 95.22% 
2023-06-19 16:03:46,353 	 Val. Loss: 6.897496 |  Val. Acc: 83.333% |  Val. Pre: 83.76% |  Val. Rec: 85.31% |  Val. Fsc: 84.53%
2023-06-19 16:03:46,353 	 Acc0: 71.88% |  Acc1: 96.43% |  Pre0: 93.75% |  Pre1: 73.77% |  Rec0: 73.75% | Rec1: 96.88% 
2023-06-19 16:03:46,353 Epoch: 07 | Epoch Time: 2m 59s
2023-06-19 16:03:46,353 Validation loss decreased (7.477297 --> 6.897496).  Saving model ...
2023-06-19 16:06:24,500 	Train Loss: 7.539490 | Train Acc: 77.083% | Acc0: 62.09% |  Acc1: 93.78% 
2023-06-19 16:06:46,111 	 Val. Loss: 7.312887 |  Val. Acc: 82.292% |  Val. Pre: 85.53% |  Val. Rec: 84.58% |  Val. Fsc: 85.05%
2023-06-19 16:06:46,111 	 Acc0: 65.62% |  Acc1: 100.00% |  Pre0: 100.00% |  Pre1: 71.06% |  Rec0: 69.17% | Rec1: 100.00% 
2023-06-19 16:06:46,111 Epoch: 08 | Epoch Time: 2m 59s
2023-06-19 16:06:46,111 EarlyStopping counter: 1 out of 20
2023-06-19 16:09:24,831 	Train Loss: 7.440425 | Train Acc: 78.009% | Acc0: 62.56% |  Acc1: 93.78% 
2023-06-19 16:09:46,684 	 Val. Loss: 6.711610 |  Val. Acc: 83.854% |  Val. Pre: 86.36% |  Val. Rec: 85.83% |  Val. Fsc: 86.10%
2023-06-19 16:09:46,684 	 Acc0: 68.75% |  Acc1: 100.00% |  Pre0: 100.00% |  Pre1: 72.73% |  Rec0: 71.67% | Rec1: 100.00% 
2023-06-19 16:09:46,684 Epoch: 09 | Epoch Time: 3m 0s
2023-06-19 16:09:46,684 Validation loss decreased (6.897496 --> 6.711610).  Saving model ...
2023-06-19 16:12:25,178 	Train Loss: 7.347505 | Train Acc: 78.935% | Acc0: 63.03% |  Acc1: 93.78% 
2023-06-19 16:12:46,678 	 Val. Loss: 6.898574 |  Val. Acc: 82.292% |  Val. Pre: 85.53% |  Val. Rec: 84.58% |  Val. Fsc: 85.05%
2023-06-19 16:12:46,678 	 Acc0: 65.62% |  Acc1: 100.00% |  Pre0: 100.00% |  Pre1: 71.06% |  Rec0: 69.17% | Rec1: 100.00% 
2023-06-19 16:12:46,690 Epoch: 10 | Epoch Time: 2m 59s
2023-06-19 16:12:46,690 EarlyStopping counter: 1 out of 20
2023-06-19 16:15:24,691 	Train Loss: 7.381503 | Train Acc: 77.083% | Acc0: 61.61% |  Acc1: 94.26% 
2023-06-19 16:15:46,221 	 Val. Loss: 7.250835 |  Val. Acc: 80.729% |  Val. Pre: 84.58% |  Val. Rec: 82.50% |  Val. Fsc: 83.53%
2023-06-19 16:15:46,221 	 Acc0: 62.50% |  Acc1: 100.00% |  Pre0: 100.00% |  Pre1: 69.17% |  Rec0: 65.00% | Rec1: 100.00% 
2023-06-19 16:15:46,221 Epoch: 11 | Epoch Time: 2m 59s
2023-06-19 16:15:46,221 EarlyStopping counter: 2 out of 20
2023-06-19 16:18:24,436 	Train Loss: 7.394326 | Train Acc: 78.472% | Acc0: 60.66% |  Acc1: 95.22% 
2023-06-19 16:18:46,104 	 Val. Loss: 6.484393 |  Val. Acc: 83.854% |  Val. Pre: 86.36% |  Val. Rec: 85.83% |  Val. Fsc: 86.10%
2023-06-19 16:18:46,104 	 Acc0: 68.75% |  Acc1: 100.00% |  Pre0: 100.00% |  Pre1: 72.73% |  Rec0: 71.67% | Rec1: 100.00% 
2023-06-19 16:18:46,104 Epoch: 12 | Epoch Time: 2m 59s
2023-06-19 16:18:46,104 Validation loss decreased (6.711610 --> 6.484393).  Saving model ...
2023-06-19 16:21:24,795 	Train Loss: 7.237536 | Train Acc: 78.704% | Acc0: 62.09% |  Acc1: 95.69% 
2023-06-19 16:21:46,241 	 Val. Loss: 6.416924 |  Val. Acc: 83.854% |  Val. Pre: 86.36% |  Val. Rec: 85.83% |  Val. Fsc: 86.10%
2023-06-19 16:21:46,241 	 Acc0: 68.75% |  Acc1: 100.00% |  Pre0: 100.00% |  Pre1: 72.73% |  Rec0: 71.67% | Rec1: 100.00% 
2023-06-19 16:21:46,241 Epoch: 13 | Epoch Time: 3m 0s
2023-06-19 16:21:46,241 Validation loss decreased (6.484393 --> 6.416924).  Saving model ...
2023-06-19 16:24:24,015 	Train Loss: 7.164381 | Train Acc: 77.778% | Acc0: 62.09% |  Acc1: 95.22% 
2023-06-19 16:24:45,657 	 Val. Loss: 6.237889 |  Val. Acc: 83.333% |  Val. Pre: 83.76% |  Val. Rec: 85.31% |  Val. Fsc: 84.53%
2023-06-19 16:24:45,657 	 Acc0: 71.88% |  Acc1: 96.43% |  Pre0: 93.75% |  Pre1: 73.77% |  Rec0: 73.75% | Rec1: 96.88% 
2023-06-19 16:24:45,657 Epoch: 14 | Epoch Time: 2m 59s
2023-06-19 16:24:45,657 Validation loss decreased (6.416924 --> 6.237889).  Saving model ...
2023-06-19 16:27:23,813 	Train Loss: 7.223273 | Train Acc: 78.009% | Acc0: 63.51% |  Acc1: 92.82% 
2023-06-19 16:27:45,394 	 Val. Loss: 6.735206 |  Val. Acc: 82.292% |  Val. Pre: 85.53% |  Val. Rec: 84.58% |  Val. Fsc: 85.05%
2023-06-19 16:27:45,394 	 Acc0: 65.62% |  Acc1: 100.00% |  Pre0: 100.00% |  Pre1: 71.06% |  Rec0: 69.17% | Rec1: 100.00% 
2023-06-19 16:27:45,406 Epoch: 15 | Epoch Time: 2m 59s
2023-06-19 16:27:45,406 EarlyStopping counter: 1 out of 20
2023-06-19 16:30:23,854 	Train Loss: 7.313823 | Train Acc: 78.704% | Acc0: 60.66% |  Acc1: 97.13% 
2023-06-19 16:30:45,553 	 Val. Loss: 6.283015 |  Val. Acc: 83.854% |  Val. Pre: 86.36% |  Val. Rec: 85.83% |  Val. Fsc: 86.10%
2023-06-19 16:30:45,553 	 Acc0: 68.75% |  Acc1: 100.00% |  Pre0: 100.00% |  Pre1: 72.73% |  Rec0: 71.67% | Rec1: 100.00% 
2023-06-19 16:30:45,553 Epoch: 16 | Epoch Time: 3m 0s
2023-06-19 16:30:45,554 EarlyStopping counter: 2 out of 20
2023-06-19 16:33:24,641 	Train Loss: 7.127083 | Train Acc: 78.935% | Acc0: 62.09% |  Acc1: 96.17% 
2023-06-19 16:33:46,413 	 Val. Loss: 6.141394 |  Val. Acc: 83.854% |  Val. Pre: 86.36% |  Val. Rec: 85.83% |  Val. Fsc: 86.10%
2023-06-19 16:33:46,414 	 Acc0: 68.75% |  Acc1: 100.00% |  Pre0: 100.00% |  Pre1: 72.73% |  Rec0: 71.67% | Rec1: 100.00% 
2023-06-19 16:33:46,414 Epoch: 17 | Epoch Time: 3m 0s
2023-06-19 16:33:46,414 Validation loss decreased (6.237889 --> 6.141394).  Saving model ...
2023-06-19 16:36:26,845 	Train Loss: 7.040059 | Train Acc: 78.472% | Acc0: 62.09% |  Acc1: 95.22% 
2023-06-19 16:36:48,488 	 Val. Loss: 6.146928 |  Val. Acc: 83.854% |  Val. Pre: 86.36% |  Val. Rec: 85.83% |  Val. Fsc: 86.10%
2023-06-19 16:36:48,488 	 Acc0: 68.75% |  Acc1: 100.00% |  Pre0: 100.00% |  Pre1: 72.73% |  Rec0: 71.67% | Rec1: 100.00% 
2023-06-19 16:36:48,488 Epoch: 18 | Epoch Time: 3m 2s
2023-06-19 16:36:48,488 EarlyStopping counter: 1 out of 20
2023-06-19 16:39:27,651 	Train Loss: 7.061321 | Train Acc: 78.935% | Acc0: 62.09% |  Acc1: 96.17% 
2023-06-19 16:39:49,279 	 Val. Loss: 6.205752 |  Val. Acc: 83.854% |  Val. Pre: 86.36% |  Val. Rec: 85.83% |  Val. Fsc: 86.10%
2023-06-19 16:39:49,279 	 Acc0: 68.75% |  Acc1: 100.00% |  Pre0: 100.00% |  Pre1: 72.73% |  Rec0: 71.67% | Rec1: 100.00% 
2023-06-19 16:39:49,279 Epoch: 19 | Epoch Time: 3m 0s
2023-06-19 16:39:49,279 EarlyStopping counter: 2 out of 20
2023-06-19 16:43:10,065 	Train Loss: 7.028779 | Train Acc: 75.463% | Acc0: 63.51% |  Acc1: 90.43% 
2023-06-19 16:43:31,649 	 Val. Loss: 6.829982 |  Val. Acc: 80.729% |  Val. Pre: 84.58% |  Val. Rec: 82.50% |  Val. Fsc: 83.53%
2023-06-19 16:43:31,649 	 Acc0: 62.50% |  Acc1: 100.00% |  Pre0: 100.00% |  Pre1: 69.17% |  Rec0: 65.00% | Rec1: 100.00% 
2023-06-19 16:43:31,661 Epoch: 20 | Epoch Time: 3m 42s
2023-06-19 16:43:31,661 EarlyStopping counter: 3 out of 20
2023-06-19 16:46:09,978 	Train Loss: 7.277617 | Train Acc: 78.241% | Acc0: 61.61% |  Acc1: 95.22% 
2023-06-19 16:46:31,622 	 Val. Loss: 6.110491 |  Val. Acc: 83.854% |  Val. Pre: 86.36% |  Val. Rec: 85.83% |  Val. Fsc: 86.10%
2023-06-19 16:46:31,622 	 Acc0: 68.75% |  Acc1: 100.00% |  Pre0: 100.00% |  Pre1: 72.73% |  Rec0: 71.67% | Rec1: 100.00% 
2023-06-19 16:46:31,622 Epoch: 21 | Epoch Time: 2m 59s
2023-06-19 16:46:31,622 Validation loss decreased (6.141394 --> 6.110491).  Saving model ...
2023-06-19 16:49:12,199 	Train Loss: 7.024537 | Train Acc: 79.167% | Acc0: 61.61% |  Acc1: 95.69% 
2023-06-19 16:49:33,765 	 Val. Loss: 6.064512 |  Val. Acc: 83.854% |  Val. Pre: 86.36% |  Val. Rec: 85.83% |  Val. Fsc: 86.10%
2023-06-19 16:49:33,765 	 Acc0: 68.75% |  Acc1: 100.00% |  Pre0: 100.00% |  Pre1: 72.73% |  Rec0: 71.67% | Rec1: 100.00% 
2023-06-19 16:49:33,765 Epoch: 22 | Epoch Time: 3m 2s
2023-06-19 16:49:33,765 Validation loss decreased (6.110491 --> 6.064512).  Saving model ...
2023-06-19 16:52:12,259 	Train Loss: 6.939263 | Train Acc: 79.398% | Acc0: 61.14% |  Acc1: 96.65% 
2023-06-19 16:52:33,846 	 Val. Loss: 5.896458 |  Val. Acc: 83.854% |  Val. Pre: 86.36% |  Val. Rec: 85.83% |  Val. Fsc: 86.10%
2023-06-19 16:52:33,846 	 Acc0: 68.75% |  Acc1: 100.00% |  Pre0: 100.00% |  Pre1: 72.73% |  Rec0: 71.67% | Rec1: 100.00% 
2023-06-19 16:52:33,847 Epoch: 23 | Epoch Time: 3m 0s
2023-06-19 16:52:33,847 Validation loss decreased (6.064512 --> 5.896458).  Saving model ...
2023-06-19 16:55:12,713 	Train Loss: 6.949517 | Train Acc: 78.704% | Acc0: 62.56% |  Acc1: 95.22% 
2023-06-19 16:55:34,490 	 Val. Loss: 5.888637 |  Val. Acc: 83.854% |  Val. Pre: 86.36% |  Val. Rec: 85.83% |  Val. Fsc: 86.10%
2023-06-19 16:55:34,490 	 Acc0: 68.75% |  Acc1: 100.00% |  Pre0: 100.00% |  Pre1: 72.73% |  Rec0: 71.67% | Rec1: 100.00% 
2023-06-19 16:55:34,490 Epoch: 24 | Epoch Time: 3m 0s
2023-06-19 16:55:34,490 Validation loss decreased (5.896458 --> 5.888637).  Saving model ...
2023-06-19 16:58:14,015 	Train Loss: 6.869619 | Train Acc: 78.935% | Acc0: 61.61% |  Acc1: 96.65% 
2023-06-19 16:58:35,588 	 Val. Loss: 5.817402 |  Val. Acc: 83.854% |  Val. Pre: 86.36% |  Val. Rec: 85.83% |  Val. Fsc: 86.10%
2023-06-19 16:58:35,588 	 Acc0: 68.75% |  Acc1: 100.00% |  Pre0: 100.00% |  Pre1: 72.73% |  Rec0: 71.67% | Rec1: 100.00% 
2023-06-19 16:58:35,601 Epoch: 25 | Epoch Time: 3m 1s
2023-06-19 16:58:35,601 Validation loss decreased (5.888637 --> 5.817402).  Saving model ...
2023-06-19 17:01:14,135 	Train Loss: 6.828099 | Train Acc: 79.167% | Acc0: 61.61% |  Acc1: 95.69% 
2023-06-19 17:01:35,810 	 Val. Loss: 5.798116 |  Val. Acc: 83.854% |  Val. Pre: 86.36% |  Val. Rec: 85.83% |  Val. Fsc: 86.10%
2023-06-19 17:01:35,810 	 Acc0: 68.75% |  Acc1: 100.00% |  Pre0: 100.00% |  Pre1: 72.73% |  Rec0: 71.67% | Rec1: 100.00% 
2023-06-19 17:01:35,810 Epoch: 26 | Epoch Time: 3m 0s
2023-06-19 17:01:35,810 Validation loss decreased (5.817402 --> 5.798116).  Saving model ...
2023-06-19 17:04:15,032 	Train Loss: 6.823398 | Train Acc: 77.315% | Acc0: 60.66% |  Acc1: 97.13% 
2023-06-19 17:04:36,700 	 Val. Loss: 5.644459 |  Val. Acc: 83.854% |  Val. Pre: 86.36% |  Val. Rec: 85.83% |  Val. Fsc: 86.10%
2023-06-19 17:04:36,700 	 Acc0: 68.75% |  Acc1: 100.00% |  Pre0: 100.00% |  Pre1: 72.73% |  Rec0: 71.67% | Rec1: 100.00% 
2023-06-19 17:04:36,700 Epoch: 27 | Epoch Time: 3m 0s
2023-06-19 17:04:36,700 Validation loss decreased (5.798116 --> 5.644459).  Saving model ...
2023-06-19 17:07:15,257 	Train Loss: 6.770618 | Train Acc: 78.935% | Acc0: 62.09% |  Acc1: 96.17% 
2023-06-19 17:07:36,727 	 Val. Loss: 6.197184 |  Val. Acc: 83.854% |  Val. Pre: 86.36% |  Val. Rec: 85.83% |  Val. Fsc: 86.10%
2023-06-19 17:07:36,727 	 Acc0: 68.75% |  Acc1: 100.00% |  Pre0: 100.00% |  Pre1: 72.73% |  Rec0: 71.67% | Rec1: 100.00% 
2023-06-19 17:07:36,727 Epoch: 28 | Epoch Time: 3m 0s
2023-06-19 17:07:36,727 EarlyStopping counter: 1 out of 20
2023-06-19 17:10:14,423 	Train Loss: 6.963536 | Train Acc: 78.241% | Acc0: 59.72% |  Acc1: 97.13% 
2023-06-19 17:10:35,895 	 Val. Loss: 6.025627 |  Val. Acc: 83.854% |  Val. Pre: 86.36% |  Val. Rec: 85.83% |  Val. Fsc: 86.10%
2023-06-19 17:10:35,895 	 Acc0: 68.75% |  Acc1: 100.00% |  Pre0: 100.00% |  Pre1: 72.73% |  Rec0: 71.67% | Rec1: 100.00% 
2023-06-19 17:10:35,895 Epoch: 29 | Epoch Time: 2m 59s
2023-06-19 17:10:35,895 EarlyStopping counter: 2 out of 20
2023-06-19 17:13:14,096 	Train Loss: 6.955941 | Train Acc: 79.167% | Acc0: 61.61% |  Acc1: 95.69% 
2023-06-19 17:13:35,626 	 Val. Loss: 6.090563 |  Val. Acc: 83.854% |  Val. Pre: 86.36% |  Val. Rec: 85.83% |  Val. Fsc: 86.10%
2023-06-19 17:13:35,626 	 Acc0: 68.75% |  Acc1: 100.00% |  Pre0: 100.00% |  Pre1: 72.73% |  Rec0: 71.67% | Rec1: 100.00% 
2023-06-19 17:13:35,638 Epoch: 30 | Epoch Time: 2m 59s
2023-06-19 17:13:35,638 EarlyStopping counter: 3 out of 20
2023-06-19 17:16:14,663 	Train Loss: 6.817305 | Train Acc: 79.630% | Acc0: 61.61% |  Acc1: 96.65% 
2023-06-19 17:16:36,208 	 Val. Loss: 5.683762 |  Val. Acc: 83.854% |  Val. Pre: 86.36% |  Val. Rec: 85.83% |  Val. Fsc: 86.10%
2023-06-19 17:16:36,209 	 Acc0: 68.75% |  Acc1: 100.00% |  Pre0: 100.00% |  Pre1: 72.73% |  Rec0: 71.67% | Rec1: 100.00% 
2023-06-19 17:16:36,209 Epoch: 31 | Epoch Time: 3m 0s
2023-06-19 17:16:36,209 EarlyStopping counter: 4 out of 20
2023-06-19 17:19:14,487 	Train Loss: 6.764718 | Train Acc: 79.630% | Acc0: 61.61% |  Acc1: 96.65% 
2023-06-19 17:19:36,023 	 Val. Loss: 5.530280 |  Val. Acc: 83.854% |  Val. Pre: 86.36% |  Val. Rec: 85.83% |  Val. Fsc: 86.10%
2023-06-19 17:19:36,024 	 Acc0: 68.75% |  Acc1: 100.00% |  Pre0: 100.00% |  Pre1: 72.73% |  Rec0: 71.67% | Rec1: 100.00% 
2023-06-19 17:19:36,024 Epoch: 32 | Epoch Time: 2m 59s
2023-06-19 17:19:36,024 Validation loss decreased (5.644459 --> 5.530280).  Saving model ...
2023-06-19 17:22:13,744 	Train Loss: 6.766705 | Train Acc: 78.241% | Acc0: 61.61% |  Acc1: 95.22% 
2023-06-19 17:22:35,184 	 Val. Loss: 5.572048 |  Val. Acc: 83.854% |  Val. Pre: 86.36% |  Val. Rec: 85.83% |  Val. Fsc: 86.10%
2023-06-19 17:22:35,184 	 Acc0: 68.75% |  Acc1: 100.00% |  Pre0: 100.00% |  Pre1: 72.73% |  Rec0: 71.67% | Rec1: 100.00% 
2023-06-19 17:22:35,184 Epoch: 33 | Epoch Time: 2m 59s
2023-06-19 17:22:35,184 EarlyStopping counter: 1 out of 20
2023-06-19 17:25:12,453 	Train Loss: 6.825801 | Train Acc: 78.704% | Acc0: 62.09% |  Acc1: 95.69% 
2023-06-19 17:25:33,919 	 Val. Loss: 5.519121 |  Val. Acc: 83.854% |  Val. Pre: 86.36% |  Val. Rec: 85.83% |  Val. Fsc: 86.10%
2023-06-19 17:25:33,919 	 Acc0: 68.75% |  Acc1: 100.00% |  Pre0: 100.00% |  Pre1: 72.73% |  Rec0: 71.67% | Rec1: 100.00% 
2023-06-19 17:25:33,919 Epoch: 34 | Epoch Time: 2m 58s
2023-06-19 17:25:33,919 Validation loss decreased (5.530280 --> 5.519121).  Saving model ...
2023-06-19 17:28:12,058 	Train Loss: 6.635193 | Train Acc: 79.630% | Acc0: 63.03% |  Acc1: 95.22% 
2023-06-19 17:28:33,652 	 Val. Loss: 6.087512 |  Val. Acc: 83.854% |  Val. Pre: 86.36% |  Val. Rec: 85.83% |  Val. Fsc: 86.10%
2023-06-19 17:28:33,652 	 Acc0: 68.75% |  Acc1: 100.00% |  Pre0: 100.00% |  Pre1: 72.73% |  Rec0: 71.67% | Rec1: 100.00% 
2023-06-19 17:28:33,665 Epoch: 35 | Epoch Time: 2m 59s
2023-06-19 17:28:33,665 EarlyStopping counter: 1 out of 20
2023-06-19 17:31:11,017 	Train Loss: 6.749740 | Train Acc: 79.630% | Acc0: 62.09% |  Acc1: 96.17% 
2023-06-19 17:31:32,421 	 Val. Loss: 5.618747 |  Val. Acc: 83.854% |  Val. Pre: 86.36% |  Val. Rec: 85.83% |  Val. Fsc: 86.10%
2023-06-19 17:31:32,421 	 Acc0: 68.75% |  Acc1: 100.00% |  Pre0: 100.00% |  Pre1: 72.73% |  Rec0: 71.67% | Rec1: 100.00% 
2023-06-19 17:31:32,421 Epoch: 36 | Epoch Time: 2m 58s
2023-06-19 17:31:32,421 EarlyStopping counter: 2 out of 20
2023-06-19 17:34:09,757 	Train Loss: 6.685792 | Train Acc: 79.630% | Acc0: 61.14% |  Acc1: 97.13% 
2023-06-19 17:34:31,161 	 Val. Loss: 5.568110 |  Val. Acc: 83.854% |  Val. Pre: 86.36% |  Val. Rec: 85.83% |  Val. Fsc: 86.10%
2023-06-19 17:34:31,161 	 Acc0: 68.75% |  Acc1: 100.00% |  Pre0: 100.00% |  Pre1: 72.73% |  Rec0: 71.67% | Rec1: 100.00% 
2023-06-19 17:34:31,161 Epoch: 37 | Epoch Time: 2m 58s
2023-06-19 17:34:31,161 EarlyStopping counter: 3 out of 20
2023-06-19 17:37:08,313 	Train Loss: 6.673074 | Train Acc: 79.167% | Acc0: 61.61% |  Acc1: 97.13% 
2023-06-19 17:37:29,835 	 Val. Loss: 5.483160 |  Val. Acc: 83.854% |  Val. Pre: 86.36% |  Val. Rec: 85.83% |  Val. Fsc: 86.10%
2023-06-19 17:37:29,836 	 Acc0: 68.75% |  Acc1: 100.00% |  Pre0: 100.00% |  Pre1: 72.73% |  Rec0: 71.67% | Rec1: 100.00% 
2023-06-19 17:37:29,836 Epoch: 38 | Epoch Time: 2m 58s
2023-06-19 17:37:29,836 Validation loss decreased (5.519121 --> 5.483160).  Saving model ...
2023-06-19 17:40:09,017 	Train Loss: 6.654941 | Train Acc: 79.398% | Acc0: 62.09% |  Acc1: 97.13% 
2023-06-19 17:40:30,434 	 Val. Loss: 5.493231 |  Val. Acc: 83.854% |  Val. Pre: 86.36% |  Val. Rec: 85.83% |  Val. Fsc: 86.10%
2023-06-19 17:40:30,434 	 Acc0: 68.75% |  Acc1: 100.00% |  Pre0: 100.00% |  Pre1: 72.73% |  Rec0: 71.67% | Rec1: 100.00% 
2023-06-19 17:40:30,434 Epoch: 39 | Epoch Time: 3m 0s
2023-06-19 17:40:30,434 EarlyStopping counter: 1 out of 20
2023-06-19 17:43:07,681 	Train Loss: 6.608400 | Train Acc: 78.935% | Acc0: 61.14% |  Acc1: 97.13% 
2023-06-19 17:43:29,065 	 Val. Loss: 5.377572 |  Val. Acc: 85.417% |  Val. Pre: 87.06% |  Val. Rec: 86.88% |  Val. Fsc: 86.97%
2023-06-19 17:43:29,065 	 Acc0: 71.88% |  Acc1: 100.00% |  Pre0: 100.00% |  Pre1: 74.12% |  Rec0: 73.75% | Rec1: 100.00% 
2023-06-19 17:43:29,077 Epoch: 40 | Epoch Time: 2m 58s
2023-06-19 17:43:29,077 Validation loss decreased (5.483160 --> 5.377572).  Saving model ...
2023-06-19 17:46:06,149 	Train Loss: 6.699767 | Train Acc: 79.398% | Acc0: 63.03% |  Acc1: 97.61% 
2023-06-19 17:46:27,527 	 Val. Loss: 5.418016 |  Val. Acc: 83.854% |  Val. Pre: 86.36% |  Val. Rec: 85.83% |  Val. Fsc: 86.10%
2023-06-19 17:46:27,527 	 Acc0: 68.75% |  Acc1: 100.00% |  Pre0: 100.00% |  Pre1: 72.73% |  Rec0: 71.67% | Rec1: 100.00% 
2023-06-19 17:46:27,527 Epoch: 41 | Epoch Time: 2m 58s
2023-06-19 17:46:27,527 EarlyStopping counter: 1 out of 20
2023-06-19 17:49:04,604 	Train Loss: 6.842672 | Train Acc: 78.009% | Acc0: 61.14% |  Acc1: 96.65% 
2023-06-19 17:49:25,948 	 Val. Loss: 5.438236 |  Val. Acc: 83.854% |  Val. Pre: 86.36% |  Val. Rec: 85.83% |  Val. Fsc: 86.10%
2023-06-19 17:49:25,948 	 Acc0: 68.75% |  Acc1: 100.00% |  Pre0: 100.00% |  Pre1: 72.73% |  Rec0: 71.67% | Rec1: 100.00% 
2023-06-19 17:49:25,948 Epoch: 42 | Epoch Time: 2m 58s
2023-06-19 17:49:25,948 EarlyStopping counter: 2 out of 20
2023-06-19 17:52:03,177 	Train Loss: 6.643991 | Train Acc: 79.167% | Acc0: 61.61% |  Acc1: 97.13% 
2023-06-19 17:52:24,673 	 Val. Loss: 5.419141 |  Val. Acc: 85.417% |  Val. Pre: 87.06% |  Val. Rec: 86.88% |  Val. Fsc: 86.97%
2023-06-19 17:52:24,674 	 Acc0: 71.88% |  Acc1: 100.00% |  Pre0: 100.00% |  Pre1: 74.12% |  Rec0: 73.75% | Rec1: 100.00% 
2023-06-19 17:52:24,674 Epoch: 43 | Epoch Time: 2m 58s
2023-06-19 17:52:24,674 EarlyStopping counter: 3 out of 20
2023-06-19 17:55:01,298 	Train Loss: 6.642817 | Train Acc: 78.241% | Acc0: 62.56% |  Acc1: 95.69% 
2023-06-19 17:55:22,736 	 Val. Loss: 5.603890 |  Val. Acc: 83.854% |  Val. Pre: 86.36% |  Val. Rec: 85.83% |  Val. Fsc: 86.10%
2023-06-19 17:55:22,736 	 Acc0: 68.75% |  Acc1: 100.00% |  Pre0: 100.00% |  Pre1: 72.73% |  Rec0: 71.67% | Rec1: 100.00% 
2023-06-19 17:55:22,736 Epoch: 44 | Epoch Time: 2m 58s
2023-06-19 17:55:22,736 EarlyStopping counter: 4 out of 20
2023-06-19 17:57:59,605 	Train Loss: 6.647653 | Train Acc: 79.167% | Acc0: 61.14% |  Acc1: 97.61% 
2023-06-19 17:58:21,497 	 Val. Loss: 5.346437 |  Val. Acc: 83.854% |  Val. Pre: 86.36% |  Val. Rec: 85.83% |  Val. Fsc: 86.10%
2023-06-19 17:58:21,497 	 Acc0: 68.75% |  Acc1: 100.00% |  Pre0: 100.00% |  Pre1: 72.73% |  Rec0: 71.67% | Rec1: 100.00% 
2023-06-19 17:58:21,510 Epoch: 45 | Epoch Time: 2m 58s
2023-06-19 17:58:21,510 Validation loss decreased (5.377572 --> 5.346437).  Saving model ...
2023-06-19 18:00:58,595 	Train Loss: 6.535136 | Train Acc: 78.009% | Acc0: 62.09% |  Acc1: 97.13% 
2023-06-19 18:01:19,950 	 Val. Loss: 5.417915 |  Val. Acc: 83.854% |  Val. Pre: 86.36% |  Val. Rec: 85.83% |  Val. Fsc: 86.10%
2023-06-19 18:01:19,950 	 Acc0: 68.75% |  Acc1: 100.00% |  Pre0: 100.00% |  Pre1: 72.73% |  Rec0: 71.67% | Rec1: 100.00% 
2023-06-19 18:01:19,950 Epoch: 46 | Epoch Time: 2m 58s
2023-06-19 18:01:19,950 EarlyStopping counter: 1 out of 20
2023-06-19 18:03:57,201 	Train Loss: 6.520014 | Train Acc: 80.093% | Acc0: 62.09% |  Acc1: 97.13% 
2023-06-19 18:04:18,749 	 Val. Loss: 5.211665 |  Val. Acc: 85.417% |  Val. Pre: 87.06% |  Val. Rec: 86.88% |  Val. Fsc: 86.97%
2023-06-19 18:04:18,749 	 Acc0: 71.88% |  Acc1: 100.00% |  Pre0: 100.00% |  Pre1: 74.12% |  Rec0: 73.75% | Rec1: 100.00% 
2023-06-19 18:04:18,749 Epoch: 47 | Epoch Time: 2m 58s
2023-06-19 18:04:18,749 Validation loss decreased (5.346437 --> 5.211665).  Saving model ...
2023-06-19 18:06:55,541 	Train Loss: 6.550568 | Train Acc: 80.324% | Acc0: 63.51% |  Acc1: 96.17% 
2023-06-19 18:07:16,968 	 Val. Loss: 5.972137 |  Val. Acc: 83.854% |  Val. Pre: 86.36% |  Val. Rec: 85.83% |  Val. Fsc: 86.10%
2023-06-19 18:07:16,968 	 Acc0: 68.75% |  Acc1: 100.00% |  Pre0: 100.00% |  Pre1: 72.73% |  Rec0: 71.67% | Rec1: 100.00% 
2023-06-19 18:07:16,969 Epoch: 48 | Epoch Time: 2m 58s
2023-06-19 18:07:16,969 EarlyStopping counter: 1 out of 20
2023-06-19 18:09:54,016 	Train Loss: 6.734615 | Train Acc: 78.935% | Acc0: 61.61% |  Acc1: 96.65% 
2023-06-19 18:10:15,469 	 Val. Loss: 5.439579 |  Val. Acc: 83.854% |  Val. Pre: 86.36% |  Val. Rec: 85.83% |  Val. Fsc: 86.10%
2023-06-19 18:10:15,469 	 Acc0: 68.75% |  Acc1: 100.00% |  Pre0: 100.00% |  Pre1: 72.73% |  Rec0: 71.67% | Rec1: 100.00% 
2023-06-19 18:10:15,470 Epoch: 49 | Epoch Time: 2m 58s
2023-06-19 18:10:15,470 EarlyStopping counter: 2 out of 20
2023-06-19 18:12:53,157 	Train Loss: 6.497753 | Train Acc: 79.398% | Acc0: 61.61% |  Acc1: 96.17% 
2023-06-19 18:13:14,977 	 Val. Loss: 5.249719 |  Val. Acc: 85.417% |  Val. Pre: 87.06% |  Val. Rec: 86.88% |  Val. Fsc: 86.97%
2023-06-19 18:13:14,977 	 Acc0: 71.88% |  Acc1: 100.00% |  Pre0: 100.00% |  Pre1: 74.12% |  Rec0: 73.75% | Rec1: 100.00% 
2023-06-19 18:13:14,990 Epoch: 50 | Epoch Time: 2m 59s
2023-06-19 18:13:14,990 EarlyStopping counter: 3 out of 20
2023-06-19 18:15:53,310 	Train Loss: 6.480084 | Train Acc: 79.167% | Acc0: 61.61% |  Acc1: 97.13% 
2023-06-19 18:16:14,821 	 Val. Loss: 5.282541 |  Val. Acc: 83.854% |  Val. Pre: 86.36% |  Val. Rec: 85.83% |  Val. Fsc: 86.10%
2023-06-19 18:16:14,821 	 Acc0: 68.75% |  Acc1: 100.00% |  Pre0: 100.00% |  Pre1: 72.73% |  Rec0: 71.67% | Rec1: 100.00% 
2023-06-19 18:16:14,821 Epoch: 51 | Epoch Time: 2m 59s
2023-06-19 18:16:14,821 EarlyStopping counter: 4 out of 20
2023-06-19 18:18:51,592 	Train Loss: 6.474194 | Train Acc: 79.630% | Acc0: 62.56% |  Acc1: 97.13% 
2023-06-19 18:19:13,005 	 Val. Loss: 5.466574 |  Val. Acc: 83.854% |  Val. Pre: 86.36% |  Val. Rec: 85.83% |  Val. Fsc: 86.10%
2023-06-19 18:19:13,005 	 Acc0: 68.75% |  Acc1: 100.00% |  Pre0: 100.00% |  Pre1: 72.73% |  Rec0: 71.67% | Rec1: 100.00% 
2023-06-19 18:19:13,005 Epoch: 52 | Epoch Time: 2m 58s
2023-06-19 18:19:13,005 EarlyStopping counter: 5 out of 20
2023-06-19 18:21:51,288 	Train Loss: 6.537824 | Train Acc: 80.093% | Acc0: 64.45% |  Acc1: 94.74% 
2023-06-19 18:22:12,880 	 Val. Loss: 5.333832 |  Val. Acc: 83.854% |  Val. Pre: 86.36% |  Val. Rec: 85.83% |  Val. Fsc: 86.10%
2023-06-19 18:22:12,880 	 Acc0: 68.75% |  Acc1: 100.00% |  Pre0: 100.00% |  Pre1: 72.73% |  Rec0: 71.67% | Rec1: 100.00% 
2023-06-19 18:22:12,880 Epoch: 53 | Epoch Time: 2m 59s
2023-06-19 18:22:12,880 EarlyStopping counter: 6 out of 20
2023-06-19 18:24:49,602 	Train Loss: 6.601649 | Train Acc: 79.167% | Acc0: 62.09% |  Acc1: 96.65% 
2023-06-19 18:25:11,040 	 Val. Loss: 5.356456 |  Val. Acc: 83.854% |  Val. Pre: 86.36% |  Val. Rec: 85.83% |  Val. Fsc: 86.10%
2023-06-19 18:25:11,041 	 Acc0: 68.75% |  Acc1: 100.00% |  Pre0: 100.00% |  Pre1: 72.73% |  Rec0: 71.67% | Rec1: 100.00% 
2023-06-19 18:25:11,041 Epoch: 54 | Epoch Time: 2m 58s
2023-06-19 18:25:11,041 EarlyStopping counter: 7 out of 20
2023-06-19 18:27:47,800 	Train Loss: 6.544722 | Train Acc: 79.861% | Acc0: 62.09% |  Acc1: 96.65% 
2023-06-19 18:28:09,191 	 Val. Loss: 5.301172 |  Val. Acc: 83.854% |  Val. Pre: 86.36% |  Val. Rec: 85.83% |  Val. Fsc: 86.10%
2023-06-19 18:28:09,191 	 Acc0: 68.75% |  Acc1: 100.00% |  Pre0: 100.00% |  Pre1: 72.73% |  Rec0: 71.67% | Rec1: 100.00% 
2023-06-19 18:28:09,204 Epoch: 55 | Epoch Time: 2m 58s
2023-06-19 18:28:09,204 EarlyStopping counter: 8 out of 20
2023-06-19 18:30:46,761 	Train Loss: 6.507751 | Train Acc: 79.630% | Acc0: 61.61% |  Acc1: 98.09% 
2023-06-19 18:31:08,237 	 Val. Loss: 5.129330 |  Val. Acc: 85.417% |  Val. Pre: 87.06% |  Val. Rec: 86.88% |  Val. Fsc: 86.97%
2023-06-19 18:31:08,237 	 Acc0: 71.88% |  Acc1: 100.00% |  Pre0: 100.00% |  Pre1: 74.12% |  Rec0: 73.75% | Rec1: 100.00% 
2023-06-19 18:31:08,237 Epoch: 56 | Epoch Time: 2m 59s
2023-06-19 18:31:08,237 Validation loss decreased (5.211665 --> 5.129330).  Saving model ...
2023-06-19 18:33:46,373 	Train Loss: 6.459442 | Train Acc: 80.093% | Acc0: 61.61% |  Acc1: 97.61% 
2023-06-19 18:34:07,802 	 Val. Loss: 5.422361 |  Val. Acc: 83.854% |  Val. Pre: 86.36% |  Val. Rec: 85.83% |  Val. Fsc: 86.10%
2023-06-19 18:34:07,803 	 Acc0: 68.75% |  Acc1: 100.00% |  Pre0: 100.00% |  Pre1: 72.73% |  Rec0: 71.67% | Rec1: 100.00% 
2023-06-19 18:34:07,803 Epoch: 57 | Epoch Time: 2m 59s
2023-06-19 18:34:07,803 EarlyStopping counter: 1 out of 20
2023-06-19 18:36:45,178 	Train Loss: 6.418416 | Train Acc: 80.093% | Acc0: 62.56% |  Acc1: 98.09% 
2023-06-19 18:37:06,655 	 Val. Loss: 5.080065 |  Val. Acc: 83.854% |  Val. Pre: 86.36% |  Val. Rec: 85.83% |  Val. Fsc: 86.10%
2023-06-19 18:37:06,655 	 Acc0: 68.75% |  Acc1: 100.00% |  Pre0: 100.00% |  Pre1: 72.73% |  Rec0: 71.67% | Rec1: 100.00% 
2023-06-19 18:37:06,655 Epoch: 58 | Epoch Time: 2m 58s
2023-06-19 18:37:06,655 Validation loss decreased (5.129330 --> 5.080065).  Saving model ...
2023-06-19 18:39:45,288 	Train Loss: 6.620695 | Train Acc: 79.398% | Acc0: 60.66% |  Acc1: 98.56% 
2023-06-19 18:40:06,890 	 Val. Loss: 5.311628 |  Val. Acc: 85.417% |  Val. Pre: 87.06% |  Val. Rec: 86.88% |  Val. Fsc: 86.97%
2023-06-19 18:40:06,890 	 Acc0: 71.88% |  Acc1: 100.00% |  Pre0: 100.00% |  Pre1: 74.12% |  Rec0: 73.75% | Rec1: 100.00% 
2023-06-19 18:40:06,890 Epoch: 59 | Epoch Time: 3m 0s
2023-06-19 18:40:06,890 EarlyStopping counter: 1 out of 20
2023-06-19 18:42:44,255 	Train Loss: 6.628676 | Train Acc: 79.167% | Acc0: 61.61% |  Acc1: 97.13% 
2023-06-19 18:43:05,705 	 Val. Loss: 5.112202 |  Val. Acc: 85.417% |  Val. Pre: 87.06% |  Val. Rec: 86.88% |  Val. Fsc: 86.97%
2023-06-19 18:43:05,705 	 Acc0: 71.88% |  Acc1: 100.00% |  Pre0: 100.00% |  Pre1: 74.12% |  Rec0: 73.75% | Rec1: 100.00% 
2023-06-19 18:43:05,718 Epoch: 60 | Epoch Time: 2m 58s
2023-06-19 18:43:05,718 EarlyStopping counter: 2 out of 20
2023-06-19 18:45:42,713 	Train Loss: 6.490004 | Train Acc: 79.398% | Acc0: 62.56% |  Acc1: 96.65% 
2023-06-19 18:46:04,261 	 Val. Loss: 5.133648 |  Val. Acc: 85.417% |  Val. Pre: 87.06% |  Val. Rec: 86.88% |  Val. Fsc: 86.97%
2023-06-19 18:46:04,261 	 Acc0: 71.88% |  Acc1: 100.00% |  Pre0: 100.00% |  Pre1: 74.12% |  Rec0: 73.75% | Rec1: 100.00% 
2023-06-19 18:46:04,261 Epoch: 61 | Epoch Time: 2m 58s
2023-06-19 18:46:04,261 EarlyStopping counter: 3 out of 20
2023-06-19 18:48:42,071 	Train Loss: 6.371087 | Train Acc: 79.861% | Acc0: 63.03% |  Acc1: 97.13% 
2023-06-19 18:49:03,687 	 Val. Loss: 5.234821 |  Val. Acc: 83.854% |  Val. Pre: 86.36% |  Val. Rec: 85.83% |  Val. Fsc: 86.10%
2023-06-19 18:49:03,687 	 Acc0: 68.75% |  Acc1: 100.00% |  Pre0: 100.00% |  Pre1: 72.73% |  Rec0: 71.67% | Rec1: 100.00% 
2023-06-19 18:49:03,687 Epoch: 62 | Epoch Time: 2m 59s
2023-06-19 18:49:03,687 EarlyStopping counter: 4 out of 20
2023-06-19 18:51:41,327 	Train Loss: 6.384846 | Train Acc: 80.787% | Acc0: 63.51% |  Acc1: 98.56% 
2023-06-19 18:52:02,690 	 Val. Loss: 5.712707 |  Val. Acc: 83.854% |  Val. Pre: 86.36% |  Val. Rec: 85.83% |  Val. Fsc: 86.10%
2023-06-19 18:52:02,690 	 Acc0: 68.75% |  Acc1: 100.00% |  Pre0: 100.00% |  Pre1: 72.73% |  Rec0: 71.67% | Rec1: 100.00% 
2023-06-19 18:52:02,690 Epoch: 63 | Epoch Time: 2m 59s
2023-06-19 18:52:02,690 EarlyStopping counter: 5 out of 20
2023-06-19 18:54:39,488 	Train Loss: 6.517799 | Train Acc: 79.861% | Acc0: 61.61% |  Acc1: 97.13% 
2023-06-19 18:55:01,016 	 Val. Loss: 5.144949 |  Val. Acc: 83.854% |  Val. Pre: 86.36% |  Val. Rec: 85.83% |  Val. Fsc: 86.10%
2023-06-19 18:55:01,016 	 Acc0: 68.75% |  Acc1: 100.00% |  Pre0: 100.00% |  Pre1: 72.73% |  Rec0: 71.67% | Rec1: 100.00% 
2023-06-19 18:55:01,017 Epoch: 64 | Epoch Time: 2m 58s
2023-06-19 18:55:01,017 EarlyStopping counter: 6 out of 20
2023-06-19 18:57:37,938 	Train Loss: 6.344249 | Train Acc: 80.324% | Acc0: 61.14% |  Acc1: 98.56% 
2023-06-19 18:57:59,461 	 Val. Loss: 5.107915 |  Val. Acc: 83.854% |  Val. Pre: 86.36% |  Val. Rec: 85.83% |  Val. Fsc: 86.10%
2023-06-19 18:57:59,461 	 Acc0: 68.75% |  Acc1: 100.00% |  Pre0: 100.00% |  Pre1: 72.73% |  Rec0: 71.67% | Rec1: 100.00% 
2023-06-19 18:57:59,473 Epoch: 65 | Epoch Time: 2m 58s
2023-06-19 18:57:59,473 EarlyStopping counter: 7 out of 20
2023-06-19 19:00:36,397 	Train Loss: 6.457319 | Train Acc: 79.630% | Acc0: 60.66% |  Acc1: 97.61% 
2023-06-19 19:00:57,875 	 Val. Loss: 5.381900 |  Val. Acc: 83.854% |  Val. Pre: 86.36% |  Val. Rec: 85.83% |  Val. Fsc: 86.10%
2023-06-19 19:00:57,875 	 Acc0: 68.75% |  Acc1: 100.00% |  Pre0: 100.00% |  Pre1: 72.73% |  Rec0: 71.67% | Rec1: 100.00% 
2023-06-19 19:00:57,875 Epoch: 66 | Epoch Time: 2m 58s
2023-06-19 19:00:57,875 EarlyStopping counter: 8 out of 20
2023-06-19 19:03:34,883 	Train Loss: 6.501611 | Train Acc: 81.019% | Acc0: 63.03% |  Acc1: 98.09% 
2023-06-19 19:03:56,358 	 Val. Loss: 5.510189 |  Val. Acc: 83.854% |  Val. Pre: 86.36% |  Val. Rec: 85.83% |  Val. Fsc: 86.10%
2023-06-19 19:03:56,358 	 Acc0: 68.75% |  Acc1: 100.00% |  Pre0: 100.00% |  Pre1: 72.73% |  Rec0: 71.67% | Rec1: 100.00% 
2023-06-19 19:03:56,358 Epoch: 67 | Epoch Time: 2m 58s
2023-06-19 19:03:56,358 EarlyStopping counter: 9 out of 20
2023-06-19 19:06:32,753 	Train Loss: 6.432057 | Train Acc: 77.778% | Acc0: 63.98% |  Acc1: 93.30% 
2023-06-19 19:06:54,214 	 Val. Loss: 5.118572 |  Val. Acc: 85.417% |  Val. Pre: 87.06% |  Val. Rec: 86.88% |  Val. Fsc: 86.97%
2023-06-19 19:06:54,215 	 Acc0: 71.88% |  Acc1: 100.00% |  Pre0: 100.00% |  Pre1: 74.12% |  Rec0: 73.75% | Rec1: 100.00% 
2023-06-19 19:06:54,215 Epoch: 68 | Epoch Time: 2m 57s
2023-06-19 19:06:54,215 EarlyStopping counter: 10 out of 20
2023-06-19 19:09:28,564 	Train Loss: 6.508644 | Train Acc: 79.630% | Acc0: 61.61% |  Acc1: 98.09% 
2023-06-19 19:09:49,210 	 Val. Loss: 5.153485 |  Val. Acc: 85.417% |  Val. Pre: 87.06% |  Val. Rec: 86.88% |  Val. Fsc: 86.97%
2023-06-19 19:09:49,210 	 Acc0: 71.88% |  Acc1: 100.00% |  Pre0: 100.00% |  Pre1: 74.12% |  Rec0: 73.75% | Rec1: 100.00% 
2023-06-19 19:09:49,210 Epoch: 69 | Epoch Time: 2m 54s
2023-06-19 19:09:49,210 EarlyStopping counter: 11 out of 20
2023-06-19 19:12:19,828 	Train Loss: 6.329887 | Train Acc: 78.472% | Acc0: 62.09% |  Acc1: 96.65% 
2023-06-19 19:12:40,402 	 Val. Loss: 5.184934 |  Val. Acc: 83.854% |  Val. Pre: 86.36% |  Val. Rec: 85.83% |  Val. Fsc: 86.10%
2023-06-19 19:12:40,402 	 Acc0: 68.75% |  Acc1: 100.00% |  Pre0: 100.00% |  Pre1: 72.73% |  Rec0: 71.67% | Rec1: 100.00% 
2023-06-19 19:12:40,414 Epoch: 70 | Epoch Time: 2m 51s
2023-06-19 19:12:40,415 EarlyStopping counter: 12 out of 20
2023-06-19 19:15:11,406 	Train Loss: 6.291282 | Train Acc: 79.398% | Acc0: 62.56% |  Acc1: 98.09% 
2023-06-19 19:15:32,010 	 Val. Loss: 5.072596 |  Val. Acc: 85.417% |  Val. Pre: 87.06% |  Val. Rec: 86.88% |  Val. Fsc: 86.97%
2023-06-19 19:15:32,010 	 Acc0: 71.88% |  Acc1: 100.00% |  Pre0: 100.00% |  Pre1: 74.12% |  Rec0: 73.75% | Rec1: 100.00% 
2023-06-19 19:15:32,010 Epoch: 71 | Epoch Time: 2m 51s
2023-06-19 19:15:32,010 Validation loss decreased (5.080065 --> 5.072596).  Saving model ...
2023-06-19 19:18:03,233 	Train Loss: 6.224311 | Train Acc: 79.398% | Acc0: 62.56% |  Acc1: 98.09% 
2023-06-19 19:18:23,862 	 Val. Loss: 5.007479 |  Val. Acc: 86.979% |  Val. Pre: 88.19% |  Val. Rec: 88.96% |  Val. Fsc: 88.57%
2023-06-19 19:18:23,862 	 Acc0: 75.00% |  Acc1: 100.00% |  Pre0: 100.00% |  Pre1: 76.39% |  Rec0: 77.92% | Rec1: 100.00% 
2023-06-19 19:18:23,862 Epoch: 72 | Epoch Time: 2m 51s
2023-06-19 19:18:23,862 Validation loss decreased (5.072596 --> 5.007479).  Saving model ...
2023-06-19 19:20:57,246 	Train Loss: 6.194033 | Train Acc: 80.787% | Acc0: 63.03% |  Acc1: 97.61% 
2023-06-19 19:21:18,613 	 Val. Loss: 5.153025 |  Val. Acc: 83.854% |  Val. Pre: 86.36% |  Val. Rec: 85.83% |  Val. Fsc: 86.10%
2023-06-19 19:21:18,613 	 Acc0: 68.75% |  Acc1: 100.00% |  Pre0: 100.00% |  Pre1: 72.73% |  Rec0: 71.67% | Rec1: 100.00% 
2023-06-19 19:21:18,613 Epoch: 73 | Epoch Time: 2m 54s
2023-06-19 19:21:18,613 EarlyStopping counter: 1 out of 20
2023-06-19 19:23:54,097 	Train Loss: 6.257224 | Train Acc: 78.935% | Acc0: 61.61% |  Acc1: 98.09% 
2023-06-19 19:24:19,266 	 Val. Loss: 4.973353 |  Val. Acc: 85.417% |  Val. Pre: 87.06% |  Val. Rec: 86.88% |  Val. Fsc: 86.97%
2023-06-19 19:24:19,267 	 Acc0: 71.88% |  Acc1: 100.00% |  Pre0: 100.00% |  Pre1: 74.12% |  Rec0: 73.75% | Rec1: 100.00% 
2023-06-19 19:24:19,267 Epoch: 74 | Epoch Time: 3m 0s
2023-06-19 19:24:19,267 Validation loss decreased (5.007479 --> 4.973353).  Saving model ...
2023-06-19 19:27:39,640 	Train Loss: 6.260283 | Train Acc: 80.787% | Acc0: 62.09% |  Acc1: 98.56% 
2023-06-19 19:28:00,316 	 Val. Loss: 4.907309 |  Val. Acc: 85.417% |  Val. Pre: 87.06% |  Val. Rec: 86.88% |  Val. Fsc: 86.97%
2023-06-19 19:28:00,317 	 Acc0: 71.88% |  Acc1: 100.00% |  Pre0: 100.00% |  Pre1: 74.12% |  Rec0: 73.75% | Rec1: 100.00% 
2023-06-19 19:28:00,329 Epoch: 75 | Epoch Time: 3m 41s
2023-06-19 19:28:00,329 Validation loss decreased (4.973353 --> 4.907309).  Saving model ...
2023-06-19 19:30:32,004 	Train Loss: 6.200028 | Train Acc: 80.787% | Acc0: 62.09% |  Acc1: 98.56% 
2023-06-19 19:30:52,733 	 Val. Loss: 4.799868 |  Val. Acc: 85.417% |  Val. Pre: 87.06% |  Val. Rec: 86.88% |  Val. Fsc: 86.97%
2023-06-19 19:30:52,733 	 Acc0: 71.88% |  Acc1: 100.00% |  Pre0: 100.00% |  Pre1: 74.12% |  Rec0: 73.75% | Rec1: 100.00% 
2023-06-19 19:30:52,733 Epoch: 76 | Epoch Time: 2m 52s
2023-06-19 19:30:52,733 Validation loss decreased (4.907309 --> 4.799868).  Saving model ...
2023-06-19 19:33:24,320 	Train Loss: 6.156972 | Train Acc: 80.556% | Acc0: 63.03% |  Acc1: 98.56% 
2023-06-19 19:33:45,016 	 Val. Loss: 4.841915 |  Val. Acc: 84.896% |  Val. Pre: 84.90% |  Val. Rec: 87.40% |  Val. Fsc: 86.13%
2023-06-19 19:33:45,016 	 Acc0: 75.00% |  Acc1: 96.43% |  Pre0: 93.75% |  Pre1: 76.04% |  Rec0: 77.92% | Rec1: 96.88% 
2023-06-19 19:33:45,016 Epoch: 77 | Epoch Time: 2m 52s
2023-06-19 19:33:45,016 EarlyStopping counter: 1 out of 20
2023-06-19 19:36:16,847 	Train Loss: 6.351519 | Train Acc: 78.935% | Acc0: 61.61% |  Acc1: 96.65% 
2023-06-19 19:36:37,357 	 Val. Loss: 4.872609 |  Val. Acc: 86.979% |  Val. Pre: 87.08% |  Val. Rec: 90.52% |  Val. Fsc: 88.77%
2023-06-19 19:36:37,357 	 Acc0: 78.12% |  Acc1: 96.43% |  Pre0: 95.00% |  Pre1: 79.17% |  Rec0: 84.17% | Rec1: 96.88% 
2023-06-19 19:36:37,357 Epoch: 78 | Epoch Time: 2m 52s
2023-06-19 19:36:37,357 EarlyStopping counter: 2 out of 20
2023-06-19 19:39:24,346 	Train Loss: 6.186785 | Train Acc: 79.630% | Acc0: 63.98% |  Acc1: 98.56% 
2023-06-19 19:39:44,780 	 Val. Loss: 4.893855 |  Val. Acc: 85.417% |  Val. Pre: 87.06% |  Val. Rec: 86.88% |  Val. Fsc: 86.97%
2023-06-19 19:39:44,780 	 Acc0: 71.88% |  Acc1: 100.00% |  Pre0: 100.00% |  Pre1: 74.12% |  Rec0: 73.75% | Rec1: 100.00% 
2023-06-19 19:39:44,780 Epoch: 79 | Epoch Time: 3m 7s
2023-06-19 19:39:44,781 EarlyStopping counter: 3 out of 20
2023-06-19 19:42:15,646 	Train Loss: 6.730898 | Train Acc: 76.389% | Acc0: 63.51% |  Acc1: 90.91% 
2023-06-19 19:42:36,223 	 Val. Loss: 5.015442 |  Val. Acc: 85.417% |  Val. Pre: 87.06% |  Val. Rec: 86.88% |  Val. Fsc: 86.97%
2023-06-19 19:42:36,223 	 Acc0: 71.88% |  Acc1: 100.00% |  Pre0: 100.00% |  Pre1: 74.12% |  Rec0: 73.75% | Rec1: 100.00% 
2023-06-19 19:42:36,235 Epoch: 80 | Epoch Time: 2m 51s
2023-06-19 19:42:36,235 EarlyStopping counter: 4 out of 20
2023-06-19 19:45:07,138 	Train Loss: 6.169064 | Train Acc: 80.324% | Acc0: 62.09% |  Acc1: 99.04% 
2023-06-19 19:45:27,686 	 Val. Loss: 4.953692 |  Val. Acc: 86.979% |  Val. Pre: 88.19% |  Val. Rec: 88.96% |  Val. Fsc: 88.57%
2023-06-19 19:45:27,687 	 Acc0: 75.00% |  Acc1: 100.00% |  Pre0: 100.00% |  Pre1: 76.39% |  Rec0: 77.92% | Rec1: 100.00% 
2023-06-19 19:45:27,687 Epoch: 81 | Epoch Time: 2m 51s
2023-06-19 19:45:27,687 EarlyStopping counter: 5 out of 20
2023-06-19 19:47:59,985 	Train Loss: 6.319969 | Train Acc: 81.019% | Acc0: 63.51% |  Acc1: 97.61% 
2023-06-19 19:48:21,447 	 Val. Loss: 4.867225 |  Val. Acc: 85.417% |  Val. Pre: 87.06% |  Val. Rec: 86.88% |  Val. Fsc: 86.97%
2023-06-19 19:48:21,448 	 Acc0: 71.88% |  Acc1: 100.00% |  Pre0: 100.00% |  Pre1: 74.12% |  Rec0: 73.75% | Rec1: 100.00% 
2023-06-19 19:48:21,448 Epoch: 82 | Epoch Time: 2m 53s
2023-06-19 19:48:21,448 EarlyStopping counter: 6 out of 20
2023-06-19 19:50:58,733 	Train Loss: 6.128388 | Train Acc: 80.093% | Acc0: 63.03% |  Acc1: 97.61% 
2023-06-19 19:51:20,083 	 Val. Loss: 4.780646 |  Val. Acc: 86.979% |  Val. Pre: 88.19% |  Val. Rec: 88.96% |  Val. Fsc: 88.57%
2023-06-19 19:51:20,083 	 Acc0: 75.00% |  Acc1: 100.00% |  Pre0: 100.00% |  Pre1: 76.39% |  Rec0: 77.92% | Rec1: 100.00% 
2023-06-19 19:51:20,083 Epoch: 83 | Epoch Time: 2m 58s
2023-06-19 19:51:20,083 Validation loss decreased (4.799868 --> 4.780646).  Saving model ...
2023-06-19 19:53:58,608 	Train Loss: 6.146757 | Train Acc: 80.093% | Acc0: 63.98% |  Acc1: 98.09% 
2023-06-19 19:54:20,115 	 Val. Loss: 4.806704 |  Val. Acc: 85.417% |  Val. Pre: 87.06% |  Val. Rec: 86.88% |  Val. Fsc: 86.97%
2023-06-19 19:54:20,115 	 Acc0: 71.88% |  Acc1: 100.00% |  Pre0: 100.00% |  Pre1: 74.12% |  Rec0: 73.75% | Rec1: 100.00% 
2023-06-19 19:54:20,115 Epoch: 84 | Epoch Time: 3m 0s
2023-06-19 19:54:20,115 EarlyStopping counter: 1 out of 20
2023-06-19 19:56:58,210 	Train Loss: 6.246854 | Train Acc: 80.787% | Acc0: 64.45% |  Acc1: 97.61% 
2023-06-19 19:57:20,150 	 Val. Loss: 4.888318 |  Val. Acc: 85.417% |  Val. Pre: 87.06% |  Val. Rec: 86.88% |  Val. Fsc: 86.97%
2023-06-19 19:57:20,151 	 Acc0: 71.88% |  Acc1: 100.00% |  Pre0: 100.00% |  Pre1: 74.12% |  Rec0: 73.75% | Rec1: 100.00% 
2023-06-19 19:57:20,163 Epoch: 85 | Epoch Time: 3m 0s
2023-06-19 19:57:20,163 EarlyStopping counter: 2 out of 20
2023-06-19 19:59:57,745 	Train Loss: 6.071863 | Train Acc: 81.250% | Acc0: 63.98% |  Acc1: 97.61% 
2023-06-19 20:00:19,443 	 Val. Loss: 4.825096 |  Val. Acc: 85.417% |  Val. Pre: 87.06% |  Val. Rec: 86.88% |  Val. Fsc: 86.97%
2023-06-19 20:00:19,443 	 Acc0: 71.88% |  Acc1: 100.00% |  Pre0: 100.00% |  Pre1: 74.12% |  Rec0: 73.75% | Rec1: 100.00% 
2023-06-19 20:00:19,443 Epoch: 86 | Epoch Time: 2m 59s
2023-06-19 20:00:19,443 EarlyStopping counter: 3 out of 20
2023-06-19 20:02:57,132 	Train Loss: 5.984220 | Train Acc: 81.019% | Acc0: 63.03% |  Acc1: 98.09% 
2023-06-19 20:03:18,613 	 Val. Loss: 4.666030 |  Val. Acc: 86.979% |  Val. Pre: 88.19% |  Val. Rec: 88.96% |  Val. Fsc: 88.57%
2023-06-19 20:03:18,613 	 Acc0: 75.00% |  Acc1: 100.00% |  Pre0: 100.00% |  Pre1: 76.39% |  Rec0: 77.92% | Rec1: 100.00% 
2023-06-19 20:03:18,613 Epoch: 87 | Epoch Time: 2m 59s
2023-06-19 20:03:18,613 Validation loss decreased (4.780646 --> 4.666030).  Saving model ...
2023-06-19 20:05:55,642 	Train Loss: 5.997467 | Train Acc: 81.481% | Acc0: 63.98% |  Acc1: 99.52% 
2023-06-19 20:06:17,119 	 Val. Loss: 4.592008 |  Val. Acc: 86.979% |  Val. Pre: 88.19% |  Val. Rec: 88.96% |  Val. Fsc: 88.57%
2023-06-19 20:06:17,119 	 Acc0: 75.00% |  Acc1: 100.00% |  Pre0: 100.00% |  Pre1: 76.39% |  Rec0: 77.92% | Rec1: 100.00% 
2023-06-19 20:06:17,119 Epoch: 88 | Epoch Time: 2m 58s
2023-06-19 20:06:17,119 Validation loss decreased (4.666030 --> 4.592008).  Saving model ...
2023-06-19 20:08:54,314 	Train Loss: 6.080335 | Train Acc: 81.019% | Acc0: 63.98% |  Acc1: 98.56% 
2023-06-19 20:09:15,890 	 Val. Loss: 5.305337 |  Val. Acc: 83.854% |  Val. Pre: 86.36% |  Val. Rec: 85.83% |  Val. Fsc: 86.10%
2023-06-19 20:09:15,890 	 Acc0: 68.75% |  Acc1: 100.00% |  Pre0: 100.00% |  Pre1: 72.73% |  Rec0: 71.67% | Rec1: 100.00% 
2023-06-19 20:09:15,890 Epoch: 89 | Epoch Time: 2m 58s
2023-06-19 20:09:15,890 EarlyStopping counter: 1 out of 20
2023-06-19 20:11:53,428 	Train Loss: 6.306611 | Train Acc: 79.861% | Acc0: 63.51% |  Acc1: 95.22% 
2023-06-19 20:12:14,866 	 Val. Loss: 5.060013 |  Val. Acc: 83.854% |  Val. Pre: 86.36% |  Val. Rec: 85.83% |  Val. Fsc: 86.10%
2023-06-19 20:12:14,866 	 Acc0: 68.75% |  Acc1: 100.00% |  Pre0: 100.00% |  Pre1: 72.73% |  Rec0: 71.67% | Rec1: 100.00% 
2023-06-19 20:12:14,879 Epoch: 90 | Epoch Time: 2m 58s
2023-06-19 20:12:14,879 EarlyStopping counter: 2 out of 20
2023-06-19 20:14:52,159 	Train Loss: 6.146711 | Train Acc: 81.481% | Acc0: 63.51% |  Acc1: 98.56% 
2023-06-19 20:15:13,635 	 Val. Loss: 4.760584 |  Val. Acc: 85.417% |  Val. Pre: 87.06% |  Val. Rec: 86.88% |  Val. Fsc: 86.97%
2023-06-19 20:15:13,635 	 Acc0: 71.88% |  Acc1: 100.00% |  Pre0: 100.00% |  Pre1: 74.12% |  Rec0: 73.75% | Rec1: 100.00% 
2023-06-19 20:15:13,635 Epoch: 91 | Epoch Time: 2m 58s
2023-06-19 20:15:13,636 EarlyStopping counter: 3 out of 20
2023-06-19 20:17:51,270 	Train Loss: 6.140875 | Train Acc: 80.093% | Acc0: 63.98% |  Acc1: 98.09% 
2023-06-19 20:18:12,854 	 Val. Loss: 4.768089 |  Val. Acc: 85.417% |  Val. Pre: 87.06% |  Val. Rec: 86.88% |  Val. Fsc: 86.97%
2023-06-19 20:18:12,854 	 Acc0: 71.88% |  Acc1: 100.00% |  Pre0: 100.00% |  Pre1: 74.12% |  Rec0: 73.75% | Rec1: 100.00% 
2023-06-19 20:18:12,855 Epoch: 92 | Epoch Time: 2m 59s
2023-06-19 20:18:12,855 EarlyStopping counter: 4 out of 20
2023-06-19 20:20:50,354 	Train Loss: 6.115672 | Train Acc: 80.556% | Acc0: 62.09% |  Acc1: 98.09% 
2023-06-19 20:21:11,876 	 Val. Loss: 4.791215 |  Val. Acc: 85.417% |  Val. Pre: 87.06% |  Val. Rec: 86.88% |  Val. Fsc: 86.97%
2023-06-19 20:21:11,876 	 Acc0: 71.88% |  Acc1: 100.00% |  Pre0: 100.00% |  Pre1: 74.12% |  Rec0: 73.75% | Rec1: 100.00% 
2023-06-19 20:21:11,876 Epoch: 93 | Epoch Time: 2m 59s
2023-06-19 20:21:11,876 EarlyStopping counter: 5 out of 20
2023-06-19 20:23:49,523 	Train Loss: 5.988363 | Train Acc: 80.556% | Acc0: 63.03% |  Acc1: 98.56% 
2023-06-19 20:24:11,186 	 Val. Loss: 4.637209 |  Val. Acc: 85.417% |  Val. Pre: 87.06% |  Val. Rec: 86.88% |  Val. Fsc: 86.97%
2023-06-19 20:24:11,186 	 Acc0: 71.88% |  Acc1: 100.00% |  Pre0: 100.00% |  Pre1: 74.12% |  Rec0: 73.75% | Rec1: 100.00% 
2023-06-19 20:24:11,186 Epoch: 94 | Epoch Time: 2m 59s
2023-06-19 20:24:11,186 EarlyStopping counter: 6 out of 20
2023-06-19 20:26:49,531 	Train Loss: 6.217103 | Train Acc: 81.250% | Acc0: 62.56% |  Acc1: 99.04% 
2023-06-19 20:27:11,043 	 Val. Loss: 4.708267 |  Val. Acc: 90.625% |  Val. Pre: 90.48% |  Val. Rec: 93.12% |  Val. Fsc: 91.78%
2023-06-19 20:27:11,043 	 Acc0: 81.25% |  Acc1: 100.00% |  Pre0: 100.00% |  Pre1: 80.95% |  Rec0: 86.25% | Rec1: 100.00% 
2023-06-19 20:27:11,056 Epoch: 95 | Epoch Time: 2m 59s
2023-06-19 20:27:11,056 EarlyStopping counter: 7 out of 20
2023-06-19 20:30:40,058 	Train Loss: 6.064006 | Train Acc: 81.019% | Acc0: 64.93% |  Acc1: 96.17% 
2023-06-19 20:31:01,535 	 Val. Loss: 4.620586 |  Val. Acc: 86.979% |  Val. Pre: 88.19% |  Val. Rec: 88.96% |  Val. Fsc: 88.57%
2023-06-19 20:31:01,535 	 Acc0: 75.00% |  Acc1: 100.00% |  Pre0: 100.00% |  Pre1: 76.39% |  Rec0: 77.92% | Rec1: 100.00% 
2023-06-19 20:31:01,536 Epoch: 96 | Epoch Time: 3m 50s
2023-06-19 20:31:01,536 EarlyStopping counter: 8 out of 20
2023-06-19 20:33:39,868 	Train Loss: 6.072319 | Train Acc: 81.019% | Acc0: 62.56% |  Acc1: 98.56% 
2023-06-19 20:34:01,576 	 Val. Loss: 4.586986 |  Val. Acc: 89.062% |  Val. Pre: 89.58% |  Val. Rec: 92.08% |  Val. Fsc: 90.82%
2023-06-19 20:34:01,576 	 Acc0: 78.12% |  Acc1: 100.00% |  Pre0: 100.00% |  Pre1: 79.17% |  Rec0: 84.17% | Rec1: 100.00% 
2023-06-19 20:34:01,576 Epoch: 97 | Epoch Time: 3m 0s
2023-06-19 20:34:01,576 Validation loss decreased (4.592008 --> 4.586986).  Saving model ...
2023-06-19 20:36:39,323 	Train Loss: 6.047490 | Train Acc: 79.630% | Acc0: 63.98% |  Acc1: 97.13% 
2023-06-19 20:37:00,803 	 Val. Loss: 4.861104 |  Val. Acc: 85.417% |  Val. Pre: 87.06% |  Val. Rec: 86.88% |  Val. Fsc: 86.97%
2023-06-19 20:37:00,803 	 Acc0: 71.88% |  Acc1: 100.00% |  Pre0: 100.00% |  Pre1: 74.12% |  Rec0: 73.75% | Rec1: 100.00% 
2023-06-19 20:37:00,803 Epoch: 98 | Epoch Time: 2m 59s
2023-06-19 20:37:00,804 EarlyStopping counter: 1 out of 20
2023-06-19 20:39:38,160 	Train Loss: 6.100436 | Train Acc: 80.093% | Acc0: 62.09% |  Acc1: 98.56% 
2023-06-19 20:39:59,614 	 Val. Loss: 4.676692 |  Val. Acc: 85.417% |  Val. Pre: 87.06% |  Val. Rec: 86.88% |  Val. Fsc: 86.97%
2023-06-19 20:39:59,614 	 Acc0: 71.88% |  Acc1: 100.00% |  Pre0: 100.00% |  Pre1: 74.12% |  Rec0: 73.75% | Rec1: 100.00% 
2023-06-19 20:39:59,614 Epoch: 99 | Epoch Time: 2m 58s
2023-06-19 20:39:59,614 EarlyStopping counter: 2 out of 20
2023-06-19 20:42:37,401 	Train Loss: 5.851911 | Train Acc: 80.787% | Acc0: 63.51% |  Acc1: 98.56% 
2023-06-19 20:42:58,899 	 Val. Loss: 4.545219 |  Val. Acc: 85.417% |  Val. Pre: 87.06% |  Val. Rec: 86.88% |  Val. Fsc: 86.97%
2023-06-19 20:42:58,900 	 Acc0: 71.88% |  Acc1: 100.00% |  Pre0: 100.00% |  Pre1: 74.12% |  Rec0: 73.75% | Rec1: 100.00% 
2023-06-19 20:42:58,915 Epoch: 100 | Epoch Time: 2m 59s
2023-06-19 20:42:58,915 Validation loss decreased (4.586986 --> 4.545219).  Saving model ...
2023-06-19 20:45:37,422 	Train Loss: 6.018663 | Train Acc: 80.324% | Acc0: 64.93% |  Acc1: 96.17% 
2023-06-19 20:45:59,570 	 Val. Loss: 4.985998 |  Val. Acc: 83.854% |  Val. Pre: 86.36% |  Val. Rec: 85.83% |  Val. Fsc: 86.10%
2023-06-19 20:45:59,570 	 Acc0: 68.75% |  Acc1: 100.00% |  Pre0: 100.00% |  Pre1: 72.73% |  Rec0: 71.67% | Rec1: 100.00% 
2023-06-19 20:45:59,570 Epoch: 101 | Epoch Time: 3m 0s
2023-06-19 20:45:59,570 EarlyStopping counter: 1 out of 20
2023-06-19 20:48:38,328 	Train Loss: 5.933199 | Train Acc: 79.167% | Acc0: 63.98% |  Acc1: 99.04% 
2023-06-19 20:48:59,804 	 Val. Loss: 4.385653 |  Val. Acc: 89.062% |  Val. Pre: 89.58% |  Val. Rec: 92.08% |  Val. Fsc: 90.82%
2023-06-19 20:48:59,804 	 Acc0: 78.12% |  Acc1: 100.00% |  Pre0: 100.00% |  Pre1: 79.17% |  Rec0: 84.17% | Rec1: 100.00% 
2023-06-19 20:48:59,804 Epoch: 102 | Epoch Time: 3m 0s
2023-06-19 20:48:59,804 Validation loss decreased (4.545219 --> 4.385653).  Saving model ...
2023-06-19 20:51:37,813 	Train Loss: 5.851890 | Train Acc: 81.019% | Acc0: 63.51% |  Acc1: 99.04% 
2023-06-19 20:51:59,374 	 Val. Loss: 4.534159 |  Val. Acc: 86.979% |  Val. Pre: 87.08% |  Val. Rec: 90.52% |  Val. Fsc: 88.77%
2023-06-19 20:51:59,374 	 Acc0: 78.12% |  Acc1: 96.43% |  Pre0: 95.00% |  Pre1: 79.17% |  Rec0: 84.17% | Rec1: 96.88% 
2023-06-19 20:51:59,374 Epoch: 103 | Epoch Time: 2m 59s
2023-06-19 20:51:59,375 EarlyStopping counter: 1 out of 20
2023-06-19 20:54:36,964 	Train Loss: 5.958527 | Train Acc: 80.093% | Acc0: 63.98% |  Acc1: 98.09% 
2023-06-19 20:54:58,559 	 Val. Loss: 4.408077 |  Val. Acc: 89.062% |  Val. Pre: 89.58% |  Val. Rec: 92.08% |  Val. Fsc: 90.82%
2023-06-19 20:54:58,560 	 Acc0: 78.12% |  Acc1: 100.00% |  Pre0: 100.00% |  Pre1: 79.17% |  Rec0: 84.17% | Rec1: 100.00% 
2023-06-19 20:54:58,560 Epoch: 104 | Epoch Time: 2m 59s
2023-06-19 20:54:58,560 EarlyStopping counter: 2 out of 20
2023-06-19 20:57:36,534 	Train Loss: 5.825881 | Train Acc: 81.713% | Acc0: 63.51% |  Acc1: 99.04% 
2023-06-19 20:57:57,971 	 Val. Loss: 4.428566 |  Val. Acc: 89.062% |  Val. Pre: 89.58% |  Val. Rec: 92.08% |  Val. Fsc: 90.82%
2023-06-19 20:57:57,971 	 Acc0: 78.12% |  Acc1: 100.00% |  Pre0: 100.00% |  Pre1: 79.17% |  Rec0: 84.17% | Rec1: 100.00% 
2023-06-19 20:57:57,986 Epoch: 105 | Epoch Time: 2m 59s
2023-06-19 20:57:57,986 EarlyStopping counter: 3 out of 20
2023-06-19 21:00:35,277 	Train Loss: 5.918845 | Train Acc: 82.639% | Acc0: 65.88% |  Acc1: 98.56% 
2023-06-19 21:00:56,803 	 Val. Loss: 4.441308 |  Val. Acc: 89.062% |  Val. Pre: 89.58% |  Val. Rec: 92.08% |  Val. Fsc: 90.82%
2023-06-19 21:00:56,803 	 Acc0: 78.12% |  Acc1: 100.00% |  Pre0: 100.00% |  Pre1: 79.17% |  Rec0: 84.17% | Rec1: 100.00% 
2023-06-19 21:00:56,803 Epoch: 106 | Epoch Time: 2m 58s
2023-06-19 21:00:56,803 EarlyStopping counter: 4 out of 20
2023-06-19 21:03:34,012 	Train Loss: 5.833560 | Train Acc: 80.556% | Acc0: 64.93% |  Acc1: 98.09% 
2023-06-19 21:03:55,484 	 Val. Loss: 4.495577 |  Val. Acc: 85.417% |  Val. Pre: 87.06% |  Val. Rec: 86.88% |  Val. Fsc: 86.97%
2023-06-19 21:03:55,484 	 Acc0: 71.88% |  Acc1: 100.00% |  Pre0: 100.00% |  Pre1: 74.12% |  Rec0: 73.75% | Rec1: 100.00% 
2023-06-19 21:03:55,484 Epoch: 107 | Epoch Time: 2m 58s
2023-06-19 21:03:55,484 EarlyStopping counter: 5 out of 20
2023-06-19 21:06:32,992 	Train Loss: 5.740299 | Train Acc: 82.870% | Acc0: 67.77% |  Acc1: 98.56% 
2023-06-19 21:06:54,498 	 Val. Loss: 4.774984 |  Val. Acc: 85.417% |  Val. Pre: 87.06% |  Val. Rec: 86.88% |  Val. Fsc: 86.97%
2023-06-19 21:06:54,498 	 Acc0: 71.88% |  Acc1: 100.00% |  Pre0: 100.00% |  Pre1: 74.12% |  Rec0: 73.75% | Rec1: 100.00% 
2023-06-19 21:06:54,498 Epoch: 108 | Epoch Time: 2m 59s
2023-06-19 21:06:54,498 EarlyStopping counter: 6 out of 20
2023-06-19 21:09:31,524 	Train Loss: 5.954605 | Train Acc: 81.250% | Acc0: 64.93% |  Acc1: 98.09% 
2023-06-19 21:09:53,110 	 Val. Loss: 4.501653 |  Val. Acc: 87.500% |  Val. Pre: 88.45% |  Val. Rec: 90.00% |  Val. Fsc: 89.22%
2023-06-19 21:09:53,110 	 Acc0: 75.00% |  Acc1: 100.00% |  Pre0: 100.00% |  Pre1: 76.89% |  Rec0: 80.00% | Rec1: 100.00% 
2023-06-19 21:09:53,110 Epoch: 109 | Epoch Time: 2m 58s
2023-06-19 21:09:53,110 EarlyStopping counter: 7 out of 20
2023-06-19 21:13:10,731 	Train Loss: 5.897075 | Train Acc: 80.787% | Acc0: 62.09% |  Acc1: 98.56% 
2023-06-19 21:13:43,350 	 Val. Loss: 4.441611 |  Val. Acc: 89.062% |  Val. Pre: 89.58% |  Val. Rec: 92.08% |  Val. Fsc: 90.82%
2023-06-19 21:13:43,350 	 Acc0: 78.12% |  Acc1: 100.00% |  Pre0: 100.00% |  Pre1: 79.17% |  Rec0: 84.17% | Rec1: 100.00% 
2023-06-19 21:13:43,364 Epoch: 110 | Epoch Time: 3m 50s
2023-06-19 21:13:43,364 EarlyStopping counter: 8 out of 20
2023-06-19 21:17:09,239 	Train Loss: 5.720438 | Train Acc: 82.407% | Acc0: 67.30% |  Acc1: 98.09% 
2023-06-19 21:17:30,810 	 Val. Loss: 4.355545 |  Val. Acc: 86.979% |  Val. Pre: 88.19% |  Val. Rec: 88.96% |  Val. Fsc: 88.57%
2023-06-19 21:17:30,810 	 Acc0: 75.00% |  Acc1: 100.00% |  Pre0: 100.00% |  Pre1: 76.39% |  Rec0: 77.92% | Rec1: 100.00% 
2023-06-19 21:17:30,810 Epoch: 111 | Epoch Time: 3m 47s
2023-06-19 21:17:30,810 Validation loss decreased (4.385653 --> 4.355545).  Saving model ...
2023-06-19 21:20:09,011 	Train Loss: 5.606567 | Train Acc: 82.870% | Acc0: 67.77% |  Acc1: 98.56% 
2023-06-19 21:20:30,669 	 Val. Loss: 4.177097 |  Val. Acc: 89.062% |  Val. Pre: 89.58% |  Val. Rec: 92.08% |  Val. Fsc: 90.82%
2023-06-19 21:20:30,669 	 Acc0: 78.12% |  Acc1: 100.00% |  Pre0: 100.00% |  Pre1: 79.17% |  Rec0: 84.17% | Rec1: 100.00% 
2023-06-19 21:20:30,669 Epoch: 112 | Epoch Time: 2m 59s
2023-06-19 21:20:30,669 Validation loss decreased (4.355545 --> 4.177097).  Saving model ...
2023-06-19 21:23:08,566 	Train Loss: 5.549076 | Train Acc: 82.870% | Acc0: 66.35% |  Acc1: 98.56% 
2023-06-19 21:23:29,994 	 Val. Loss: 4.166171 |  Val. Acc: 86.979% |  Val. Pre: 87.08% |  Val. Rec: 90.52% |  Val. Fsc: 88.77%
2023-06-19 21:23:29,994 	 Acc0: 78.12% |  Acc1: 96.43% |  Pre0: 95.00% |  Pre1: 79.17% |  Rec0: 84.17% | Rec1: 96.88% 
2023-06-19 21:23:29,994 Epoch: 113 | Epoch Time: 2m 59s
2023-06-19 21:23:29,994 Validation loss decreased (4.177097 --> 4.166171).  Saving model ...
2023-06-19 21:26:07,481 	Train Loss: 5.551226 | Train Acc: 83.102% | Acc0: 67.77% |  Acc1: 97.61% 
2023-06-19 21:26:28,893 	 Val. Loss: 4.144542 |  Val. Acc: 89.062% |  Val. Pre: 89.58% |  Val. Rec: 92.08% |  Val. Fsc: 90.82%
2023-06-19 21:26:28,893 	 Acc0: 78.12% |  Acc1: 100.00% |  Pre0: 100.00% |  Pre1: 79.17% |  Rec0: 84.17% | Rec1: 100.00% 
2023-06-19 21:26:28,893 Epoch: 114 | Epoch Time: 2m 58s
2023-06-19 21:26:28,893 Validation loss decreased (4.166171 --> 4.144542).  Saving model ...
2023-06-19 21:29:06,030 	Train Loss: 5.442141 | Train Acc: 84.491% | Acc0: 69.19% |  Acc1: 99.04% 
2023-06-19 21:29:27,430 	 Val. Loss: 4.208568 |  Val. Acc: 89.062% |  Val. Pre: 89.58% |  Val. Rec: 92.08% |  Val. Fsc: 90.82%
2023-06-19 21:29:27,430 	 Acc0: 78.12% |  Acc1: 100.00% |  Pre0: 100.00% |  Pre1: 79.17% |  Rec0: 84.17% | Rec1: 100.00% 
2023-06-19 21:29:27,443 Epoch: 115 | Epoch Time: 2m 58s
2023-06-19 21:29:27,443 EarlyStopping counter: 1 out of 20
2023-06-19 21:32:04,879 	Train Loss: 5.419888 | Train Acc: 84.954% | Acc0: 72.04% |  Acc1: 98.56% 
2023-06-19 21:32:26,346 	 Val. Loss: 4.381188 |  Val. Acc: 86.979% |  Val. Pre: 88.19% |  Val. Rec: 88.96% |  Val. Fsc: 88.57%
2023-06-19 21:32:26,346 	 Acc0: 75.00% |  Acc1: 100.00% |  Pre0: 100.00% |  Pre1: 76.39% |  Rec0: 77.92% | Rec1: 100.00% 
2023-06-19 21:32:26,347 Epoch: 116 | Epoch Time: 2m 58s
2023-06-19 21:32:26,347 EarlyStopping counter: 2 out of 20
2023-06-19 21:35:03,823 	Train Loss: 5.630739 | Train Acc: 82.407% | Acc0: 65.88% |  Acc1: 98.09% 
2023-06-19 21:35:25,381 	 Val. Loss: 4.339044 |  Val. Acc: 89.062% |  Val. Pre: 89.58% |  Val. Rec: 92.08% |  Val. Fsc: 90.82%
2023-06-19 21:35:25,381 	 Acc0: 78.12% |  Acc1: 100.00% |  Pre0: 100.00% |  Pre1: 79.17% |  Rec0: 84.17% | Rec1: 100.00% 
2023-06-19 21:35:25,381 Epoch: 117 | Epoch Time: 2m 59s
2023-06-19 21:35:25,381 EarlyStopping counter: 3 out of 20
2023-06-19 21:38:04,668 	Train Loss: 5.700053 | Train Acc: 83.333% | Acc0: 69.67% |  Acc1: 97.61% 
2023-06-19 21:38:26,397 	 Val. Loss: 4.420398 |  Val. Acc: 86.979% |  Val. Pre: 88.19% |  Val. Rec: 88.96% |  Val. Fsc: 88.57%
2023-06-19 21:38:26,397 	 Acc0: 75.00% |  Acc1: 100.00% |  Pre0: 100.00% |  Pre1: 76.39% |  Rec0: 77.92% | Rec1: 100.00% 
2023-06-19 21:38:26,397 Epoch: 118 | Epoch Time: 3m 1s
2023-06-19 21:38:26,397 EarlyStopping counter: 4 out of 20
2023-06-19 21:41:05,738 	Train Loss: 5.807253 | Train Acc: 82.176% | Acc0: 67.30% |  Acc1: 97.61% 
2023-06-19 21:41:27,406 	 Val. Loss: 4.363582 |  Val. Acc: 89.062% |  Val. Pre: 89.58% |  Val. Rec: 92.08% |  Val. Fsc: 90.82%
2023-06-19 21:41:27,406 	 Acc0: 78.12% |  Acc1: 100.00% |  Pre0: 100.00% |  Pre1: 79.17% |  Rec0: 84.17% | Rec1: 100.00% 
2023-06-19 21:41:27,406 Epoch: 119 | Epoch Time: 3m 1s
2023-06-19 21:41:27,406 EarlyStopping counter: 5 out of 20
2023-06-19 21:44:05,899 	Train Loss: 5.824838 | Train Acc: 80.093% | Acc0: 63.98% |  Acc1: 98.09% 
2023-06-19 21:44:27,595 	 Val. Loss: 4.430031 |  Val. Acc: 87.500% |  Val. Pre: 88.45% |  Val. Rec: 90.00% |  Val. Fsc: 89.22%
2023-06-19 21:44:27,595 	 Acc0: 75.00% |  Acc1: 100.00% |  Pre0: 100.00% |  Pre1: 76.89% |  Rec0: 80.00% | Rec1: 100.00% 
2023-06-19 21:44:27,607 Epoch: 120 | Epoch Time: 3m 0s
2023-06-19 21:44:27,607 EarlyStopping counter: 6 out of 20
2023-06-19 21:48:15,975 	Train Loss: 5.550102 | Train Acc: 83.333% | Acc0: 68.72% |  Acc1: 97.13% 
2023-06-19 21:48:48,483 	 Val. Loss: 4.482146 |  Val. Acc: 85.417% |  Val. Pre: 87.06% |  Val. Rec: 86.88% |  Val. Fsc: 86.97%
2023-06-19 21:48:48,483 	 Acc0: 71.88% |  Acc1: 100.00% |  Pre0: 100.00% |  Pre1: 74.12% |  Rec0: 73.75% | Rec1: 100.00% 
2023-06-19 21:48:48,483 Epoch: 121 | Epoch Time: 4m 20s
2023-06-19 21:48:48,483 EarlyStopping counter: 7 out of 20
2023-06-19 21:52:45,675 	Train Loss: 5.872794 | Train Acc: 82.639% | Acc0: 67.77% |  Acc1: 96.65% 
2023-06-19 21:53:18,270 	 Val. Loss: 4.470369 |  Val. Acc: 85.417% |  Val. Pre: 87.06% |  Val. Rec: 86.88% |  Val. Fsc: 86.97%
2023-06-19 21:53:18,270 	 Acc0: 71.88% |  Acc1: 100.00% |  Pre0: 100.00% |  Pre1: 74.12% |  Rec0: 73.75% | Rec1: 100.00% 
2023-06-19 21:53:18,270 Epoch: 122 | Epoch Time: 4m 29s
2023-06-19 21:53:18,270 EarlyStopping counter: 8 out of 20
2023-06-19 21:56:05,338 	Train Loss: 5.646519 | Train Acc: 83.102% | Acc0: 69.19% |  Acc1: 97.61% 
2023-06-19 21:56:26,779 	 Val. Loss: 4.332452 |  Val. Acc: 89.062% |  Val. Pre: 89.58% |  Val. Rec: 92.08% |  Val. Fsc: 90.82%
2023-06-19 21:56:26,779 	 Acc0: 78.12% |  Acc1: 100.00% |  Pre0: 100.00% |  Pre1: 79.17% |  Rec0: 84.17% | Rec1: 100.00% 
2023-06-19 21:56:26,779 Epoch: 123 | Epoch Time: 3m 8s
2023-06-19 21:56:26,779 EarlyStopping counter: 9 out of 20
2023-06-19 21:59:04,031 	Train Loss: 5.569327 | Train Acc: 82.176% | Acc0: 65.40% |  Acc1: 98.09% 
2023-06-19 21:59:25,521 	 Val. Loss: 4.243140 |  Val. Acc: 86.979% |  Val. Pre: 87.08% |  Val. Rec: 90.52% |  Val. Fsc: 88.77%
2023-06-19 21:59:25,521 	 Acc0: 78.12% |  Acc1: 96.43% |  Pre0: 95.00% |  Pre1: 79.17% |  Rec0: 84.17% | Rec1: 96.88% 
2023-06-19 21:59:25,521 Epoch: 124 | Epoch Time: 2m 58s
2023-06-19 21:59:25,521 EarlyStopping counter: 10 out of 20
2023-06-19 22:02:02,563 	Train Loss: 5.768720 | Train Acc: 81.944% | Acc0: 72.51% |  Acc1: 90.43% 
2023-06-19 22:02:24,112 	 Val. Loss: 4.167110 |  Val. Acc: 89.062% |  Val. Pre: 89.58% |  Val. Rec: 92.08% |  Val. Fsc: 90.82%
2023-06-19 22:02:24,112 	 Acc0: 78.12% |  Acc1: 100.00% |  Pre0: 100.00% |  Pre1: 79.17% |  Rec0: 84.17% | Rec1: 100.00% 
2023-06-19 22:02:24,127 Epoch: 125 | Epoch Time: 2m 58s
2023-06-19 22:02:24,127 EarlyStopping counter: 11 out of 20
2023-06-19 22:05:02,807 	Train Loss: 5.835493 | Train Acc: 82.176% | Acc0: 67.30% |  Acc1: 97.61% 
2023-06-19 22:05:24,623 	 Val. Loss: 4.412877 |  Val. Acc: 86.979% |  Val. Pre: 88.19% |  Val. Rec: 88.96% |  Val. Fsc: 88.57%
2023-06-19 22:05:24,623 	 Acc0: 75.00% |  Acc1: 100.00% |  Pre0: 100.00% |  Pre1: 76.39% |  Rec0: 77.92% | Rec1: 100.00% 
2023-06-19 22:05:24,623 Epoch: 126 | Epoch Time: 3m 0s
2023-06-19 22:05:24,623 EarlyStopping counter: 12 out of 20
2023-06-19 22:08:03,083 	Train Loss: 5.774412 | Train Acc: 82.176% | Acc0: 67.30% |  Acc1: 97.61% 
2023-06-19 22:08:24,623 	 Val. Loss: 4.300141 |  Val. Acc: 89.062% |  Val. Pre: 89.58% |  Val. Rec: 92.08% |  Val. Fsc: 90.82%
2023-06-19 22:08:24,623 	 Acc0: 78.12% |  Acc1: 100.00% |  Pre0: 100.00% |  Pre1: 79.17% |  Rec0: 84.17% | Rec1: 100.00% 
2023-06-19 22:08:24,623 Epoch: 127 | Epoch Time: 2m 59s
2023-06-19 22:08:24,623 EarlyStopping counter: 13 out of 20
2023-06-19 22:11:02,304 	Train Loss: 5.704256 | Train Acc: 80.787% | Acc0: 66.82% |  Acc1: 98.09% 
2023-06-19 22:11:23,794 	 Val. Loss: 4.494282 |  Val. Acc: 85.417% |  Val. Pre: 87.06% |  Val. Rec: 86.88% |  Val. Fsc: 86.97%
2023-06-19 22:11:23,794 	 Acc0: 71.88% |  Acc1: 100.00% |  Pre0: 100.00% |  Pre1: 74.12% |  Rec0: 73.75% | Rec1: 100.00% 
2023-06-19 22:11:23,794 Epoch: 128 | Epoch Time: 2m 59s
2023-06-19 22:11:23,794 EarlyStopping counter: 14 out of 20
2023-06-19 22:14:02,002 	Train Loss: 5.766214 | Train Acc: 82.639% | Acc0: 66.82% |  Acc1: 97.61% 
2023-06-19 22:14:23,479 	 Val. Loss: 4.453575 |  Val. Acc: 85.417% |  Val. Pre: 87.06% |  Val. Rec: 86.88% |  Val. Fsc: 86.97%
2023-06-19 22:14:23,479 	 Acc0: 71.88% |  Acc1: 100.00% |  Pre0: 100.00% |  Pre1: 74.12% |  Rec0: 73.75% | Rec1: 100.00% 
2023-06-19 22:14:23,479 Epoch: 129 | Epoch Time: 2m 59s
2023-06-19 22:14:23,480 EarlyStopping counter: 15 out of 20
2023-06-19 22:17:01,049 	Train Loss: 5.590139 | Train Acc: 82.639% | Acc0: 66.35% |  Acc1: 98.09% 
2023-06-19 22:17:22,475 	 Val. Loss: 4.220904 |  Val. Acc: 89.062% |  Val. Pre: 89.58% |  Val. Rec: 92.08% |  Val. Fsc: 90.82%
2023-06-19 22:17:22,475 	 Acc0: 78.12% |  Acc1: 100.00% |  Pre0: 100.00% |  Pre1: 79.17% |  Rec0: 84.17% | Rec1: 100.00% 
2023-06-19 22:17:22,489 Epoch: 130 | Epoch Time: 2m 59s
2023-06-19 22:17:22,489 EarlyStopping counter: 16 out of 20
2023-06-19 22:19:59,752 	Train Loss: 5.544001 | Train Acc: 83.796% | Acc0: 69.19% |  Acc1: 99.04% 
2023-06-19 22:20:20,990 	 Val. Loss: 4.220357 |  Val. Acc: 89.062% |  Val. Pre: 89.58% |  Val. Rec: 92.08% |  Val. Fsc: 90.82%
2023-06-19 22:20:20,990 	 Acc0: 78.12% |  Acc1: 100.00% |  Pre0: 100.00% |  Pre1: 79.17% |  Rec0: 84.17% | Rec1: 100.00% 
2023-06-19 22:20:20,991 Epoch: 131 | Epoch Time: 2m 58s
2023-06-19 22:20:20,991 EarlyStopping counter: 17 out of 20
2023-06-19 22:22:58,267 	Train Loss: 5.613612 | Train Acc: 82.639% | Acc0: 66.35% |  Acc1: 98.09% 
2023-06-19 22:23:19,632 	 Val. Loss: 4.188715 |  Val. Acc: 89.062% |  Val. Pre: 89.58% |  Val. Rec: 92.08% |  Val. Fsc: 90.82%
2023-06-19 22:23:19,633 	 Acc0: 78.12% |  Acc1: 100.00% |  Pre0: 100.00% |  Pre1: 79.17% |  Rec0: 84.17% | Rec1: 100.00% 
2023-06-19 22:23:19,633 Epoch: 132 | Epoch Time: 2m 58s
2023-06-19 22:23:19,633 EarlyStopping counter: 18 out of 20
2023-06-19 22:25:56,787 	Train Loss: 5.577398 | Train Acc: 82.639% | Acc0: 67.77% |  Acc1: 98.09% 
2023-06-19 22:26:18,256 	 Val. Loss: 4.163090 |  Val. Acc: 89.062% |  Val. Pre: 89.58% |  Val. Rec: 92.08% |  Val. Fsc: 90.82%
2023-06-19 22:26:18,256 	 Acc0: 78.12% |  Acc1: 100.00% |  Pre0: 100.00% |  Pre1: 79.17% |  Rec0: 84.17% | Rec1: 100.00% 
2023-06-19 22:26:18,256 Epoch: 133 | Epoch Time: 2m 58s
2023-06-19 22:26:18,256 EarlyStopping counter: 19 out of 20
2023-06-19 22:28:55,164 	Train Loss: 5.648991 | Train Acc: 84.491% | Acc0: 69.67% |  Acc1: 98.56% 
2023-06-19 22:29:16,664 	 Val. Loss: 4.170310 |  Val. Acc: 89.062% |  Val. Pre: 89.58% |  Val. Rec: 92.08% |  Val. Fsc: 90.82%
2023-06-19 22:29:16,665 	 Acc0: 78.12% |  Acc1: 100.00% |  Pre0: 100.00% |  Pre1: 79.17% |  Rec0: 84.17% | Rec1: 100.00% 
2023-06-19 22:29:16,665 Epoch: 134 | Epoch Time: 2m 58s
2023-06-19 22:29:16,665 EarlyStopping counter: 20 out of 20
2023-06-19 22:29:16,665 Early stopping
