2023-06-19 19:47:41,281 Savedir: MixBench/error_allpurpose_root_AST_CFG_PDG_CAST
2023-06-19 19:47:41,303 Dataset size: 600
2023-06-19 19:47:41,303 Split: 
  train -> 420, val -> 60, test -> 120
2023-06-19 19:47:41,303 Edges: ['AST', 'CFG', 'PDG', 'CAST']
2023-06-19 19:47:42,969 ============> Training mode start...
2023-06-19 19:50:59,703 	Train Loss: 10.753968 | Train Acc: 50.694% | Acc0: 99.53% |  Acc1: 1.44% 
2023-06-19 19:51:21,083 	 Val. Loss: 10.303247 |  Val. Acc: 67.708% |  Val. Pre: 68.54% |  Val. Rec: 69.17% |  Val. Fsc: 68.85%
2023-06-19 19:51:21,083 	 Acc0: 81.25% |  Acc1: 53.57% |  Pre0: 64.58% |  Pre1: 72.50% |  Rec0: 82.08% | Rec1: 56.25% 
2023-06-19 19:51:21,083 Epoch: 01 | Epoch Time: 3m 38s
2023-06-19 19:51:21,084 Validation loss decreased (inf --> 10.303247).  Saving model ...
2023-06-19 19:53:57,935 	Train Loss: 10.646557 | Train Acc: 67.361% | Acc0: 65.40% |  Acc1: 70.33% 
2023-06-19 19:54:19,381 	 Val. Loss: 10.156458 |  Val. Acc: 61.458% |  Val. Pre: 64.09% |  Val. Rec: 63.02% |  Val. Fsc: 63.55%
2023-06-19 19:54:19,381 	 Acc0: 78.12% |  Acc1: 42.86% |  Pre0: 59.97% |  Pre1: 68.21% |  Rec0: 81.67% | Rec1: 44.38% 
2023-06-19 19:54:19,381 Epoch: 02 | Epoch Time: 2m 58s
2023-06-19 19:54:19,381 Validation loss decreased (10.303247 --> 10.156458).  Saving model ...
2023-06-19 19:56:55,843 	Train Loss: 10.490824 | Train Acc: 57.639% | Acc0: 88.63% |  Acc1: 25.36% 
2023-06-19 19:57:17,275 	 Val. Loss: 10.139854 |  Val. Acc: 70.312% |  Val. Pre: 79.96% |  Val. Rec: 70.62% |  Val. Fsc: 75.00%
2023-06-19 19:57:17,276 	 Acc0: 43.75% |  Acc1: 100.00% |  Pre0: 100.00% |  Pre1: 59.91% |  Rec0: 41.25% | Rec1: 100.00% 
2023-06-19 19:57:17,276 Epoch: 03 | Epoch Time: 2m 57s
2023-06-19 19:57:17,276 Validation loss decreased (10.156458 --> 10.139854).  Saving model ...
2023-06-19 19:59:55,347 	Train Loss: 10.198910 | Train Acc: 64.352% | Acc0: 64.93% |  Acc1: 64.59% 
2023-06-19 20:00:16,868 	 Val. Loss: 9.339581 |  Val. Acc: 65.104% |  Val. Pre: 65.77% |  Val. Rec: 65.83% |  Val. Fsc: 65.80%
2023-06-19 20:00:16,869 	 Acc0: 78.12% |  Acc1: 50.00% |  Pre0: 62.50% |  Pre1: 69.05% |  Rec0: 81.67% | Rec1: 50.00% 
2023-06-19 20:00:16,869 Epoch: 04 | Epoch Time: 2m 59s
2023-06-19 20:00:16,869 Validation loss decreased (10.139854 --> 9.339581).  Saving model ...
2023-06-19 20:02:54,273 	Train Loss: 9.391923 | Train Acc: 68.981% | Acc0: 67.30% |  Acc1: 70.33% 
2023-06-19 20:03:15,722 	 Val. Loss: 9.162499 |  Val. Acc: 70.312% |  Val. Pre: 79.96% |  Val. Rec: 70.62% |  Val. Fsc: 75.00%
2023-06-19 20:03:15,723 	 Acc0: 43.75% |  Acc1: 100.00% |  Pre0: 100.00% |  Pre1: 59.91% |  Rec0: 41.25% | Rec1: 100.00% 
2023-06-19 20:03:15,736 Epoch: 05 | Epoch Time: 2m 58s
2023-06-19 20:03:15,736 Validation loss decreased (9.339581 --> 9.162499).  Saving model ...
2023-06-19 20:05:52,712 	Train Loss: 8.580530 | Train Acc: 71.991% | Acc0: 63.03% |  Acc1: 80.86% 
2023-06-19 20:06:14,028 	 Val. Loss: 7.911545 |  Val. Acc: 80.208% |  Val. Pre: 84.42% |  Val. Rec: 81.46% |  Val. Fsc: 82.91%
2023-06-19 20:06:14,028 	 Acc0: 62.50% |  Acc1: 100.00% |  Pre0: 100.00% |  Pre1: 68.84% |  Rec0: 62.92% | Rec1: 100.00% 
2023-06-19 20:06:14,028 Epoch: 06 | Epoch Time: 2m 58s
2023-06-19 20:06:14,028 Validation loss decreased (9.162499 --> 7.911545).  Saving model ...
2023-06-19 20:08:50,808 	Train Loss: 8.072208 | Train Acc: 73.380% | Acc0: 63.98% |  Acc1: 82.78% 
2023-06-19 20:09:12,251 	 Val. Loss: 7.142126 |  Val. Acc: 76.042% |  Val. Pre: 74.86% |  Val. Rec: 76.56% |  Val. Fsc: 75.70%
2023-06-19 20:09:12,251 	 Acc0: 75.00% |  Acc1: 78.57% |  Pre0: 77.49% |  Pre1: 72.22% |  Rec0: 75.42% | Rec1: 77.71% 
2023-06-19 20:09:12,251 Epoch: 07 | Epoch Time: 2m 58s
2023-06-19 20:09:12,251 Validation loss decreased (7.911545 --> 7.142126).  Saving model ...
2023-06-19 20:11:50,826 	Train Loss: 7.723365 | Train Acc: 76.852% | Acc0: 64.93% |  Acc1: 90.43% 
2023-06-19 20:12:12,356 	 Val. Loss: 7.397458 |  Val. Acc: 80.208% |  Val. Pre: 84.42% |  Val. Rec: 81.46% |  Val. Fsc: 82.91%
2023-06-19 20:12:12,357 	 Acc0: 62.50% |  Acc1: 100.00% |  Pre0: 100.00% |  Pre1: 68.84% |  Rec0: 62.92% | Rec1: 100.00% 
2023-06-19 20:12:12,357 Epoch: 08 | Epoch Time: 3m 0s
2023-06-19 20:12:12,357 EarlyStopping counter: 1 out of 20
2023-06-19 20:14:49,104 	Train Loss: 7.583847 | Train Acc: 77.546% | Acc0: 62.09% |  Acc1: 93.30% 
2023-06-19 20:15:10,468 	 Val. Loss: 6.829144 |  Val. Acc: 82.292% |  Val. Pre: 85.53% |  Val. Rec: 84.58% |  Val. Fsc: 85.05%
2023-06-19 20:15:10,468 	 Acc0: 65.62% |  Acc1: 100.00% |  Pre0: 100.00% |  Pre1: 71.06% |  Rec0: 69.17% | Rec1: 100.00% 
2023-06-19 20:15:10,468 Epoch: 09 | Epoch Time: 2m 58s
2023-06-19 20:15:10,468 Validation loss decreased (7.142126 --> 6.829144).  Saving model ...
2023-06-19 20:17:47,847 	Train Loss: 7.468770 | Train Acc: 77.778% | Acc0: 62.56% |  Acc1: 91.87% 
2023-06-19 20:18:09,136 	 Val. Loss: 6.918080 |  Val. Acc: 82.292% |  Val. Pre: 85.53% |  Val. Rec: 84.58% |  Val. Fsc: 85.05%
2023-06-19 20:18:09,137 	 Acc0: 65.62% |  Acc1: 100.00% |  Pre0: 100.00% |  Pre1: 71.06% |  Rec0: 69.17% | Rec1: 100.00% 
2023-06-19 20:18:09,155 Epoch: 10 | Epoch Time: 2m 58s
2023-06-19 20:18:09,155 EarlyStopping counter: 1 out of 20
2023-06-19 20:20:46,866 	Train Loss: 7.400667 | Train Acc: 76.389% | Acc0: 61.14% |  Acc1: 93.30% 
2023-06-19 20:21:08,661 	 Val. Loss: 7.597972 |  Val. Acc: 78.646% |  Val. Pre: 83.47% |  Val. Rec: 79.38% |  Val. Fsc: 81.37%
2023-06-19 20:21:08,661 	 Acc0: 59.38% |  Acc1: 100.00% |  Pre0: 100.00% |  Pre1: 66.94% |  Rec0: 58.75% | Rec1: 100.00% 
2023-06-19 20:21:08,661 Epoch: 11 | Epoch Time: 2m 59s
2023-06-19 20:21:08,661 EarlyStopping counter: 2 out of 20
2023-06-19 20:23:46,223 	Train Loss: 7.460114 | Train Acc: 78.472% | Acc0: 61.14% |  Acc1: 94.74% 
2023-06-19 20:24:07,626 	 Val. Loss: 6.683562 |  Val. Acc: 82.292% |  Val. Pre: 85.53% |  Val. Rec: 84.58% |  Val. Fsc: 85.05%
2023-06-19 20:24:07,626 	 Acc0: 65.62% |  Acc1: 100.00% |  Pre0: 100.00% |  Pre1: 71.06% |  Rec0: 69.17% | Rec1: 100.00% 
2023-06-19 20:24:07,626 Epoch: 12 | Epoch Time: 2m 58s
2023-06-19 20:24:07,626 Validation loss decreased (6.829144 --> 6.683562).  Saving model ...
2023-06-19 20:26:44,616 	Train Loss: 7.278630 | Train Acc: 78.935% | Acc0: 61.61% |  Acc1: 96.65% 
2023-06-19 20:27:05,970 	 Val. Loss: 6.271596 |  Val. Acc: 83.854% |  Val. Pre: 86.36% |  Val. Rec: 85.83% |  Val. Fsc: 86.10%
2023-06-19 20:27:05,971 	 Acc0: 68.75% |  Acc1: 100.00% |  Pre0: 100.00% |  Pre1: 72.73% |  Rec0: 71.67% | Rec1: 100.00% 
2023-06-19 20:27:05,971 Epoch: 13 | Epoch Time: 2m 58s
2023-06-19 20:27:05,971 Validation loss decreased (6.683562 --> 6.271596).  Saving model ...
2023-06-19 20:29:42,130 	Train Loss: 7.240322 | Train Acc: 76.852% | Acc0: 61.14% |  Acc1: 94.26% 
2023-06-19 20:30:04,514 	 Val. Loss: 6.173369 |  Val. Acc: 83.854% |  Val. Pre: 86.36% |  Val. Rec: 85.83% |  Val. Fsc: 86.10%
2023-06-19 20:30:04,514 	 Acc0: 68.75% |  Acc1: 100.00% |  Pre0: 100.00% |  Pre1: 72.73% |  Rec0: 71.67% | Rec1: 100.00% 
2023-06-19 20:30:04,514 Epoch: 14 | Epoch Time: 2m 58s
2023-06-19 20:30:04,514 Validation loss decreased (6.271596 --> 6.173369).  Saving model ...
2023-06-19 20:32:41,212 	Train Loss: 7.256940 | Train Acc: 77.083% | Acc0: 63.98% |  Acc1: 90.43% 
2023-06-19 20:33:02,601 	 Val. Loss: 7.269641 |  Val. Acc: 78.646% |  Val. Pre: 83.47% |  Val. Rec: 79.38% |  Val. Fsc: 81.37%
2023-06-19 20:33:02,601 	 Acc0: 59.38% |  Acc1: 100.00% |  Pre0: 100.00% |  Pre1: 66.94% |  Rec0: 58.75% | Rec1: 100.00% 
2023-06-19 20:33:02,619 Epoch: 15 | Epoch Time: 2m 58s
2023-06-19 20:33:02,619 EarlyStopping counter: 1 out of 20
2023-06-19 20:35:39,779 	Train Loss: 7.494515 | Train Acc: 77.546% | Acc0: 59.24% |  Acc1: 96.17% 
2023-06-19 20:36:01,124 	 Val. Loss: 6.430883 |  Val. Acc: 83.854% |  Val. Pre: 86.36% |  Val. Rec: 85.83% |  Val. Fsc: 86.10%
2023-06-19 20:36:01,125 	 Acc0: 68.75% |  Acc1: 100.00% |  Pre0: 100.00% |  Pre1: 72.73% |  Rec0: 71.67% | Rec1: 100.00% 
2023-06-19 20:36:01,125 Epoch: 16 | Epoch Time: 2m 58s
2023-06-19 20:36:01,125 EarlyStopping counter: 2 out of 20
2023-06-19 20:38:38,353 	Train Loss: 7.202216 | Train Acc: 78.472% | Acc0: 62.09% |  Acc1: 95.22% 
2023-06-19 20:38:59,761 	 Val. Loss: 6.319140 |  Val. Acc: 83.854% |  Val. Pre: 86.36% |  Val. Rec: 85.83% |  Val. Fsc: 86.10%
2023-06-19 20:38:59,761 	 Acc0: 68.75% |  Acc1: 100.00% |  Pre0: 100.00% |  Pre1: 72.73% |  Rec0: 71.67% | Rec1: 100.00% 
2023-06-19 20:38:59,761 Epoch: 17 | Epoch Time: 2m 58s
2023-06-19 20:38:59,761 EarlyStopping counter: 3 out of 20
2023-06-19 20:41:36,407 	Train Loss: 7.092909 | Train Acc: 78.935% | Acc0: 62.09% |  Acc1: 96.17% 
2023-06-19 20:41:57,749 	 Val. Loss: 6.193055 |  Val. Acc: 83.854% |  Val. Pre: 86.36% |  Val. Rec: 85.83% |  Val. Fsc: 86.10%
2023-06-19 20:41:57,749 	 Acc0: 68.75% |  Acc1: 100.00% |  Pre0: 100.00% |  Pre1: 72.73% |  Rec0: 71.67% | Rec1: 100.00% 
2023-06-19 20:41:57,749 Epoch: 18 | Epoch Time: 2m 57s
2023-06-19 20:41:57,749 EarlyStopping counter: 4 out of 20
2023-06-19 20:44:34,122 	Train Loss: 7.070012 | Train Acc: 78.704% | Acc0: 61.61% |  Acc1: 96.17% 
2023-06-19 20:44:55,769 	 Val. Loss: 6.154662 |  Val. Acc: 83.854% |  Val. Pre: 86.36% |  Val. Rec: 85.83% |  Val. Fsc: 86.10%
2023-06-19 20:44:55,769 	 Acc0: 68.75% |  Acc1: 100.00% |  Pre0: 100.00% |  Pre1: 72.73% |  Rec0: 71.67% | Rec1: 100.00% 
2023-06-19 20:44:55,769 Epoch: 19 | Epoch Time: 2m 58s
2023-06-19 20:44:55,769 Validation loss decreased (6.173369 --> 6.154662).  Saving model ...
2023-06-19 20:47:33,763 	Train Loss: 7.100154 | Train Acc: 74.306% | Acc0: 63.98% |  Acc1: 87.56% 
2023-06-19 20:47:55,134 	 Val. Loss: 7.046263 |  Val. Acc: 78.646% |  Val. Pre: 83.47% |  Val. Rec: 79.38% |  Val. Fsc: 81.37%
2023-06-19 20:47:55,135 	 Acc0: 59.38% |  Acc1: 100.00% |  Pre0: 100.00% |  Pre1: 66.94% |  Rec0: 58.75% | Rec1: 100.00% 
2023-06-19 20:47:55,147 Epoch: 20 | Epoch Time: 2m 59s
2023-06-19 20:47:55,147 EarlyStopping counter: 1 out of 20
2023-06-19 20:50:31,835 	Train Loss: 7.295411 | Train Acc: 78.009% | Acc0: 61.14% |  Acc1: 95.22% 
2023-06-19 20:50:53,214 	 Val. Loss: 6.217786 |  Val. Acc: 83.854% |  Val. Pre: 86.36% |  Val. Rec: 85.83% |  Val. Fsc: 86.10%
2023-06-19 20:50:53,214 	 Acc0: 68.75% |  Acc1: 100.00% |  Pre0: 100.00% |  Pre1: 72.73% |  Rec0: 71.67% | Rec1: 100.00% 
2023-06-19 20:50:53,214 Epoch: 21 | Epoch Time: 2m 58s
2023-06-19 20:50:53,214 EarlyStopping counter: 2 out of 20
2023-06-19 20:53:30,605 	Train Loss: 7.065916 | Train Acc: 79.630% | Acc0: 61.61% |  Acc1: 96.65% 
2023-06-19 20:53:54,804 	 Val. Loss: 6.082997 |  Val. Acc: 83.854% |  Val. Pre: 86.36% |  Val. Rec: 85.83% |  Val. Fsc: 86.10%
2023-06-19 20:53:54,804 	 Acc0: 68.75% |  Acc1: 100.00% |  Pre0: 100.00% |  Pre1: 72.73% |  Rec0: 71.67% | Rec1: 100.00% 
2023-06-19 20:53:54,804 Epoch: 22 | Epoch Time: 3m 1s
2023-06-19 20:53:54,804 Validation loss decreased (6.154662 --> 6.082997).  Saving model ...
2023-06-19 20:57:51,815 	Train Loss: 6.956852 | Train Acc: 79.630% | Acc0: 60.66% |  Acc1: 97.61% 
2023-06-19 20:58:24,189 	 Val. Loss: 5.892390 |  Val. Acc: 83.854% |  Val. Pre: 86.36% |  Val. Rec: 85.83% |  Val. Fsc: 86.10%
2023-06-19 20:58:24,189 	 Acc0: 68.75% |  Acc1: 100.00% |  Pre0: 100.00% |  Pre1: 72.73% |  Rec0: 71.67% | Rec1: 100.00% 
2023-06-19 20:58:24,189 Epoch: 23 | Epoch Time: 4m 29s
2023-06-19 20:58:24,189 Validation loss decreased (6.082997 --> 5.892390).  Saving model ...
2023-06-19 21:02:20,493 	Train Loss: 6.954025 | Train Acc: 78.241% | Acc0: 61.61% |  Acc1: 95.22% 
2023-06-19 21:02:52,859 	 Val. Loss: 5.867338 |  Val. Acc: 83.854% |  Val. Pre: 86.36% |  Val. Rec: 85.83% |  Val. Fsc: 86.10%
2023-06-19 21:02:52,859 	 Acc0: 68.75% |  Acc1: 100.00% |  Pre0: 100.00% |  Pre1: 72.73% |  Rec0: 71.67% | Rec1: 100.00% 
2023-06-19 21:02:52,859 Epoch: 24 | Epoch Time: 4m 28s
2023-06-19 21:02:52,859 Validation loss decreased (5.892390 --> 5.867338).  Saving model ...
2023-06-19 21:06:49,609 	Train Loss: 6.846628 | Train Acc: 78.935% | Acc0: 61.14% |  Acc1: 97.13% 
2023-06-19 21:07:21,781 	 Val. Loss: 5.757650 |  Val. Acc: 83.854% |  Val. Pre: 86.36% |  Val. Rec: 85.83% |  Val. Fsc: 86.10%
2023-06-19 21:07:21,781 	 Acc0: 68.75% |  Acc1: 100.00% |  Pre0: 100.00% |  Pre1: 72.73% |  Rec0: 71.67% | Rec1: 100.00% 
2023-06-19 21:07:21,794 Epoch: 25 | Epoch Time: 4m 28s
2023-06-19 21:07:21,794 Validation loss decreased (5.867338 --> 5.757650).  Saving model ...
2023-06-19 21:11:01,163 	Train Loss: 6.792324 | Train Acc: 79.398% | Acc0: 61.61% |  Acc1: 96.17% 
2023-06-19 21:11:23,046 	 Val. Loss: 5.792248 |  Val. Acc: 83.854% |  Val. Pre: 86.36% |  Val. Rec: 85.83% |  Val. Fsc: 86.10%
2023-06-19 21:11:23,046 	 Acc0: 68.75% |  Acc1: 100.00% |  Pre0: 100.00% |  Pre1: 72.73% |  Rec0: 71.67% | Rec1: 100.00% 
2023-06-19 21:11:23,046 Epoch: 26 | Epoch Time: 4m 1s
2023-06-19 21:11:23,046 EarlyStopping counter: 1 out of 20
2023-06-19 21:14:00,170 	Train Loss: 6.786334 | Train Acc: 77.315% | Acc0: 60.19% |  Acc1: 97.61% 
2023-06-19 21:14:21,498 	 Val. Loss: 5.606542 |  Val. Acc: 83.854% |  Val. Pre: 86.36% |  Val. Rec: 85.83% |  Val. Fsc: 86.10%
2023-06-19 21:14:21,498 	 Acc0: 68.75% |  Acc1: 100.00% |  Pre0: 100.00% |  Pre1: 72.73% |  Rec0: 71.67% | Rec1: 100.00% 
2023-06-19 21:14:21,498 Epoch: 27 | Epoch Time: 2m 58s
2023-06-19 21:14:21,499 Validation loss decreased (5.757650 --> 5.606542).  Saving model ...
2023-06-19 21:16:58,787 	Train Loss: 6.782959 | Train Acc: 78.241% | Acc0: 60.66% |  Acc1: 96.17% 
2023-06-19 21:17:20,202 	 Val. Loss: 6.011554 |  Val. Acc: 82.292% |  Val. Pre: 85.53% |  Val. Rec: 84.58% |  Val. Fsc: 85.05%
2023-06-19 21:17:20,203 	 Acc0: 65.62% |  Acc1: 100.00% |  Pre0: 100.00% |  Pre1: 71.06% |  Rec0: 69.17% | Rec1: 100.00% 
2023-06-19 21:17:20,203 Epoch: 28 | Epoch Time: 2m 58s
2023-06-19 21:17:20,203 EarlyStopping counter: 1 out of 20
2023-06-19 21:19:56,758 	Train Loss: 6.898356 | Train Acc: 78.472% | Acc0: 59.72% |  Acc1: 97.61% 
2023-06-19 21:20:18,574 	 Val. Loss: 5.973301 |  Val. Acc: 82.292% |  Val. Pre: 85.53% |  Val. Rec: 84.58% |  Val. Fsc: 85.05%
2023-06-19 21:20:18,574 	 Acc0: 65.62% |  Acc1: 100.00% |  Pre0: 100.00% |  Pre1: 71.06% |  Rec0: 69.17% | Rec1: 100.00% 
2023-06-19 21:20:18,574 Epoch: 29 | Epoch Time: 2m 58s
2023-06-19 21:20:18,574 EarlyStopping counter: 2 out of 20
2023-06-19 21:22:55,262 	Train Loss: 6.952793 | Train Acc: 78.704% | Acc0: 60.66% |  Acc1: 95.69% 
2023-06-19 21:23:16,643 	 Val. Loss: 6.177389 |  Val. Acc: 82.292% |  Val. Pre: 85.53% |  Val. Rec: 84.58% |  Val. Fsc: 85.05%
2023-06-19 21:23:16,643 	 Acc0: 65.62% |  Acc1: 100.00% |  Pre0: 100.00% |  Pre1: 71.06% |  Rec0: 69.17% | Rec1: 100.00% 
2023-06-19 21:23:16,656 Epoch: 30 | Epoch Time: 2m 58s
2023-06-19 21:23:16,656 EarlyStopping counter: 3 out of 20
2023-06-19 21:25:53,562 	Train Loss: 6.774565 | Train Acc: 80.093% | Acc0: 61.14% |  Acc1: 98.09% 
2023-06-19 21:26:15,786 	 Val. Loss: 5.641097 |  Val. Acc: 83.854% |  Val. Pre: 86.36% |  Val. Rec: 85.83% |  Val. Fsc: 86.10%
2023-06-19 21:26:15,787 	 Acc0: 68.75% |  Acc1: 100.00% |  Pre0: 100.00% |  Pre1: 72.73% |  Rec0: 71.67% | Rec1: 100.00% 
2023-06-19 21:26:15,787 Epoch: 31 | Epoch Time: 2m 59s
2023-06-19 21:26:15,787 EarlyStopping counter: 4 out of 20
2023-06-19 21:28:52,913 	Train Loss: 6.714689 | Train Acc: 79.861% | Acc0: 61.14% |  Acc1: 97.61% 
2023-06-19 21:29:14,264 	 Val. Loss: 5.426228 |  Val. Acc: 83.854% |  Val. Pre: 86.36% |  Val. Rec: 85.83% |  Val. Fsc: 86.10%
2023-06-19 21:29:14,264 	 Acc0: 68.75% |  Acc1: 100.00% |  Pre0: 100.00% |  Pre1: 72.73% |  Rec0: 71.67% | Rec1: 100.00% 
2023-06-19 21:29:14,264 Epoch: 32 | Epoch Time: 2m 58s
2023-06-19 21:29:14,264 Validation loss decreased (5.606542 --> 5.426228).  Saving model ...
2023-06-19 21:31:51,015 	Train Loss: 6.679302 | Train Acc: 78.704% | Acc0: 61.61% |  Acc1: 96.17% 
2023-06-19 21:32:12,322 	 Val. Loss: 5.431041 |  Val. Acc: 83.854% |  Val. Pre: 86.36% |  Val. Rec: 85.83% |  Val. Fsc: 86.10%
2023-06-19 21:32:12,322 	 Acc0: 68.75% |  Acc1: 100.00% |  Pre0: 100.00% |  Pre1: 72.73% |  Rec0: 71.67% | Rec1: 100.00% 
2023-06-19 21:32:12,322 Epoch: 33 | Epoch Time: 2m 58s
2023-06-19 21:32:12,322 EarlyStopping counter: 1 out of 20
2023-06-19 21:35:51,508 	Train Loss: 6.757415 | Train Acc: 78.472% | Acc0: 61.14% |  Acc1: 96.17% 
2023-06-19 21:36:12,832 	 Val. Loss: 5.446285 |  Val. Acc: 85.417% |  Val. Pre: 87.06% |  Val. Rec: 86.88% |  Val. Fsc: 86.97%
2023-06-19 21:36:12,832 	 Acc0: 71.88% |  Acc1: 100.00% |  Pre0: 100.00% |  Pre1: 74.12% |  Rec0: 73.75% | Rec1: 100.00% 
2023-06-19 21:36:12,832 Epoch: 34 | Epoch Time: 4m 0s
2023-06-19 21:36:12,832 EarlyStopping counter: 2 out of 20
2023-06-19 21:38:50,681 	Train Loss: 6.549740 | Train Acc: 79.630% | Acc0: 62.09% |  Acc1: 96.17% 
2023-06-19 21:39:12,136 	 Val. Loss: 5.878904 |  Val. Acc: 82.292% |  Val. Pre: 85.53% |  Val. Rec: 84.58% |  Val. Fsc: 85.05%
2023-06-19 21:39:12,137 	 Acc0: 65.62% |  Acc1: 100.00% |  Pre0: 100.00% |  Pre1: 71.06% |  Rec0: 69.17% | Rec1: 100.00% 
2023-06-19 21:39:12,155 Epoch: 35 | Epoch Time: 2m 59s
2023-06-19 21:39:12,155 EarlyStopping counter: 3 out of 20
2023-06-19 21:41:49,336 	Train Loss: 6.611214 | Train Acc: 80.556% | Acc0: 62.09% |  Acc1: 98.09% 
2023-06-19 21:42:10,854 	 Val. Loss: 5.487441 |  Val. Acc: 83.854% |  Val. Pre: 86.36% |  Val. Rec: 85.83% |  Val. Fsc: 86.10%
2023-06-19 21:42:10,854 	 Acc0: 68.75% |  Acc1: 100.00% |  Pre0: 100.00% |  Pre1: 72.73% |  Rec0: 71.67% | Rec1: 100.00% 
2023-06-19 21:42:10,855 Epoch: 36 | Epoch Time: 2m 58s
2023-06-19 21:42:10,855 EarlyStopping counter: 4 out of 20
2023-06-19 21:44:48,969 	Train Loss: 6.564942 | Train Acc: 80.093% | Acc0: 60.66% |  Acc1: 98.56% 
2023-06-19 21:45:10,354 	 Val. Loss: 5.281001 |  Val. Acc: 83.854% |  Val. Pre: 86.36% |  Val. Rec: 85.83% |  Val. Fsc: 86.10%
2023-06-19 21:45:10,355 	 Acc0: 68.75% |  Acc1: 100.00% |  Pre0: 100.00% |  Pre1: 72.73% |  Rec0: 71.67% | Rec1: 100.00% 
2023-06-19 21:45:10,355 Epoch: 37 | Epoch Time: 2m 59s
2023-06-19 21:45:10,355 Validation loss decreased (5.426228 --> 5.281001).  Saving model ...
2023-06-19 21:47:47,741 	Train Loss: 6.614022 | Train Acc: 79.398% | Acc0: 61.61% |  Acc1: 97.61% 
2023-06-19 21:48:09,058 	 Val. Loss: 5.399834 |  Val. Acc: 83.854% |  Val. Pre: 86.36% |  Val. Rec: 85.83% |  Val. Fsc: 86.10%
2023-06-19 21:48:09,059 	 Acc0: 68.75% |  Acc1: 100.00% |  Pre0: 100.00% |  Pre1: 72.73% |  Rec0: 71.67% | Rec1: 100.00% 
2023-06-19 21:48:09,059 Epoch: 38 | Epoch Time: 2m 58s
2023-06-19 21:48:09,059 EarlyStopping counter: 1 out of 20
2023-06-19 21:50:46,595 	Train Loss: 6.456342 | Train Acc: 79.630% | Acc0: 61.61% |  Acc1: 98.09% 
2023-06-19 21:51:07,944 	 Val. Loss: 5.300302 |  Val. Acc: 83.854% |  Val. Pre: 86.36% |  Val. Rec: 85.83% |  Val. Fsc: 86.10%
2023-06-19 21:51:07,945 	 Acc0: 68.75% |  Acc1: 100.00% |  Pre0: 100.00% |  Pre1: 72.73% |  Rec0: 71.67% | Rec1: 100.00% 
2023-06-19 21:51:07,945 Epoch: 39 | Epoch Time: 2m 58s
2023-06-19 21:51:07,945 EarlyStopping counter: 2 out of 20
2023-06-19 21:53:44,338 	Train Loss: 6.419192 | Train Acc: 80.093% | Acc0: 62.09% |  Acc1: 98.56% 
2023-06-19 21:54:05,723 	 Val. Loss: 5.130047 |  Val. Acc: 86.979% |  Val. Pre: 88.19% |  Val. Rec: 88.96% |  Val. Fsc: 88.57%
2023-06-19 21:54:05,723 	 Acc0: 75.00% |  Acc1: 100.00% |  Pre0: 100.00% |  Pre1: 76.39% |  Rec0: 77.92% | Rec1: 100.00% 
2023-06-19 21:54:05,735 Epoch: 40 | Epoch Time: 2m 57s
2023-06-19 21:54:05,735 Validation loss decreased (5.281001 --> 5.130047).  Saving model ...
2023-06-19 21:56:41,776 	Train Loss: 6.477912 | Train Acc: 78.935% | Acc0: 61.61% |  Acc1: 98.09% 
2023-06-19 21:57:03,047 	 Val. Loss: 5.167158 |  Val. Acc: 85.417% |  Val. Pre: 87.06% |  Val. Rec: 86.88% |  Val. Fsc: 86.97%
2023-06-19 21:57:03,047 	 Acc0: 71.88% |  Acc1: 100.00% |  Pre0: 100.00% |  Pre1: 74.12% |  Rec0: 73.75% | Rec1: 100.00% 
2023-06-19 21:57:03,047 Epoch: 41 | Epoch Time: 2m 57s
2023-06-19 21:57:03,047 EarlyStopping counter: 1 out of 20
2023-06-19 21:59:39,539 	Train Loss: 6.633237 | Train Acc: 78.241% | Acc0: 60.19% |  Acc1: 98.09% 
2023-06-19 22:00:00,761 	 Val. Loss: 5.310517 |  Val. Acc: 85.417% |  Val. Pre: 87.06% |  Val. Rec: 86.88% |  Val. Fsc: 86.97%
2023-06-19 22:00:00,761 	 Acc0: 71.88% |  Acc1: 100.00% |  Pre0: 100.00% |  Pre1: 74.12% |  Rec0: 73.75% | Rec1: 100.00% 
2023-06-19 22:00:00,761 Epoch: 42 | Epoch Time: 2m 57s
2023-06-19 22:00:00,761 EarlyStopping counter: 2 out of 20
2023-06-19 22:02:36,912 	Train Loss: 6.496070 | Train Acc: 80.324% | Acc0: 63.51% |  Acc1: 97.61% 
2023-06-19 22:02:58,233 	 Val. Loss: 5.369643 |  Val. Acc: 84.896% |  Val. Pre: 84.90% |  Val. Rec: 87.40% |  Val. Fsc: 86.13%
2023-06-19 22:02:58,234 	 Acc0: 75.00% |  Acc1: 96.43% |  Pre0: 93.75% |  Pre1: 76.04% |  Rec0: 77.92% | Rec1: 96.88% 
2023-06-19 22:02:58,234 Epoch: 43 | Epoch Time: 2m 57s
2023-06-19 22:02:58,234 EarlyStopping counter: 3 out of 20
2023-06-19 22:05:39,027 	Train Loss: 6.574085 | Train Acc: 78.241% | Acc0: 61.61% |  Acc1: 96.65% 
2023-06-19 22:06:00,562 	 Val. Loss: 5.458676 |  Val. Acc: 82.292% |  Val. Pre: 85.53% |  Val. Rec: 84.58% |  Val. Fsc: 85.05%
2023-06-19 22:06:00,563 	 Acc0: 65.62% |  Acc1: 100.00% |  Pre0: 100.00% |  Pre1: 71.06% |  Rec0: 69.17% | Rec1: 100.00% 
2023-06-19 22:06:00,563 Epoch: 44 | Epoch Time: 3m 2s
2023-06-19 22:06:00,563 EarlyStopping counter: 4 out of 20
2023-06-19 22:08:37,365 	Train Loss: 6.388239 | Train Acc: 79.861% | Acc0: 62.09% |  Acc1: 98.09% 
2023-06-19 22:08:58,665 	 Val. Loss: 5.165202 |  Val. Acc: 86.979% |  Val. Pre: 88.19% |  Val. Rec: 88.96% |  Val. Fsc: 88.57%
2023-06-19 22:08:58,665 	 Acc0: 75.00% |  Acc1: 100.00% |  Pre0: 100.00% |  Pre1: 76.39% |  Rec0: 77.92% | Rec1: 100.00% 
2023-06-19 22:08:58,678 Epoch: 45 | Epoch Time: 2m 58s
2023-06-19 22:08:58,678 EarlyStopping counter: 5 out of 20
2023-06-19 22:11:35,575 	Train Loss: 6.380746 | Train Acc: 79.167% | Acc0: 62.09% |  Acc1: 98.09% 
2023-06-19 22:11:57,075 	 Val. Loss: 5.179418 |  Val. Acc: 85.417% |  Val. Pre: 87.06% |  Val. Rec: 86.88% |  Val. Fsc: 86.97%
2023-06-19 22:11:57,075 	 Acc0: 71.88% |  Acc1: 100.00% |  Pre0: 100.00% |  Pre1: 74.12% |  Rec0: 73.75% | Rec1: 100.00% 
2023-06-19 22:11:57,075 Epoch: 46 | Epoch Time: 2m 58s
2023-06-19 22:11:57,075 EarlyStopping counter: 6 out of 20
2023-06-19 22:14:34,827 	Train Loss: 6.297567 | Train Acc: 80.556% | Acc0: 62.09% |  Acc1: 98.09% 
2023-06-19 22:14:56,104 	 Val. Loss: 5.013185 |  Val. Acc: 85.417% |  Val. Pre: 87.06% |  Val. Rec: 86.88% |  Val. Fsc: 86.97%
2023-06-19 22:14:56,104 	 Acc0: 71.88% |  Acc1: 100.00% |  Pre0: 100.00% |  Pre1: 74.12% |  Rec0: 73.75% | Rec1: 100.00% 
2023-06-19 22:14:56,104 Epoch: 47 | Epoch Time: 2m 59s
2023-06-19 22:14:56,104 Validation loss decreased (5.130047 --> 5.013185).  Saving model ...
2023-06-19 22:17:32,297 	Train Loss: 6.372341 | Train Acc: 80.787% | Acc0: 63.51% |  Acc1: 97.13% 
2023-06-19 22:17:53,676 	 Val. Loss: 5.825036 |  Val. Acc: 82.292% |  Val. Pre: 85.53% |  Val. Rec: 84.58% |  Val. Fsc: 85.05%
2023-06-19 22:17:53,676 	 Acc0: 65.62% |  Acc1: 100.00% |  Pre0: 100.00% |  Pre1: 71.06% |  Rec0: 69.17% | Rec1: 100.00% 
2023-06-19 22:17:53,676 Epoch: 48 | Epoch Time: 2m 57s
2023-06-19 22:17:53,676 EarlyStopping counter: 1 out of 20
2023-06-19 22:20:30,201 	Train Loss: 6.492912 | Train Acc: 79.167% | Acc0: 61.61% |  Acc1: 97.13% 
2023-06-19 22:20:51,562 	 Val. Loss: 5.221804 |  Val. Acc: 83.854% |  Val. Pre: 86.36% |  Val. Rec: 85.83% |  Val. Fsc: 86.10%
2023-06-19 22:20:51,562 	 Acc0: 68.75% |  Acc1: 100.00% |  Pre0: 100.00% |  Pre1: 72.73% |  Rec0: 71.67% | Rec1: 100.00% 
2023-06-19 22:20:51,562 Epoch: 49 | Epoch Time: 2m 57s
2023-06-19 22:20:51,562 EarlyStopping counter: 2 out of 20
2023-06-19 22:23:28,768 	Train Loss: 6.237013 | Train Acc: 80.324% | Acc0: 61.61% |  Acc1: 98.09% 
2023-06-19 22:23:50,066 	 Val. Loss: 4.976568 |  Val. Acc: 85.417% |  Val. Pre: 87.06% |  Val. Rec: 86.88% |  Val. Fsc: 86.97%
2023-06-19 22:23:50,066 	 Acc0: 71.88% |  Acc1: 100.00% |  Pre0: 100.00% |  Pre1: 74.12% |  Rec0: 73.75% | Rec1: 100.00% 
2023-06-19 22:23:50,078 Epoch: 50 | Epoch Time: 2m 58s
2023-06-19 22:23:50,078 Validation loss decreased (5.013185 --> 4.976568).  Saving model ...
2023-06-19 22:26:26,783 	Train Loss: 6.178123 | Train Acc: 79.398% | Acc0: 60.66% |  Acc1: 98.56% 
2023-06-19 22:26:48,180 	 Val. Loss: 4.930922 |  Val. Acc: 85.417% |  Val. Pre: 87.06% |  Val. Rec: 86.88% |  Val. Fsc: 86.97%
2023-06-19 22:26:48,180 	 Acc0: 71.88% |  Acc1: 100.00% |  Pre0: 100.00% |  Pre1: 74.12% |  Rec0: 73.75% | Rec1: 100.00% 
2023-06-19 22:26:48,180 Epoch: 51 | Epoch Time: 2m 58s
2023-06-19 22:26:48,180 Validation loss decreased (4.976568 --> 4.930922).  Saving model ...
2023-06-19 22:29:25,605 	Train Loss: 6.154805 | Train Acc: 80.556% | Acc0: 63.98% |  Acc1: 97.61% 
2023-06-19 22:29:46,041 	 Val. Loss: 5.211648 |  Val. Acc: 82.292% |  Val. Pre: 85.53% |  Val. Rec: 84.58% |  Val. Fsc: 85.05%
2023-06-19 22:29:46,042 	 Acc0: 65.62% |  Acc1: 100.00% |  Pre0: 100.00% |  Pre1: 71.06% |  Rec0: 69.17% | Rec1: 100.00% 
2023-06-19 22:29:46,042 Epoch: 52 | Epoch Time: 2m 57s
2023-06-19 22:29:46,042 EarlyStopping counter: 1 out of 20
2023-06-19 22:32:17,404 	Train Loss: 6.134451 | Train Acc: 81.250% | Acc0: 65.88% |  Acc1: 95.69% 
2023-06-19 22:32:38,551 	 Val. Loss: 5.081616 |  Val. Acc: 85.417% |  Val. Pre: 87.06% |  Val. Rec: 86.88% |  Val. Fsc: 86.97%
2023-06-19 22:32:38,551 	 Acc0: 71.88% |  Acc1: 100.00% |  Pre0: 100.00% |  Pre1: 74.12% |  Rec0: 73.75% | Rec1: 100.00% 
2023-06-19 22:32:38,551 Epoch: 53 | Epoch Time: 2m 52s
2023-06-19 22:32:38,551 EarlyStopping counter: 2 out of 20
2023-06-19 22:35:09,594 	Train Loss: 6.284501 | Train Acc: 79.861% | Acc0: 62.56% |  Acc1: 97.61% 
2023-06-19 22:35:30,100 	 Val. Loss: 4.937876 |  Val. Acc: 85.417% |  Val. Pre: 87.06% |  Val. Rec: 86.88% |  Val. Fsc: 86.97%
2023-06-19 22:35:30,100 	 Acc0: 71.88% |  Acc1: 100.00% |  Pre0: 100.00% |  Pre1: 74.12% |  Rec0: 73.75% | Rec1: 100.00% 
2023-06-19 22:35:30,100 Epoch: 54 | Epoch Time: 2m 51s
2023-06-19 22:35:30,100 EarlyStopping counter: 3 out of 20
2023-06-19 22:38:00,690 	Train Loss: 6.120359 | Train Acc: 80.787% | Acc0: 64.93% |  Acc1: 97.13% 
2023-06-19 22:38:21,104 	 Val. Loss: 5.191369 |  Val. Acc: 82.292% |  Val. Pre: 85.53% |  Val. Rec: 84.58% |  Val. Fsc: 85.05%
2023-06-19 22:38:21,104 	 Acc0: 65.62% |  Acc1: 100.00% |  Pre0: 100.00% |  Pre1: 71.06% |  Rec0: 69.17% | Rec1: 100.00% 
2023-06-19 22:38:21,115 Epoch: 55 | Epoch Time: 2m 51s
2023-06-19 22:38:21,115 EarlyStopping counter: 4 out of 20
2023-06-19 22:40:51,644 	Train Loss: 6.334426 | Train Acc: 78.472% | Acc0: 62.09% |  Acc1: 95.22% 
2023-06-19 22:41:12,098 	 Val. Loss: 4.913596 |  Val. Acc: 85.417% |  Val. Pre: 87.06% |  Val. Rec: 86.88% |  Val. Fsc: 86.97%
2023-06-19 22:41:12,098 	 Acc0: 71.88% |  Acc1: 100.00% |  Pre0: 100.00% |  Pre1: 74.12% |  Rec0: 73.75% | Rec1: 100.00% 
2023-06-19 22:41:12,098 Epoch: 56 | Epoch Time: 2m 50s
2023-06-19 22:41:12,099 Validation loss decreased (4.930922 --> 4.913596).  Saving model ...
2023-06-19 22:43:41,403 	Train Loss: 6.299347 | Train Acc: 79.398% | Acc0: 60.66% |  Acc1: 97.13% 
2023-06-19 22:44:01,803 	 Val. Loss: 5.023382 |  Val. Acc: 85.417% |  Val. Pre: 87.06% |  Val. Rec: 86.88% |  Val. Fsc: 86.97%
2023-06-19 22:44:01,803 	 Acc0: 71.88% |  Acc1: 100.00% |  Pre0: 100.00% |  Pre1: 74.12% |  Rec0: 73.75% | Rec1: 100.00% 
2023-06-19 22:44:01,803 Epoch: 57 | Epoch Time: 2m 49s
2023-06-19 22:44:01,803 EarlyStopping counter: 1 out of 20
2023-06-19 22:46:29,908 	Train Loss: 6.093871 | Train Acc: 80.324% | Acc0: 63.51% |  Acc1: 97.61% 
2023-06-19 22:46:50,034 	 Val. Loss: 4.819572 |  Val. Acc: 85.417% |  Val. Pre: 87.06% |  Val. Rec: 86.88% |  Val. Fsc: 86.97%
2023-06-19 22:46:50,034 	 Acc0: 71.88% |  Acc1: 100.00% |  Pre0: 100.00% |  Pre1: 74.12% |  Rec0: 73.75% | Rec1: 100.00% 
2023-06-19 22:46:50,034 Epoch: 58 | Epoch Time: 2m 48s
2023-06-19 22:46:50,034 Validation loss decreased (4.913596 --> 4.819572).  Saving model ...
2023-06-19 22:49:17,943 	Train Loss: 6.239286 | Train Acc: 80.556% | Acc0: 63.03% |  Acc1: 98.56% 
2023-06-19 22:49:38,098 	 Val. Loss: 5.007725 |  Val. Acc: 89.062% |  Val. Pre: 89.58% |  Val. Rec: 92.08% |  Val. Fsc: 90.82%
2023-06-19 22:49:38,098 	 Acc0: 78.12% |  Acc1: 100.00% |  Pre0: 100.00% |  Pre1: 79.17% |  Rec0: 84.17% | Rec1: 100.00% 
2023-06-19 22:49:38,098 Epoch: 59 | Epoch Time: 2m 48s
2023-06-19 22:49:38,098 EarlyStopping counter: 1 out of 20
2023-06-19 22:52:06,787 	Train Loss: 6.288892 | Train Acc: 79.861% | Acc0: 63.03% |  Acc1: 97.13% 
2023-06-19 22:52:26,919 	 Val. Loss: 4.866243 |  Val. Acc: 89.062% |  Val. Pre: 89.58% |  Val. Rec: 92.08% |  Val. Fsc: 90.82%
2023-06-19 22:52:26,919 	 Acc0: 78.12% |  Acc1: 100.00% |  Pre0: 100.00% |  Pre1: 79.17% |  Rec0: 84.17% | Rec1: 100.00% 
2023-06-19 22:52:26,931 Epoch: 60 | Epoch Time: 2m 48s
2023-06-19 22:52:26,931 EarlyStopping counter: 2 out of 20
2023-06-19 22:54:54,849 	Train Loss: 6.149216 | Train Acc: 79.861% | Acc0: 62.09% |  Acc1: 98.09% 
2023-06-19 22:55:15,060 	 Val. Loss: 4.826443 |  Val. Acc: 86.979% |  Val. Pre: 87.08% |  Val. Rec: 90.52% |  Val. Fsc: 88.77%
2023-06-19 22:55:15,060 	 Acc0: 78.12% |  Acc1: 96.43% |  Pre0: 95.00% |  Pre1: 79.17% |  Rec0: 84.17% | Rec1: 96.88% 
2023-06-19 22:55:15,060 Epoch: 61 | Epoch Time: 2m 48s
2023-06-19 22:55:15,060 EarlyStopping counter: 3 out of 20
2023-06-19 22:57:43,056 	Train Loss: 6.081131 | Train Acc: 81.019% | Acc0: 65.40% |  Acc1: 97.13% 
2023-06-19 22:58:03,157 	 Val. Loss: 4.892727 |  Val. Acc: 85.417% |  Val. Pre: 87.06% |  Val. Rec: 86.88% |  Val. Fsc: 86.97%
2023-06-19 22:58:03,157 	 Acc0: 71.88% |  Acc1: 100.00% |  Pre0: 100.00% |  Pre1: 74.12% |  Rec0: 73.75% | Rec1: 100.00% 
2023-06-19 22:58:03,158 Epoch: 62 | Epoch Time: 2m 48s
2023-06-19 22:58:03,158 EarlyStopping counter: 4 out of 20
2023-06-19 23:00:32,400 	Train Loss: 5.911348 | Train Acc: 81.944% | Acc0: 67.30% |  Acc1: 97.13% 
2023-06-19 23:00:52,619 	 Val. Loss: 5.148482 |  Val. Acc: 82.292% |  Val. Pre: 85.53% |  Val. Rec: 84.58% |  Val. Fsc: 85.05%
2023-06-19 23:00:52,619 	 Acc0: 65.62% |  Acc1: 100.00% |  Pre0: 100.00% |  Pre1: 71.06% |  Rec0: 69.17% | Rec1: 100.00% 
2023-06-19 23:00:52,619 Epoch: 63 | Epoch Time: 2m 49s
2023-06-19 23:00:52,619 EarlyStopping counter: 5 out of 20
2023-06-19 23:03:20,618 	Train Loss: 6.098150 | Train Acc: 81.019% | Acc0: 63.51% |  Acc1: 97.61% 
2023-06-19 23:03:40,807 	 Val. Loss: 4.801554 |  Val. Acc: 85.417% |  Val. Pre: 87.06% |  Val. Rec: 86.88% |  Val. Fsc: 86.97%
2023-06-19 23:03:40,808 	 Acc0: 71.88% |  Acc1: 100.00% |  Pre0: 100.00% |  Pre1: 74.12% |  Rec0: 73.75% | Rec1: 100.00% 
2023-06-19 23:03:40,808 Epoch: 64 | Epoch Time: 2m 48s
2023-06-19 23:03:40,808 Validation loss decreased (4.819572 --> 4.801554).  Saving model ...
2023-06-19 23:06:08,998 	Train Loss: 5.950471 | Train Acc: 81.019% | Acc0: 63.51% |  Acc1: 97.61% 
2023-06-19 23:06:29,697 	 Val. Loss: 4.629357 |  Val. Acc: 89.062% |  Val. Pre: 89.58% |  Val. Rec: 92.08% |  Val. Fsc: 90.82%
2023-06-19 23:06:29,697 	 Acc0: 78.12% |  Acc1: 100.00% |  Pre0: 100.00% |  Pre1: 79.17% |  Rec0: 84.17% | Rec1: 100.00% 
2023-06-19 23:06:29,709 Epoch: 65 | Epoch Time: 2m 48s
2023-06-19 23:06:29,709 Validation loss decreased (4.801554 --> 4.629357).  Saving model ...
2023-06-19 23:08:57,713 	Train Loss: 6.080205 | Train Acc: 81.481% | Acc0: 64.45% |  Acc1: 97.61% 
2023-06-19 23:09:17,911 	 Val. Loss: 5.045506 |  Val. Acc: 83.854% |  Val. Pre: 86.36% |  Val. Rec: 85.83% |  Val. Fsc: 86.10%
2023-06-19 23:09:17,911 	 Acc0: 68.75% |  Acc1: 100.00% |  Pre0: 100.00% |  Pre1: 72.73% |  Rec0: 71.67% | Rec1: 100.00% 
2023-06-19 23:09:17,911 Epoch: 66 | Epoch Time: 2m 48s
2023-06-19 23:09:17,911 EarlyStopping counter: 1 out of 20
2023-06-19 23:11:45,897 	Train Loss: 6.092535 | Train Acc: 82.639% | Acc0: 66.82% |  Acc1: 97.61% 
2023-06-19 23:12:06,087 	 Val. Loss: 4.862710 |  Val. Acc: 85.417% |  Val. Pre: 87.06% |  Val. Rec: 86.88% |  Val. Fsc: 86.97%
2023-06-19 23:12:06,088 	 Acc0: 71.88% |  Acc1: 100.00% |  Pre0: 100.00% |  Pre1: 74.12% |  Rec0: 73.75% | Rec1: 100.00% 
2023-06-19 23:12:06,088 Epoch: 67 | Epoch Time: 2m 48s
2023-06-19 23:12:06,088 EarlyStopping counter: 2 out of 20
2023-06-19 23:14:34,441 	Train Loss: 5.707318 | Train Acc: 81.481% | Acc0: 68.72% |  Acc1: 96.17% 
2023-06-19 23:14:54,637 	 Val. Loss: 4.614427 |  Val. Acc: 86.979% |  Val. Pre: 88.19% |  Val. Rec: 88.96% |  Val. Fsc: 88.57%
2023-06-19 23:14:54,637 	 Acc0: 75.00% |  Acc1: 100.00% |  Pre0: 100.00% |  Pre1: 76.39% |  Rec0: 77.92% | Rec1: 100.00% 
2023-06-19 23:14:54,637 Epoch: 68 | Epoch Time: 2m 48s
2023-06-19 23:14:54,637 Validation loss decreased (4.629357 --> 4.614427).  Saving model ...
2023-06-19 23:17:22,665 	Train Loss: 6.016654 | Train Acc: 80.093% | Acc0: 63.51% |  Acc1: 97.13% 
2023-06-19 23:17:42,761 	 Val. Loss: 4.678883 |  Val. Acc: 86.979% |  Val. Pre: 88.19% |  Val. Rec: 88.96% |  Val. Fsc: 88.57%
2023-06-19 23:17:42,761 	 Acc0: 75.00% |  Acc1: 100.00% |  Pre0: 100.00% |  Pre1: 76.39% |  Rec0: 77.92% | Rec1: 100.00% 
2023-06-19 23:17:42,761 Epoch: 69 | Epoch Time: 2m 48s
2023-06-19 23:17:42,761 EarlyStopping counter: 1 out of 20
2023-06-19 23:20:10,994 	Train Loss: 6.084508 | Train Acc: 78.704% | Acc0: 60.19% |  Acc1: 99.04% 
2023-06-19 23:20:31,278 	 Val. Loss: 4.869878 |  Val. Acc: 87.500% |  Val. Pre: 88.45% |  Val. Rec: 90.00% |  Val. Fsc: 89.22%
2023-06-19 23:20:31,278 	 Acc0: 75.00% |  Acc1: 100.00% |  Pre0: 100.00% |  Pre1: 76.89% |  Rec0: 80.00% | Rec1: 100.00% 
2023-06-19 23:20:31,291 Epoch: 70 | Epoch Time: 2m 48s
2023-06-19 23:20:31,291 EarlyStopping counter: 2 out of 20
2023-06-19 23:23:00,158 	Train Loss: 6.093672 | Train Acc: 79.398% | Acc0: 63.51% |  Acc1: 97.13% 
2023-06-19 23:23:20,320 	 Val. Loss: 4.619187 |  Val. Acc: 89.062% |  Val. Pre: 89.58% |  Val. Rec: 92.08% |  Val. Fsc: 90.82%
2023-06-19 23:23:20,320 	 Acc0: 78.12% |  Acc1: 100.00% |  Pre0: 100.00% |  Pre1: 79.17% |  Rec0: 84.17% | Rec1: 100.00% 
2023-06-19 23:23:20,320 Epoch: 71 | Epoch Time: 2m 49s
2023-06-19 23:23:20,320 EarlyStopping counter: 3 out of 20
2023-06-19 23:25:50,925 	Train Loss: 5.953209 | Train Acc: 80.324% | Acc0: 64.45% |  Acc1: 96.65% 
2023-06-19 23:26:11,442 	 Val. Loss: 4.586003 |  Val. Acc: 89.062% |  Val. Pre: 89.58% |  Val. Rec: 92.08% |  Val. Fsc: 90.82%
2023-06-19 23:26:11,442 	 Acc0: 78.12% |  Acc1: 100.00% |  Pre0: 100.00% |  Pre1: 79.17% |  Rec0: 84.17% | Rec1: 100.00% 
2023-06-19 23:26:11,442 Epoch: 72 | Epoch Time: 2m 51s
2023-06-19 23:26:11,442 Validation loss decreased (4.614427 --> 4.586003).  Saving model ...
2023-06-19 23:28:40,896 	Train Loss: 5.839491 | Train Acc: 81.481% | Acc0: 65.40% |  Acc1: 96.65% 
2023-06-19 23:29:01,130 	 Val. Loss: 4.868466 |  Val. Acc: 85.417% |  Val. Pre: 87.06% |  Val. Rec: 86.88% |  Val. Fsc: 86.97%
2023-06-19 23:29:01,130 	 Acc0: 71.88% |  Acc1: 100.00% |  Pre0: 100.00% |  Pre1: 74.12% |  Rec0: 73.75% | Rec1: 100.00% 
2023-06-19 23:29:01,130 Epoch: 73 | Epoch Time: 2m 49s
2023-06-19 23:29:01,130 EarlyStopping counter: 1 out of 20
2023-06-19 23:31:29,762 	Train Loss: 5.768813 | Train Acc: 81.481% | Acc0: 66.82% |  Acc1: 96.65% 
2023-06-19 23:31:50,067 	 Val. Loss: 4.411978 |  Val. Acc: 89.062% |  Val. Pre: 89.58% |  Val. Rec: 92.08% |  Val. Fsc: 90.82%
2023-06-19 23:31:50,067 	 Acc0: 78.12% |  Acc1: 100.00% |  Pre0: 100.00% |  Pre1: 79.17% |  Rec0: 84.17% | Rec1: 100.00% 
2023-06-19 23:31:50,067 Epoch: 74 | Epoch Time: 2m 48s
2023-06-19 23:31:50,067 Validation loss decreased (4.586003 --> 4.411978).  Saving model ...
2023-06-19 23:34:18,584 	Train Loss: 5.998899 | Train Acc: 81.250% | Acc0: 64.45% |  Acc1: 97.13% 
2023-06-19 23:34:38,830 	 Val. Loss: 4.618348 |  Val. Acc: 87.500% |  Val. Pre: 88.45% |  Val. Rec: 90.00% |  Val. Fsc: 89.22%
2023-06-19 23:34:38,830 	 Acc0: 75.00% |  Acc1: 100.00% |  Pre0: 100.00% |  Pre1: 76.89% |  Rec0: 80.00% | Rec1: 100.00% 
2023-06-19 23:34:38,843 Epoch: 75 | Epoch Time: 2m 48s
2023-06-19 23:34:38,843 EarlyStopping counter: 1 out of 20
2023-06-19 23:37:06,888 	Train Loss: 5.947675 | Train Acc: 81.019% | Acc0: 64.45% |  Acc1: 96.65% 
2023-06-19 23:37:27,078 	 Val. Loss: 4.519868 |  Val. Acc: 89.062% |  Val. Pre: 89.58% |  Val. Rec: 92.08% |  Val. Fsc: 90.82%
2023-06-19 23:37:27,078 	 Acc0: 78.12% |  Acc1: 100.00% |  Pre0: 100.00% |  Pre1: 79.17% |  Rec0: 84.17% | Rec1: 100.00% 
2023-06-19 23:37:27,078 Epoch: 76 | Epoch Time: 2m 48s
2023-06-19 23:37:27,078 EarlyStopping counter: 2 out of 20
2023-06-19 23:39:56,695 	Train Loss: 5.794973 | Train Acc: 80.556% | Acc0: 64.45% |  Acc1: 97.13% 
2023-06-19 23:40:16,924 	 Val. Loss: 5.046990 |  Val. Acc: 78.125% |  Val. Pre: 78.86% |  Val. Rec: 77.19% |  Val. Fsc: 78.02%
2023-06-19 23:40:16,924 	 Acc0: 90.62% |  Acc1: 64.29% |  Pre0: 72.72% |  Pre1: 85.00% |  Rec0: 93.75% | Rec1: 60.62% 
2023-06-19 23:40:16,924 Epoch: 77 | Epoch Time: 2m 49s
2023-06-19 23:40:16,924 EarlyStopping counter: 3 out of 20
2023-06-19 23:42:45,177 	Train Loss: 6.155131 | Train Acc: 79.861% | Acc0: 64.45% |  Acc1: 94.26% 
2023-06-19 23:43:05,832 	 Val. Loss: 4.870477 |  Val. Acc: 86.979% |  Val. Pre: 87.08% |  Val. Rec: 90.52% |  Val. Fsc: 88.77%
2023-06-19 23:43:05,832 	 Acc0: 78.12% |  Acc1: 96.43% |  Pre0: 95.00% |  Pre1: 79.17% |  Rec0: 84.17% | Rec1: 96.88% 
2023-06-19 23:43:05,832 Epoch: 78 | Epoch Time: 2m 48s
2023-06-19 23:43:05,832 EarlyStopping counter: 4 out of 20
2023-06-19 23:45:33,867 	Train Loss: 5.714418 | Train Acc: 81.713% | Acc0: 67.30% |  Acc1: 98.09% 
2023-06-19 23:45:53,911 	 Val. Loss: 4.246686 |  Val. Acc: 86.979% |  Val. Pre: 87.08% |  Val. Rec: 90.52% |  Val. Fsc: 88.77%
2023-06-19 23:45:53,911 	 Acc0: 78.12% |  Acc1: 96.43% |  Pre0: 95.00% |  Pre1: 79.17% |  Rec0: 84.17% | Rec1: 96.88% 
2023-06-19 23:45:53,911 Epoch: 79 | Epoch Time: 2m 48s
2023-06-19 23:45:53,911 Validation loss decreased (4.411978 --> 4.246686).  Saving model ...
2023-06-19 23:48:21,300 	Train Loss: 6.306321 | Train Acc: 79.861% | Acc0: 65.88% |  Acc1: 95.69% 
2023-06-19 23:48:41,577 	 Val. Loss: 4.757096 |  Val. Acc: 87.500% |  Val. Pre: 88.45% |  Val. Rec: 90.00% |  Val. Fsc: 89.22%
2023-06-19 23:48:41,577 	 Acc0: 75.00% |  Acc1: 100.00% |  Pre0: 100.00% |  Pre1: 76.89% |  Rec0: 80.00% | Rec1: 100.00% 
2023-06-19 23:48:41,594 Epoch: 80 | Epoch Time: 2m 47s
2023-06-19 23:48:41,594 EarlyStopping counter: 1 out of 20
2023-06-19 23:51:11,235 	Train Loss: 5.863757 | Train Acc: 83.102% | Acc0: 68.25% |  Acc1: 97.13% 
2023-06-19 23:51:31,457 	 Val. Loss: 4.620408 |  Val. Acc: 86.979% |  Val. Pre: 87.08% |  Val. Rec: 90.52% |  Val. Fsc: 88.77%
2023-06-19 23:51:31,458 	 Acc0: 78.12% |  Acc1: 96.43% |  Pre0: 95.00% |  Pre1: 79.17% |  Rec0: 84.17% | Rec1: 96.88% 
2023-06-19 23:51:31,458 Epoch: 81 | Epoch Time: 2m 49s
2023-06-19 23:51:31,458 EarlyStopping counter: 2 out of 20
2023-06-19 23:53:59,713 	Train Loss: 6.093418 | Train Acc: 80.556% | Acc0: 63.51% |  Acc1: 96.65% 
2023-06-19 23:54:19,869 	 Val. Loss: 4.628779 |  Val. Acc: 87.500% |  Val. Pre: 88.45% |  Val. Rec: 90.00% |  Val. Fsc: 89.22%
2023-06-19 23:54:19,869 	 Acc0: 75.00% |  Acc1: 100.00% |  Pre0: 100.00% |  Pre1: 76.89% |  Rec0: 80.00% | Rec1: 100.00% 
2023-06-19 23:54:19,869 Epoch: 82 | Epoch Time: 2m 48s
2023-06-19 23:54:19,870 EarlyStopping counter: 3 out of 20
2023-06-19 23:57:07,813 	Train Loss: 5.936620 | Train Acc: 80.787% | Acc0: 66.35% |  Acc1: 95.69% 
2023-06-19 23:57:38,435 	 Val. Loss: 4.650723 |  Val. Acc: 85.417% |  Val. Pre: 87.06% |  Val. Rec: 86.88% |  Val. Fsc: 86.97%
2023-06-19 23:57:38,435 	 Acc0: 71.88% |  Acc1: 100.00% |  Pre0: 100.00% |  Pre1: 74.12% |  Rec0: 73.75% | Rec1: 100.00% 
2023-06-19 23:57:38,435 Epoch: 83 | Epoch Time: 3m 18s
2023-06-19 23:57:38,435 EarlyStopping counter: 4 out of 20
2023-06-20 00:00:13,413 	Train Loss: 5.983579 | Train Acc: 79.861% | Acc0: 65.40% |  Acc1: 97.61% 
2023-06-20 00:00:33,599 	 Val. Loss: 4.625193 |  Val. Acc: 87.500% |  Val. Pre: 88.45% |  Val. Rec: 90.00% |  Val. Fsc: 89.22%
2023-06-20 00:00:33,602 	 Acc0: 75.00% |  Acc1: 100.00% |  Pre0: 100.00% |  Pre1: 76.89% |  Rec0: 80.00% | Rec1: 100.00% 
2023-06-20 00:00:33,602 Epoch: 84 | Epoch Time: 2m 55s
2023-06-20 00:00:33,602 EarlyStopping counter: 5 out of 20
2023-06-20 00:03:02,126 	Train Loss: 5.956149 | Train Acc: 82.176% | Acc0: 68.72% |  Acc1: 96.17% 
2023-06-20 00:03:22,301 	 Val. Loss: 4.445299 |  Val. Acc: 89.062% |  Val. Pre: 89.58% |  Val. Rec: 92.08% |  Val. Fsc: 90.82%
2023-06-20 00:03:22,302 	 Acc0: 78.12% |  Acc1: 100.00% |  Pre0: 100.00% |  Pre1: 79.17% |  Rec0: 84.17% | Rec1: 100.00% 
2023-06-20 00:03:22,316 Epoch: 85 | Epoch Time: 2m 48s
2023-06-20 00:03:22,316 EarlyStopping counter: 6 out of 20
2023-06-20 00:05:50,824 	Train Loss: 5.621112 | Train Acc: 83.333% | Acc0: 69.67% |  Acc1: 96.17% 
2023-06-20 00:06:11,160 	 Val. Loss: 4.442771 |  Val. Acc: 89.062% |  Val. Pre: 89.58% |  Val. Rec: 92.08% |  Val. Fsc: 90.82%
2023-06-20 00:06:11,161 	 Acc0: 78.12% |  Acc1: 100.00% |  Pre0: 100.00% |  Pre1: 79.17% |  Rec0: 84.17% | Rec1: 100.00% 
2023-06-20 00:06:11,161 Epoch: 86 | Epoch Time: 2m 48s
2023-06-20 00:06:11,161 EarlyStopping counter: 7 out of 20
2023-06-20 00:08:39,765 	Train Loss: 5.544575 | Train Acc: 84.028% | Acc0: 69.67% |  Acc1: 97.61% 
2023-06-20 00:08:59,991 	 Val. Loss: 4.281534 |  Val. Acc: 89.062% |  Val. Pre: 89.58% |  Val. Rec: 92.08% |  Val. Fsc: 90.82%
2023-06-20 00:08:59,992 	 Acc0: 78.12% |  Acc1: 100.00% |  Pre0: 100.00% |  Pre1: 79.17% |  Rec0: 84.17% | Rec1: 100.00% 
2023-06-20 00:08:59,992 Epoch: 87 | Epoch Time: 2m 48s
2023-06-20 00:08:59,992 EarlyStopping counter: 8 out of 20
2023-06-20 00:11:28,903 	Train Loss: 5.515050 | Train Acc: 83.102% | Acc0: 68.25% |  Acc1: 98.56% 
2023-06-20 00:11:49,083 	 Val. Loss: 4.189028 |  Val. Acc: 89.062% |  Val. Pre: 89.58% |  Val. Rec: 92.08% |  Val. Fsc: 90.82%
2023-06-20 00:11:49,083 	 Acc0: 78.12% |  Acc1: 100.00% |  Pre0: 100.00% |  Pre1: 79.17% |  Rec0: 84.17% | Rec1: 100.00% 
2023-06-20 00:11:49,083 Epoch: 88 | Epoch Time: 2m 49s
2023-06-20 00:11:49,083 Validation loss decreased (4.246686 --> 4.189028).  Saving model ...
2023-06-20 00:14:17,508 	Train Loss: 5.494362 | Train Acc: 83.796% | Acc0: 71.09% |  Acc1: 97.13% 
2023-06-20 00:14:37,823 	 Val. Loss: 4.289746 |  Val. Acc: 89.062% |  Val. Pre: 89.58% |  Val. Rec: 92.08% |  Val. Fsc: 90.82%
2023-06-20 00:14:37,823 	 Acc0: 78.12% |  Acc1: 100.00% |  Pre0: 100.00% |  Pre1: 79.17% |  Rec0: 84.17% | Rec1: 100.00% 
2023-06-20 00:14:37,823 Epoch: 89 | Epoch Time: 2m 48s
2023-06-20 00:14:37,823 EarlyStopping counter: 1 out of 20
2023-06-20 00:17:06,316 	Train Loss: 5.397285 | Train Acc: 84.259% | Acc0: 71.09% |  Acc1: 96.65% 
2023-06-20 00:17:26,550 	 Val. Loss: 4.184017 |  Val. Acc: 89.062% |  Val. Pre: 89.58% |  Val. Rec: 92.08% |  Val. Fsc: 90.82%
2023-06-20 00:17:26,550 	 Acc0: 78.12% |  Acc1: 100.00% |  Pre0: 100.00% |  Pre1: 79.17% |  Rec0: 84.17% | Rec1: 100.00% 
2023-06-20 00:17:26,564 Epoch: 90 | Epoch Time: 2m 48s
2023-06-20 00:17:26,565 Validation loss decreased (4.189028 --> 4.184017).  Saving model ...
2023-06-20 00:19:55,391 	Train Loss: 5.647402 | Train Acc: 84.259% | Acc0: 68.25% |  Acc1: 99.52% 
2023-06-20 00:20:15,616 	 Val. Loss: 4.360270 |  Val. Acc: 89.062% |  Val. Pre: 89.58% |  Val. Rec: 92.08% |  Val. Fsc: 90.82%
2023-06-20 00:20:15,616 	 Acc0: 78.12% |  Acc1: 100.00% |  Pre0: 100.00% |  Pre1: 79.17% |  Rec0: 84.17% | Rec1: 100.00% 
2023-06-20 00:20:15,616 Epoch: 91 | Epoch Time: 2m 49s
2023-06-20 00:20:15,616 EarlyStopping counter: 1 out of 20
2023-06-20 00:22:44,808 	Train Loss: 5.712418 | Train Acc: 81.250% | Acc0: 66.82% |  Acc1: 97.61% 
2023-06-20 00:23:04,978 	 Val. Loss: 4.199019 |  Val. Acc: 89.062% |  Val. Pre: 89.58% |  Val. Rec: 92.08% |  Val. Fsc: 90.82%
2023-06-20 00:23:04,978 	 Acc0: 78.12% |  Acc1: 100.00% |  Pre0: 100.00% |  Pre1: 79.17% |  Rec0: 84.17% | Rec1: 100.00% 
2023-06-20 00:23:04,978 Epoch: 92 | Epoch Time: 2m 49s
2023-06-20 00:23:04,978 EarlyStopping counter: 2 out of 20
2023-06-20 00:25:33,083 	Train Loss: 5.766824 | Train Acc: 81.944% | Acc0: 69.19% |  Acc1: 95.22% 
2023-06-20 00:25:53,256 	 Val. Loss: 4.830341 |  Val. Acc: 86.979% |  Val. Pre: 87.08% |  Val. Rec: 90.52% |  Val. Fsc: 88.77%
2023-06-20 00:25:53,256 	 Acc0: 78.12% |  Acc1: 96.43% |  Pre0: 95.00% |  Pre1: 79.17% |  Rec0: 84.17% | Rec1: 96.88% 
2023-06-20 00:25:53,256 Epoch: 93 | Epoch Time: 2m 48s
2023-06-20 00:25:53,256 EarlyStopping counter: 3 out of 20
2023-06-20 00:28:22,426 	Train Loss: 5.852583 | Train Acc: 81.713% | Acc0: 65.88% |  Acc1: 96.65% 
2023-06-20 00:28:42,669 	 Val. Loss: 4.459064 |  Val. Acc: 89.062% |  Val. Pre: 89.58% |  Val. Rec: 92.08% |  Val. Fsc: 90.82%
2023-06-20 00:28:42,669 	 Acc0: 78.12% |  Acc1: 100.00% |  Pre0: 100.00% |  Pre1: 79.17% |  Rec0: 84.17% | Rec1: 100.00% 
2023-06-20 00:28:42,669 Epoch: 94 | Epoch Time: 2m 49s
2023-06-20 00:28:42,669 EarlyStopping counter: 4 out of 20
2023-06-20 00:31:11,398 	Train Loss: 5.538635 | Train Acc: 83.565% | Acc0: 67.77% |  Acc1: 98.56% 
2023-06-20 00:31:31,644 	 Val. Loss: 4.176573 |  Val. Acc: 86.979% |  Val. Pre: 87.08% |  Val. Rec: 90.52% |  Val. Fsc: 88.77%
2023-06-20 00:31:31,644 	 Acc0: 78.12% |  Acc1: 96.43% |  Pre0: 95.00% |  Pre1: 79.17% |  Rec0: 84.17% | Rec1: 96.88% 
2023-06-20 00:31:31,656 Epoch: 95 | Epoch Time: 2m 48s
2023-06-20 00:31:31,656 Validation loss decreased (4.184017 --> 4.176573).  Saving model ...
2023-06-20 00:34:00,080 	Train Loss: 5.424750 | Train Acc: 84.259% | Acc0: 71.09% |  Acc1: 96.65% 
2023-06-20 00:34:20,302 	 Val. Loss: 4.055849 |  Val. Acc: 89.062% |  Val. Pre: 89.58% |  Val. Rec: 92.08% |  Val. Fsc: 90.82%
2023-06-20 00:34:20,302 	 Acc0: 78.12% |  Acc1: 100.00% |  Pre0: 100.00% |  Pre1: 79.17% |  Rec0: 84.17% | Rec1: 100.00% 
2023-06-20 00:34:20,302 Epoch: 96 | Epoch Time: 2m 48s
2023-06-20 00:34:20,302 Validation loss decreased (4.176573 --> 4.055849).  Saving model ...
2023-06-20 00:36:48,371 	Train Loss: 5.318817 | Train Acc: 84.722% | Acc0: 71.09% |  Acc1: 97.61% 
2023-06-20 00:37:08,638 	 Val. Loss: 4.003421 |  Val. Acc: 89.062% |  Val. Pre: 89.58% |  Val. Rec: 92.08% |  Val. Fsc: 90.82%
2023-06-20 00:37:08,638 	 Acc0: 78.12% |  Acc1: 100.00% |  Pre0: 100.00% |  Pre1: 79.17% |  Rec0: 84.17% | Rec1: 100.00% 
2023-06-20 00:37:08,638 Epoch: 97 | Epoch Time: 2m 48s
2023-06-20 00:37:08,638 Validation loss decreased (4.055849 --> 4.003421).  Saving model ...
2023-06-20 00:40:16,609 	Train Loss: 5.303291 | Train Acc: 83.796% | Acc0: 72.99% |  Acc1: 96.65% 
2023-06-20 00:40:47,087 	 Val. Loss: 4.207062 |  Val. Acc: 89.062% |  Val. Pre: 89.58% |  Val. Rec: 92.08% |  Val. Fsc: 90.82%
2023-06-20 00:40:47,087 	 Acc0: 78.12% |  Acc1: 100.00% |  Pre0: 100.00% |  Pre1: 79.17% |  Rec0: 84.17% | Rec1: 100.00% 
2023-06-20 00:40:47,087 Epoch: 98 | Epoch Time: 3m 38s
2023-06-20 00:40:47,087 EarlyStopping counter: 1 out of 20
2023-06-20 00:44:30,297 	Train Loss: 5.260622 | Train Acc: 84.259% | Acc0: 70.62% |  Acc1: 97.13% 
2023-06-20 00:45:00,890 	 Val. Loss: 3.987365 |  Val. Acc: 89.062% |  Val. Pre: 89.58% |  Val. Rec: 92.08% |  Val. Fsc: 90.82%
2023-06-20 00:45:00,890 	 Acc0: 78.12% |  Acc1: 100.00% |  Pre0: 100.00% |  Pre1: 79.17% |  Rec0: 84.17% | Rec1: 100.00% 
2023-06-20 00:45:00,890 Epoch: 99 | Epoch Time: 4m 13s
2023-06-20 00:45:00,890 Validation loss decreased (4.003421 --> 3.987365).  Saving model ...
2023-06-20 00:48:44,826 	Train Loss: 5.224369 | Train Acc: 84.028% | Acc0: 72.04% |  Acc1: 96.65% 
2023-06-20 00:49:05,137 	 Val. Loss: 3.934530 |  Val. Acc: 89.062% |  Val. Pre: 89.58% |  Val. Rec: 92.08% |  Val. Fsc: 90.82%
2023-06-20 00:49:05,137 	 Acc0: 78.12% |  Acc1: 100.00% |  Pre0: 100.00% |  Pre1: 79.17% |  Rec0: 84.17% | Rec1: 100.00% 
2023-06-20 00:49:05,151 Epoch: 100 | Epoch Time: 4m 4s
2023-06-20 00:49:05,151 Validation loss decreased (3.987365 --> 3.934530).  Saving model ...
2023-06-20 00:51:34,069 	Train Loss: 5.202235 | Train Acc: 85.185% | Acc0: 73.93% |  Acc1: 97.13% 
2023-06-20 00:51:54,141 	 Val. Loss: 4.260784 |  Val. Acc: 89.062% |  Val. Pre: 89.58% |  Val. Rec: 92.08% |  Val. Fsc: 90.82%
2023-06-20 00:51:54,141 	 Acc0: 78.12% |  Acc1: 100.00% |  Pre0: 100.00% |  Pre1: 79.17% |  Rec0: 84.17% | Rec1: 100.00% 
2023-06-20 00:51:54,141 Epoch: 101 | Epoch Time: 2m 48s
2023-06-20 00:51:54,141 EarlyStopping counter: 1 out of 20
2023-06-20 00:54:21,666 	Train Loss: 5.151835 | Train Acc: 83.565% | Acc0: 72.51% |  Acc1: 98.09% 
2023-06-20 00:54:41,767 	 Val. Loss: 3.976794 |  Val. Acc: 89.062% |  Val. Pre: 89.58% |  Val. Rec: 92.08% |  Val. Fsc: 90.82%
2023-06-20 00:54:41,767 	 Acc0: 78.12% |  Acc1: 100.00% |  Pre0: 100.00% |  Pre1: 79.17% |  Rec0: 84.17% | Rec1: 100.00% 
2023-06-20 00:54:41,767 Epoch: 102 | Epoch Time: 2m 47s
2023-06-20 00:54:41,767 EarlyStopping counter: 2 out of 20
2023-06-20 00:57:09,327 	Train Loss: 5.046350 | Train Acc: 85.417% | Acc0: 74.41% |  Acc1: 97.13% 
2023-06-20 00:57:29,524 	 Val. Loss: 4.015025 |  Val. Acc: 86.979% |  Val. Pre: 87.08% |  Val. Rec: 90.52% |  Val. Fsc: 88.77%
2023-06-20 00:57:29,524 	 Acc0: 78.12% |  Acc1: 96.43% |  Pre0: 95.00% |  Pre1: 79.17% |  Rec0: 84.17% | Rec1: 96.88% 
2023-06-20 00:57:29,524 Epoch: 103 | Epoch Time: 2m 47s
2023-06-20 00:57:29,524 EarlyStopping counter: 3 out of 20
2023-06-20 00:59:57,581 	Train Loss: 5.145639 | Train Acc: 84.491% | Acc0: 73.93% |  Acc1: 97.13% 
2023-06-20 01:00:17,742 	 Val. Loss: 3.889510 |  Val. Acc: 89.062% |  Val. Pre: 89.58% |  Val. Rec: 92.08% |  Val. Fsc: 90.82%
2023-06-20 01:00:17,743 	 Acc0: 78.12% |  Acc1: 100.00% |  Pre0: 100.00% |  Pre1: 79.17% |  Rec0: 84.17% | Rec1: 100.00% 
2023-06-20 01:00:17,743 Epoch: 104 | Epoch Time: 2m 48s
2023-06-20 01:00:17,743 Validation loss decreased (3.934530 --> 3.889510).  Saving model ...
2023-06-20 01:02:45,832 	Train Loss: 4.955762 | Train Acc: 86.343% | Acc0: 74.88% |  Acc1: 97.13% 
2023-06-20 01:03:06,013 	 Val. Loss: 3.845684 |  Val. Acc: 89.062% |  Val. Pre: 89.58% |  Val. Rec: 92.08% |  Val. Fsc: 90.82%
2023-06-20 01:03:06,013 	 Acc0: 78.12% |  Acc1: 100.00% |  Pre0: 100.00% |  Pre1: 79.17% |  Rec0: 84.17% | Rec1: 100.00% 
2023-06-20 01:03:06,025 Epoch: 105 | Epoch Time: 2m 48s
2023-06-20 01:03:06,025 Validation loss decreased (3.889510 --> 3.845684).  Saving model ...
2023-06-20 01:05:34,382 	Train Loss: 5.203833 | Train Acc: 84.491% | Acc0: 72.04% |  Acc1: 96.17% 
2023-06-20 01:05:54,581 	 Val. Loss: 5.008751 |  Val. Acc: 88.542% |  Val. Pre: 88.03% |  Val. Rec: 90.52% |  Val. Fsc: 89.26%
2023-06-20 01:05:54,581 	 Acc0: 81.25% |  Acc1: 96.43% |  Pre0: 95.00% |  Pre1: 81.06% |  Rec0: 84.17% | Rec1: 96.88% 
2023-06-20 01:05:54,581 Epoch: 106 | Epoch Time: 2m 48s
2023-06-20 01:05:54,581 EarlyStopping counter: 1 out of 20
2023-06-20 01:08:23,214 	Train Loss: 6.054060 | Train Acc: 79.861% | Acc0: 66.82% |  Acc1: 94.74% 
2023-06-20 01:08:43,535 	 Val. Loss: 5.243934 |  Val. Acc: 83.854% |  Val. Pre: 86.36% |  Val. Rec: 85.83% |  Val. Fsc: 86.10%
2023-06-20 01:08:43,536 	 Acc0: 68.75% |  Acc1: 100.00% |  Pre0: 100.00% |  Pre1: 72.73% |  Rec0: 71.67% | Rec1: 100.00% 
2023-06-20 01:08:43,536 Epoch: 107 | Epoch Time: 2m 48s
2023-06-20 01:08:43,536 EarlyStopping counter: 2 out of 20
2023-06-20 01:11:12,002 	Train Loss: 5.899041 | Train Acc: 81.713% | Acc0: 68.25% |  Acc1: 95.69% 
2023-06-20 01:11:32,217 	 Val. Loss: 5.112417 |  Val. Acc: 82.292% |  Val. Pre: 85.53% |  Val. Rec: 84.58% |  Val. Fsc: 85.05%
2023-06-20 01:11:32,218 	 Acc0: 65.62% |  Acc1: 100.00% |  Pre0: 100.00% |  Pre1: 71.06% |  Rec0: 69.17% | Rec1: 100.00% 
2023-06-20 01:11:32,224 Epoch: 108 | Epoch Time: 2m 48s
2023-06-20 01:11:32,224 EarlyStopping counter: 3 out of 20
2023-06-20 01:14:00,924 	Train Loss: 5.746909 | Train Acc: 82.639% | Acc0: 69.19% |  Acc1: 96.65% 
2023-06-20 01:14:21,154 	 Val. Loss: 4.692671 |  Val. Acc: 86.979% |  Val. Pre: 88.19% |  Val. Rec: 88.96% |  Val. Fsc: 88.57%
2023-06-20 01:14:21,154 	 Acc0: 75.00% |  Acc1: 100.00% |  Pre0: 100.00% |  Pre1: 76.39% |  Rec0: 77.92% | Rec1: 100.00% 
2023-06-20 01:14:21,154 Epoch: 109 | Epoch Time: 2m 48s
2023-06-20 01:14:21,154 EarlyStopping counter: 4 out of 20
2023-06-20 01:16:48,920 	Train Loss: 5.419746 | Train Acc: 83.796% | Acc0: 69.67% |  Acc1: 97.13% 
2023-06-20 01:17:09,089 	 Val. Loss: 4.071447 |  Val. Acc: 89.062% |  Val. Pre: 89.58% |  Val. Rec: 92.08% |  Val. Fsc: 90.82%
2023-06-20 01:17:09,090 	 Acc0: 78.12% |  Acc1: 100.00% |  Pre0: 100.00% |  Pre1: 79.17% |  Rec0: 84.17% | Rec1: 100.00% 
2023-06-20 01:17:09,102 Epoch: 110 | Epoch Time: 2m 47s
2023-06-20 01:17:09,102 EarlyStopping counter: 5 out of 20
2023-06-20 01:19:37,234 	Train Loss: 5.100334 | Train Acc: 84.954% | Acc0: 74.41% |  Acc1: 96.17% 
2023-06-20 01:19:57,469 	 Val. Loss: 3.991319 |  Val. Acc: 89.062% |  Val. Pre: 89.58% |  Val. Rec: 92.08% |  Val. Fsc: 90.82%
2023-06-20 01:19:57,469 	 Acc0: 78.12% |  Acc1: 100.00% |  Pre0: 100.00% |  Pre1: 79.17% |  Rec0: 84.17% | Rec1: 100.00% 
2023-06-20 01:19:57,469 Epoch: 111 | Epoch Time: 2m 48s
2023-06-20 01:19:57,469 EarlyStopping counter: 6 out of 20
2023-06-20 01:22:25,780 	Train Loss: 5.350510 | Train Acc: 83.333% | Acc0: 69.67% |  Acc1: 97.61% 
2023-06-20 01:22:45,921 	 Val. Loss: 4.050737 |  Val. Acc: 89.062% |  Val. Pre: 89.58% |  Val. Rec: 92.08% |  Val. Fsc: 90.82%
2023-06-20 01:22:45,921 	 Acc0: 78.12% |  Acc1: 100.00% |  Pre0: 100.00% |  Pre1: 79.17% |  Rec0: 84.17% | Rec1: 100.00% 
2023-06-20 01:22:45,921 Epoch: 112 | Epoch Time: 2m 48s
2023-06-20 01:22:45,921 EarlyStopping counter: 7 out of 20
2023-06-20 01:25:13,475 	Train Loss: 5.396757 | Train Acc: 83.796% | Acc0: 69.19% |  Acc1: 97.61% 
2023-06-20 01:25:33,656 	 Val. Loss: 4.062104 |  Val. Acc: 89.062% |  Val. Pre: 89.58% |  Val. Rec: 92.08% |  Val. Fsc: 90.82%
2023-06-20 01:25:33,656 	 Acc0: 78.12% |  Acc1: 100.00% |  Pre0: 100.00% |  Pre1: 79.17% |  Rec0: 84.17% | Rec1: 100.00% 
2023-06-20 01:25:33,656 Epoch: 113 | Epoch Time: 2m 47s
2023-06-20 01:25:33,656 EarlyStopping counter: 8 out of 20
2023-06-20 01:28:01,642 	Train Loss: 5.301700 | Train Acc: 84.954% | Acc0: 72.04% |  Acc1: 97.13% 
2023-06-20 01:28:21,839 	 Val. Loss: 3.794481 |  Val. Acc: 89.062% |  Val. Pre: 89.58% |  Val. Rec: 92.08% |  Val. Fsc: 90.82%
2023-06-20 01:28:21,839 	 Acc0: 78.12% |  Acc1: 100.00% |  Pre0: 100.00% |  Pre1: 79.17% |  Rec0: 84.17% | Rec1: 100.00% 
2023-06-20 01:28:21,839 Epoch: 114 | Epoch Time: 2m 48s
2023-06-20 01:28:21,839 Validation loss decreased (3.845684 --> 3.794481).  Saving model ...
2023-06-20 01:30:51,444 	Train Loss: 4.928082 | Train Acc: 86.574% | Acc0: 75.36% |  Acc1: 97.13% 
2023-06-20 01:31:11,544 	 Val. Loss: 3.914808 |  Val. Acc: 89.062% |  Val. Pre: 89.58% |  Val. Rec: 92.08% |  Val. Fsc: 90.82%
2023-06-20 01:31:11,544 	 Acc0: 78.12% |  Acc1: 100.00% |  Pre0: 100.00% |  Pre1: 79.17% |  Rec0: 84.17% | Rec1: 100.00% 
2023-06-20 01:31:11,555 Epoch: 115 | Epoch Time: 2m 49s
2023-06-20 01:31:11,555 EarlyStopping counter: 1 out of 20
2023-06-20 01:33:39,441 	Train Loss: 5.310580 | Train Acc: 83.796% | Acc0: 73.46% |  Acc1: 94.74% 
2023-06-20 01:33:59,639 	 Val. Loss: 4.448978 |  Val. Acc: 86.979% |  Val. Pre: 88.19% |  Val. Rec: 88.96% |  Val. Fsc: 88.57%
2023-06-20 01:33:59,640 	 Acc0: 75.00% |  Acc1: 100.00% |  Pre0: 100.00% |  Pre1: 76.39% |  Rec0: 77.92% | Rec1: 100.00% 
2023-06-20 01:33:59,640 Epoch: 116 | Epoch Time: 2m 48s
2023-06-20 01:33:59,640 EarlyStopping counter: 2 out of 20
2023-06-20 01:36:28,083 	Train Loss: 5.365629 | Train Acc: 83.102% | Acc0: 70.14% |  Acc1: 95.22% 
2023-06-20 01:36:48,250 	 Val. Loss: 3.860845 |  Val. Acc: 89.062% |  Val. Pre: 89.58% |  Val. Rec: 92.08% |  Val. Fsc: 90.82%
2023-06-20 01:36:48,250 	 Acc0: 78.12% |  Acc1: 100.00% |  Pre0: 100.00% |  Pre1: 79.17% |  Rec0: 84.17% | Rec1: 100.00% 
2023-06-20 01:36:48,250 Epoch: 117 | Epoch Time: 2m 48s
2023-06-20 01:36:48,250 EarlyStopping counter: 3 out of 20
2023-06-20 01:39:17,297 	Train Loss: 5.219052 | Train Acc: 84.954% | Acc0: 73.93% |  Acc1: 96.65% 
2023-06-20 01:39:37,531 	 Val. Loss: 3.904741 |  Val. Acc: 89.062% |  Val. Pre: 89.58% |  Val. Rec: 92.08% |  Val. Fsc: 90.82%
2023-06-20 01:39:37,531 	 Acc0: 78.12% |  Acc1: 100.00% |  Pre0: 100.00% |  Pre1: 79.17% |  Rec0: 84.17% | Rec1: 100.00% 
2023-06-20 01:39:37,531 Epoch: 118 | Epoch Time: 2m 49s
2023-06-20 01:39:37,531 EarlyStopping counter: 4 out of 20
2023-06-20 01:42:05,752 	Train Loss: 5.084228 | Train Acc: 85.185% | Acc0: 73.93% |  Acc1: 97.13% 
2023-06-20 01:42:25,904 	 Val. Loss: 3.790040 |  Val. Acc: 89.062% |  Val. Pre: 89.58% |  Val. Rec: 92.08% |  Val. Fsc: 90.82%
2023-06-20 01:42:25,904 	 Acc0: 78.12% |  Acc1: 100.00% |  Pre0: 100.00% |  Pre1: 79.17% |  Rec0: 84.17% | Rec1: 100.00% 
2023-06-20 01:42:25,905 Epoch: 119 | Epoch Time: 2m 48s
2023-06-20 01:42:25,905 Validation loss decreased (3.794481 --> 3.790040).  Saving model ...
2023-06-20 01:44:54,603 	Train Loss: 4.813582 | Train Acc: 86.111% | Acc0: 76.78% |  Acc1: 97.61% 
2023-06-20 01:45:14,839 	 Val. Loss: 3.835170 |  Val. Acc: 89.062% |  Val. Pre: 89.58% |  Val. Rec: 92.08% |  Val. Fsc: 90.82%
2023-06-20 01:45:14,839 	 Acc0: 78.12% |  Acc1: 100.00% |  Pre0: 100.00% |  Pre1: 79.17% |  Rec0: 84.17% | Rec1: 100.00% 
2023-06-20 01:45:14,851 Epoch: 120 | Epoch Time: 2m 48s
2023-06-20 01:45:14,852 EarlyStopping counter: 1 out of 20
2023-06-20 01:47:42,795 	Train Loss: 4.698267 | Train Acc: 88.426% | Acc0: 78.67% |  Acc1: 97.61% 
2023-06-20 01:48:02,918 	 Val. Loss: 3.727641 |  Val. Acc: 89.062% |  Val. Pre: 89.58% |  Val. Rec: 92.08% |  Val. Fsc: 90.82%
2023-06-20 01:48:02,918 	 Acc0: 78.12% |  Acc1: 100.00% |  Pre0: 100.00% |  Pre1: 79.17% |  Rec0: 84.17% | Rec1: 100.00% 
2023-06-20 01:48:02,918 Epoch: 121 | Epoch Time: 2m 48s
2023-06-20 01:48:02,918 Validation loss decreased (3.790040 --> 3.727641).  Saving model ...
2023-06-20 01:50:31,566 	Train Loss: 4.720574 | Train Acc: 87.269% | Acc0: 76.30% |  Acc1: 97.61% 
2023-06-20 01:50:51,747 	 Val. Loss: 3.958974 |  Val. Acc: 89.062% |  Val. Pre: 89.58% |  Val. Rec: 92.08% |  Val. Fsc: 90.82%
2023-06-20 01:50:51,747 	 Acc0: 78.12% |  Acc1: 100.00% |  Pre0: 100.00% |  Pre1: 79.17% |  Rec0: 84.17% | Rec1: 100.00% 
2023-06-20 01:50:51,747 Epoch: 122 | Epoch Time: 2m 48s
2023-06-20 01:50:51,747 EarlyStopping counter: 1 out of 20
2023-06-20 01:53:20,036 	Train Loss: 4.646155 | Train Acc: 87.269% | Acc0: 78.67% |  Acc1: 96.65% 
2023-06-20 01:53:40,145 	 Val. Loss: 3.919249 |  Val. Acc: 89.062% |  Val. Pre: 89.58% |  Val. Rec: 92.08% |  Val. Fsc: 90.82%
2023-06-20 01:53:40,145 	 Acc0: 78.12% |  Acc1: 100.00% |  Pre0: 100.00% |  Pre1: 79.17% |  Rec0: 84.17% | Rec1: 100.00% 
2023-06-20 01:53:40,145 Epoch: 123 | Epoch Time: 2m 48s
2023-06-20 01:53:40,145 EarlyStopping counter: 2 out of 20
2023-06-20 01:56:07,993 	Train Loss: 4.932320 | Train Acc: 85.185% | Acc0: 72.51% |  Acc1: 97.13% 
2023-06-20 01:56:28,165 	 Val. Loss: 3.703524 |  Val. Acc: 90.625% |  Val. Pre: 90.48% |  Val. Rec: 93.12% |  Val. Fsc: 91.78%
2023-06-20 01:56:28,165 	 Acc0: 81.25% |  Acc1: 100.00% |  Pre0: 100.00% |  Pre1: 80.95% |  Rec0: 86.25% | Rec1: 100.00% 
2023-06-20 01:56:28,165 Epoch: 124 | Epoch Time: 2m 48s
2023-06-20 01:56:28,165 Validation loss decreased (3.727641 --> 3.703524).  Saving model ...
2023-06-20 01:58:56,603 	Train Loss: 4.741052 | Train Acc: 87.500% | Acc0: 78.20% |  Acc1: 96.17% 
2023-06-20 01:59:16,770 	 Val. Loss: 3.653224 |  Val. Acc: 89.062% |  Val. Pre: 89.58% |  Val. Rec: 92.08% |  Val. Fsc: 90.82%
2023-06-20 01:59:16,770 	 Acc0: 78.12% |  Acc1: 100.00% |  Pre0: 100.00% |  Pre1: 79.17% |  Rec0: 84.17% | Rec1: 100.00% 
2023-06-20 01:59:16,781 Epoch: 125 | Epoch Time: 2m 48s
2023-06-20 01:59:16,781 Validation loss decreased (3.703524 --> 3.653224).  Saving model ...
2023-06-20 02:01:45,642 	Train Loss: 4.677334 | Train Acc: 87.037% | Acc0: 77.25% |  Acc1: 97.61% 
2023-06-20 02:02:05,781 	 Val. Loss: 3.770819 |  Val. Acc: 89.062% |  Val. Pre: 89.58% |  Val. Rec: 92.08% |  Val. Fsc: 90.82%
2023-06-20 02:02:05,781 	 Acc0: 78.12% |  Acc1: 100.00% |  Pre0: 100.00% |  Pre1: 79.17% |  Rec0: 84.17% | Rec1: 100.00% 
2023-06-20 02:02:05,781 Epoch: 126 | Epoch Time: 2m 48s
2023-06-20 02:02:05,781 EarlyStopping counter: 1 out of 20
2023-06-20 02:04:34,130 	Train Loss: 5.488148 | Train Acc: 82.870% | Acc0: 72.99% |  Acc1: 93.30% 
2023-06-20 02:04:54,344 	 Val. Loss: 5.456385 |  Val. Acc: 84.375% |  Val. Pre: 86.92% |  Val. Rec: 87.71% |  Val. Fsc: 87.31%
2023-06-20 02:04:54,345 	 Acc0: 68.75% |  Acc1: 100.00% |  Pre0: 100.00% |  Pre1: 73.84% |  Rec0: 75.42% | Rec1: 100.00% 
2023-06-20 02:04:54,345 Epoch: 127 | Epoch Time: 2m 48s
2023-06-20 02:04:54,345 EarlyStopping counter: 2 out of 20
2023-06-20 02:07:23,337 	Train Loss: 6.495175 | Train Acc: 78.935% | Acc0: 63.51% |  Acc1: 97.61% 
2023-06-20 02:07:43,574 	 Val. Loss: 5.878965 |  Val. Acc: 80.208% |  Val. Pre: 84.42% |  Val. Rec: 81.46% |  Val. Fsc: 82.91%
2023-06-20 02:07:43,574 	 Acc0: 62.50% |  Acc1: 100.00% |  Pre0: 100.00% |  Pre1: 68.84% |  Rec0: 62.92% | Rec1: 100.00% 
2023-06-20 02:07:43,574 Epoch: 128 | Epoch Time: 2m 49s
2023-06-20 02:07:43,574 EarlyStopping counter: 3 out of 20
2023-06-20 02:10:12,544 	Train Loss: 6.443158 | Train Acc: 80.787% | Acc0: 64.45% |  Acc1: 96.17% 
2023-06-20 02:10:32,870 	 Val. Loss: 5.337837 |  Val. Acc: 82.292% |  Val. Pre: 85.53% |  Val. Rec: 84.58% |  Val. Fsc: 85.05%
2023-06-20 02:10:32,870 	 Acc0: 65.62% |  Acc1: 100.00% |  Pre0: 100.00% |  Pre1: 71.06% |  Rec0: 69.17% | Rec1: 100.00% 
2023-06-20 02:10:32,871 Epoch: 129 | Epoch Time: 2m 49s
2023-06-20 02:10:32,871 EarlyStopping counter: 4 out of 20
2023-06-20 02:13:01,859 	Train Loss: 6.100314 | Train Acc: 80.787% | Acc0: 64.45% |  Acc1: 97.61% 
2023-06-20 02:13:22,038 	 Val. Loss: 4.579760 |  Val. Acc: 87.500% |  Val. Pre: 88.45% |  Val. Rec: 90.00% |  Val. Fsc: 89.22%
2023-06-20 02:13:22,038 	 Acc0: 75.00% |  Acc1: 100.00% |  Pre0: 100.00% |  Pre1: 76.89% |  Rec0: 80.00% | Rec1: 100.00% 
2023-06-20 02:13:22,049 Epoch: 130 | Epoch Time: 2m 49s
2023-06-20 02:13:22,050 EarlyStopping counter: 5 out of 20
2023-06-20 02:15:50,865 	Train Loss: 5.758723 | Train Acc: 81.481% | Acc0: 65.88% |  Acc1: 97.61% 
2023-06-20 02:16:11,059 	 Val. Loss: 4.172154 |  Val. Acc: 89.062% |  Val. Pre: 89.58% |  Val. Rec: 92.08% |  Val. Fsc: 90.82%
2023-06-20 02:16:11,059 	 Acc0: 78.12% |  Acc1: 100.00% |  Pre0: 100.00% |  Pre1: 79.17% |  Rec0: 84.17% | Rec1: 100.00% 
2023-06-20 02:16:11,059 Epoch: 131 | Epoch Time: 2m 49s
2023-06-20 02:16:11,059 EarlyStopping counter: 6 out of 20
2023-06-20 02:18:39,573 	Train Loss: 5.483549 | Train Acc: 83.796% | Acc0: 69.19% |  Acc1: 97.61% 
2023-06-20 02:18:59,733 	 Val. Loss: 3.919200 |  Val. Acc: 89.062% |  Val. Pre: 89.58% |  Val. Rec: 92.08% |  Val. Fsc: 90.82%
2023-06-20 02:18:59,733 	 Acc0: 78.12% |  Acc1: 100.00% |  Pre0: 100.00% |  Pre1: 79.17% |  Rec0: 84.17% | Rec1: 100.00% 
2023-06-20 02:18:59,733 Epoch: 132 | Epoch Time: 2m 48s
2023-06-20 02:18:59,733 EarlyStopping counter: 7 out of 20
2023-06-20 02:21:27,729 	Train Loss: 5.303474 | Train Acc: 85.185% | Acc0: 71.09% |  Acc1: 98.56% 
2023-06-20 02:21:47,868 	 Val. Loss: 3.905703 |  Val. Acc: 89.062% |  Val. Pre: 89.58% |  Val. Rec: 92.08% |  Val. Fsc: 90.82%
2023-06-20 02:21:47,868 	 Acc0: 78.12% |  Acc1: 100.00% |  Pre0: 100.00% |  Pre1: 79.17% |  Rec0: 84.17% | Rec1: 100.00% 
2023-06-20 02:21:47,868 Epoch: 133 | Epoch Time: 2m 48s
2023-06-20 02:21:47,868 EarlyStopping counter: 8 out of 20
2023-06-20 02:24:15,727 	Train Loss: 5.218189 | Train Acc: 85.185% | Acc0: 71.09% |  Acc1: 98.56% 
2023-06-20 02:24:35,893 	 Val. Loss: 3.822795 |  Val. Acc: 89.062% |  Val. Pre: 89.58% |  Val. Rec: 92.08% |  Val. Fsc: 90.82%
2023-06-20 02:24:35,894 	 Acc0: 78.12% |  Acc1: 100.00% |  Pre0: 100.00% |  Pre1: 79.17% |  Rec0: 84.17% | Rec1: 100.00% 
2023-06-20 02:24:35,894 Epoch: 134 | Epoch Time: 2m 48s
2023-06-20 02:24:35,894 EarlyStopping counter: 9 out of 20
2023-06-20 02:27:04,180 	Train Loss: 5.219435 | Train Acc: 85.185% | Acc0: 73.46% |  Acc1: 97.61% 
2023-06-20 02:27:24,247 	 Val. Loss: 4.060014 |  Val. Acc: 89.062% |  Val. Pre: 89.58% |  Val. Rec: 92.08% |  Val. Fsc: 90.82%
2023-06-20 02:27:24,248 	 Acc0: 78.12% |  Acc1: 100.00% |  Pre0: 100.00% |  Pre1: 79.17% |  Rec0: 84.17% | Rec1: 100.00% 
2023-06-20 02:27:24,260 Epoch: 135 | Epoch Time: 2m 48s
2023-06-20 02:27:24,260 EarlyStopping counter: 10 out of 20
2023-06-20 02:29:52,772 	Train Loss: 5.063115 | Train Acc: 85.185% | Acc0: 70.62% |  Acc1: 99.04% 
2023-06-20 02:30:12,867 	 Val. Loss: 3.904311 |  Val. Acc: 92.188% |  Val. Pre: 91.67% |  Val. Rec: 94.17% |  Val. Fsc: 92.90%
2023-06-20 02:30:12,867 	 Acc0: 84.38% |  Acc1: 100.00% |  Pre0: 100.00% |  Pre1: 83.33% |  Rec0: 88.33% | Rec1: 100.00% 
2023-06-20 02:30:12,867 Epoch: 136 | Epoch Time: 2m 48s
2023-06-20 02:30:12,867 EarlyStopping counter: 11 out of 20
2023-06-20 02:32:41,380 	Train Loss: 5.140335 | Train Acc: 86.574% | Acc0: 73.93% |  Acc1: 98.56% 
2023-06-20 02:33:01,546 	 Val. Loss: 3.888747 |  Val. Acc: 92.188% |  Val. Pre: 91.67% |  Val. Rec: 94.17% |  Val. Fsc: 92.90%
2023-06-20 02:33:01,546 	 Acc0: 84.38% |  Acc1: 100.00% |  Pre0: 100.00% |  Pre1: 83.33% |  Rec0: 88.33% | Rec1: 100.00% 
2023-06-20 02:33:01,546 Epoch: 137 | Epoch Time: 2m 48s
2023-06-20 02:33:01,546 EarlyStopping counter: 12 out of 20
2023-06-20 02:35:30,219 	Train Loss: 5.007203 | Train Acc: 86.806% | Acc0: 73.93% |  Acc1: 99.04% 
2023-06-20 02:35:50,394 	 Val. Loss: 3.766187 |  Val. Acc: 89.062% |  Val. Pre: 89.58% |  Val. Rec: 92.08% |  Val. Fsc: 90.82%
2023-06-20 02:35:50,395 	 Acc0: 78.12% |  Acc1: 100.00% |  Pre0: 100.00% |  Pre1: 79.17% |  Rec0: 84.17% | Rec1: 100.00% 
2023-06-20 02:35:50,395 Epoch: 138 | Epoch Time: 2m 48s
2023-06-20 02:35:50,395 EarlyStopping counter: 13 out of 20
2023-06-20 02:38:18,936 	Train Loss: 5.071524 | Train Acc: 83.333% | Acc0: 71.56% |  Acc1: 98.56% 
2023-06-20 02:38:39,146 	 Val. Loss: 3.848972 |  Val. Acc: 89.062% |  Val. Pre: 89.58% |  Val. Rec: 92.08% |  Val. Fsc: 90.82%
2023-06-20 02:38:39,146 	 Acc0: 78.12% |  Acc1: 100.00% |  Pre0: 100.00% |  Pre1: 79.17% |  Rec0: 84.17% | Rec1: 100.00% 
2023-06-20 02:38:39,146 Epoch: 139 | Epoch Time: 2m 48s
2023-06-20 02:38:39,146 EarlyStopping counter: 14 out of 20
2023-06-20 02:41:07,968 	Train Loss: 5.295982 | Train Acc: 85.417% | Acc0: 72.99% |  Acc1: 97.13% 
2023-06-20 02:41:28,207 	 Val. Loss: 3.692744 |  Val. Acc: 89.062% |  Val. Pre: 89.58% |  Val. Rec: 92.08% |  Val. Fsc: 90.82%
2023-06-20 02:41:28,208 	 Acc0: 78.12% |  Acc1: 100.00% |  Pre0: 100.00% |  Pre1: 79.17% |  Rec0: 84.17% | Rec1: 100.00% 
2023-06-20 02:41:28,219 Epoch: 140 | Epoch Time: 2m 49s
2023-06-20 02:41:28,219 EarlyStopping counter: 15 out of 20
2023-06-20 02:43:57,097 	Train Loss: 4.919315 | Train Acc: 88.426% | Acc0: 78.20% |  Acc1: 99.52% 
2023-06-20 02:44:17,322 	 Val. Loss: 3.746109 |  Val. Acc: 90.625% |  Val. Pre: 90.48% |  Val. Rec: 93.12% |  Val. Fsc: 91.78%
2023-06-20 02:44:17,322 	 Acc0: 81.25% |  Acc1: 100.00% |  Pre0: 100.00% |  Pre1: 80.95% |  Rec0: 86.25% | Rec1: 100.00% 
2023-06-20 02:44:17,322 Epoch: 141 | Epoch Time: 2m 49s
2023-06-20 02:44:17,322 EarlyStopping counter: 16 out of 20
2023-06-20 02:46:45,741 	Train Loss: 4.643695 | Train Acc: 88.426% | Acc0: 77.73% |  Acc1: 98.56% 
2023-06-20 02:47:05,980 	 Val. Loss: 3.767820 |  Val. Acc: 91.667% |  Val. Pre: 90.83% |  Val. Rec: 93.65% |  Val. Fsc: 92.22%
2023-06-20 02:47:05,980 	 Acc0: 87.50% |  Acc1: 96.43% |  Pre0: 95.00% |  Pre1: 86.67% |  Rec0: 90.42% | Rec1: 96.88% 
2023-06-20 02:47:05,980 Epoch: 142 | Epoch Time: 2m 48s
2023-06-20 02:47:05,980 EarlyStopping counter: 17 out of 20
2023-06-20 02:49:34,164 	Train Loss: 4.637674 | Train Acc: 87.963% | Acc0: 78.20% |  Acc1: 97.13% 
2023-06-20 02:49:54,367 	 Val. Loss: 3.612396 |  Val. Acc: 89.062% |  Val. Pre: 89.58% |  Val. Rec: 92.08% |  Val. Fsc: 90.82%
2023-06-20 02:49:54,368 	 Acc0: 78.12% |  Acc1: 100.00% |  Pre0: 100.00% |  Pre1: 79.17% |  Rec0: 84.17% | Rec1: 100.00% 
2023-06-20 02:49:54,368 Epoch: 143 | Epoch Time: 2m 48s
2023-06-20 02:49:54,368 Validation loss decreased (3.653224 --> 3.612396).  Saving model ...
2023-06-20 02:52:22,950 	Train Loss: 4.510979 | Train Acc: 88.426% | Acc0: 78.67% |  Acc1: 97.61% 
2023-06-20 02:52:43,131 	 Val. Loss: 3.601146 |  Val. Acc: 89.062% |  Val. Pre: 89.58% |  Val. Rec: 92.08% |  Val. Fsc: 90.82%
2023-06-20 02:52:43,131 	 Acc0: 78.12% |  Acc1: 100.00% |  Pre0: 100.00% |  Pre1: 79.17% |  Rec0: 84.17% | Rec1: 100.00% 
2023-06-20 02:52:43,131 Epoch: 144 | Epoch Time: 2m 48s
2023-06-20 02:52:43,131 Validation loss decreased (3.612396 --> 3.601146).  Saving model ...
2023-06-20 02:55:11,695 	Train Loss: 4.420786 | Train Acc: 87.037% | Acc0: 77.73% |  Acc1: 98.56% 
2023-06-20 02:55:31,954 	 Val. Loss: 3.623091 |  Val. Acc: 90.625% |  Val. Pre: 90.48% |  Val. Rec: 93.12% |  Val. Fsc: 91.78%
2023-06-20 02:55:31,954 	 Acc0: 81.25% |  Acc1: 100.00% |  Pre0: 100.00% |  Pre1: 80.95% |  Rec0: 86.25% | Rec1: 100.00% 
2023-06-20 02:55:31,965 Epoch: 145 | Epoch Time: 2m 48s
2023-06-20 02:55:31,965 EarlyStopping counter: 1 out of 20
2023-06-20 02:58:00,713 	Train Loss: 4.446547 | Train Acc: 87.269% | Acc0: 78.67% |  Acc1: 98.09% 
2023-06-20 02:58:20,937 	 Val. Loss: 3.538916 |  Val. Acc: 89.062% |  Val. Pre: 89.58% |  Val. Rec: 92.08% |  Val. Fsc: 90.82%
2023-06-20 02:58:20,937 	 Acc0: 78.12% |  Acc1: 100.00% |  Pre0: 100.00% |  Pre1: 79.17% |  Rec0: 84.17% | Rec1: 100.00% 
2023-06-20 02:58:20,937 Epoch: 146 | Epoch Time: 2m 48s
2023-06-20 02:58:20,937 Validation loss decreased (3.601146 --> 3.538916).  Saving model ...
2023-06-20 03:00:50,360 	Train Loss: 4.347326 | Train Acc: 87.731% | Acc0: 79.15% |  Acc1: 98.56% 
2023-06-20 03:01:10,579 	 Val. Loss: 3.522597 |  Val. Acc: 90.625% |  Val. Pre: 90.48% |  Val. Rec: 93.12% |  Val. Fsc: 91.78%
2023-06-20 03:01:10,579 	 Acc0: 81.25% |  Acc1: 100.00% |  Pre0: 100.00% |  Pre1: 80.95% |  Rec0: 86.25% | Rec1: 100.00% 
2023-06-20 03:01:10,580 Epoch: 147 | Epoch Time: 2m 49s
2023-06-20 03:01:10,580 Validation loss decreased (3.538916 --> 3.522597).  Saving model ...
2023-06-20 03:03:38,938 	Train Loss: 4.346933 | Train Acc: 88.657% | Acc0: 79.15% |  Acc1: 97.61% 
2023-06-20 03:03:59,134 	 Val. Loss: 3.750072 |  Val. Acc: 89.062% |  Val. Pre: 89.58% |  Val. Rec: 92.08% |  Val. Fsc: 90.82%
2023-06-20 03:03:59,134 	 Acc0: 78.12% |  Acc1: 100.00% |  Pre0: 100.00% |  Pre1: 79.17% |  Rec0: 84.17% | Rec1: 100.00% 
2023-06-20 03:03:59,134 Epoch: 148 | Epoch Time: 2m 48s
2023-06-20 03:03:59,134 EarlyStopping counter: 1 out of 20
2023-06-20 03:06:28,095 	Train Loss: 4.616928 | Train Acc: 88.194% | Acc0: 78.67% |  Acc1: 97.13% 
2023-06-20 03:06:48,339 	 Val. Loss: 3.388927 |  Val. Acc: 89.062% |  Val. Pre: 89.58% |  Val. Rec: 92.08% |  Val. Fsc: 90.82%
2023-06-20 03:06:48,339 	 Acc0: 78.12% |  Acc1: 100.00% |  Pre0: 100.00% |  Pre1: 79.17% |  Rec0: 84.17% | Rec1: 100.00% 
2023-06-20 03:06:48,339 Epoch: 149 | Epoch Time: 2m 49s
2023-06-20 03:06:48,339 Validation loss decreased (3.522597 --> 3.388927).  Saving model ...
2023-06-20 03:09:16,766 	Train Loss: 5.061052 | Train Acc: 86.111% | Acc0: 73.46% |  Acc1: 98.09% 
2023-06-20 03:09:36,967 	 Val. Loss: 3.825561 |  Val. Acc: 89.062% |  Val. Pre: 89.58% |  Val. Rec: 92.08% |  Val. Fsc: 90.82%
2023-06-20 03:09:36,967 	 Acc0: 78.12% |  Acc1: 100.00% |  Pre0: 100.00% |  Pre1: 79.17% |  Rec0: 84.17% | Rec1: 100.00% 
2023-06-20 03:09:36,979 Epoch: 150 | Epoch Time: 2m 48s
2023-06-20 03:09:36,980 EarlyStopping counter: 1 out of 20
2023-06-20 03:12:04,553 	Train Loss: 4.695323 | Train Acc: 87.269% | Acc0: 77.25% |  Acc1: 98.09% 
2023-06-20 03:12:24,745 	 Val. Loss: 3.865097 |  Val. Acc: 89.062% |  Val. Pre: 89.58% |  Val. Rec: 92.08% |  Val. Fsc: 90.82%
2023-06-20 03:12:24,745 	 Acc0: 78.12% |  Acc1: 100.00% |  Pre0: 100.00% |  Pre1: 79.17% |  Rec0: 84.17% | Rec1: 100.00% 
2023-06-20 03:12:24,745 Epoch: 151 | Epoch Time: 2m 47s
2023-06-20 03:12:24,745 EarlyStopping counter: 2 out of 20
2023-06-20 03:14:53,023 	Train Loss: 6.278780 | Train Acc: 79.861% | Acc0: 69.67% |  Acc1: 89.00% 
2023-06-20 03:15:13,136 	 Val. Loss: 4.613043 |  Val. Acc: 89.583% |  Val. Pre: 89.17% |  Val. Rec: 92.08% |  Val. Fsc: 90.60%
2023-06-20 03:15:13,136 	 Acc0: 87.50% |  Acc1: 92.86% |  Pre0: 91.67% |  Pre1: 86.67% |  Rec0: 90.42% | Rec1: 93.75% 
2023-06-20 03:15:13,136 Epoch: 152 | Epoch Time: 2m 48s
2023-06-20 03:15:13,136 EarlyStopping counter: 3 out of 20
2023-06-20 03:17:41,529 	Train Loss: 5.287044 | Train Acc: 85.880% | Acc0: 73.46% |  Acc1: 99.04% 
2023-06-20 03:18:01,842 	 Val. Loss: 3.904601 |  Val. Acc: 90.625% |  Val. Pre: 90.48% |  Val. Rec: 93.12% |  Val. Fsc: 91.78%
2023-06-20 03:18:01,842 	 Acc0: 81.25% |  Acc1: 100.00% |  Pre0: 100.00% |  Pre1: 80.95% |  Rec0: 86.25% | Rec1: 100.00% 
2023-06-20 03:18:01,842 Epoch: 153 | Epoch Time: 2m 48s
2023-06-20 03:18:01,842 EarlyStopping counter: 4 out of 20
2023-06-20 03:20:30,095 	Train Loss: 5.074010 | Train Acc: 85.417% | Acc0: 74.88% |  Acc1: 95.22% 
2023-06-20 03:20:50,190 	 Val. Loss: 3.826669 |  Val. Acc: 89.062% |  Val. Pre: 89.58% |  Val. Rec: 92.08% |  Val. Fsc: 90.82%
2023-06-20 03:20:50,190 	 Acc0: 78.12% |  Acc1: 100.00% |  Pre0: 100.00% |  Pre1: 79.17% |  Rec0: 84.17% | Rec1: 100.00% 
2023-06-20 03:20:50,190 Epoch: 154 | Epoch Time: 2m 48s
2023-06-20 03:20:50,190 EarlyStopping counter: 5 out of 20
2023-06-20 03:23:18,350 	Train Loss: 4.784136 | Train Acc: 86.574% | Acc0: 74.88% |  Acc1: 97.61% 
2023-06-20 03:23:38,511 	 Val. Loss: 3.863058 |  Val. Acc: 89.062% |  Val. Pre: 89.58% |  Val. Rec: 92.08% |  Val. Fsc: 90.82%
2023-06-20 03:23:38,511 	 Acc0: 78.12% |  Acc1: 100.00% |  Pre0: 100.00% |  Pre1: 79.17% |  Rec0: 84.17% | Rec1: 100.00% 
2023-06-20 03:23:38,524 Epoch: 155 | Epoch Time: 2m 48s
2023-06-20 03:23:38,524 EarlyStopping counter: 6 out of 20
2023-06-20 03:26:06,134 	Train Loss: 4.498967 | Train Acc: 85.880% | Acc0: 76.30% |  Acc1: 97.61% 
2023-06-20 03:26:26,303 	 Val. Loss: 3.612442 |  Val. Acc: 90.625% |  Val. Pre: 90.48% |  Val. Rec: 93.12% |  Val. Fsc: 91.78%
2023-06-20 03:26:26,303 	 Acc0: 81.25% |  Acc1: 100.00% |  Pre0: 100.00% |  Pre1: 80.95% |  Rec0: 86.25% | Rec1: 100.00% 
2023-06-20 03:26:26,304 Epoch: 156 | Epoch Time: 2m 47s
2023-06-20 03:26:26,304 EarlyStopping counter: 7 out of 20
2023-06-20 03:28:53,854 	Train Loss: 4.464648 | Train Acc: 88.194% | Acc0: 77.73% |  Acc1: 98.09% 
2023-06-20 03:29:14,001 	 Val. Loss: 3.482012 |  Val. Acc: 89.062% |  Val. Pre: 89.58% |  Val. Rec: 92.08% |  Val. Fsc: 90.82%
2023-06-20 03:29:14,001 	 Acc0: 78.12% |  Acc1: 100.00% |  Pre0: 100.00% |  Pre1: 79.17% |  Rec0: 84.17% | Rec1: 100.00% 
2023-06-20 03:29:14,002 Epoch: 157 | Epoch Time: 2m 47s
2023-06-20 03:29:14,002 EarlyStopping counter: 8 out of 20
2023-06-20 03:31:42,212 	Train Loss: 4.358045 | Train Acc: 88.426% | Acc0: 77.25% |  Acc1: 99.04% 
2023-06-20 03:32:02,486 	 Val. Loss: 3.452216 |  Val. Acc: 89.062% |  Val. Pre: 89.58% |  Val. Rec: 92.08% |  Val. Fsc: 90.82%
2023-06-20 03:32:02,487 	 Acc0: 78.12% |  Acc1: 100.00% |  Pre0: 100.00% |  Pre1: 79.17% |  Rec0: 84.17% | Rec1: 100.00% 
2023-06-20 03:32:02,487 Epoch: 158 | Epoch Time: 2m 48s
2023-06-20 03:32:02,487 EarlyStopping counter: 9 out of 20
2023-06-20 03:34:31,240 	Train Loss: 4.623628 | Train Acc: 87.963% | Acc0: 78.67% |  Acc1: 96.65% 
2023-06-20 03:34:51,501 	 Val. Loss: 3.525805 |  Val. Acc: 90.625% |  Val. Pre: 90.48% |  Val. Rec: 93.12% |  Val. Fsc: 91.78%
2023-06-20 03:34:51,501 	 Acc0: 81.25% |  Acc1: 100.00% |  Pre0: 100.00% |  Pre1: 80.95% |  Rec0: 86.25% | Rec1: 100.00% 
2023-06-20 03:34:51,501 Epoch: 159 | Epoch Time: 2m 49s
2023-06-20 03:34:51,501 EarlyStopping counter: 10 out of 20
2023-06-20 03:37:19,737 	Train Loss: 4.268675 | Train Acc: 90.046% | Acc0: 81.04% |  Acc1: 98.56% 
2023-06-20 03:37:40,007 	 Val. Loss: 3.586581 |  Val. Acc: 89.062% |  Val. Pre: 89.58% |  Val. Rec: 92.08% |  Val. Fsc: 90.82%
2023-06-20 03:37:40,007 	 Acc0: 78.12% |  Acc1: 100.00% |  Pre0: 100.00% |  Pre1: 79.17% |  Rec0: 84.17% | Rec1: 100.00% 
2023-06-20 03:37:40,021 Epoch: 160 | Epoch Time: 2m 48s
2023-06-20 03:37:40,021 EarlyStopping counter: 11 out of 20
2023-06-20 03:40:08,081 	Train Loss: 4.330196 | Train Acc: 87.963% | Acc0: 77.25% |  Acc1: 98.09% 
2023-06-20 03:40:28,230 	 Val. Loss: 3.492985 |  Val. Acc: 89.062% |  Val. Pre: 89.58% |  Val. Rec: 92.08% |  Val. Fsc: 90.82%
2023-06-20 03:40:28,231 	 Acc0: 78.12% |  Acc1: 100.00% |  Pre0: 100.00% |  Pre1: 79.17% |  Rec0: 84.17% | Rec1: 100.00% 
2023-06-20 03:40:28,231 Epoch: 161 | Epoch Time: 2m 48s
2023-06-20 03:40:28,231 EarlyStopping counter: 12 out of 20
2023-06-20 03:42:56,103 	Train Loss: 4.467366 | Train Acc: 87.963% | Acc0: 78.67% |  Acc1: 98.09% 
2023-06-20 03:43:16,177 	 Val. Loss: 3.631942 |  Val. Acc: 89.062% |  Val. Pre: 89.58% |  Val. Rec: 92.08% |  Val. Fsc: 90.82%
2023-06-20 03:43:16,178 	 Acc0: 78.12% |  Acc1: 100.00% |  Pre0: 100.00% |  Pre1: 79.17% |  Rec0: 84.17% | Rec1: 100.00% 
2023-06-20 03:43:16,178 Epoch: 162 | Epoch Time: 2m 47s
2023-06-20 03:43:16,178 EarlyStopping counter: 13 out of 20
2023-06-20 03:45:44,628 	Train Loss: 4.371385 | Train Acc: 88.194% | Acc0: 77.25% |  Acc1: 98.56% 
2023-06-20 03:46:04,823 	 Val. Loss: 3.477989 |  Val. Acc: 89.062% |  Val. Pre: 89.58% |  Val. Rec: 92.08% |  Val. Fsc: 90.82%
2023-06-20 03:46:04,823 	 Acc0: 78.12% |  Acc1: 100.00% |  Pre0: 100.00% |  Pre1: 79.17% |  Rec0: 84.17% | Rec1: 100.00% 
2023-06-20 03:46:04,823 Epoch: 163 | Epoch Time: 2m 48s
2023-06-20 03:46:04,823 EarlyStopping counter: 14 out of 20
2023-06-20 03:48:33,161 	Train Loss: 5.140808 | Train Acc: 83.565% | Acc0: 72.04% |  Acc1: 95.69% 
2023-06-20 03:48:53,355 	 Val. Loss: 5.114044 |  Val. Acc: 84.896% |  Val. Pre: 84.65% |  Val. Rec: 86.35% |  Val. Fsc: 85.49%
2023-06-20 03:48:53,355 	 Acc0: 75.00% |  Acc1: 96.43% |  Pre0: 93.75% |  Pre1: 75.55% |  Rec0: 75.83% | Rec1: 96.88% 
2023-06-20 03:48:53,355 Epoch: 164 | Epoch Time: 2m 48s
2023-06-20 03:48:53,355 EarlyStopping counter: 15 out of 20
2023-06-20 03:51:21,064 	Train Loss: 5.655787 | Train Acc: 83.102% | Acc0: 69.67% |  Acc1: 95.69% 
2023-06-20 03:51:41,241 	 Val. Loss: 4.306688 |  Val. Acc: 88.542% |  Val. Pre: 87.08% |  Val. Rec: 90.52% |  Val. Fsc: 88.77%
2023-06-20 03:51:41,241 	 Acc0: 84.38% |  Acc1: 92.86% |  Pre0: 91.88% |  Pre1: 82.29% |  Rec0: 88.33% | Rec1: 92.71% 
2023-06-20 03:51:41,252 Epoch: 165 | Epoch Time: 2m 47s
2023-06-20 03:51:41,253 EarlyStopping counter: 16 out of 20
2023-06-20 03:54:09,551 	Train Loss: 5.305685 | Train Acc: 83.796% | Acc0: 71.09% |  Acc1: 95.69% 
2023-06-20 03:54:29,774 	 Val. Loss: 4.098166 |  Val. Acc: 93.750% |  Val. Pre: 93.33% |  Val. Rec: 95.21% |  Val. Fsc: 94.26%
2023-06-20 03:54:29,775 	 Acc0: 87.50% |  Acc1: 100.00% |  Pre0: 100.00% |  Pre1: 86.67% |  Rec0: 90.42% | Rec1: 100.00% 
2023-06-20 03:54:29,775 Epoch: 166 | Epoch Time: 2m 48s
2023-06-20 03:54:29,775 EarlyStopping counter: 17 out of 20
2023-06-20 03:56:57,744 	Train Loss: 5.240876 | Train Acc: 86.111% | Acc0: 76.30% |  Acc1: 96.65% 
2023-06-20 03:57:17,891 	 Val. Loss: 4.836923 |  Val. Acc: 84.375% |  Val. Pre: 86.92% |  Val. Rec: 87.71% |  Val. Fsc: 87.31%
2023-06-20 03:57:17,891 	 Acc0: 68.75% |  Acc1: 100.00% |  Pre0: 100.00% |  Pre1: 73.84% |  Rec0: 75.42% | Rec1: 100.00% 
2023-06-20 03:57:17,891 Epoch: 167 | Epoch Time: 2m 48s
2023-06-20 03:57:17,891 EarlyStopping counter: 18 out of 20
2023-06-20 03:59:46,200 	Train Loss: 5.413314 | Train Acc: 84.259% | Acc0: 68.72% |  Acc1: 99.04% 
2023-06-20 04:00:06,452 	 Val. Loss: 3.943128 |  Val. Acc: 90.625% |  Val. Pre: 90.48% |  Val. Rec: 93.12% |  Val. Fsc: 91.78%
2023-06-20 04:00:06,452 	 Acc0: 81.25% |  Acc1: 100.00% |  Pre0: 100.00% |  Pre1: 80.95% |  Rec0: 86.25% | Rec1: 100.00% 
2023-06-20 04:00:06,452 Epoch: 168 | Epoch Time: 2m 48s
2023-06-20 04:00:06,452 EarlyStopping counter: 19 out of 20
2023-06-20 04:02:34,889 	Train Loss: 5.059422 | Train Acc: 85.648% | Acc0: 72.51% |  Acc1: 99.52% 
2023-06-20 04:02:55,102 	 Val. Loss: 3.802318 |  Val. Acc: 92.188% |  Val. Pre: 91.67% |  Val. Rec: 94.17% |  Val. Fsc: 92.90%
2023-06-20 04:02:55,103 	 Acc0: 84.38% |  Acc1: 100.00% |  Pre0: 100.00% |  Pre1: 83.33% |  Rec0: 88.33% | Rec1: 100.00% 
2023-06-20 04:02:55,103 Epoch: 169 | Epoch Time: 2m 48s
2023-06-20 04:02:55,103 EarlyStopping counter: 20 out of 20
2023-06-20 04:02:55,103 Early stopping
