2023-06-19 15:42:02,034 Savedir: MixBench/error_allpurpose_root_CFG_PDG_CAST_DEP
2023-06-19 15:42:02,049 Dataset size: 600
2023-06-19 15:42:02,049 Split: 
  train -> 420, val -> 60, test -> 120
2023-06-19 15:42:02,050 Edges: ['CFG', 'PDG', 'CAST', 'DEP']
2023-06-19 15:42:03,755 ============> Training mode start...
2023-06-19 15:45:16,422 	Train Loss: 10.738073 | Train Acc: 50.000% | Acc0: 99.53% |  Acc1: 0.00% 
2023-06-19 15:45:41,680 	 Val. Loss: 10.265091 |  Val. Acc: 58.333% |  Val. Pre: 65.17% |  Val. Rec: 56.35% |  Val. Fsc: 60.44%
2023-06-19 15:45:41,680 	 Acc0: 93.75% |  Acc1: 21.43% |  Pre0: 55.35% |  Pre1: 75.00% |  Rec0: 91.67% | Rec1: 21.04% 
2023-06-19 15:45:41,680 Epoch: 01 | Epoch Time: 3m 37s
2023-06-19 15:45:41,680 Validation loss decreased (inf --> 10.265091).  Saving model ...
2023-06-19 15:48:20,714 	Train Loss: 10.574901 | Train Acc: 68.519% | Acc0: 65.40% |  Acc1: 71.29% 
2023-06-19 15:48:42,349 	 Val. Loss: 10.007128 |  Val. Acc: 72.917% |  Val. Pre: 73.12% |  Val. Rec: 73.75% |  Val. Fsc: 73.43%
2023-06-19 15:48:42,349 	 Acc0: 78.12% |  Acc1: 67.86% |  Pre0: 72.62% |  Pre1: 73.61% |  Rec0: 81.67% | Rec1: 65.83% 
2023-06-19 15:48:42,349 Epoch: 02 | Epoch Time: 3m 0s
2023-06-19 15:48:42,349 Validation loss decreased (10.265091 --> 10.007128).  Saving model ...
2023-06-19 15:51:21,394 	Train Loss: 10.123253 | Train Acc: 65.741% | Acc0: 74.88% |  Acc1: 55.98% 
2023-06-19 15:51:42,962 	 Val. Loss: 9.574278 |  Val. Acc: 70.312% |  Val. Pre: 79.96% |  Val. Rec: 70.62% |  Val. Fsc: 75.00%
2023-06-19 15:51:42,962 	 Acc0: 43.75% |  Acc1: 100.00% |  Pre0: 100.00% |  Pre1: 59.91% |  Rec0: 41.25% | Rec1: 100.00% 
2023-06-19 15:51:42,962 Epoch: 03 | Epoch Time: 3m 0s
2023-06-19 15:51:42,962 Validation loss decreased (10.007128 --> 9.574278).  Saving model ...
2023-06-19 15:54:22,006 	Train Loss: 9.104016 | Train Acc: 73.148% | Acc0: 64.45% |  Acc1: 83.25% 
2023-06-19 15:54:43,614 	 Val. Loss: 8.120696 |  Val. Acc: 80.208% |  Val. Pre: 84.42% |  Val. Rec: 81.46% |  Val. Fsc: 82.91%
2023-06-19 15:54:43,614 	 Acc0: 62.50% |  Acc1: 100.00% |  Pre0: 100.00% |  Pre1: 68.84% |  Rec0: 62.92% | Rec1: 100.00% 
2023-06-19 15:54:43,614 Epoch: 04 | Epoch Time: 3m 0s
2023-06-19 15:54:43,614 Validation loss decreased (9.574278 --> 8.120696).  Saving model ...
2023-06-19 15:57:22,052 	Train Loss: 8.121215 | Train Acc: 75.463% | Acc0: 61.14% |  Acc1: 89.95% 
2023-06-19 15:57:43,709 	 Val. Loss: 7.926208 |  Val. Acc: 78.646% |  Val. Pre: 83.47% |  Val. Rec: 79.38% |  Val. Fsc: 81.37%
2023-06-19 15:57:43,709 	 Acc0: 59.38% |  Acc1: 100.00% |  Pre0: 100.00% |  Pre1: 66.94% |  Rec0: 58.75% | Rec1: 100.00% 
2023-06-19 15:57:43,722 Epoch: 05 | Epoch Time: 3m 0s
2023-06-19 15:57:43,722 Validation loss decreased (8.120696 --> 7.926208).  Saving model ...
2023-06-19 16:00:21,973 	Train Loss: 7.799391 | Train Acc: 76.852% | Acc0: 63.03% |  Acc1: 90.91% 
2023-06-19 16:00:43,913 	 Val. Loss: 7.403141 |  Val. Acc: 80.208% |  Val. Pre: 84.42% |  Val. Rec: 81.46% |  Val. Fsc: 82.91%
2023-06-19 16:00:43,914 	 Acc0: 62.50% |  Acc1: 100.00% |  Pre0: 100.00% |  Pre1: 68.84% |  Rec0: 62.92% | Rec1: 100.00% 
2023-06-19 16:00:43,914 Epoch: 06 | Epoch Time: 3m 0s
2023-06-19 16:00:43,914 Validation loss decreased (7.926208 --> 7.403141).  Saving model ...
2023-06-19 16:04:14,178 	Train Loss: 7.611271 | Train Acc: 78.241% | Acc0: 61.61% |  Acc1: 95.22% 
2023-06-19 16:04:47,175 	 Val. Loss: 6.776111 |  Val. Acc: 83.854% |  Val. Pre: 86.22% |  Val. Rec: 85.62% |  Val. Fsc: 85.92%
2023-06-19 16:04:47,175 	 Acc0: 68.75% |  Acc1: 100.00% |  Pre0: 100.00% |  Pre1: 72.45% |  Rec0: 71.25% | Rec1: 100.00% 
2023-06-19 16:04:47,175 Epoch: 07 | Epoch Time: 4m 3s
2023-06-19 16:04:47,175 Validation loss decreased (7.403141 --> 6.776111).  Saving model ...
2023-06-19 16:08:47,391 	Train Loss: 7.487140 | Train Acc: 77.315% | Acc0: 60.66% |  Acc1: 95.69% 
2023-06-19 16:09:12,042 	 Val. Loss: 7.268486 |  Val. Acc: 82.292% |  Val. Pre: 85.53% |  Val. Rec: 84.58% |  Val. Fsc: 85.05%
2023-06-19 16:09:12,042 	 Acc0: 65.62% |  Acc1: 100.00% |  Pre0: 100.00% |  Pre1: 71.06% |  Rec0: 69.17% | Rec1: 100.00% 
2023-06-19 16:09:12,042 Epoch: 08 | Epoch Time: 4m 24s
2023-06-19 16:09:12,042 EarlyStopping counter: 1 out of 20
2023-06-19 16:11:51,449 	Train Loss: 7.392091 | Train Acc: 78.241% | Acc0: 62.56% |  Acc1: 94.26% 
2023-06-19 16:12:13,055 	 Val. Loss: 6.662610 |  Val. Acc: 83.854% |  Val. Pre: 86.36% |  Val. Rec: 85.83% |  Val. Fsc: 86.10%
2023-06-19 16:12:13,055 	 Acc0: 68.75% |  Acc1: 100.00% |  Pre0: 100.00% |  Pre1: 72.73% |  Rec0: 71.67% | Rec1: 100.00% 
2023-06-19 16:12:13,055 Epoch: 09 | Epoch Time: 3m 1s
2023-06-19 16:12:13,055 Validation loss decreased (6.776111 --> 6.662610).  Saving model ...
2023-06-19 16:14:51,493 	Train Loss: 7.303563 | Train Acc: 79.167% | Acc0: 63.03% |  Acc1: 94.26% 
2023-06-19 16:15:13,145 	 Val. Loss: 6.822433 |  Val. Acc: 82.292% |  Val. Pre: 85.53% |  Val. Rec: 84.58% |  Val. Fsc: 85.05%
2023-06-19 16:15:13,145 	 Acc0: 65.62% |  Acc1: 100.00% |  Pre0: 100.00% |  Pre1: 71.06% |  Rec0: 69.17% | Rec1: 100.00% 
2023-06-19 16:15:13,157 Epoch: 10 | Epoch Time: 3m 0s
2023-06-19 16:15:13,157 EarlyStopping counter: 1 out of 20
2023-06-19 16:17:52,009 	Train Loss: 7.327693 | Train Acc: 77.315% | Acc0: 61.14% |  Acc1: 95.22% 
2023-06-19 16:18:13,776 	 Val. Loss: 7.216552 |  Val. Acc: 80.729% |  Val. Pre: 84.58% |  Val. Rec: 82.50% |  Val. Fsc: 83.53%
2023-06-19 16:18:13,776 	 Acc0: 62.50% |  Acc1: 100.00% |  Pre0: 100.00% |  Pre1: 69.17% |  Rec0: 65.00% | Rec1: 100.00% 
2023-06-19 16:18:13,776 Epoch: 11 | Epoch Time: 3m 0s
2023-06-19 16:18:13,776 EarlyStopping counter: 2 out of 20
2023-06-19 16:20:51,377 	Train Loss: 7.333480 | Train Acc: 78.935% | Acc0: 60.66% |  Acc1: 96.17% 
2023-06-19 16:21:13,044 	 Val. Loss: 6.367223 |  Val. Acc: 83.854% |  Val. Pre: 86.36% |  Val. Rec: 85.83% |  Val. Fsc: 86.10%
2023-06-19 16:21:13,044 	 Acc0: 68.75% |  Acc1: 100.00% |  Pre0: 100.00% |  Pre1: 72.73% |  Rec0: 71.67% | Rec1: 100.00% 
2023-06-19 16:21:13,044 Epoch: 12 | Epoch Time: 2m 59s
2023-06-19 16:21:13,044 Validation loss decreased (6.662610 --> 6.367223).  Saving model ...
2023-06-19 16:23:52,140 	Train Loss: 7.171513 | Train Acc: 78.704% | Acc0: 62.09% |  Acc1: 95.69% 
2023-06-19 16:24:13,910 	 Val. Loss: 6.307278 |  Val. Acc: 83.854% |  Val. Pre: 86.36% |  Val. Rec: 85.83% |  Val. Fsc: 86.10%
2023-06-19 16:24:13,910 	 Acc0: 68.75% |  Acc1: 100.00% |  Pre0: 100.00% |  Pre1: 72.73% |  Rec0: 71.67% | Rec1: 100.00% 
2023-06-19 16:24:13,910 Epoch: 13 | Epoch Time: 3m 0s
2023-06-19 16:24:13,910 Validation loss decreased (6.367223 --> 6.307278).  Saving model ...
2023-06-19 16:26:52,952 	Train Loss: 7.133931 | Train Acc: 78.009% | Acc0: 62.09% |  Acc1: 95.69% 
2023-06-19 16:27:14,812 	 Val. Loss: 6.096267 |  Val. Acc: 83.854% |  Val. Pre: 86.36% |  Val. Rec: 85.83% |  Val. Fsc: 86.10%
2023-06-19 16:27:14,812 	 Acc0: 68.75% |  Acc1: 100.00% |  Pre0: 100.00% |  Pre1: 72.73% |  Rec0: 71.67% | Rec1: 100.00% 
2023-06-19 16:27:14,812 Epoch: 14 | Epoch Time: 3m 0s
2023-06-19 16:27:14,812 Validation loss decreased (6.307278 --> 6.096267).  Saving model ...
2023-06-19 16:29:53,745 	Train Loss: 7.185275 | Train Acc: 78.935% | Acc0: 63.51% |  Acc1: 94.74% 
2023-06-19 16:30:15,453 	 Val. Loss: 6.709556 |  Val. Acc: 82.292% |  Val. Pre: 85.53% |  Val. Rec: 84.58% |  Val. Fsc: 85.05%
2023-06-19 16:30:15,453 	 Acc0: 65.62% |  Acc1: 100.00% |  Pre0: 100.00% |  Pre1: 71.06% |  Rec0: 69.17% | Rec1: 100.00% 
2023-06-19 16:30:15,468 Epoch: 15 | Epoch Time: 3m 0s
2023-06-19 16:30:15,468 EarlyStopping counter: 1 out of 20
2023-06-19 16:32:56,041 	Train Loss: 7.265229 | Train Acc: 78.472% | Acc0: 59.72% |  Acc1: 97.61% 
2023-06-19 16:33:17,875 	 Val. Loss: 6.282367 |  Val. Acc: 83.854% |  Val. Pre: 86.36% |  Val. Rec: 85.83% |  Val. Fsc: 86.10%
2023-06-19 16:33:17,875 	 Acc0: 68.75% |  Acc1: 100.00% |  Pre0: 100.00% |  Pre1: 72.73% |  Rec0: 71.67% | Rec1: 100.00% 
2023-06-19 16:33:17,875 Epoch: 16 | Epoch Time: 3m 2s
2023-06-19 16:33:17,875 EarlyStopping counter: 2 out of 20
2023-06-19 16:35:58,535 	Train Loss: 7.095182 | Train Acc: 78.935% | Acc0: 62.09% |  Acc1: 96.17% 
2023-06-19 16:36:20,432 	 Val. Loss: 6.166872 |  Val. Acc: 83.854% |  Val. Pre: 86.36% |  Val. Rec: 85.83% |  Val. Fsc: 86.10%
2023-06-19 16:36:20,432 	 Acc0: 68.75% |  Acc1: 100.00% |  Pre0: 100.00% |  Pre1: 72.73% |  Rec0: 71.67% | Rec1: 100.00% 
2023-06-19 16:36:20,432 Epoch: 17 | Epoch Time: 3m 2s
2023-06-19 16:36:20,432 EarlyStopping counter: 3 out of 20
2023-06-19 16:39:01,240 	Train Loss: 7.011302 | Train Acc: 79.398% | Acc0: 62.56% |  Acc1: 96.65% 
2023-06-19 16:39:22,897 	 Val. Loss: 6.098199 |  Val. Acc: 83.854% |  Val. Pre: 86.36% |  Val. Rec: 85.83% |  Val. Fsc: 86.10%
2023-06-19 16:39:22,897 	 Acc0: 68.75% |  Acc1: 100.00% |  Pre0: 100.00% |  Pre1: 72.73% |  Rec0: 71.67% | Rec1: 100.00% 
2023-06-19 16:39:22,897 Epoch: 18 | Epoch Time: 3m 2s
2023-06-19 16:39:22,897 EarlyStopping counter: 4 out of 20
2023-06-19 16:42:01,928 	Train Loss: 7.015947 | Train Acc: 79.398% | Acc0: 62.56% |  Acc1: 96.65% 
2023-06-19 16:42:24,125 	 Val. Loss: 6.213631 |  Val. Acc: 83.854% |  Val. Pre: 86.36% |  Val. Rec: 85.83% |  Val. Fsc: 86.10%
2023-06-19 16:42:24,126 	 Acc0: 68.75% |  Acc1: 100.00% |  Pre0: 100.00% |  Pre1: 72.73% |  Rec0: 71.67% | Rec1: 100.00% 
2023-06-19 16:42:24,126 Epoch: 19 | Epoch Time: 3m 1s
2023-06-19 16:42:24,126 EarlyStopping counter: 5 out of 20
2023-06-19 16:45:02,713 	Train Loss: 7.020503 | Train Acc: 77.315% | Acc0: 63.51% |  Acc1: 94.26% 
2023-06-19 16:45:24,638 	 Val. Loss: 6.767572 |  Val. Acc: 80.729% |  Val. Pre: 84.58% |  Val. Rec: 82.50% |  Val. Fsc: 83.53%
2023-06-19 16:45:24,639 	 Acc0: 62.50% |  Acc1: 100.00% |  Pre0: 100.00% |  Pre1: 69.17% |  Rec0: 65.00% | Rec1: 100.00% 
2023-06-19 16:45:24,654 Epoch: 20 | Epoch Time: 3m 0s
2023-06-19 16:45:24,654 EarlyStopping counter: 6 out of 20
2023-06-19 16:48:04,359 	Train Loss: 7.186836 | Train Acc: 78.472% | Acc0: 61.61% |  Acc1: 95.69% 
2023-06-19 16:48:26,037 	 Val. Loss: 6.074984 |  Val. Acc: 83.854% |  Val. Pre: 86.36% |  Val. Rec: 85.83% |  Val. Fsc: 86.10%
2023-06-19 16:48:26,037 	 Acc0: 68.75% |  Acc1: 100.00% |  Pre0: 100.00% |  Pre1: 72.73% |  Rec0: 71.67% | Rec1: 100.00% 
2023-06-19 16:48:26,037 Epoch: 21 | Epoch Time: 3m 1s
2023-06-19 16:48:26,037 Validation loss decreased (6.096267 --> 6.074984).  Saving model ...
2023-06-19 16:51:05,476 	Train Loss: 6.979011 | Train Acc: 79.398% | Acc0: 61.61% |  Acc1: 96.17% 
2023-06-19 16:51:27,093 	 Val. Loss: 6.015638 |  Val. Acc: 83.854% |  Val. Pre: 86.36% |  Val. Rec: 85.83% |  Val. Fsc: 86.10%
2023-06-19 16:51:27,093 	 Acc0: 68.75% |  Acc1: 100.00% |  Pre0: 100.00% |  Pre1: 72.73% |  Rec0: 71.67% | Rec1: 100.00% 
2023-06-19 16:51:27,093 Epoch: 22 | Epoch Time: 3m 1s
2023-06-19 16:51:27,093 Validation loss decreased (6.074984 --> 6.015638).  Saving model ...
2023-06-19 16:54:06,245 	Train Loss: 6.895663 | Train Acc: 79.861% | Acc0: 61.14% |  Acc1: 97.61% 
2023-06-19 16:54:28,087 	 Val. Loss: 5.805332 |  Val. Acc: 83.854% |  Val. Pre: 86.36% |  Val. Rec: 85.83% |  Val. Fsc: 86.10%
2023-06-19 16:54:28,088 	 Acc0: 68.75% |  Acc1: 100.00% |  Pre0: 100.00% |  Pre1: 72.73% |  Rec0: 71.67% | Rec1: 100.00% 
2023-06-19 16:54:28,088 Epoch: 23 | Epoch Time: 3m 0s
2023-06-19 16:54:28,088 Validation loss decreased (6.015638 --> 5.805332).  Saving model ...
2023-06-19 16:57:07,167 	Train Loss: 6.888369 | Train Acc: 79.398% | Acc0: 63.03% |  Acc1: 96.17% 
2023-06-19 16:57:28,760 	 Val. Loss: 5.841363 |  Val. Acc: 83.854% |  Val. Pre: 86.36% |  Val. Rec: 85.83% |  Val. Fsc: 86.10%
2023-06-19 16:57:28,761 	 Acc0: 68.75% |  Acc1: 100.00% |  Pre0: 100.00% |  Pre1: 72.73% |  Rec0: 71.67% | Rec1: 100.00% 
2023-06-19 16:57:28,761 Epoch: 24 | Epoch Time: 3m 0s
2023-06-19 16:57:28,761 EarlyStopping counter: 1 out of 20
2023-06-19 17:00:08,090 	Train Loss: 6.823105 | Train Acc: 79.398% | Acc0: 62.09% |  Acc1: 97.13% 
2023-06-19 17:00:29,631 	 Val. Loss: 5.792266 |  Val. Acc: 83.854% |  Val. Pre: 86.36% |  Val. Rec: 85.83% |  Val. Fsc: 86.10%
2023-06-19 17:00:29,632 	 Acc0: 68.75% |  Acc1: 100.00% |  Pre0: 100.00% |  Pre1: 72.73% |  Rec0: 71.67% | Rec1: 100.00% 
2023-06-19 17:00:29,644 Epoch: 25 | Epoch Time: 3m 0s
2023-06-19 17:00:29,644 Validation loss decreased (5.805332 --> 5.792266).  Saving model ...
2023-06-19 17:03:08,930 	Train Loss: 6.782712 | Train Acc: 80.093% | Acc0: 62.56% |  Acc1: 96.65% 
2023-06-19 17:03:30,643 	 Val. Loss: 5.895126 |  Val. Acc: 83.854% |  Val. Pre: 86.36% |  Val. Rec: 85.83% |  Val. Fsc: 86.10%
2023-06-19 17:03:30,643 	 Acc0: 68.75% |  Acc1: 100.00% |  Pre0: 100.00% |  Pre1: 72.73% |  Rec0: 71.67% | Rec1: 100.00% 
2023-06-19 17:03:30,643 Epoch: 26 | Epoch Time: 3m 0s
2023-06-19 17:03:30,643 EarlyStopping counter: 1 out of 20
2023-06-19 17:06:08,825 	Train Loss: 6.765769 | Train Acc: 76.852% | Acc0: 59.72% |  Acc1: 97.13% 
2023-06-19 17:06:30,476 	 Val. Loss: 5.610753 |  Val. Acc: 83.854% |  Val. Pre: 86.36% |  Val. Rec: 85.83% |  Val. Fsc: 86.10%
2023-06-19 17:06:30,476 	 Acc0: 68.75% |  Acc1: 100.00% |  Pre0: 100.00% |  Pre1: 72.73% |  Rec0: 71.67% | Rec1: 100.00% 
2023-06-19 17:06:30,476 Epoch: 27 | Epoch Time: 2m 59s
2023-06-19 17:06:30,476 Validation loss decreased (5.792266 --> 5.610753).  Saving model ...
2023-06-19 17:09:09,932 	Train Loss: 6.758497 | Train Acc: 78.704% | Acc0: 61.61% |  Acc1: 96.17% 
2023-06-19 17:09:31,501 	 Val. Loss: 6.078001 |  Val. Acc: 83.854% |  Val. Pre: 86.36% |  Val. Rec: 85.83% |  Val. Fsc: 86.10%
2023-06-19 17:09:31,501 	 Acc0: 68.75% |  Acc1: 100.00% |  Pre0: 100.00% |  Pre1: 72.73% |  Rec0: 71.67% | Rec1: 100.00% 
2023-06-19 17:09:31,501 Epoch: 28 | Epoch Time: 3m 1s
2023-06-19 17:09:31,501 EarlyStopping counter: 1 out of 20
2023-06-19 17:12:09,337 	Train Loss: 6.884793 | Train Acc: 78.472% | Acc0: 60.19% |  Acc1: 97.13% 
2023-06-19 17:12:30,821 	 Val. Loss: 5.966575 |  Val. Acc: 83.854% |  Val. Pre: 86.36% |  Val. Rec: 85.83% |  Val. Fsc: 86.10%
2023-06-19 17:12:30,821 	 Acc0: 68.75% |  Acc1: 100.00% |  Pre0: 100.00% |  Pre1: 72.73% |  Rec0: 71.67% | Rec1: 100.00% 
2023-06-19 17:12:30,821 Epoch: 29 | Epoch Time: 2m 59s
2023-06-19 17:12:30,821 EarlyStopping counter: 2 out of 20
2023-06-19 17:15:09,217 	Train Loss: 6.892493 | Train Acc: 79.167% | Acc0: 61.14% |  Acc1: 96.17% 
2023-06-19 17:15:30,814 	 Val. Loss: 6.043015 |  Val. Acc: 83.854% |  Val. Pre: 86.36% |  Val. Rec: 85.83% |  Val. Fsc: 86.10%
2023-06-19 17:15:30,814 	 Acc0: 68.75% |  Acc1: 100.00% |  Pre0: 100.00% |  Pre1: 72.73% |  Rec0: 71.67% | Rec1: 100.00% 
2023-06-19 17:15:30,826 Epoch: 30 | Epoch Time: 3m 0s
2023-06-19 17:15:30,827 EarlyStopping counter: 3 out of 20
2023-06-19 17:18:10,435 	Train Loss: 6.752134 | Train Acc: 79.861% | Acc0: 61.61% |  Acc1: 97.13% 
2023-06-19 17:18:32,122 	 Val. Loss: 5.617875 |  Val. Acc: 83.854% |  Val. Pre: 86.36% |  Val. Rec: 85.83% |  Val. Fsc: 86.10%
2023-06-19 17:18:32,122 	 Acc0: 68.75% |  Acc1: 100.00% |  Pre0: 100.00% |  Pre1: 72.73% |  Rec0: 71.67% | Rec1: 100.00% 
2023-06-19 17:18:32,122 Epoch: 31 | Epoch Time: 3m 1s
2023-06-19 17:18:32,123 EarlyStopping counter: 4 out of 20
2023-06-19 17:21:10,825 	Train Loss: 6.684452 | Train Acc: 80.093% | Acc0: 62.09% |  Acc1: 97.13% 
2023-06-19 17:21:32,395 	 Val. Loss: 5.500612 |  Val. Acc: 83.854% |  Val. Pre: 86.36% |  Val. Rec: 85.83% |  Val. Fsc: 86.10%
2023-06-19 17:21:32,396 	 Acc0: 68.75% |  Acc1: 100.00% |  Pre0: 100.00% |  Pre1: 72.73% |  Rec0: 71.67% | Rec1: 100.00% 
2023-06-19 17:21:32,396 Epoch: 32 | Epoch Time: 3m 0s
2023-06-19 17:21:32,396 Validation loss decreased (5.610753 --> 5.500612).  Saving model ...
2023-06-19 17:24:10,665 	Train Loss: 6.678236 | Train Acc: 78.935% | Acc0: 62.09% |  Acc1: 96.17% 
2023-06-19 17:24:32,282 	 Val. Loss: 5.590860 |  Val. Acc: 83.854% |  Val. Pre: 86.36% |  Val. Rec: 85.83% |  Val. Fsc: 86.10%
2023-06-19 17:24:32,282 	 Acc0: 68.75% |  Acc1: 100.00% |  Pre0: 100.00% |  Pre1: 72.73% |  Rec0: 71.67% | Rec1: 100.00% 
2023-06-19 17:24:32,283 Epoch: 33 | Epoch Time: 2m 59s
2023-06-19 17:24:32,283 EarlyStopping counter: 1 out of 20
2023-06-19 17:27:09,444 	Train Loss: 6.680182 | Train Acc: 79.398% | Acc0: 62.09% |  Acc1: 97.13% 
2023-06-19 17:27:30,844 	 Val. Loss: 5.492099 |  Val. Acc: 83.854% |  Val. Pre: 86.36% |  Val. Rec: 85.83% |  Val. Fsc: 86.10%
2023-06-19 17:27:30,844 	 Acc0: 68.75% |  Acc1: 100.00% |  Pre0: 100.00% |  Pre1: 72.73% |  Rec0: 71.67% | Rec1: 100.00% 
2023-06-19 17:27:30,844 Epoch: 34 | Epoch Time: 2m 58s
2023-06-19 17:27:30,844 Validation loss decreased (5.500612 --> 5.492099).  Saving model ...
2023-06-19 17:30:09,321 	Train Loss: 6.591208 | Train Acc: 79.861% | Acc0: 62.56% |  Acc1: 96.17% 
2023-06-19 17:30:30,849 	 Val. Loss: 5.984002 |  Val. Acc: 83.854% |  Val. Pre: 86.36% |  Val. Rec: 85.83% |  Val. Fsc: 86.10%
2023-06-19 17:30:30,850 	 Acc0: 68.75% |  Acc1: 100.00% |  Pre0: 100.00% |  Pre1: 72.73% |  Rec0: 71.67% | Rec1: 100.00% 
2023-06-19 17:30:30,862 Epoch: 35 | Epoch Time: 3m 0s
2023-06-19 17:30:30,862 EarlyStopping counter: 1 out of 20
2023-06-19 17:33:08,163 	Train Loss: 6.670595 | Train Acc: 79.861% | Acc0: 61.61% |  Acc1: 97.13% 
2023-06-19 17:33:30,114 	 Val. Loss: 5.506427 |  Val. Acc: 83.854% |  Val. Pre: 86.36% |  Val. Rec: 85.83% |  Val. Fsc: 86.10%
2023-06-19 17:33:30,114 	 Acc0: 68.75% |  Acc1: 100.00% |  Pre0: 100.00% |  Pre1: 72.73% |  Rec0: 71.67% | Rec1: 100.00% 
2023-06-19 17:33:30,114 Epoch: 36 | Epoch Time: 2m 59s
2023-06-19 17:33:30,114 EarlyStopping counter: 2 out of 20
2023-06-19 17:36:08,025 	Train Loss: 6.626014 | Train Acc: 79.861% | Acc0: 61.14% |  Acc1: 97.61% 
2023-06-19 17:36:29,513 	 Val. Loss: 5.569078 |  Val. Acc: 83.854% |  Val. Pre: 86.36% |  Val. Rec: 85.83% |  Val. Fsc: 86.10%
2023-06-19 17:36:29,515 	 Acc0: 68.75% |  Acc1: 100.00% |  Pre0: 100.00% |  Pre1: 72.73% |  Rec0: 71.67% | Rec1: 100.00% 
2023-06-19 17:36:29,515 Epoch: 37 | Epoch Time: 2m 59s
2023-06-19 17:36:29,515 EarlyStopping counter: 3 out of 20
2023-06-19 17:39:07,052 	Train Loss: 6.580777 | Train Acc: 79.398% | Acc0: 61.61% |  Acc1: 97.61% 
2023-06-19 17:39:28,497 	 Val. Loss: 5.433237 |  Val. Acc: 83.854% |  Val. Pre: 86.36% |  Val. Rec: 85.83% |  Val. Fsc: 86.10%
2023-06-19 17:39:28,497 	 Acc0: 68.75% |  Acc1: 100.00% |  Pre0: 100.00% |  Pre1: 72.73% |  Rec0: 71.67% | Rec1: 100.00% 
2023-06-19 17:39:28,498 Epoch: 38 | Epoch Time: 2m 58s
2023-06-19 17:39:28,498 Validation loss decreased (5.492099 --> 5.433237).  Saving model ...
2023-06-19 17:42:05,920 	Train Loss: 6.562362 | Train Acc: 79.630% | Acc0: 62.56% |  Acc1: 97.13% 
2023-06-19 17:42:27,545 	 Val. Loss: 5.391783 |  Val. Acc: 83.854% |  Val. Pre: 86.36% |  Val. Rec: 85.83% |  Val. Fsc: 86.10%
2023-06-19 17:42:27,546 	 Acc0: 68.75% |  Acc1: 100.00% |  Pre0: 100.00% |  Pre1: 72.73% |  Rec0: 71.67% | Rec1: 100.00% 
2023-06-19 17:42:27,546 Epoch: 39 | Epoch Time: 2m 59s
2023-06-19 17:42:27,546 Validation loss decreased (5.433237 --> 5.391783).  Saving model ...
2023-06-19 17:45:04,602 	Train Loss: 6.490492 | Train Acc: 79.861% | Acc0: 62.09% |  Acc1: 98.09% 
2023-06-19 17:45:26,551 	 Val. Loss: 5.273260 |  Val. Acc: 83.333% |  Val. Pre: 83.76% |  Val. Rec: 85.31% |  Val. Fsc: 84.53%
2023-06-19 17:45:26,551 	 Acc0: 71.88% |  Acc1: 96.43% |  Pre0: 93.75% |  Pre1: 73.77% |  Rec0: 73.75% | Rec1: 96.88% 
2023-06-19 17:45:26,563 Epoch: 40 | Epoch Time: 2m 59s
2023-06-19 17:45:26,563 Validation loss decreased (5.391783 --> 5.273260).  Saving model ...
2023-06-19 17:48:04,976 	Train Loss: 6.587810 | Train Acc: 79.167% | Acc0: 62.09% |  Acc1: 98.09% 
2023-06-19 17:48:26,664 	 Val. Loss: 5.304932 |  Val. Acc: 85.417% |  Val. Pre: 87.06% |  Val. Rec: 86.88% |  Val. Fsc: 86.97%
2023-06-19 17:48:26,665 	 Acc0: 71.88% |  Acc1: 100.00% |  Pre0: 100.00% |  Pre1: 74.12% |  Rec0: 73.75% | Rec1: 100.00% 
2023-06-19 17:48:26,665 Epoch: 41 | Epoch Time: 3m 0s
2023-06-19 17:48:26,665 EarlyStopping counter: 1 out of 20
2023-06-19 17:51:04,628 	Train Loss: 6.755622 | Train Acc: 78.935% | Acc0: 61.61% |  Acc1: 98.09% 
2023-06-19 17:51:26,067 	 Val. Loss: 5.362197 |  Val. Acc: 83.854% |  Val. Pre: 86.36% |  Val. Rec: 85.83% |  Val. Fsc: 86.10%
2023-06-19 17:51:26,067 	 Acc0: 68.75% |  Acc1: 100.00% |  Pre0: 100.00% |  Pre1: 72.73% |  Rec0: 71.67% | Rec1: 100.00% 
2023-06-19 17:51:26,067 Epoch: 42 | Epoch Time: 2m 59s
2023-06-19 17:51:26,067 EarlyStopping counter: 2 out of 20
2023-06-19 17:54:03,209 	Train Loss: 6.536299 | Train Acc: 79.630% | Acc0: 63.03% |  Acc1: 96.65% 
2023-06-19 17:54:24,730 	 Val. Loss: 5.499663 |  Val. Acc: 82.812% |  Val. Pre: 82.80% |  Val. Rec: 85.83% |  Val. Fsc: 84.29%
2023-06-19 17:54:24,731 	 Acc0: 75.00% |  Acc1: 92.86% |  Pre0: 90.00% |  Pre1: 75.60% |  Rec0: 77.92% | Rec1: 93.75% 
2023-06-19 17:54:24,731 Epoch: 43 | Epoch Time: 2m 58s
2023-06-19 17:54:24,731 EarlyStopping counter: 3 out of 20
2023-06-19 17:57:01,340 	Train Loss: 6.665146 | Train Acc: 78.472% | Acc0: 61.61% |  Acc1: 97.13% 
2023-06-19 17:57:22,889 	 Val. Loss: 5.417730 |  Val. Acc: 83.854% |  Val. Pre: 86.36% |  Val. Rec: 85.83% |  Val. Fsc: 86.10%
2023-06-19 17:57:22,889 	 Acc0: 68.75% |  Acc1: 100.00% |  Pre0: 100.00% |  Pre1: 72.73% |  Rec0: 71.67% | Rec1: 100.00% 
2023-06-19 17:57:22,890 Epoch: 44 | Epoch Time: 2m 58s
2023-06-19 17:57:22,890 EarlyStopping counter: 4 out of 20
2023-06-19 17:59:59,959 	Train Loss: 6.499903 | Train Acc: 79.861% | Acc0: 62.09% |  Acc1: 98.09% 
2023-06-19 18:00:21,546 	 Val. Loss: 5.253682 |  Val. Acc: 83.854% |  Val. Pre: 86.36% |  Val. Rec: 85.83% |  Val. Fsc: 86.10%
2023-06-19 18:00:21,546 	 Acc0: 68.75% |  Acc1: 100.00% |  Pre0: 100.00% |  Pre1: 72.73% |  Rec0: 71.67% | Rec1: 100.00% 
2023-06-19 18:00:21,559 Epoch: 45 | Epoch Time: 2m 58s
2023-06-19 18:00:21,559 Validation loss decreased (5.273260 --> 5.253682).  Saving model ...
2023-06-19 18:02:59,538 	Train Loss: 6.406831 | Train Acc: 79.167% | Acc0: 62.09% |  Acc1: 98.09% 
2023-06-19 18:03:21,086 	 Val. Loss: 5.379960 |  Val. Acc: 83.854% |  Val. Pre: 86.36% |  Val. Rec: 85.83% |  Val. Fsc: 86.10%
2023-06-19 18:03:21,086 	 Acc0: 68.75% |  Acc1: 100.00% |  Pre0: 100.00% |  Pre1: 72.73% |  Rec0: 71.67% | Rec1: 100.00% 
2023-06-19 18:03:21,086 Epoch: 46 | Epoch Time: 2m 59s
2023-06-19 18:03:21,086 EarlyStopping counter: 1 out of 20
2023-06-19 18:05:59,138 	Train Loss: 6.398161 | Train Acc: 80.556% | Acc0: 63.03% |  Acc1: 97.13% 
2023-06-19 18:06:20,731 	 Val. Loss: 5.140336 |  Val. Acc: 85.417% |  Val. Pre: 87.06% |  Val. Rec: 86.88% |  Val. Fsc: 86.97%
2023-06-19 18:06:20,732 	 Acc0: 71.88% |  Acc1: 100.00% |  Pre0: 100.00% |  Pre1: 74.12% |  Rec0: 73.75% | Rec1: 100.00% 
2023-06-19 18:06:20,732 Epoch: 47 | Epoch Time: 2m 59s
2023-06-19 18:06:20,732 Validation loss decreased (5.253682 --> 5.140336).  Saving model ...
2023-06-19 18:08:57,173 	Train Loss: 6.456143 | Train Acc: 79.630% | Acc0: 63.03% |  Acc1: 95.22% 
2023-06-19 18:09:18,548 	 Val. Loss: 5.838437 |  Val. Acc: 83.854% |  Val. Pre: 86.36% |  Val. Rec: 85.83% |  Val. Fsc: 86.10%
2023-06-19 18:09:18,549 	 Acc0: 68.75% |  Acc1: 100.00% |  Pre0: 100.00% |  Pre1: 72.73% |  Rec0: 71.67% | Rec1: 100.00% 
2023-06-19 18:09:18,549 Epoch: 48 | Epoch Time: 2m 57s
2023-06-19 18:09:18,549 EarlyStopping counter: 1 out of 20
2023-06-19 18:11:55,942 	Train Loss: 6.584849 | Train Acc: 79.167% | Acc0: 61.14% |  Acc1: 97.61% 
2023-06-19 18:12:17,371 	 Val. Loss: 5.333104 |  Val. Acc: 83.854% |  Val. Pre: 86.36% |  Val. Rec: 85.83% |  Val. Fsc: 86.10%
2023-06-19 18:12:17,371 	 Acc0: 68.75% |  Acc1: 100.00% |  Pre0: 100.00% |  Pre1: 72.73% |  Rec0: 71.67% | Rec1: 100.00% 
2023-06-19 18:12:17,371 Epoch: 49 | Epoch Time: 2m 58s
2023-06-19 18:12:17,371 EarlyStopping counter: 2 out of 20
2023-06-19 18:14:54,349 	Train Loss: 6.436890 | Train Acc: 79.167% | Acc0: 60.66% |  Acc1: 96.65% 
2023-06-19 18:15:15,810 	 Val. Loss: 5.191066 |  Val. Acc: 85.417% |  Val. Pre: 87.06% |  Val. Rec: 86.88% |  Val. Fsc: 86.97%
2023-06-19 18:15:15,810 	 Acc0: 71.88% |  Acc1: 100.00% |  Pre0: 100.00% |  Pre1: 74.12% |  Rec0: 73.75% | Rec1: 100.00% 
2023-06-19 18:15:15,823 Epoch: 50 | Epoch Time: 2m 58s
2023-06-19 18:15:15,823 EarlyStopping counter: 3 out of 20
2023-06-19 18:17:52,649 	Train Loss: 6.357463 | Train Acc: 79.630% | Acc0: 62.56% |  Acc1: 97.13% 
2023-06-19 18:18:14,221 	 Val. Loss: 5.228004 |  Val. Acc: 83.854% |  Val. Pre: 86.36% |  Val. Rec: 85.83% |  Val. Fsc: 86.10%
2023-06-19 18:18:14,222 	 Acc0: 68.75% |  Acc1: 100.00% |  Pre0: 100.00% |  Pre1: 72.73% |  Rec0: 71.67% | Rec1: 100.00% 
2023-06-19 18:18:14,222 Epoch: 51 | Epoch Time: 2m 58s
2023-06-19 18:18:14,222 EarlyStopping counter: 4 out of 20
2023-06-19 18:20:51,644 	Train Loss: 6.339932 | Train Acc: 79.630% | Acc0: 63.51% |  Acc1: 96.17% 
2023-06-19 18:21:13,119 	 Val. Loss: 5.448216 |  Val. Acc: 83.854% |  Val. Pre: 86.36% |  Val. Rec: 85.83% |  Val. Fsc: 86.10%
2023-06-19 18:21:13,119 	 Acc0: 68.75% |  Acc1: 100.00% |  Pre0: 100.00% |  Pre1: 72.73% |  Rec0: 71.67% | Rec1: 100.00% 
2023-06-19 18:21:13,119 Epoch: 52 | Epoch Time: 2m 58s
2023-06-19 18:21:13,119 EarlyStopping counter: 5 out of 20
2023-06-19 18:23:50,879 	Train Loss: 6.385706 | Train Acc: 80.093% | Acc0: 64.93% |  Acc1: 94.26% 
2023-06-19 18:24:12,403 	 Val. Loss: 5.262721 |  Val. Acc: 83.854% |  Val. Pre: 86.36% |  Val. Rec: 85.83% |  Val. Fsc: 86.10%
2023-06-19 18:24:12,403 	 Acc0: 68.75% |  Acc1: 100.00% |  Pre0: 100.00% |  Pre1: 72.73% |  Rec0: 71.67% | Rec1: 100.00% 
2023-06-19 18:24:12,403 Epoch: 53 | Epoch Time: 2m 59s
2023-06-19 18:24:12,403 EarlyStopping counter: 6 out of 20
2023-06-19 18:26:49,326 	Train Loss: 6.475212 | Train Acc: 78.935% | Acc0: 61.14% |  Acc1: 97.13% 
2023-06-19 18:27:10,851 	 Val. Loss: 5.177201 |  Val. Acc: 83.854% |  Val. Pre: 86.36% |  Val. Rec: 85.83% |  Val. Fsc: 86.10%
2023-06-19 18:27:10,851 	 Acc0: 68.75% |  Acc1: 100.00% |  Pre0: 100.00% |  Pre1: 72.73% |  Rec0: 71.67% | Rec1: 100.00% 
2023-06-19 18:27:10,851 Epoch: 54 | Epoch Time: 2m 58s
2023-06-19 18:27:10,851 EarlyStopping counter: 7 out of 20
2023-06-19 18:29:48,025 	Train Loss: 6.327678 | Train Acc: 79.167% | Acc0: 62.09% |  Acc1: 96.65% 
2023-06-19 18:30:09,656 	 Val. Loss: 5.244837 |  Val. Acc: 83.854% |  Val. Pre: 86.36% |  Val. Rec: 85.83% |  Val. Fsc: 86.10%
2023-06-19 18:30:09,656 	 Acc0: 68.75% |  Acc1: 100.00% |  Pre0: 100.00% |  Pre1: 72.73% |  Rec0: 71.67% | Rec1: 100.00% 
2023-06-19 18:30:09,671 Epoch: 55 | Epoch Time: 2m 58s
2023-06-19 18:30:09,671 EarlyStopping counter: 8 out of 20
2023-06-19 18:32:46,545 	Train Loss: 6.352467 | Train Acc: 79.167% | Acc0: 60.66% |  Acc1: 98.09% 
2023-06-19 18:33:08,062 	 Val. Loss: 5.043713 |  Val. Acc: 85.417% |  Val. Pre: 87.06% |  Val. Rec: 86.88% |  Val. Fsc: 86.97%
2023-06-19 18:33:08,062 	 Acc0: 71.88% |  Acc1: 100.00% |  Pre0: 100.00% |  Pre1: 74.12% |  Rec0: 73.75% | Rec1: 100.00% 
2023-06-19 18:33:08,063 Epoch: 56 | Epoch Time: 2m 58s
2023-06-19 18:33:08,063 Validation loss decreased (5.140336 --> 5.043713).  Saving model ...
2023-06-19 18:35:45,558 	Train Loss: 6.291208 | Train Acc: 80.324% | Acc0: 62.56% |  Acc1: 97.13% 
2023-06-19 18:36:07,107 	 Val. Loss: 5.239254 |  Val. Acc: 83.854% |  Val. Pre: 86.36% |  Val. Rec: 85.83% |  Val. Fsc: 86.10%
2023-06-19 18:36:07,107 	 Acc0: 68.75% |  Acc1: 100.00% |  Pre0: 100.00% |  Pre1: 72.73% |  Rec0: 71.67% | Rec1: 100.00% 
2023-06-19 18:36:07,107 Epoch: 57 | Epoch Time: 2m 59s
2023-06-19 18:36:07,107 EarlyStopping counter: 1 out of 20
2023-06-19 18:38:45,027 	Train Loss: 6.251466 | Train Acc: 80.556% | Acc0: 62.56% |  Acc1: 97.61% 
2023-06-19 18:39:06,349 	 Val. Loss: 5.052999 |  Val. Acc: 85.417% |  Val. Pre: 87.06% |  Val. Rec: 86.88% |  Val. Fsc: 86.97%
2023-06-19 18:39:06,349 	 Acc0: 71.88% |  Acc1: 100.00% |  Pre0: 100.00% |  Pre1: 74.12% |  Rec0: 73.75% | Rec1: 100.00% 
2023-06-19 18:39:06,349 Epoch: 58 | Epoch Time: 2m 59s
2023-06-19 18:39:06,349 EarlyStopping counter: 2 out of 20
2023-06-19 18:41:43,996 	Train Loss: 6.606315 | Train Acc: 79.861% | Acc0: 61.61% |  Acc1: 98.56% 
2023-06-19 18:42:05,526 	 Val. Loss: 5.417789 |  Val. Acc: 83.854% |  Val. Pre: 86.36% |  Val. Rec: 85.83% |  Val. Fsc: 86.10%
2023-06-19 18:42:05,526 	 Acc0: 68.75% |  Acc1: 100.00% |  Pre0: 100.00% |  Pre1: 72.73% |  Rec0: 71.67% | Rec1: 100.00% 
2023-06-19 18:42:05,526 Epoch: 59 | Epoch Time: 2m 59s
2023-06-19 18:42:05,526 EarlyStopping counter: 3 out of 20
2023-06-19 18:44:42,452 	Train Loss: 6.533465 | Train Acc: 78.472% | Acc0: 62.09% |  Acc1: 95.22% 
2023-06-19 18:45:03,998 	 Val. Loss: 5.259038 |  Val. Acc: 83.854% |  Val. Pre: 86.36% |  Val. Rec: 85.83% |  Val. Fsc: 86.10%
2023-06-19 18:45:03,999 	 Acc0: 68.75% |  Acc1: 100.00% |  Pre0: 100.00% |  Pre1: 72.73% |  Rec0: 71.67% | Rec1: 100.00% 
2023-06-19 18:45:04,012 Epoch: 60 | Epoch Time: 2m 58s
2023-06-19 18:45:04,012 EarlyStopping counter: 4 out of 20
2023-06-19 18:47:41,603 	Train Loss: 6.418326 | Train Acc: 79.861% | Acc0: 62.09% |  Acc1: 98.09% 
2023-06-19 18:48:03,202 	 Val. Loss: 5.223029 |  Val. Acc: 83.854% |  Val. Pre: 86.36% |  Val. Rec: 85.83% |  Val. Fsc: 86.10%
2023-06-19 18:48:03,203 	 Acc0: 68.75% |  Acc1: 100.00% |  Pre0: 100.00% |  Pre1: 72.73% |  Rec0: 71.67% | Rec1: 100.00% 
2023-06-19 18:48:03,203 Epoch: 61 | Epoch Time: 2m 59s
2023-06-19 18:48:03,203 EarlyStopping counter: 5 out of 20
2023-06-19 18:50:41,111 	Train Loss: 6.237224 | Train Acc: 79.167% | Acc0: 63.98% |  Acc1: 94.74% 
2023-06-19 18:51:02,611 	 Val. Loss: 5.361903 |  Val. Acc: 83.854% |  Val. Pre: 86.36% |  Val. Rec: 85.83% |  Val. Fsc: 86.10%
2023-06-19 18:51:02,611 	 Acc0: 68.75% |  Acc1: 100.00% |  Pre0: 100.00% |  Pre1: 72.73% |  Rec0: 71.67% | Rec1: 100.00% 
2023-06-19 18:51:02,612 Epoch: 62 | Epoch Time: 2m 59s
2023-06-19 18:51:02,612 EarlyStopping counter: 6 out of 20
2023-06-19 18:53:39,780 	Train Loss: 6.225665 | Train Acc: 80.787% | Acc0: 64.93% |  Acc1: 97.13% 
2023-06-19 18:54:01,308 	 Val. Loss: 5.458317 |  Val. Acc: 83.854% |  Val. Pre: 86.36% |  Val. Rec: 85.83% |  Val. Fsc: 86.10%
2023-06-19 18:54:01,309 	 Acc0: 68.75% |  Acc1: 100.00% |  Pre0: 100.00% |  Pre1: 72.73% |  Rec0: 71.67% | Rec1: 100.00% 
2023-06-19 18:54:01,309 Epoch: 63 | Epoch Time: 2m 58s
2023-06-19 18:54:01,309 EarlyStopping counter: 7 out of 20
2023-06-19 18:56:38,490 	Train Loss: 6.306898 | Train Acc: 80.324% | Acc0: 62.56% |  Acc1: 97.13% 
2023-06-19 18:56:59,936 	 Val. Loss: 5.169608 |  Val. Acc: 83.854% |  Val. Pre: 86.36% |  Val. Rec: 85.83% |  Val. Fsc: 86.10%
2023-06-19 18:56:59,936 	 Acc0: 68.75% |  Acc1: 100.00% |  Pre0: 100.00% |  Pre1: 72.73% |  Rec0: 71.67% | Rec1: 100.00% 
2023-06-19 18:56:59,936 Epoch: 64 | Epoch Time: 2m 58s
2023-06-19 18:56:59,936 EarlyStopping counter: 8 out of 20
2023-06-19 18:59:37,167 	Train Loss: 6.182337 | Train Acc: 81.019% | Acc0: 63.03% |  Acc1: 98.09% 
2023-06-19 18:59:58,651 	 Val. Loss: 4.911942 |  Val. Acc: 85.417% |  Val. Pre: 87.06% |  Val. Rec: 86.88% |  Val. Fsc: 86.97%
2023-06-19 18:59:58,651 	 Acc0: 71.88% |  Acc1: 100.00% |  Pre0: 100.00% |  Pre1: 74.12% |  Rec0: 73.75% | Rec1: 100.00% 
2023-06-19 18:59:58,664 Epoch: 65 | Epoch Time: 2m 58s
2023-06-19 18:59:58,664 Validation loss decreased (5.043713 --> 4.911942).  Saving model ...
2023-06-19 19:02:36,060 	Train Loss: 6.200617 | Train Acc: 80.093% | Acc0: 62.09% |  Acc1: 97.13% 
2023-06-19 19:02:57,671 	 Val. Loss: 5.269707 |  Val. Acc: 83.854% |  Val. Pre: 86.36% |  Val. Rec: 85.83% |  Val. Fsc: 86.10%
2023-06-19 19:02:57,671 	 Acc0: 68.75% |  Acc1: 100.00% |  Pre0: 100.00% |  Pre1: 72.73% |  Rec0: 71.67% | Rec1: 100.00% 
2023-06-19 19:02:57,672 Epoch: 66 | Epoch Time: 2m 58s
2023-06-19 19:02:57,672 EarlyStopping counter: 1 out of 20
2023-06-19 19:05:34,990 	Train Loss: 6.266992 | Train Acc: 81.713% | Acc0: 64.45% |  Acc1: 98.09% 
2023-06-19 19:05:56,456 	 Val. Loss: 5.354810 |  Val. Acc: 83.854% |  Val. Pre: 86.36% |  Val. Rec: 85.83% |  Val. Fsc: 86.10%
2023-06-19 19:05:56,457 	 Acc0: 68.75% |  Acc1: 100.00% |  Pre0: 100.00% |  Pre1: 72.73% |  Rec0: 71.67% | Rec1: 100.00% 
2023-06-19 19:05:56,457 Epoch: 67 | Epoch Time: 2m 58s
2023-06-19 19:05:56,457 EarlyStopping counter: 2 out of 20
2023-06-19 19:08:32,611 	Train Loss: 6.138044 | Train Acc: 79.630% | Acc0: 64.93% |  Acc1: 96.17% 
2023-06-19 19:08:53,499 	 Val. Loss: 5.010594 |  Val. Acc: 86.979% |  Val. Pre: 88.19% |  Val. Rec: 88.96% |  Val. Fsc: 88.57%
2023-06-19 19:08:53,499 	 Acc0: 75.00% |  Acc1: 100.00% |  Pre0: 100.00% |  Pre1: 76.39% |  Rec0: 77.92% | Rec1: 100.00% 
2023-06-19 19:08:53,499 Epoch: 68 | Epoch Time: 2m 57s
2023-06-19 19:08:53,499 EarlyStopping counter: 3 out of 20
2023-06-19 19:12:42,253 	Train Loss: 6.347599 | Train Acc: 80.093% | Acc0: 62.56% |  Acc1: 98.09% 
2023-06-19 19:13:13,679 	 Val. Loss: 4.972223 |  Val. Acc: 85.417% |  Val. Pre: 87.06% |  Val. Rec: 86.88% |  Val. Fsc: 86.97%
2023-06-19 19:13:13,680 	 Acc0: 71.88% |  Acc1: 100.00% |  Pre0: 100.00% |  Pre1: 74.12% |  Rec0: 73.75% | Rec1: 100.00% 
2023-06-19 19:13:13,680 Epoch: 69 | Epoch Time: 4m 20s
2023-06-19 19:13:13,680 EarlyStopping counter: 4 out of 20
2023-06-19 19:17:02,802 	Train Loss: 6.104133 | Train Acc: 78.935% | Acc0: 62.56% |  Acc1: 97.13% 
2023-06-19 19:17:34,294 	 Val. Loss: 4.859021 |  Val. Acc: 85.417% |  Val. Pre: 87.06% |  Val. Rec: 86.88% |  Val. Fsc: 86.97%
2023-06-19 19:17:34,295 	 Acc0: 71.88% |  Acc1: 100.00% |  Pre0: 100.00% |  Pre1: 74.12% |  Rec0: 73.75% | Rec1: 100.00% 
2023-06-19 19:17:34,308 Epoch: 70 | Epoch Time: 4m 20s
2023-06-19 19:17:34,309 Validation loss decreased (4.911942 --> 4.859021).  Saving model ...
2023-06-19 19:21:00,204 	Train Loss: 6.121549 | Train Acc: 79.861% | Acc0: 63.51% |  Acc1: 98.09% 
2023-06-19 19:21:21,578 	 Val. Loss: 4.873657 |  Val. Acc: 86.979% |  Val. Pre: 88.19% |  Val. Rec: 88.96% |  Val. Fsc: 88.57%
2023-06-19 19:21:21,578 	 Acc0: 75.00% |  Acc1: 100.00% |  Pre0: 100.00% |  Pre1: 76.39% |  Rec0: 77.92% | Rec1: 100.00% 
2023-06-19 19:21:21,578 Epoch: 71 | Epoch Time: 3m 47s
2023-06-19 19:21:21,578 EarlyStopping counter: 1 out of 20
2023-06-19 19:23:57,700 	Train Loss: 6.051913 | Train Acc: 80.093% | Acc0: 63.51% |  Acc1: 97.13% 
2023-06-19 19:24:18,543 	 Val. Loss: 4.775776 |  Val. Acc: 86.979% |  Val. Pre: 88.19% |  Val. Rec: 88.96% |  Val. Fsc: 88.57%
2023-06-19 19:24:18,543 	 Acc0: 75.00% |  Acc1: 100.00% |  Pre0: 100.00% |  Pre1: 76.39% |  Rec0: 77.92% | Rec1: 100.00% 
2023-06-19 19:24:18,543 Epoch: 72 | Epoch Time: 2m 56s
2023-06-19 19:24:18,543 Validation loss decreased (4.859021 --> 4.775776).  Saving model ...
2023-06-19 19:26:52,911 	Train Loss: 5.943471 | Train Acc: 81.250% | Acc0: 64.45% |  Acc1: 97.13% 
2023-06-19 19:27:13,580 	 Val. Loss: 4.953947 |  Val. Acc: 85.417% |  Val. Pre: 87.06% |  Val. Rec: 86.88% |  Val. Fsc: 86.97%
2023-06-19 19:27:13,580 	 Acc0: 71.88% |  Acc1: 100.00% |  Pre0: 100.00% |  Pre1: 74.12% |  Rec0: 73.75% | Rec1: 100.00% 
2023-06-19 19:27:13,580 Epoch: 73 | Epoch Time: 2m 55s
2023-06-19 19:27:13,580 EarlyStopping counter: 1 out of 20
2023-06-19 19:30:23,071 	Train Loss: 6.064853 | Train Acc: 79.398% | Acc0: 63.51% |  Acc1: 97.13% 
2023-06-19 19:30:43,689 	 Val. Loss: 4.818058 |  Val. Acc: 85.417% |  Val. Pre: 87.06% |  Val. Rec: 86.88% |  Val. Fsc: 86.97%
2023-06-19 19:30:43,690 	 Acc0: 71.88% |  Acc1: 100.00% |  Pre0: 100.00% |  Pre1: 74.12% |  Rec0: 73.75% | Rec1: 100.00% 
2023-06-19 19:30:43,690 Epoch: 74 | Epoch Time: 3m 30s
2023-06-19 19:30:43,690 EarlyStopping counter: 2 out of 20
2023-06-19 19:33:15,381 	Train Loss: 6.172578 | Train Acc: 80.556% | Acc0: 62.09% |  Acc1: 98.09% 
2023-06-19 19:33:36,062 	 Val. Loss: 4.987646 |  Val. Acc: 87.500% |  Val. Pre: 88.45% |  Val. Rec: 90.00% |  Val. Fsc: 89.22%
2023-06-19 19:33:36,062 	 Acc0: 75.00% |  Acc1: 100.00% |  Pre0: 100.00% |  Pre1: 76.89% |  Rec0: 80.00% | Rec1: 100.00% 
2023-06-19 19:33:36,075 Epoch: 75 | Epoch Time: 2m 52s
2023-06-19 19:33:36,075 EarlyStopping counter: 3 out of 20
2023-06-19 19:36:08,828 	Train Loss: 6.001028 | Train Acc: 80.787% | Acc0: 63.03% |  Acc1: 97.61% 
2023-06-19 19:36:29,614 	 Val. Loss: 4.625967 |  Val. Acc: 86.979% |  Val. Pre: 88.19% |  Val. Rec: 88.96% |  Val. Fsc: 88.57%
2023-06-19 19:36:29,615 	 Acc0: 75.00% |  Acc1: 100.00% |  Pre0: 100.00% |  Pre1: 76.39% |  Rec0: 77.92% | Rec1: 100.00% 
2023-06-19 19:36:29,615 Epoch: 76 | Epoch Time: 2m 53s
2023-06-19 19:36:29,615 Validation loss decreased (4.775776 --> 4.625967).  Saving model ...
2023-06-19 19:39:02,281 	Train Loss: 5.825049 | Train Acc: 81.481% | Acc0: 65.88% |  Acc1: 97.61% 
2023-06-19 19:39:22,956 	 Val. Loss: 4.560710 |  Val. Acc: 86.979% |  Val. Pre: 88.19% |  Val. Rec: 88.96% |  Val. Fsc: 88.57%
2023-06-19 19:39:22,957 	 Acc0: 75.00% |  Acc1: 100.00% |  Pre0: 100.00% |  Pre1: 76.39% |  Rec0: 77.92% | Rec1: 100.00% 
2023-06-19 19:39:22,957 Epoch: 77 | Epoch Time: 2m 53s
2023-06-19 19:39:22,957 Validation loss decreased (4.625967 --> 4.560710).  Saving model ...
2023-06-19 19:41:53,915 	Train Loss: 5.783972 | Train Acc: 81.481% | Acc0: 64.93% |  Acc1: 98.56% 
2023-06-19 19:42:14,488 	 Val. Loss: 4.608728 |  Val. Acc: 86.979% |  Val. Pre: 87.08% |  Val. Rec: 90.52% |  Val. Fsc: 88.77%
2023-06-19 19:42:14,488 	 Acc0: 78.12% |  Acc1: 96.43% |  Pre0: 95.00% |  Pre1: 79.17% |  Rec0: 84.17% | Rec1: 96.88% 
2023-06-19 19:42:14,488 Epoch: 78 | Epoch Time: 2m 51s
2023-06-19 19:42:14,488 EarlyStopping counter: 1 out of 20
2023-06-19 19:44:45,613 	Train Loss: 5.714578 | Train Acc: 79.398% | Acc0: 64.45% |  Acc1: 97.61% 
2023-06-19 19:45:06,187 	 Val. Loss: 4.506285 |  Val. Acc: 86.979% |  Val. Pre: 88.19% |  Val. Rec: 88.96% |  Val. Fsc: 88.57%
2023-06-19 19:45:06,187 	 Acc0: 75.00% |  Acc1: 100.00% |  Pre0: 100.00% |  Pre1: 76.39% |  Rec0: 77.92% | Rec1: 100.00% 
2023-06-19 19:45:06,187 Epoch: 79 | Epoch Time: 2m 51s
2023-06-19 19:45:06,188 Validation loss decreased (4.560710 --> 4.506285).  Saving model ...
2023-06-19 19:47:37,436 	Train Loss: 6.730992 | Train Acc: 78.472% | Acc0: 64.93% |  Acc1: 93.78% 
2023-06-19 19:47:58,900 	 Val. Loss: 5.675115 |  Val. Acc: 83.854% |  Val. Pre: 86.36% |  Val. Rec: 85.83% |  Val. Fsc: 86.10%
2023-06-19 19:47:58,900 	 Acc0: 68.75% |  Acc1: 100.00% |  Pre0: 100.00% |  Pre1: 72.73% |  Rec0: 71.67% | Rec1: 100.00% 
2023-06-19 19:47:58,912 Epoch: 80 | Epoch Time: 2m 52s
2023-06-19 19:47:58,912 EarlyStopping counter: 1 out of 20
2023-06-19 19:50:36,237 	Train Loss: 6.529962 | Train Acc: 79.167% | Acc0: 61.14% |  Acc1: 99.04% 
2023-06-19 19:50:57,713 	 Val. Loss: 5.414743 |  Val. Acc: 83.333% |  Val. Pre: 83.76% |  Val. Rec: 85.31% |  Val. Fsc: 84.53%
2023-06-19 19:50:57,713 	 Acc0: 71.88% |  Acc1: 96.43% |  Pre0: 93.75% |  Pre1: 73.77% |  Rec0: 73.75% | Rec1: 96.88% 
2023-06-19 19:50:57,713 Epoch: 81 | Epoch Time: 2m 58s
2023-06-19 19:50:57,713 EarlyStopping counter: 2 out of 20
2023-06-19 19:53:34,963 	Train Loss: 6.451808 | Train Acc: 79.861% | Acc0: 63.98% |  Acc1: 94.74% 
2023-06-19 19:53:56,530 	 Val. Loss: 5.312925 |  Val. Acc: 83.854% |  Val. Pre: 86.36% |  Val. Rec: 85.83% |  Val. Fsc: 86.10%
2023-06-19 19:53:56,530 	 Acc0: 68.75% |  Acc1: 100.00% |  Pre0: 100.00% |  Pre1: 72.73% |  Rec0: 71.67% | Rec1: 100.00% 
2023-06-19 19:53:56,530 Epoch: 82 | Epoch Time: 2m 58s
2023-06-19 19:53:56,530 EarlyStopping counter: 3 out of 20
2023-06-19 19:56:34,168 	Train Loss: 6.273100 | Train Acc: 79.398% | Acc0: 62.56% |  Acc1: 96.65% 
2023-06-19 19:56:55,760 	 Val. Loss: 5.068559 |  Val. Acc: 85.417% |  Val. Pre: 87.06% |  Val. Rec: 86.88% |  Val. Fsc: 86.97%
2023-06-19 19:56:55,760 	 Acc0: 71.88% |  Acc1: 100.00% |  Pre0: 100.00% |  Pre1: 74.12% |  Rec0: 73.75% | Rec1: 100.00% 
2023-06-19 19:56:55,760 Epoch: 83 | Epoch Time: 2m 59s
2023-06-19 19:56:55,761 EarlyStopping counter: 4 out of 20
2023-06-19 19:59:33,190 	Train Loss: 6.209434 | Train Acc: 79.630% | Acc0: 64.45% |  Acc1: 96.65% 
2023-06-19 19:59:54,868 	 Val. Loss: 5.207459 |  Val. Acc: 85.417% |  Val. Pre: 87.06% |  Val. Rec: 86.88% |  Val. Fsc: 86.97%
2023-06-19 19:59:54,868 	 Acc0: 71.88% |  Acc1: 100.00% |  Pre0: 100.00% |  Pre1: 74.12% |  Rec0: 73.75% | Rec1: 100.00% 
2023-06-19 19:59:54,868 Epoch: 84 | Epoch Time: 2m 59s
2023-06-19 19:59:54,868 EarlyStopping counter: 5 out of 20
2023-06-19 20:02:33,359 	Train Loss: 6.184234 | Train Acc: 78.935% | Acc0: 63.03% |  Acc1: 95.22% 
2023-06-19 20:02:54,932 	 Val. Loss: 4.916793 |  Val. Acc: 85.417% |  Val. Pre: 87.06% |  Val. Rec: 86.88% |  Val. Fsc: 86.97%
2023-06-19 20:02:54,932 	 Acc0: 71.88% |  Acc1: 100.00% |  Pre0: 100.00% |  Pre1: 74.12% |  Rec0: 73.75% | Rec1: 100.00% 
2023-06-19 20:02:54,952 Epoch: 85 | Epoch Time: 3m 0s
2023-06-19 20:02:54,952 EarlyStopping counter: 6 out of 20
2023-06-19 20:05:32,229 	Train Loss: 5.839234 | Train Acc: 82.176% | Acc0: 66.82% |  Acc1: 96.65% 
2023-06-19 20:05:53,661 	 Val. Loss: 4.763716 |  Val. Acc: 86.979% |  Val. Pre: 88.19% |  Val. Rec: 88.96% |  Val. Fsc: 88.57%
2023-06-19 20:05:53,661 	 Acc0: 75.00% |  Acc1: 100.00% |  Pre0: 100.00% |  Pre1: 76.39% |  Rec0: 77.92% | Rec1: 100.00% 
2023-06-19 20:05:53,661 Epoch: 86 | Epoch Time: 2m 58s
2023-06-19 20:05:53,662 EarlyStopping counter: 7 out of 20
2023-06-19 20:08:31,418 	Train Loss: 5.760445 | Train Acc: 82.870% | Acc0: 66.82% |  Acc1: 98.09% 
2023-06-19 20:08:53,091 	 Val. Loss: 4.608955 |  Val. Acc: 86.979% |  Val. Pre: 88.19% |  Val. Rec: 88.96% |  Val. Fsc: 88.57%
2023-06-19 20:08:53,092 	 Acc0: 75.00% |  Acc1: 100.00% |  Pre0: 100.00% |  Pre1: 76.39% |  Rec0: 77.92% | Rec1: 100.00% 
2023-06-19 20:08:53,092 Epoch: 87 | Epoch Time: 2m 59s
2023-06-19 20:08:53,092 EarlyStopping counter: 8 out of 20
2023-06-19 20:12:32,433 	Train Loss: 5.781714 | Train Acc: 81.481% | Acc0: 64.45% |  Acc1: 99.04% 
2023-06-19 20:13:05,170 	 Val. Loss: 4.498658 |  Val. Acc: 89.062% |  Val. Pre: 89.58% |  Val. Rec: 92.08% |  Val. Fsc: 90.82%
2023-06-19 20:13:05,171 	 Acc0: 78.12% |  Acc1: 100.00% |  Pre0: 100.00% |  Pre1: 79.17% |  Rec0: 84.17% | Rec1: 100.00% 
2023-06-19 20:13:05,171 Epoch: 88 | Epoch Time: 4m 12s
2023-06-19 20:13:05,171 Validation loss decreased (4.506285 --> 4.498658).  Saving model ...
2023-06-19 20:17:00,823 	Train Loss: 5.734307 | Train Acc: 82.407% | Acc0: 67.30% |  Acc1: 98.09% 
2023-06-19 20:17:33,571 	 Val. Loss: 4.449648 |  Val. Acc: 89.062% |  Val. Pre: 89.58% |  Val. Rec: 92.08% |  Val. Fsc: 90.82%
2023-06-19 20:17:33,571 	 Acc0: 78.12% |  Acc1: 100.00% |  Pre0: 100.00% |  Pre1: 79.17% |  Rec0: 84.17% | Rec1: 100.00% 
2023-06-19 20:17:33,571 Epoch: 89 | Epoch Time: 4m 28s
2023-06-19 20:17:33,572 Validation loss decreased (4.498658 --> 4.449648).  Saving model ...
2023-06-19 20:21:18,412 	Train Loss: 5.853895 | Train Acc: 81.481% | Acc0: 64.45% |  Acc1: 97.61% 
2023-06-19 20:21:40,092 	 Val. Loss: 4.766552 |  Val. Acc: 85.417% |  Val. Pre: 87.06% |  Val. Rec: 86.88% |  Val. Fsc: 86.97%
2023-06-19 20:21:40,092 	 Acc0: 71.88% |  Acc1: 100.00% |  Pre0: 100.00% |  Pre1: 74.12% |  Rec0: 73.75% | Rec1: 100.00% 
2023-06-19 20:21:40,104 Epoch: 90 | Epoch Time: 4m 6s
2023-06-19 20:21:40,104 EarlyStopping counter: 1 out of 20
2023-06-19 20:24:18,295 	Train Loss: 5.935330 | Train Acc: 81.713% | Acc0: 63.51% |  Acc1: 99.04% 
2023-06-19 20:24:39,831 	 Val. Loss: 4.557351 |  Val. Acc: 89.062% |  Val. Pre: 89.58% |  Val. Rec: 92.08% |  Val. Fsc: 90.82%
2023-06-19 20:24:39,832 	 Acc0: 78.12% |  Acc1: 100.00% |  Pre0: 100.00% |  Pre1: 79.17% |  Rec0: 84.17% | Rec1: 100.00% 
2023-06-19 20:24:39,832 Epoch: 91 | Epoch Time: 2m 59s
2023-06-19 20:24:39,832 EarlyStopping counter: 2 out of 20
2023-06-19 20:27:17,752 	Train Loss: 5.882268 | Train Acc: 79.861% | Acc0: 64.93% |  Acc1: 96.65% 
2023-06-19 20:27:39,271 	 Val. Loss: 4.661511 |  Val. Acc: 87.500% |  Val. Pre: 88.45% |  Val. Rec: 90.00% |  Val. Fsc: 89.22%
2023-06-19 20:27:39,271 	 Acc0: 75.00% |  Acc1: 100.00% |  Pre0: 100.00% |  Pre1: 76.89% |  Rec0: 80.00% | Rec1: 100.00% 
2023-06-19 20:27:39,271 Epoch: 92 | Epoch Time: 2m 59s
2023-06-19 20:27:39,271 EarlyStopping counter: 3 out of 20
2023-06-19 20:30:32,447 	Train Loss: 5.891557 | Train Acc: 81.481% | Acc0: 64.93% |  Acc1: 97.13% 
2023-06-19 20:31:05,284 	 Val. Loss: 4.648996 |  Val. Acc: 87.500% |  Val. Pre: 88.45% |  Val. Rec: 90.00% |  Val. Fsc: 89.22%
2023-06-19 20:31:05,284 	 Acc0: 75.00% |  Acc1: 100.00% |  Pre0: 100.00% |  Pre1: 76.89% |  Rec0: 80.00% | Rec1: 100.00% 
2023-06-19 20:31:05,284 Epoch: 93 | Epoch Time: 3m 26s
2023-06-19 20:31:05,285 EarlyStopping counter: 4 out of 20
2023-06-19 20:35:04,019 	Train Loss: 5.710403 | Train Acc: 81.944% | Acc0: 66.82% |  Acc1: 97.61% 
2023-06-19 20:35:36,869 	 Val. Loss: 4.392946 |  Val. Acc: 89.062% |  Val. Pre: 89.58% |  Val. Rec: 92.08% |  Val. Fsc: 90.82%
2023-06-19 20:35:36,869 	 Acc0: 78.12% |  Acc1: 100.00% |  Pre0: 100.00% |  Pre1: 79.17% |  Rec0: 84.17% | Rec1: 100.00% 
2023-06-19 20:35:36,869 Epoch: 94 | Epoch Time: 4m 31s
2023-06-19 20:35:36,869 Validation loss decreased (4.449648 --> 4.392946).  Saving model ...
2023-06-19 20:39:36,207 	Train Loss: 5.695483 | Train Acc: 81.944% | Acc0: 63.98% |  Acc1: 99.04% 
2023-06-19 20:40:09,127 	 Val. Loss: 4.451230 |  Val. Acc: 89.062% |  Val. Pre: 89.58% |  Val. Rec: 92.08% |  Val. Fsc: 90.82%
2023-06-19 20:40:09,127 	 Acc0: 78.12% |  Acc1: 100.00% |  Pre0: 100.00% |  Pre1: 79.17% |  Rec0: 84.17% | Rec1: 100.00% 
2023-06-19 20:40:09,141 Epoch: 95 | Epoch Time: 4m 32s
2023-06-19 20:40:09,141 EarlyStopping counter: 1 out of 20
2023-06-19 20:44:08,871 	Train Loss: 5.598912 | Train Acc: 83.796% | Acc0: 69.67% |  Acc1: 97.13% 
2023-06-19 20:44:42,430 	 Val. Loss: 4.361802 |  Val. Acc: 86.979% |  Val. Pre: 87.08% |  Val. Rec: 90.52% |  Val. Fsc: 88.77%
2023-06-19 20:44:42,431 	 Acc0: 78.12% |  Acc1: 96.43% |  Pre0: 95.00% |  Pre1: 79.17% |  Rec0: 84.17% | Rec1: 96.88% 
2023-06-19 20:44:42,431 Epoch: 96 | Epoch Time: 4m 33s
2023-06-19 20:44:42,431 Validation loss decreased (4.392946 --> 4.361802).  Saving model ...
2023-06-19 20:47:37,332 	Train Loss: 5.578854 | Train Acc: 83.796% | Acc0: 67.77% |  Acc1: 99.04% 
2023-06-19 20:47:58,790 	 Val. Loss: 4.239917 |  Val. Acc: 89.062% |  Val. Pre: 89.58% |  Val. Rec: 92.08% |  Val. Fsc: 90.82%
2023-06-19 20:47:58,790 	 Acc0: 78.12% |  Acc1: 100.00% |  Pre0: 100.00% |  Pre1: 79.17% |  Rec0: 84.17% | Rec1: 100.00% 
2023-06-19 20:47:58,790 Epoch: 97 | Epoch Time: 3m 16s
2023-06-19 20:47:58,790 Validation loss decreased (4.361802 --> 4.239917).  Saving model ...
2023-06-19 20:50:36,730 	Train Loss: 5.560130 | Train Acc: 82.639% | Acc0: 71.09% |  Acc1: 96.17% 
2023-06-19 20:50:58,176 	 Val. Loss: 4.662383 |  Val. Acc: 87.500% |  Val. Pre: 88.45% |  Val. Rec: 90.00% |  Val. Fsc: 89.22%
2023-06-19 20:50:58,176 	 Acc0: 75.00% |  Acc1: 100.00% |  Pre0: 100.00% |  Pre1: 76.89% |  Rec0: 80.00% | Rec1: 100.00% 
2023-06-19 20:50:58,176 Epoch: 98 | Epoch Time: 2m 59s
2023-06-19 20:50:58,176 EarlyStopping counter: 1 out of 20
2023-06-19 20:53:36,430 	Train Loss: 5.863173 | Train Acc: 81.019% | Acc0: 64.93% |  Acc1: 97.61% 
2023-06-19 20:53:58,003 	 Val. Loss: 4.468580 |  Val. Acc: 86.979% |  Val. Pre: 88.19% |  Val. Rec: 88.96% |  Val. Fsc: 88.57%
2023-06-19 20:53:58,003 	 Acc0: 75.00% |  Acc1: 100.00% |  Pre0: 100.00% |  Pre1: 76.39% |  Rec0: 77.92% | Rec1: 100.00% 
2023-06-19 20:53:58,003 Epoch: 99 | Epoch Time: 2m 59s
2023-06-19 20:53:58,003 EarlyStopping counter: 2 out of 20
2023-06-19 20:56:35,557 	Train Loss: 5.544907 | Train Acc: 82.176% | Acc0: 66.35% |  Acc1: 98.56% 
2023-06-19 20:56:57,097 	 Val. Loss: 4.564083 |  Val. Acc: 87.500% |  Val. Pre: 88.45% |  Val. Rec: 90.00% |  Val. Fsc: 89.22%
2023-06-19 20:56:57,097 	 Acc0: 75.00% |  Acc1: 100.00% |  Pre0: 100.00% |  Pre1: 76.89% |  Rec0: 80.00% | Rec1: 100.00% 
2023-06-19 20:56:57,110 Epoch: 100 | Epoch Time: 2m 59s
2023-06-19 20:56:57,110 EarlyStopping counter: 3 out of 20
2023-06-19 20:59:34,770 	Train Loss: 5.767616 | Train Acc: 80.324% | Acc0: 64.45% |  Acc1: 96.65% 
2023-06-19 20:59:56,330 	 Val. Loss: 4.310251 |  Val. Acc: 86.979% |  Val. Pre: 88.19% |  Val. Rec: 88.96% |  Val. Fsc: 88.57%
2023-06-19 20:59:56,331 	 Acc0: 75.00% |  Acc1: 100.00% |  Pre0: 100.00% |  Pre1: 76.39% |  Rec0: 77.92% | Rec1: 100.00% 
2023-06-19 20:59:56,331 Epoch: 101 | Epoch Time: 2m 59s
2023-06-19 20:59:56,331 EarlyStopping counter: 4 out of 20
2023-06-19 21:02:34,356 	Train Loss: 5.748668 | Train Acc: 79.398% | Acc0: 65.88% |  Acc1: 97.61% 
2023-06-19 21:02:55,844 	 Val. Loss: 4.414487 |  Val. Acc: 87.500% |  Val. Pre: 88.45% |  Val. Rec: 90.00% |  Val. Fsc: 89.22%
2023-06-19 21:02:55,844 	 Acc0: 75.00% |  Acc1: 100.00% |  Pre0: 100.00% |  Pre1: 76.89% |  Rec0: 80.00% | Rec1: 100.00% 
2023-06-19 21:02:55,844 Epoch: 102 | Epoch Time: 2m 59s
2023-06-19 21:02:55,844 EarlyStopping counter: 5 out of 20
2023-06-19 21:05:34,429 	Train Loss: 5.713310 | Train Acc: 81.019% | Acc0: 64.93% |  Acc1: 97.61% 
2023-06-19 21:05:55,944 	 Val. Loss: 4.407920 |  Val. Acc: 86.979% |  Val. Pre: 87.08% |  Val. Rec: 90.52% |  Val. Fsc: 88.77%
2023-06-19 21:05:55,945 	 Acc0: 78.12% |  Acc1: 96.43% |  Pre0: 95.00% |  Pre1: 79.17% |  Rec0: 84.17% | Rec1: 96.88% 
2023-06-19 21:05:55,945 Epoch: 103 | Epoch Time: 3m 0s
2023-06-19 21:05:55,945 EarlyStopping counter: 6 out of 20
2023-06-19 21:08:36,814 	Train Loss: 5.706970 | Train Acc: 80.324% | Acc0: 65.88% |  Acc1: 96.65% 
2023-06-19 21:08:58,380 	 Val. Loss: 4.221850 |  Val. Acc: 89.062% |  Val. Pre: 89.58% |  Val. Rec: 92.08% |  Val. Fsc: 90.82%
2023-06-19 21:08:58,380 	 Acc0: 78.12% |  Acc1: 100.00% |  Pre0: 100.00% |  Pre1: 79.17% |  Rec0: 84.17% | Rec1: 100.00% 
2023-06-19 21:08:58,380 Epoch: 104 | Epoch Time: 3m 2s
2023-06-19 21:08:58,380 Validation loss decreased (4.239917 --> 4.221850).  Saving model ...
2023-06-19 21:11:38,185 	Train Loss: 5.583788 | Train Acc: 82.639% | Acc0: 66.35% |  Acc1: 98.09% 
2023-06-19 21:11:59,839 	 Val. Loss: 4.388497 |  Val. Acc: 89.062% |  Val. Pre: 89.58% |  Val. Rec: 92.08% |  Val. Fsc: 90.82%
2023-06-19 21:11:59,839 	 Acc0: 78.12% |  Acc1: 100.00% |  Pre0: 100.00% |  Pre1: 79.17% |  Rec0: 84.17% | Rec1: 100.00% 
2023-06-19 21:11:59,853 Epoch: 105 | Epoch Time: 3m 1s
2023-06-19 21:11:59,853 EarlyStopping counter: 1 out of 20
2023-06-19 21:14:37,436 	Train Loss: 5.717935 | Train Acc: 82.639% | Acc0: 66.35% |  Acc1: 98.09% 
2023-06-19 21:14:58,980 	 Val. Loss: 4.338287 |  Val. Acc: 89.062% |  Val. Pre: 89.58% |  Val. Rec: 92.08% |  Val. Fsc: 90.82%
2023-06-19 21:14:58,980 	 Acc0: 78.12% |  Acc1: 100.00% |  Pre0: 100.00% |  Pre1: 79.17% |  Rec0: 84.17% | Rec1: 100.00% 
2023-06-19 21:14:58,980 Epoch: 106 | Epoch Time: 2m 59s
2023-06-19 21:14:58,980 EarlyStopping counter: 2 out of 20
2023-06-19 21:17:37,897 	Train Loss: 5.502297 | Train Acc: 82.639% | Acc0: 68.72% |  Acc1: 98.56% 
2023-06-19 21:17:59,457 	 Val. Loss: 4.376864 |  Val. Acc: 89.062% |  Val. Pre: 89.58% |  Val. Rec: 92.08% |  Val. Fsc: 90.82%
2023-06-19 21:17:59,458 	 Acc0: 78.12% |  Acc1: 100.00% |  Pre0: 100.00% |  Pre1: 79.17% |  Rec0: 84.17% | Rec1: 100.00% 
2023-06-19 21:17:59,458 Epoch: 107 | Epoch Time: 3m 0s
2023-06-19 21:17:59,458 EarlyStopping counter: 3 out of 20
2023-06-19 21:20:37,343 	Train Loss: 5.494981 | Train Acc: 82.870% | Acc0: 68.72% |  Acc1: 97.61% 
2023-06-19 21:20:58,871 	 Val. Loss: 4.643281 |  Val. Acc: 85.417% |  Val. Pre: 87.06% |  Val. Rec: 86.88% |  Val. Fsc: 86.97%
2023-06-19 21:20:58,871 	 Acc0: 71.88% |  Acc1: 100.00% |  Pre0: 100.00% |  Pre1: 74.12% |  Rec0: 73.75% | Rec1: 100.00% 
2023-06-19 21:20:58,871 Epoch: 108 | Epoch Time: 2m 59s
2023-06-19 21:20:58,872 EarlyStopping counter: 4 out of 20
2023-06-19 21:23:36,706 	Train Loss: 5.541259 | Train Acc: 83.102% | Acc0: 68.25% |  Acc1: 98.56% 
2023-06-19 21:23:58,241 	 Val. Loss: 4.207905 |  Val. Acc: 89.062% |  Val. Pre: 89.58% |  Val. Rec: 92.08% |  Val. Fsc: 90.82%
2023-06-19 21:23:58,241 	 Acc0: 78.12% |  Acc1: 100.00% |  Pre0: 100.00% |  Pre1: 79.17% |  Rec0: 84.17% | Rec1: 100.00% 
2023-06-19 21:23:58,241 Epoch: 109 | Epoch Time: 2m 59s
2023-06-19 21:23:58,241 Validation loss decreased (4.221850 --> 4.207905).  Saving model ...
2023-06-19 21:27:36,468 	Train Loss: 5.365891 | Train Acc: 83.333% | Acc0: 66.82% |  Acc1: 99.04% 
2023-06-19 21:28:09,218 	 Val. Loss: 4.254730 |  Val. Acc: 89.062% |  Val. Pre: 89.58% |  Val. Rec: 92.08% |  Val. Fsc: 90.82%
2023-06-19 21:28:09,218 	 Acc0: 78.12% |  Acc1: 100.00% |  Pre0: 100.00% |  Pre1: 79.17% |  Rec0: 84.17% | Rec1: 100.00% 
2023-06-19 21:28:09,233 Epoch: 110 | Epoch Time: 4m 10s
2023-06-19 21:28:09,233 EarlyStopping counter: 1 out of 20
2023-06-19 21:32:08,032 	Train Loss: 5.374948 | Train Acc: 83.333% | Acc0: 69.19% |  Acc1: 98.09% 
2023-06-19 21:32:32,399 	 Val. Loss: 4.160023 |  Val. Acc: 89.062% |  Val. Pre: 89.58% |  Val. Rec: 92.08% |  Val. Fsc: 90.82%
2023-06-19 21:32:32,399 	 Acc0: 78.12% |  Acc1: 100.00% |  Pre0: 100.00% |  Pre1: 79.17% |  Rec0: 84.17% | Rec1: 100.00% 
2023-06-19 21:32:32,399 Epoch: 111 | Epoch Time: 4m 23s
2023-06-19 21:32:32,399 Validation loss decreased (4.207905 --> 4.160023).  Saving model ...
2023-06-19 21:35:09,813 	Train Loss: 5.226717 | Train Acc: 84.722% | Acc0: 71.56% |  Acc1: 98.56% 
2023-06-19 21:35:32,469 	 Val. Loss: 4.008866 |  Val. Acc: 89.062% |  Val. Pre: 89.58% |  Val. Rec: 92.08% |  Val. Fsc: 90.82%
2023-06-19 21:35:32,470 	 Acc0: 78.12% |  Acc1: 100.00% |  Pre0: 100.00% |  Pre1: 79.17% |  Rec0: 84.17% | Rec1: 100.00% 
2023-06-19 21:35:32,470 Epoch: 112 | Epoch Time: 3m 0s
2023-06-19 21:35:32,470 Validation loss decreased (4.160023 --> 4.008866).  Saving model ...
2023-06-19 21:39:31,720 	Train Loss: 5.232781 | Train Acc: 83.796% | Acc0: 68.72% |  Acc1: 98.09% 
2023-06-19 21:40:04,580 	 Val. Loss: 6.563775 |  Val. Acc: 76.042% |  Val. Pre: 77.97% |  Val. Rec: 75.62% |  Val. Fsc: 76.78%
2023-06-19 21:40:04,581 	 Acc0: 90.62% |  Acc1: 60.71% |  Pre0: 70.94% |  Pre1: 85.00% |  Rec0: 93.75% | Rec1: 57.50% 
2023-06-19 21:40:04,581 Epoch: 113 | Epoch Time: 4m 32s
2023-06-19 21:40:04,581 EarlyStopping counter: 1 out of 20
2023-06-19 21:43:54,181 	Train Loss: 6.133363 | Train Acc: 80.093% | Acc0: 64.45% |  Acc1: 94.74% 
2023-06-19 21:44:15,948 	 Val. Loss: 5.087021 |  Val. Acc: 85.417% |  Val. Pre: 87.06% |  Val. Rec: 86.88% |  Val. Fsc: 86.97%
2023-06-19 21:44:15,948 	 Acc0: 71.88% |  Acc1: 100.00% |  Pre0: 100.00% |  Pre1: 74.12% |  Rec0: 73.75% | Rec1: 100.00% 
2023-06-19 21:44:15,948 Epoch: 114 | Epoch Time: 4m 11s
2023-06-19 21:44:15,948 EarlyStopping counter: 2 out of 20
2023-06-19 21:46:53,812 	Train Loss: 5.879161 | Train Acc: 81.481% | Acc0: 65.40% |  Acc1: 96.65% 
2023-06-19 21:47:15,437 	 Val. Loss: 4.805509 |  Val. Acc: 85.417% |  Val. Pre: 87.06% |  Val. Rec: 86.88% |  Val. Fsc: 86.97%
2023-06-19 21:47:15,437 	 Acc0: 71.88% |  Acc1: 100.00% |  Pre0: 100.00% |  Pre1: 74.12% |  Rec0: 73.75% | Rec1: 100.00% 
2023-06-19 21:47:15,449 Epoch: 115 | Epoch Time: 2m 59s
2023-06-19 21:47:15,450 EarlyStopping counter: 3 out of 20
2023-06-19 21:49:52,125 	Train Loss: 5.775271 | Train Acc: 81.481% | Acc0: 69.19% |  Acc1: 94.26% 
2023-06-19 21:50:13,607 	 Val. Loss: 4.863149 |  Val. Acc: 85.938% |  Val. Pre: 87.75% |  Val. Rec: 88.96% |  Val. Fsc: 88.35%
2023-06-19 21:50:13,607 	 Acc0: 71.88% |  Acc1: 100.00% |  Pre0: 100.00% |  Pre1: 75.51% |  Rec0: 77.92% | Rec1: 100.00% 
2023-06-19 21:50:13,607 Epoch: 116 | Epoch Time: 2m 58s
2023-06-19 21:50:13,607 EarlyStopping counter: 4 out of 20
2023-06-19 21:52:49,842 	Train Loss: 5.912629 | Train Acc: 82.639% | Acc0: 65.40% |  Acc1: 99.04% 
2023-06-19 21:53:11,365 	 Val. Loss: 4.639530 |  Val. Acc: 87.500% |  Val. Pre: 88.45% |  Val. Rec: 90.00% |  Val. Fsc: 89.22%
2023-06-19 21:53:11,365 	 Acc0: 75.00% |  Acc1: 100.00% |  Pre0: 100.00% |  Pre1: 76.89% |  Rec0: 80.00% | Rec1: 100.00% 
2023-06-19 21:53:11,365 Epoch: 117 | Epoch Time: 2m 57s
2023-06-19 21:53:11,365 EarlyStopping counter: 5 out of 20
2023-06-19 21:55:50,761 	Train Loss: 5.619464 | Train Acc: 82.407% | Acc0: 66.35% |  Acc1: 99.04% 
2023-06-19 21:56:12,349 	 Val. Loss: 4.587541 |  Val. Acc: 87.500% |  Val. Pre: 88.45% |  Val. Rec: 90.00% |  Val. Fsc: 89.22%
2023-06-19 21:56:12,349 	 Acc0: 75.00% |  Acc1: 100.00% |  Pre0: 100.00% |  Pre1: 76.89% |  Rec0: 80.00% | Rec1: 100.00% 
2023-06-19 21:56:12,350 Epoch: 118 | Epoch Time: 3m 0s
2023-06-19 21:56:12,350 EarlyStopping counter: 6 out of 20
2023-06-19 21:58:50,705 	Train Loss: 5.762365 | Train Acc: 81.481% | Acc0: 65.88% |  Acc1: 97.61% 
2023-06-19 21:59:12,838 	 Val. Loss: 4.582355 |  Val. Acc: 87.500% |  Val. Pre: 88.45% |  Val. Rec: 90.00% |  Val. Fsc: 89.22%
2023-06-19 21:59:12,838 	 Acc0: 75.00% |  Acc1: 100.00% |  Pre0: 100.00% |  Pre1: 76.89% |  Rec0: 80.00% | Rec1: 100.00% 
2023-06-19 21:59:12,838 Epoch: 119 | Epoch Time: 3m 0s
2023-06-19 21:59:12,838 EarlyStopping counter: 7 out of 20
2023-06-19 22:01:50,308 	Train Loss: 5.517648 | Train Acc: 79.630% | Acc0: 63.98% |  Acc1: 97.13% 
2023-06-19 22:02:11,758 	 Val. Loss: 4.566300 |  Val. Acc: 87.500% |  Val. Pre: 88.45% |  Val. Rec: 90.00% |  Val. Fsc: 89.22%
2023-06-19 22:02:11,759 	 Acc0: 75.00% |  Acc1: 100.00% |  Pre0: 100.00% |  Pre1: 76.89% |  Rec0: 80.00% | Rec1: 100.00% 
2023-06-19 22:02:11,771 Epoch: 120 | Epoch Time: 2m 58s
2023-06-19 22:02:11,771 EarlyStopping counter: 8 out of 20
2023-06-19 22:04:49,271 	Train Loss: 5.395935 | Train Acc: 83.333% | Acc0: 69.19% |  Acc1: 96.65% 
2023-06-19 22:05:10,793 	 Val. Loss: 4.258300 |  Val. Acc: 89.062% |  Val. Pre: 89.58% |  Val. Rec: 92.08% |  Val. Fsc: 90.82%
2023-06-19 22:05:10,793 	 Acc0: 78.12% |  Acc1: 100.00% |  Pre0: 100.00% |  Pre1: 79.17% |  Rec0: 84.17% | Rec1: 100.00% 
2023-06-19 22:05:10,793 Epoch: 121 | Epoch Time: 2m 59s
2023-06-19 22:05:10,793 EarlyStopping counter: 9 out of 20
2023-06-19 22:07:48,059 	Train Loss: 5.373537 | Train Acc: 84.491% | Acc0: 69.19% |  Acc1: 99.04% 
2023-06-19 22:08:09,546 	 Val. Loss: 4.545446 |  Val. Acc: 87.500% |  Val. Pre: 88.45% |  Val. Rec: 90.00% |  Val. Fsc: 89.22%
2023-06-19 22:08:09,546 	 Acc0: 75.00% |  Acc1: 100.00% |  Pre0: 100.00% |  Pre1: 76.89% |  Rec0: 80.00% | Rec1: 100.00% 
2023-06-19 22:08:09,547 Epoch: 122 | Epoch Time: 2m 58s
2023-06-19 22:08:09,547 EarlyStopping counter: 10 out of 20
2023-06-19 22:10:47,284 	Train Loss: 5.448615 | Train Acc: 83.565% | Acc0: 69.19% |  Acc1: 98.56% 
2023-06-19 22:11:08,740 	 Val. Loss: 4.347305 |  Val. Acc: 89.062% |  Val. Pre: 89.58% |  Val. Rec: 92.08% |  Val. Fsc: 90.82%
2023-06-19 22:11:08,740 	 Acc0: 78.12% |  Acc1: 100.00% |  Pre0: 100.00% |  Pre1: 79.17% |  Rec0: 84.17% | Rec1: 100.00% 
2023-06-19 22:11:08,740 Epoch: 123 | Epoch Time: 2m 59s
2023-06-19 22:11:08,740 EarlyStopping counter: 11 out of 20
2023-06-19 22:13:46,366 	Train Loss: 5.402175 | Train Acc: 82.870% | Acc0: 65.88% |  Acc1: 99.04% 
2023-06-19 22:14:07,945 	 Val. Loss: 4.328417 |  Val. Acc: 88.542% |  Val. Pre: 87.98% |  Val. Rec: 91.56% |  Val. Fsc: 89.73%
2023-06-19 22:14:07,946 	 Acc0: 81.25% |  Acc1: 96.43% |  Pre0: 95.00% |  Pre1: 80.95% |  Rec0: 86.25% | Rec1: 96.88% 
2023-06-19 22:14:07,946 Epoch: 124 | Epoch Time: 2m 59s
2023-06-19 22:14:07,946 EarlyStopping counter: 12 out of 20
2023-06-19 22:16:45,372 	Train Loss: 5.512585 | Train Acc: 83.102% | Acc0: 68.72% |  Acc1: 96.65% 
2023-06-19 22:17:06,893 	 Val. Loss: 4.324358 |  Val. Acc: 89.062% |  Val. Pre: 89.58% |  Val. Rec: 92.08% |  Val. Fsc: 90.82%
2023-06-19 22:17:06,894 	 Acc0: 78.12% |  Acc1: 100.00% |  Pre0: 100.00% |  Pre1: 79.17% |  Rec0: 84.17% | Rec1: 100.00% 
2023-06-19 22:17:06,906 Epoch: 125 | Epoch Time: 2m 58s
2023-06-19 22:17:06,906 EarlyStopping counter: 13 out of 20
2023-06-19 22:19:44,618 	Train Loss: 5.227277 | Train Acc: 85.417% | Acc0: 72.99% |  Acc1: 98.56% 
2023-06-19 22:20:06,182 	 Val. Loss: 4.236987 |  Val. Acc: 89.062% |  Val. Pre: 89.58% |  Val. Rec: 92.08% |  Val. Fsc: 90.82%
2023-06-19 22:20:06,182 	 Acc0: 78.12% |  Acc1: 100.00% |  Pre0: 100.00% |  Pre1: 79.17% |  Rec0: 84.17% | Rec1: 100.00% 
2023-06-19 22:20:06,182 Epoch: 126 | Epoch Time: 2m 59s
2023-06-19 22:20:06,182 EarlyStopping counter: 14 out of 20
2023-06-19 22:22:46,385 	Train Loss: 5.200874 | Train Acc: 84.491% | Acc0: 71.09% |  Acc1: 98.56% 
2023-06-19 22:23:08,100 	 Val. Loss: 4.228876 |  Val. Acc: 89.062% |  Val. Pre: 89.58% |  Val. Rec: 92.08% |  Val. Fsc: 90.82%
2023-06-19 22:23:08,100 	 Acc0: 78.12% |  Acc1: 100.00% |  Pre0: 100.00% |  Pre1: 79.17% |  Rec0: 84.17% | Rec1: 100.00% 
2023-06-19 22:23:08,100 Epoch: 127 | Epoch Time: 3m 1s
2023-06-19 22:23:08,100 EarlyStopping counter: 15 out of 20
2023-06-19 22:27:00,916 	Train Loss: 5.190798 | Train Acc: 82.870% | Acc0: 70.62% |  Acc1: 98.56% 
2023-06-19 22:27:33,774 	 Val. Loss: 4.218408 |  Val. Acc: 89.062% |  Val. Pre: 89.58% |  Val. Rec: 92.08% |  Val. Fsc: 90.82%
2023-06-19 22:27:33,774 	 Acc0: 78.12% |  Acc1: 100.00% |  Pre0: 100.00% |  Pre1: 79.17% |  Rec0: 84.17% | Rec1: 100.00% 
2023-06-19 22:27:33,775 Epoch: 128 | Epoch Time: 4m 25s
2023-06-19 22:27:33,775 EarlyStopping counter: 16 out of 20
2023-06-19 22:31:26,446 	Train Loss: 5.381198 | Train Acc: 82.407% | Acc0: 68.72% |  Acc1: 95.22% 
2023-06-19 22:31:58,196 	 Val. Loss: 4.432598 |  Val. Acc: 87.500% |  Val. Pre: 88.45% |  Val. Rec: 90.00% |  Val. Fsc: 89.22%
2023-06-19 22:31:58,196 	 Acc0: 75.00% |  Acc1: 100.00% |  Pre0: 100.00% |  Pre1: 76.89% |  Rec0: 80.00% | Rec1: 100.00% 
2023-06-19 22:31:58,196 Epoch: 129 | Epoch Time: 4m 24s
2023-06-19 22:31:58,196 EarlyStopping counter: 17 out of 20
2023-06-19 22:35:48,263 	Train Loss: 5.437627 | Train Acc: 83.102% | Acc0: 69.67% |  Acc1: 97.13% 
2023-06-19 22:36:19,776 	 Val. Loss: 4.220629 |  Val. Acc: 89.062% |  Val. Pre: 89.58% |  Val. Rec: 92.08% |  Val. Fsc: 90.82%
2023-06-19 22:36:19,776 	 Acc0: 78.12% |  Acc1: 100.00% |  Pre0: 100.00% |  Pre1: 79.17% |  Rec0: 84.17% | Rec1: 100.00% 
2023-06-19 22:36:19,790 Epoch: 130 | Epoch Time: 4m 21s
2023-06-19 22:36:19,790 EarlyStopping counter: 18 out of 20
2023-06-19 22:40:09,548 	Train Loss: 5.298635 | Train Acc: 84.491% | Acc0: 70.62% |  Acc1: 99.04% 
2023-06-19 22:40:40,910 	 Val. Loss: 4.226655 |  Val. Acc: 89.062% |  Val. Pre: 89.58% |  Val. Rec: 92.08% |  Val. Fsc: 90.82%
2023-06-19 22:40:40,911 	 Acc0: 78.12% |  Acc1: 100.00% |  Pre0: 100.00% |  Pre1: 79.17% |  Rec0: 84.17% | Rec1: 100.00% 
2023-06-19 22:40:40,911 Epoch: 131 | Epoch Time: 4m 21s
2023-06-19 22:40:40,911 EarlyStopping counter: 19 out of 20
2023-06-19 22:44:29,281 	Train Loss: 5.279268 | Train Acc: 84.259% | Acc0: 69.19% |  Acc1: 98.56% 
2023-06-19 22:44:50,446 	 Val. Loss: 4.047729 |  Val. Acc: 89.062% |  Val. Pre: 89.58% |  Val. Rec: 92.08% |  Val. Fsc: 90.82%
2023-06-19 22:44:50,446 	 Acc0: 78.12% |  Acc1: 100.00% |  Pre0: 100.00% |  Pre1: 79.17% |  Rec0: 84.17% | Rec1: 100.00% 
2023-06-19 22:44:50,446 Epoch: 132 | Epoch Time: 4m 9s
2023-06-19 22:44:50,446 EarlyStopping counter: 20 out of 20
2023-06-19 22:44:50,446 Early stopping
