2023-06-19 15:43:15,173 Savedir: MixBench/error_allpurpose_root_AST_CFG_CAST_DEP
2023-06-19 15:43:15,202 Dataset size: 600
2023-06-19 15:43:15,203 Split: 
  train -> 420, val -> 60, test -> 120
2023-06-19 15:43:15,203 Edges: ['AST', 'CFG', 'CAST', 'DEP']
2023-06-19 15:43:17,034 ============> Training mode start...
2023-06-19 15:45:53,266 	Train Loss: 10.754772 | Train Acc: 50.926% | Acc0: 100.00% |  Acc1: 0.00% 
2023-06-19 15:46:13,694 	 Val. Loss: 10.296716 |  Val. Acc: 52.083% |  Val. Pre: 26.04% |  Val. Rec: 50.00% |  Val. Fsc: 34.25%
2023-06-19 15:46:13,694 	 Acc0: 100.00% |  Acc1: 0.00% |  Pre0: 52.08% |  Pre1: 0.00% |  Rec0: 100.00% | Rec1: 0.00% 
2023-06-19 15:46:13,694 Epoch: 01 | Epoch Time: 2m 56s
2023-06-19 15:46:13,694 Validation loss decreased (inf --> 10.296716).  Saving model ...
2023-06-19 15:48:44,953 	Train Loss: 10.634935 | Train Acc: 63.889% | Acc0: 77.25% |  Acc1: 49.76% 
2023-06-19 15:49:05,449 	 Val. Loss: 10.102942 |  Val. Acc: 71.875% |  Val. Pre: 72.46% |  Val. Rec: 74.90% |  Val. Fsc: 73.66%
2023-06-19 15:49:05,449 	 Acc0: 75.00% |  Acc1: 67.86% |  Pre0: 72.10% |  Pre1: 72.82% |  Rec0: 79.58% | Rec1: 70.21% 
2023-06-19 15:49:05,449 Epoch: 02 | Epoch Time: 2m 51s
2023-06-19 15:49:05,450 Validation loss decreased (10.296716 --> 10.102942).  Saving model ...
2023-06-19 15:51:38,423 	Train Loss: 10.253202 | Train Acc: 66.204% | Acc0: 74.88% |  Acc1: 55.50% 
2023-06-19 15:51:59,475 	 Val. Loss: 9.422250 |  Val. Acc: 78.646% |  Val. Pre: 80.49% |  Val. Rec: 77.29% |  Val. Fsc: 78.86%
2023-06-19 15:51:59,475 	 Acc0: 65.62% |  Acc1: 92.86% |  Pre0: 93.65% |  Pre1: 67.33% |  Rec0: 65.00% | Rec1: 89.58% 
2023-06-19 15:51:59,475 Epoch: 03 | Epoch Time: 2m 54s
2023-06-19 15:51:59,475 Validation loss decreased (10.102942 --> 9.422250).  Saving model ...
2023-06-19 15:54:34,506 	Train Loss: 9.216465 | Train Acc: 73.611% | Acc0: 66.82% |  Acc1: 81.82% 
2023-06-19 15:54:55,076 	 Val. Loss: 7.929442 |  Val. Acc: 77.604% |  Val. Pre: 76.67% |  Val. Rec: 79.48% |  Val. Fsc: 78.05%
2023-06-19 15:54:55,076 	 Acc0: 71.88% |  Acc1: 82.14% |  Pre0: 81.51% |  Pre1: 71.83% |  Rec0: 77.50% | Rec1: 81.46% 
2023-06-19 15:54:55,076 Epoch: 04 | Epoch Time: 2m 55s
2023-06-19 15:54:55,076 Validation loss decreased (9.422250 --> 7.929442).  Saving model ...
2023-06-19 15:57:29,066 	Train Loss: 8.048551 | Train Acc: 77.315% | Acc0: 62.56% |  Acc1: 92.34% 
2023-06-19 15:57:51,563 	 Val. Loss: 7.484441 |  Val. Acc: 80.208% |  Val. Pre: 84.42% |  Val. Rec: 81.46% |  Val. Fsc: 82.91%
2023-06-19 15:57:51,563 	 Acc0: 62.50% |  Acc1: 100.00% |  Pre0: 100.00% |  Pre1: 68.84% |  Rec0: 62.92% | Rec1: 100.00% 
2023-06-19 15:57:51,579 Epoch: 05 | Epoch Time: 2m 56s
2023-06-19 15:57:51,579 Validation loss decreased (7.929442 --> 7.484441).  Saving model ...
2023-06-19 16:00:26,863 	Train Loss: 7.684783 | Train Acc: 77.315% | Acc0: 61.14% |  Acc1: 93.78% 
2023-06-19 16:00:48,073 	 Val. Loss: 7.158507 |  Val. Acc: 80.208% |  Val. Pre: 84.42% |  Val. Rec: 81.46% |  Val. Fsc: 82.91%
2023-06-19 16:00:48,073 	 Acc0: 62.50% |  Acc1: 100.00% |  Pre0: 100.00% |  Pre1: 68.84% |  Rec0: 62.92% | Rec1: 100.00% 
2023-06-19 16:00:48,073 Epoch: 06 | Epoch Time: 2m 56s
2023-06-19 16:00:48,073 Validation loss decreased (7.484441 --> 7.158507).  Saving model ...
2023-06-19 16:03:22,683 	Train Loss: 7.500461 | Train Acc: 77.778% | Acc0: 61.61% |  Acc1: 94.26% 
2023-06-19 16:03:43,840 	 Val. Loss: 6.674139 |  Val. Acc: 80.729% |  Val. Pre: 81.60% |  Val. Rec: 80.42% |  Val. Fsc: 81.00%
2023-06-19 16:03:43,840 	 Acc0: 68.75% |  Acc1: 92.86% |  Pre0: 93.65% |  Pre1: 69.55% |  Rec0: 71.25% | Rec1: 89.58% 
2023-06-19 16:03:43,840 Epoch: 07 | Epoch Time: 2m 55s
2023-06-19 16:03:43,840 Validation loss decreased (7.158507 --> 6.674139).  Saving model ...
2023-06-19 16:06:21,256 	Train Loss: 7.398795 | Train Acc: 78.241% | Acc0: 62.56% |  Acc1: 94.26% 
2023-06-19 16:06:42,190 	 Val. Loss: 7.090214 |  Val. Acc: 82.292% |  Val. Pre: 85.53% |  Val. Rec: 84.58% |  Val. Fsc: 85.05%
2023-06-19 16:06:42,191 	 Acc0: 65.62% |  Acc1: 100.00% |  Pre0: 100.00% |  Pre1: 71.06% |  Rec0: 69.17% | Rec1: 100.00% 
2023-06-19 16:06:42,191 Epoch: 08 | Epoch Time: 2m 58s
2023-06-19 16:06:42,191 EarlyStopping counter: 1 out of 20
2023-06-19 16:09:17,619 	Train Loss: 7.313921 | Train Acc: 77.778% | Acc0: 61.61% |  Acc1: 94.26% 
2023-06-19 16:09:39,068 	 Val. Loss: 6.530928 |  Val. Acc: 85.417% |  Val. Pre: 87.06% |  Val. Rec: 86.88% |  Val. Fsc: 86.97%
2023-06-19 16:09:39,068 	 Acc0: 71.88% |  Acc1: 100.00% |  Pre0: 100.00% |  Pre1: 74.12% |  Rec0: 73.75% | Rec1: 100.00% 
2023-06-19 16:09:39,068 Epoch: 09 | Epoch Time: 2m 56s
2023-06-19 16:09:39,068 Validation loss decreased (6.674139 --> 6.530928).  Saving model ...
2023-06-19 16:12:14,267 	Train Loss: 7.226592 | Train Acc: 78.472% | Acc0: 62.09% |  Acc1: 93.78% 
2023-06-19 16:12:35,207 	 Val. Loss: 6.690762 |  Val. Acc: 82.292% |  Val. Pre: 85.53% |  Val. Rec: 84.58% |  Val. Fsc: 85.05%
2023-06-19 16:12:35,208 	 Acc0: 65.62% |  Acc1: 100.00% |  Pre0: 100.00% |  Pre1: 71.06% |  Rec0: 69.17% | Rec1: 100.00% 
2023-06-19 16:12:35,220 Epoch: 10 | Epoch Time: 2m 56s
2023-06-19 16:12:35,220 EarlyStopping counter: 1 out of 20
2023-06-19 16:15:09,050 	Train Loss: 7.317205 | Train Acc: 77.315% | Acc0: 62.09% |  Acc1: 94.26% 
2023-06-19 16:15:30,540 	 Val. Loss: 6.568724 |  Val. Acc: 82.292% |  Val. Pre: 85.53% |  Val. Rec: 84.58% |  Val. Fsc: 85.05%
2023-06-19 16:15:30,541 	 Acc0: 65.62% |  Acc1: 100.00% |  Pre0: 100.00% |  Pre1: 71.06% |  Rec0: 69.17% | Rec1: 100.00% 
2023-06-19 16:15:30,541 Epoch: 11 | Epoch Time: 2m 55s
2023-06-19 16:15:30,541 EarlyStopping counter: 2 out of 20
2023-06-19 16:18:05,499 	Train Loss: 7.194119 | Train Acc: 78.241% | Acc0: 61.14% |  Acc1: 94.26% 
2023-06-19 16:18:26,487 	 Val. Loss: 6.293257 |  Val. Acc: 85.417% |  Val. Pre: 87.06% |  Val. Rec: 86.88% |  Val. Fsc: 86.97%
2023-06-19 16:18:26,487 	 Acc0: 71.88% |  Acc1: 100.00% |  Pre0: 100.00% |  Pre1: 74.12% |  Rec0: 73.75% | Rec1: 100.00% 
2023-06-19 16:18:26,488 Epoch: 12 | Epoch Time: 2m 55s
2023-06-19 16:18:26,488 Validation loss decreased (6.530928 --> 6.293257).  Saving model ...
2023-06-19 16:21:00,388 	Train Loss: 7.107115 | Train Acc: 78.241% | Acc0: 61.61% |  Acc1: 95.22% 
2023-06-19 16:21:21,342 	 Val. Loss: 6.219535 |  Val. Acc: 85.417% |  Val. Pre: 87.06% |  Val. Rec: 86.88% |  Val. Fsc: 86.97%
2023-06-19 16:21:21,342 	 Acc0: 71.88% |  Acc1: 100.00% |  Pre0: 100.00% |  Pre1: 74.12% |  Rec0: 73.75% | Rec1: 100.00% 
2023-06-19 16:21:21,342 Epoch: 13 | Epoch Time: 2m 54s
2023-06-19 16:21:21,342 Validation loss decreased (6.293257 --> 6.219535).  Saving model ...
2023-06-19 16:23:55,258 	Train Loss: 7.112961 | Train Acc: 77.546% | Acc0: 62.56% |  Acc1: 94.26% 
2023-06-19 16:24:16,135 	 Val. Loss: 6.251583 |  Val. Acc: 81.771% |  Val. Pre: 81.68% |  Val. Rec: 83.23% |  Val. Fsc: 82.45%
2023-06-19 16:24:16,135 	 Acc0: 71.88% |  Acc1: 92.86% |  Pre0: 90.62% |  Pre1: 72.73% |  Rec0: 73.75% | Rec1: 92.71% 
2023-06-19 16:24:16,135 Epoch: 14 | Epoch Time: 2m 54s
2023-06-19 16:24:16,135 EarlyStopping counter: 1 out of 20
2023-06-19 16:26:49,411 	Train Loss: 7.123030 | Train Acc: 76.852% | Acc0: 63.51% |  Acc1: 91.87% 
2023-06-19 16:27:10,313 	 Val. Loss: 6.400832 |  Val. Acc: 82.292% |  Val. Pre: 85.53% |  Val. Rec: 84.58% |  Val. Fsc: 85.05%
2023-06-19 16:27:10,313 	 Acc0: 65.62% |  Acc1: 100.00% |  Pre0: 100.00% |  Pre1: 71.06% |  Rec0: 69.17% | Rec1: 100.00% 
2023-06-19 16:27:10,327 Epoch: 15 | Epoch Time: 2m 54s
2023-06-19 16:27:10,327 EarlyStopping counter: 2 out of 20
2023-06-19 16:29:44,193 	Train Loss: 7.170503 | Train Acc: 78.241% | Acc0: 61.14% |  Acc1: 95.69% 
2023-06-19 16:30:05,136 	 Val. Loss: 6.219553 |  Val. Acc: 83.854% |  Val. Pre: 86.36% |  Val. Rec: 85.83% |  Val. Fsc: 86.10%
2023-06-19 16:30:05,136 	 Acc0: 68.75% |  Acc1: 100.00% |  Pre0: 100.00% |  Pre1: 72.73% |  Rec0: 71.67% | Rec1: 100.00% 
2023-06-19 16:30:05,136 Epoch: 16 | Epoch Time: 2m 54s
2023-06-19 16:30:05,136 EarlyStopping counter: 3 out of 20
2023-06-19 16:32:40,940 	Train Loss: 7.036074 | Train Acc: 78.472% | Acc0: 62.09% |  Acc1: 95.22% 
2023-06-19 16:33:02,277 	 Val. Loss: 6.051268 |  Val. Acc: 83.854% |  Val. Pre: 86.36% |  Val. Rec: 85.83% |  Val. Fsc: 86.10%
2023-06-19 16:33:02,277 	 Acc0: 68.75% |  Acc1: 100.00% |  Pre0: 100.00% |  Pre1: 72.73% |  Rec0: 71.67% | Rec1: 100.00% 
2023-06-19 16:33:02,277 Epoch: 17 | Epoch Time: 2m 57s
2023-06-19 16:33:02,277 Validation loss decreased (6.219535 --> 6.051268).  Saving model ...
2023-06-19 16:35:39,123 	Train Loss: 6.973285 | Train Acc: 78.009% | Acc0: 62.56% |  Acc1: 93.78% 
2023-06-19 16:36:01,170 	 Val. Loss: 6.061437 |  Val. Acc: 83.854% |  Val. Pre: 86.36% |  Val. Rec: 85.83% |  Val. Fsc: 86.10%
2023-06-19 16:36:01,170 	 Acc0: 68.75% |  Acc1: 100.00% |  Pre0: 100.00% |  Pre1: 72.73% |  Rec0: 71.67% | Rec1: 100.00% 
2023-06-19 16:36:01,170 Epoch: 18 | Epoch Time: 2m 58s
2023-06-19 16:36:01,171 EarlyStopping counter: 1 out of 20
2023-06-19 16:38:39,905 	Train Loss: 6.984043 | Train Acc: 78.935% | Acc0: 62.09% |  Acc1: 96.17% 
2023-06-19 16:39:01,631 	 Val. Loss: 6.098992 |  Val. Acc: 83.854% |  Val. Pre: 86.36% |  Val. Rec: 85.83% |  Val. Fsc: 86.10%
2023-06-19 16:39:01,631 	 Acc0: 68.75% |  Acc1: 100.00% |  Pre0: 100.00% |  Pre1: 72.73% |  Rec0: 71.67% | Rec1: 100.00% 
2023-06-19 16:39:01,631 Epoch: 19 | Epoch Time: 3m 0s
2023-06-19 16:39:01,631 EarlyStopping counter: 2 out of 20
2023-06-19 16:41:38,159 	Train Loss: 6.962692 | Train Acc: 76.620% | Acc0: 62.56% |  Acc1: 93.78% 
2023-06-19 16:41:59,404 	 Val. Loss: 6.595863 |  Val. Acc: 80.729% |  Val. Pre: 84.58% |  Val. Rec: 82.50% |  Val. Fsc: 83.53%
2023-06-19 16:41:59,405 	 Acc0: 62.50% |  Acc1: 100.00% |  Pre0: 100.00% |  Pre1: 69.17% |  Rec0: 65.00% | Rec1: 100.00% 
2023-06-19 16:41:59,417 Epoch: 20 | Epoch Time: 2m 57s
2023-06-19 16:41:59,418 EarlyStopping counter: 3 out of 20
2023-06-19 16:44:35,510 	Train Loss: 7.188175 | Train Acc: 77.778% | Acc0: 61.14% |  Acc1: 94.74% 
2023-06-19 16:44:56,417 	 Val. Loss: 6.029027 |  Val. Acc: 83.854% |  Val. Pre: 86.36% |  Val. Rec: 85.83% |  Val. Fsc: 86.10%
2023-06-19 16:44:56,417 	 Acc0: 68.75% |  Acc1: 100.00% |  Pre0: 100.00% |  Pre1: 72.73% |  Rec0: 71.67% | Rec1: 100.00% 
2023-06-19 16:44:56,417 Epoch: 21 | Epoch Time: 2m 56s
2023-06-19 16:44:56,417 Validation loss decreased (6.051268 --> 6.029027).  Saving model ...
2023-06-19 16:47:30,937 	Train Loss: 6.943984 | Train Acc: 78.935% | Acc0: 62.56% |  Acc1: 94.26% 
2023-06-19 16:47:52,211 	 Val. Loss: 5.929579 |  Val. Acc: 83.854% |  Val. Pre: 86.36% |  Val. Rec: 85.83% |  Val. Fsc: 86.10%
2023-06-19 16:47:52,211 	 Acc0: 68.75% |  Acc1: 100.00% |  Pre0: 100.00% |  Pre1: 72.73% |  Rec0: 71.67% | Rec1: 100.00% 
2023-06-19 16:47:52,211 Epoch: 22 | Epoch Time: 2m 55s
2023-06-19 16:47:52,211 Validation loss decreased (6.029027 --> 5.929579).  Saving model ...
2023-06-19 16:50:29,718 	Train Loss: 6.881394 | Train Acc: 79.630% | Acc0: 62.09% |  Acc1: 96.17% 
2023-06-19 16:50:50,648 	 Val. Loss: 5.844744 |  Val. Acc: 85.417% |  Val. Pre: 87.06% |  Val. Rec: 86.88% |  Val. Fsc: 86.97%
2023-06-19 16:50:50,648 	 Acc0: 71.88% |  Acc1: 100.00% |  Pre0: 100.00% |  Pre1: 74.12% |  Rec0: 73.75% | Rec1: 100.00% 
2023-06-19 16:50:50,648 Epoch: 23 | Epoch Time: 2m 58s
2023-06-19 16:50:50,648 Validation loss decreased (5.929579 --> 5.844744).  Saving model ...
2023-06-19 16:53:28,184 	Train Loss: 6.936124 | Train Acc: 78.704% | Acc0: 62.09% |  Acc1: 95.69% 
2023-06-19 16:53:49,303 	 Val. Loss: 5.853947 |  Val. Acc: 83.854% |  Val. Pre: 86.36% |  Val. Rec: 85.83% |  Val. Fsc: 86.10%
2023-06-19 16:53:49,303 	 Acc0: 68.75% |  Acc1: 100.00% |  Pre0: 100.00% |  Pre1: 72.73% |  Rec0: 71.67% | Rec1: 100.00% 
2023-06-19 16:53:49,303 Epoch: 24 | Epoch Time: 2m 58s
2023-06-19 16:53:49,303 EarlyStopping counter: 1 out of 20
2023-06-19 16:56:26,684 	Train Loss: 6.826024 | Train Acc: 78.935% | Acc0: 62.09% |  Acc1: 96.17% 
2023-06-19 16:56:47,956 	 Val. Loss: 5.806380 |  Val. Acc: 83.854% |  Val. Pre: 86.36% |  Val. Rec: 85.83% |  Val. Fsc: 86.10%
2023-06-19 16:56:47,956 	 Acc0: 68.75% |  Acc1: 100.00% |  Pre0: 100.00% |  Pre1: 72.73% |  Rec0: 71.67% | Rec1: 100.00% 
2023-06-19 16:56:47,970 Epoch: 25 | Epoch Time: 2m 58s
2023-06-19 16:56:47,970 Validation loss decreased (5.844744 --> 5.806380).  Saving model ...
2023-06-19 16:59:23,209 	Train Loss: 6.799900 | Train Acc: 79.630% | Acc0: 63.03% |  Acc1: 95.22% 
2023-06-19 16:59:44,587 	 Val. Loss: 5.800302 |  Val. Acc: 83.854% |  Val. Pre: 86.36% |  Val. Rec: 85.83% |  Val. Fsc: 86.10%
2023-06-19 16:59:44,588 	 Acc0: 68.75% |  Acc1: 100.00% |  Pre0: 100.00% |  Pre1: 72.73% |  Rec0: 71.67% | Rec1: 100.00% 
2023-06-19 16:59:44,588 Epoch: 26 | Epoch Time: 2m 56s
2023-06-19 16:59:44,588 Validation loss decreased (5.806380 --> 5.800302).  Saving model ...
2023-06-19 17:02:19,450 	Train Loss: 6.773915 | Train Acc: 77.083% | Acc0: 61.61% |  Acc1: 95.69% 
2023-06-19 17:02:40,528 	 Val. Loss: 5.686999 |  Val. Acc: 83.854% |  Val. Pre: 86.36% |  Val. Rec: 85.83% |  Val. Fsc: 86.10%
2023-06-19 17:02:40,528 	 Acc0: 68.75% |  Acc1: 100.00% |  Pre0: 100.00% |  Pre1: 72.73% |  Rec0: 71.67% | Rec1: 100.00% 
2023-06-19 17:02:40,528 Epoch: 27 | Epoch Time: 2m 55s
2023-06-19 17:02:40,528 Validation loss decreased (5.800302 --> 5.686999).  Saving model ...
2023-06-19 17:05:14,357 	Train Loss: 6.738036 | Train Acc: 78.935% | Acc0: 63.03% |  Acc1: 95.22% 
2023-06-19 17:05:35,284 	 Val. Loss: 6.025396 |  Val. Acc: 83.854% |  Val. Pre: 86.36% |  Val. Rec: 85.83% |  Val. Fsc: 86.10%
2023-06-19 17:05:35,285 	 Acc0: 68.75% |  Acc1: 100.00% |  Pre0: 100.00% |  Pre1: 72.73% |  Rec0: 71.67% | Rec1: 100.00% 
2023-06-19 17:05:35,285 Epoch: 28 | Epoch Time: 2m 54s
2023-06-19 17:05:35,285 EarlyStopping counter: 1 out of 20
2023-06-19 17:08:08,570 	Train Loss: 6.886052 | Train Acc: 78.935% | Acc0: 61.61% |  Acc1: 96.65% 
2023-06-19 17:08:29,615 	 Val. Loss: 6.036168 |  Val. Acc: 83.854% |  Val. Pre: 86.36% |  Val. Rec: 85.83% |  Val. Fsc: 86.10%
2023-06-19 17:08:29,615 	 Acc0: 68.75% |  Acc1: 100.00% |  Pre0: 100.00% |  Pre1: 72.73% |  Rec0: 71.67% | Rec1: 100.00% 
2023-06-19 17:08:29,615 Epoch: 29 | Epoch Time: 2m 54s
2023-06-19 17:08:29,615 EarlyStopping counter: 2 out of 20
2023-06-19 17:11:03,864 	Train Loss: 6.967510 | Train Acc: 79.398% | Acc0: 61.61% |  Acc1: 96.17% 
2023-06-19 17:11:24,755 	 Val. Loss: 6.120445 |  Val. Acc: 83.854% |  Val. Pre: 86.36% |  Val. Rec: 85.83% |  Val. Fsc: 86.10%
2023-06-19 17:11:24,755 	 Acc0: 68.75% |  Acc1: 100.00% |  Pre0: 100.00% |  Pre1: 72.73% |  Rec0: 71.67% | Rec1: 100.00% 
2023-06-19 17:11:24,768 Epoch: 30 | Epoch Time: 2m 55s
2023-06-19 17:11:24,768 EarlyStopping counter: 3 out of 20
2023-06-19 17:13:59,817 	Train Loss: 6.793827 | Train Acc: 79.398% | Acc0: 61.61% |  Acc1: 96.17% 
2023-06-19 17:14:20,897 	 Val. Loss: 5.764726 |  Val. Acc: 83.854% |  Val. Pre: 86.36% |  Val. Rec: 85.83% |  Val. Fsc: 86.10%
2023-06-19 17:14:20,897 	 Acc0: 68.75% |  Acc1: 100.00% |  Pre0: 100.00% |  Pre1: 72.73% |  Rec0: 71.67% | Rec1: 100.00% 
2023-06-19 17:14:20,897 Epoch: 31 | Epoch Time: 2m 56s
2023-06-19 17:14:20,897 EarlyStopping counter: 4 out of 20
2023-06-19 17:16:54,897 	Train Loss: 6.741340 | Train Acc: 78.935% | Acc0: 62.09% |  Acc1: 94.74% 
2023-06-19 17:17:15,825 	 Val. Loss: 5.667394 |  Val. Acc: 83.854% |  Val. Pre: 86.36% |  Val. Rec: 85.83% |  Val. Fsc: 86.10%
2023-06-19 17:17:15,826 	 Acc0: 68.75% |  Acc1: 100.00% |  Pre0: 100.00% |  Pre1: 72.73% |  Rec0: 71.67% | Rec1: 100.00% 
2023-06-19 17:17:15,826 Epoch: 32 | Epoch Time: 2m 54s
2023-06-19 17:17:15,826 Validation loss decreased (5.686999 --> 5.667394).  Saving model ...
2023-06-19 17:19:49,978 	Train Loss: 6.708920 | Train Acc: 78.704% | Acc0: 63.03% |  Acc1: 94.74% 
2023-06-19 17:20:10,911 	 Val. Loss: 5.655296 |  Val. Acc: 83.854% |  Val. Pre: 86.36% |  Val. Rec: 85.83% |  Val. Fsc: 86.10%
2023-06-19 17:20:10,911 	 Acc0: 68.75% |  Acc1: 100.00% |  Pre0: 100.00% |  Pre1: 72.73% |  Rec0: 71.67% | Rec1: 100.00% 
2023-06-19 17:20:10,911 Epoch: 33 | Epoch Time: 2m 55s
2023-06-19 17:20:10,911 Validation loss decreased (5.667394 --> 5.655296).  Saving model ...
2023-06-19 17:22:41,054 	Train Loss: 6.699809 | Train Acc: 79.398% | Acc0: 63.51% |  Acc1: 95.69% 
2023-06-19 17:23:01,554 	 Val. Loss: 5.564126 |  Val. Acc: 83.854% |  Val. Pre: 86.36% |  Val. Rec: 85.83% |  Val. Fsc: 86.10%
2023-06-19 17:23:01,554 	 Acc0: 68.75% |  Acc1: 100.00% |  Pre0: 100.00% |  Pre1: 72.73% |  Rec0: 71.67% | Rec1: 100.00% 
2023-06-19 17:23:01,554 Epoch: 34 | Epoch Time: 2m 50s
2023-06-19 17:23:01,554 Validation loss decreased (5.655296 --> 5.564126).  Saving model ...
2023-06-19 17:25:31,010 	Train Loss: 6.634247 | Train Acc: 79.861% | Acc0: 62.56% |  Acc1: 96.17% 
2023-06-19 17:25:51,387 	 Val. Loss: 5.970075 |  Val. Acc: 83.854% |  Val. Pre: 86.36% |  Val. Rec: 85.83% |  Val. Fsc: 86.10%
2023-06-19 17:25:51,387 	 Acc0: 68.75% |  Acc1: 100.00% |  Pre0: 100.00% |  Pre1: 72.73% |  Rec0: 71.67% | Rec1: 100.00% 
2023-06-19 17:25:51,399 Epoch: 35 | Epoch Time: 2m 49s
2023-06-19 17:25:51,399 EarlyStopping counter: 1 out of 20
2023-06-19 17:28:21,634 	Train Loss: 6.707005 | Train Acc: 80.093% | Acc0: 63.03% |  Acc1: 96.17% 
2023-06-19 17:28:42,025 	 Val. Loss: 5.747435 |  Val. Acc: 83.854% |  Val. Pre: 86.36% |  Val. Rec: 85.83% |  Val. Fsc: 86.10%
2023-06-19 17:28:42,025 	 Acc0: 68.75% |  Acc1: 100.00% |  Pre0: 100.00% |  Pre1: 72.73% |  Rec0: 71.67% | Rec1: 100.00% 
2023-06-19 17:28:42,025 Epoch: 36 | Epoch Time: 2m 50s
2023-06-19 17:28:42,025 EarlyStopping counter: 2 out of 20
2023-06-19 17:31:11,743 	Train Loss: 6.738405 | Train Acc: 79.861% | Acc0: 61.61% |  Acc1: 97.13% 
2023-06-19 17:31:32,174 	 Val. Loss: 5.824163 |  Val. Acc: 83.854% |  Val. Pre: 86.36% |  Val. Rec: 85.83% |  Val. Fsc: 86.10%
2023-06-19 17:31:32,175 	 Acc0: 68.75% |  Acc1: 100.00% |  Pre0: 100.00% |  Pre1: 72.73% |  Rec0: 71.67% | Rec1: 100.00% 
2023-06-19 17:31:32,175 Epoch: 37 | Epoch Time: 2m 50s
2023-06-19 17:31:32,175 EarlyStopping counter: 3 out of 20
2023-06-19 17:34:01,528 	Train Loss: 6.619089 | Train Acc: 79.398% | Acc0: 62.56% |  Acc1: 96.65% 
2023-06-19 17:34:21,925 	 Val. Loss: 5.554975 |  Val. Acc: 83.854% |  Val. Pre: 86.36% |  Val. Rec: 85.83% |  Val. Fsc: 86.10%
2023-06-19 17:34:21,925 	 Acc0: 68.75% |  Acc1: 100.00% |  Pre0: 100.00% |  Pre1: 72.73% |  Rec0: 71.67% | Rec1: 100.00% 
2023-06-19 17:34:21,925 Epoch: 38 | Epoch Time: 2m 49s
2023-06-19 17:34:21,925 Validation loss decreased (5.564126 --> 5.554975).  Saving model ...
2023-06-19 17:36:51,430 	Train Loss: 6.612203 | Train Acc: 78.935% | Acc0: 62.56% |  Acc1: 95.69% 
2023-06-19 17:37:12,429 	 Val. Loss: 5.577047 |  Val. Acc: 83.854% |  Val. Pre: 86.36% |  Val. Rec: 85.83% |  Val. Fsc: 86.10%
2023-06-19 17:37:12,429 	 Acc0: 68.75% |  Acc1: 100.00% |  Pre0: 100.00% |  Pre1: 72.73% |  Rec0: 71.67% | Rec1: 100.00% 
2023-06-19 17:37:12,429 Epoch: 39 | Epoch Time: 2m 50s
2023-06-19 17:37:12,429 EarlyStopping counter: 1 out of 20
2023-06-19 17:39:42,114 	Train Loss: 6.569810 | Train Acc: 79.167% | Acc0: 62.09% |  Acc1: 96.65% 
2023-06-19 17:40:02,472 	 Val. Loss: 5.486657 |  Val. Acc: 83.854% |  Val. Pre: 86.36% |  Val. Rec: 85.83% |  Val. Fsc: 86.10%
2023-06-19 17:40:02,473 	 Acc0: 68.75% |  Acc1: 100.00% |  Pre0: 100.00% |  Pre1: 72.73% |  Rec0: 71.67% | Rec1: 100.00% 
2023-06-19 17:40:02,484 Epoch: 40 | Epoch Time: 2m 50s
2023-06-19 17:40:02,484 Validation loss decreased (5.554975 --> 5.486657).  Saving model ...
2023-06-19 17:42:32,135 	Train Loss: 6.716310 | Train Acc: 78.472% | Acc0: 62.09% |  Acc1: 96.65% 
2023-06-19 17:42:55,476 	 Val. Loss: 5.518625 |  Val. Acc: 83.854% |  Val. Pre: 86.36% |  Val. Rec: 85.83% |  Val. Fsc: 86.10%
2023-06-19 17:42:55,476 	 Acc0: 68.75% |  Acc1: 100.00% |  Pre0: 100.00% |  Pre1: 72.73% |  Rec0: 71.67% | Rec1: 100.00% 
2023-06-19 17:42:55,476 Epoch: 41 | Epoch Time: 2m 52s
2023-06-19 17:42:55,476 EarlyStopping counter: 1 out of 20
2023-06-19 17:45:25,618 	Train Loss: 6.811239 | Train Acc: 78.704% | Acc0: 61.61% |  Acc1: 97.61% 
2023-06-19 17:45:46,034 	 Val. Loss: 5.592755 |  Val. Acc: 83.854% |  Val. Pre: 86.36% |  Val. Rec: 85.83% |  Val. Fsc: 86.10%
2023-06-19 17:45:46,034 	 Acc0: 68.75% |  Acc1: 100.00% |  Pre0: 100.00% |  Pre1: 72.73% |  Rec0: 71.67% | Rec1: 100.00% 
2023-06-19 17:45:46,034 Epoch: 42 | Epoch Time: 2m 50s
2023-06-19 17:45:46,034 EarlyStopping counter: 2 out of 20
2023-06-19 17:48:15,726 	Train Loss: 6.627548 | Train Acc: 79.167% | Acc0: 63.03% |  Acc1: 95.69% 
2023-06-19 17:48:36,070 	 Val. Loss: 5.528955 |  Val. Acc: 83.854% |  Val. Pre: 86.36% |  Val. Rec: 85.83% |  Val. Fsc: 86.10%
2023-06-19 17:48:36,071 	 Acc0: 68.75% |  Acc1: 100.00% |  Pre0: 100.00% |  Pre1: 72.73% |  Rec0: 71.67% | Rec1: 100.00% 
2023-06-19 17:48:36,071 Epoch: 43 | Epoch Time: 2m 50s
2023-06-19 17:48:36,071 EarlyStopping counter: 3 out of 20
2023-06-19 17:51:05,468 	Train Loss: 6.610615 | Train Acc: 78.009% | Acc0: 63.51% |  Acc1: 94.26% 
2023-06-19 17:51:25,780 	 Val. Loss: 5.805583 |  Val. Acc: 83.854% |  Val. Pre: 86.36% |  Val. Rec: 85.83% |  Val. Fsc: 86.10%
2023-06-19 17:51:25,780 	 Acc0: 68.75% |  Acc1: 100.00% |  Pre0: 100.00% |  Pre1: 72.73% |  Rec0: 71.67% | Rec1: 100.00% 
2023-06-19 17:51:25,780 Epoch: 44 | Epoch Time: 2m 49s
2023-06-19 17:51:25,780 EarlyStopping counter: 4 out of 20
2023-06-19 17:53:54,991 	Train Loss: 6.655246 | Train Acc: 79.861% | Acc0: 62.09% |  Acc1: 98.09% 
2023-06-19 17:54:15,261 	 Val. Loss: 5.514821 |  Val. Acc: 83.854% |  Val. Pre: 86.36% |  Val. Rec: 85.83% |  Val. Fsc: 86.10%
2023-06-19 17:54:15,261 	 Acc0: 68.75% |  Acc1: 100.00% |  Pre0: 100.00% |  Pre1: 72.73% |  Rec0: 71.67% | Rec1: 100.00% 
2023-06-19 17:54:15,273 Epoch: 45 | Epoch Time: 2m 49s
2023-06-19 17:54:15,274 EarlyStopping counter: 5 out of 20
2023-06-19 17:56:44,546 	Train Loss: 6.523625 | Train Acc: 78.935% | Acc0: 63.51% |  Acc1: 96.17% 
2023-06-19 17:57:04,980 	 Val. Loss: 5.580447 |  Val. Acc: 83.854% |  Val. Pre: 86.36% |  Val. Rec: 85.83% |  Val. Fsc: 86.10%
2023-06-19 17:57:04,980 	 Acc0: 68.75% |  Acc1: 100.00% |  Pre0: 100.00% |  Pre1: 72.73% |  Rec0: 71.67% | Rec1: 100.00% 
2023-06-19 17:57:04,980 Epoch: 46 | Epoch Time: 2m 49s
2023-06-19 17:57:04,980 EarlyStopping counter: 6 out of 20
2023-06-19 17:59:34,234 	Train Loss: 6.492917 | Train Acc: 80.324% | Acc0: 62.56% |  Acc1: 97.13% 
2023-06-19 17:59:54,781 	 Val. Loss: 5.370529 |  Val. Acc: 83.854% |  Val. Pre: 86.36% |  Val. Rec: 85.83% |  Val. Fsc: 86.10%
2023-06-19 17:59:54,782 	 Acc0: 68.75% |  Acc1: 100.00% |  Pre0: 100.00% |  Pre1: 72.73% |  Rec0: 71.67% | Rec1: 100.00% 
2023-06-19 17:59:54,782 Epoch: 47 | Epoch Time: 2m 49s
2023-06-19 17:59:54,782 Validation loss decreased (5.486657 --> 5.370529).  Saving model ...
2023-06-19 18:02:25,466 	Train Loss: 6.408825 | Train Acc: 81.019% | Acc0: 65.88% |  Acc1: 95.22% 
2023-06-19 18:02:45,876 	 Val. Loss: 5.980093 |  Val. Acc: 83.854% |  Val. Pre: 86.36% |  Val. Rec: 85.83% |  Val. Fsc: 86.10%
2023-06-19 18:02:45,876 	 Acc0: 68.75% |  Acc1: 100.00% |  Pre0: 100.00% |  Pre1: 72.73% |  Rec0: 71.67% | Rec1: 100.00% 
2023-06-19 18:02:45,876 Epoch: 48 | Epoch Time: 2m 51s
2023-06-19 18:02:45,876 EarlyStopping counter: 1 out of 20
2023-06-19 18:05:15,385 	Train Loss: 6.690695 | Train Acc: 79.630% | Acc0: 63.03% |  Acc1: 96.65% 
2023-06-19 18:05:35,837 	 Val. Loss: 5.541841 |  Val. Acc: 83.854% |  Val. Pre: 86.36% |  Val. Rec: 85.83% |  Val. Fsc: 86.10%
2023-06-19 18:05:35,838 	 Acc0: 68.75% |  Acc1: 100.00% |  Pre0: 100.00% |  Pre1: 72.73% |  Rec0: 71.67% | Rec1: 100.00% 
2023-06-19 18:05:35,838 Epoch: 49 | Epoch Time: 2m 49s
2023-06-19 18:05:35,838 EarlyStopping counter: 2 out of 20
2023-06-19 18:08:05,368 	Train Loss: 6.528259 | Train Acc: 79.630% | Acc0: 62.09% |  Acc1: 96.17% 
2023-06-19 18:08:25,791 	 Val. Loss: 5.427419 |  Val. Acc: 83.854% |  Val. Pre: 86.36% |  Val. Rec: 85.83% |  Val. Fsc: 86.10%
2023-06-19 18:08:25,792 	 Acc0: 68.75% |  Acc1: 100.00% |  Pre0: 100.00% |  Pre1: 72.73% |  Rec0: 71.67% | Rec1: 100.00% 
2023-06-19 18:08:25,803 Epoch: 50 | Epoch Time: 2m 49s
2023-06-19 18:08:25,803 EarlyStopping counter: 3 out of 20
2023-06-19 18:10:55,495 	Train Loss: 6.524877 | Train Acc: 78.935% | Acc0: 62.09% |  Acc1: 96.17% 
2023-06-19 18:11:15,811 	 Val. Loss: 5.429339 |  Val. Acc: 83.854% |  Val. Pre: 86.36% |  Val. Rec: 85.83% |  Val. Fsc: 86.10%
2023-06-19 18:11:15,811 	 Acc0: 68.75% |  Acc1: 100.00% |  Pre0: 100.00% |  Pre1: 72.73% |  Rec0: 71.67% | Rec1: 100.00% 
2023-06-19 18:11:15,811 Epoch: 51 | Epoch Time: 2m 50s
2023-06-19 18:11:15,811 EarlyStopping counter: 4 out of 20
2023-06-19 18:13:45,060 	Train Loss: 6.452141 | Train Acc: 79.630% | Acc0: 63.03% |  Acc1: 96.65% 
2023-06-19 18:14:05,529 	 Val. Loss: 5.665375 |  Val. Acc: 83.854% |  Val. Pre: 86.36% |  Val. Rec: 85.83% |  Val. Fsc: 86.10%
2023-06-19 18:14:05,529 	 Acc0: 68.75% |  Acc1: 100.00% |  Pre0: 100.00% |  Pre1: 72.73% |  Rec0: 71.67% | Rec1: 100.00% 
2023-06-19 18:14:05,529 Epoch: 52 | Epoch Time: 2m 49s
2023-06-19 18:14:05,529 EarlyStopping counter: 5 out of 20
2023-06-19 18:16:35,194 	Train Loss: 6.559828 | Train Acc: 79.630% | Acc0: 63.98% |  Acc1: 95.69% 
2023-06-19 18:16:55,643 	 Val. Loss: 5.396345 |  Val. Acc: 85.417% |  Val. Pre: 87.06% |  Val. Rec: 86.88% |  Val. Fsc: 86.97%
2023-06-19 18:16:55,643 	 Acc0: 71.88% |  Acc1: 100.00% |  Pre0: 100.00% |  Pre1: 74.12% |  Rec0: 73.75% | Rec1: 100.00% 
2023-06-19 18:16:55,643 Epoch: 53 | Epoch Time: 2m 50s
2023-06-19 18:16:55,643 EarlyStopping counter: 6 out of 20
2023-06-19 18:19:25,342 	Train Loss: 6.533064 | Train Acc: 78.935% | Acc0: 62.09% |  Acc1: 96.17% 
2023-06-19 18:19:46,337 	 Val. Loss: 5.365296 |  Val. Acc: 83.854% |  Val. Pre: 86.36% |  Val. Rec: 85.83% |  Val. Fsc: 86.10%
2023-06-19 18:19:46,337 	 Acc0: 68.75% |  Acc1: 100.00% |  Pre0: 100.00% |  Pre1: 72.73% |  Rec0: 71.67% | Rec1: 100.00% 
2023-06-19 18:19:46,337 Epoch: 54 | Epoch Time: 2m 50s
2023-06-19 18:19:46,337 Validation loss decreased (5.370529 --> 5.365296).  Saving model ...
2023-06-19 18:22:16,194 	Train Loss: 6.528185 | Train Acc: 79.861% | Acc0: 63.98% |  Acc1: 94.74% 
2023-06-19 18:22:36,669 	 Val. Loss: 5.388825 |  Val. Acc: 83.854% |  Val. Pre: 86.36% |  Val. Rec: 85.83% |  Val. Fsc: 86.10%
2023-06-19 18:22:36,669 	 Acc0: 68.75% |  Acc1: 100.00% |  Pre0: 100.00% |  Pre1: 72.73% |  Rec0: 71.67% | Rec1: 100.00% 
2023-06-19 18:22:36,681 Epoch: 55 | Epoch Time: 2m 50s
2023-06-19 18:22:36,681 EarlyStopping counter: 1 out of 20
2023-06-19 18:25:06,254 	Train Loss: 6.516981 | Train Acc: 79.861% | Acc0: 62.09% |  Acc1: 98.09% 
2023-06-19 18:25:26,639 	 Val. Loss: 5.369088 |  Val. Acc: 83.854% |  Val. Pre: 86.36% |  Val. Rec: 85.83% |  Val. Fsc: 86.10%
2023-06-19 18:25:26,639 	 Acc0: 68.75% |  Acc1: 100.00% |  Pre0: 100.00% |  Pre1: 72.73% |  Rec0: 71.67% | Rec1: 100.00% 
2023-06-19 18:25:26,639 Epoch: 56 | Epoch Time: 2m 49s
2023-06-19 18:25:26,639 EarlyStopping counter: 2 out of 20
2023-06-19 18:27:56,396 	Train Loss: 6.428971 | Train Acc: 80.324% | Acc0: 63.03% |  Acc1: 96.65% 
2023-06-19 18:28:16,704 	 Val. Loss: 5.455741 |  Val. Acc: 83.854% |  Val. Pre: 86.36% |  Val. Rec: 85.83% |  Val. Fsc: 86.10%
2023-06-19 18:28:16,704 	 Acc0: 68.75% |  Acc1: 100.00% |  Pre0: 100.00% |  Pre1: 72.73% |  Rec0: 71.67% | Rec1: 100.00% 
2023-06-19 18:28:16,704 Epoch: 57 | Epoch Time: 2m 50s
2023-06-19 18:28:16,704 EarlyStopping counter: 3 out of 20
2023-06-19 18:30:46,441 	Train Loss: 6.406694 | Train Acc: 79.861% | Acc0: 62.56% |  Acc1: 97.61% 
2023-06-19 18:31:06,872 	 Val. Loss: 5.259536 |  Val. Acc: 83.854% |  Val. Pre: 86.36% |  Val. Rec: 85.83% |  Val. Fsc: 86.10%
2023-06-19 18:31:06,872 	 Acc0: 68.75% |  Acc1: 100.00% |  Pre0: 100.00% |  Pre1: 72.73% |  Rec0: 71.67% | Rec1: 100.00% 
2023-06-19 18:31:06,872 Epoch: 58 | Epoch Time: 2m 50s
2023-06-19 18:31:06,872 Validation loss decreased (5.365296 --> 5.259536).  Saving model ...
2023-06-19 18:33:36,154 	Train Loss: 6.607959 | Train Acc: 80.324% | Acc0: 62.09% |  Acc1: 99.04% 
2023-06-19 18:33:56,577 	 Val. Loss: 5.348060 |  Val. Acc: 85.417% |  Val. Pre: 87.06% |  Val. Rec: 86.88% |  Val. Fsc: 86.97%
2023-06-19 18:33:56,577 	 Acc0: 71.88% |  Acc1: 100.00% |  Pre0: 100.00% |  Pre1: 74.12% |  Rec0: 73.75% | Rec1: 100.00% 
2023-06-19 18:33:56,577 Epoch: 59 | Epoch Time: 2m 49s
2023-06-19 18:33:56,577 EarlyStopping counter: 1 out of 20
2023-06-19 18:36:26,141 	Train Loss: 6.568902 | Train Acc: 78.472% | Acc0: 61.61% |  Acc1: 95.69% 
2023-06-19 18:36:46,528 	 Val. Loss: 5.299322 |  Val. Acc: 83.854% |  Val. Pre: 86.36% |  Val. Rec: 85.83% |  Val. Fsc: 86.10%
2023-06-19 18:36:46,529 	 Acc0: 68.75% |  Acc1: 100.00% |  Pre0: 100.00% |  Pre1: 72.73% |  Rec0: 71.67% | Rec1: 100.00% 
2023-06-19 18:36:46,541 Epoch: 60 | Epoch Time: 2m 49s
2023-06-19 18:36:46,541 EarlyStopping counter: 2 out of 20
2023-06-19 18:39:16,901 	Train Loss: 6.449909 | Train Acc: 79.861% | Acc0: 63.03% |  Acc1: 97.13% 
2023-06-19 18:39:37,258 	 Val. Loss: 5.278238 |  Val. Acc: 83.854% |  Val. Pre: 86.36% |  Val. Rec: 85.83% |  Val. Fsc: 86.10%
2023-06-19 18:39:37,258 	 Acc0: 68.75% |  Acc1: 100.00% |  Pre0: 100.00% |  Pre1: 72.73% |  Rec0: 71.67% | Rec1: 100.00% 
2023-06-19 18:39:37,258 Epoch: 61 | Epoch Time: 2m 50s
2023-06-19 18:39:37,258 EarlyStopping counter: 3 out of 20
2023-06-19 18:42:08,170 	Train Loss: 6.365950 | Train Acc: 80.324% | Acc0: 63.51% |  Acc1: 97.61% 
2023-06-19 18:42:28,698 	 Val. Loss: 5.358310 |  Val. Acc: 83.854% |  Val. Pre: 86.36% |  Val. Rec: 85.83% |  Val. Fsc: 86.10%
2023-06-19 18:42:28,699 	 Acc0: 68.75% |  Acc1: 100.00% |  Pre0: 100.00% |  Pre1: 72.73% |  Rec0: 71.67% | Rec1: 100.00% 
2023-06-19 18:42:28,699 Epoch: 62 | Epoch Time: 2m 51s
2023-06-19 18:42:28,699 EarlyStopping counter: 4 out of 20
2023-06-19 18:44:58,267 	Train Loss: 6.389437 | Train Acc: 80.324% | Acc0: 64.93% |  Acc1: 96.17% 
2023-06-19 18:45:18,688 	 Val. Loss: 5.847103 |  Val. Acc: 82.292% |  Val. Pre: 85.53% |  Val. Rec: 84.58% |  Val. Fsc: 85.05%
2023-06-19 18:45:18,688 	 Acc0: 65.62% |  Acc1: 100.00% |  Pre0: 100.00% |  Pre1: 71.06% |  Rec0: 69.17% | Rec1: 100.00% 
2023-06-19 18:45:18,688 Epoch: 63 | Epoch Time: 2m 49s
2023-06-19 18:45:18,689 EarlyStopping counter: 5 out of 20
2023-06-19 18:47:48,252 	Train Loss: 6.513832 | Train Acc: 80.556% | Acc0: 62.56% |  Acc1: 97.61% 
2023-06-19 18:48:08,629 	 Val. Loss: 5.277403 |  Val. Acc: 83.854% |  Val. Pre: 86.36% |  Val. Rec: 85.83% |  Val. Fsc: 86.10%
2023-06-19 18:48:08,629 	 Acc0: 68.75% |  Acc1: 100.00% |  Pre0: 100.00% |  Pre1: 72.73% |  Rec0: 71.67% | Rec1: 100.00% 
2023-06-19 18:48:08,629 Epoch: 64 | Epoch Time: 2m 49s
2023-06-19 18:48:08,629 EarlyStopping counter: 6 out of 20
2023-06-19 18:50:37,866 	Train Loss: 6.337403 | Train Acc: 80.787% | Acc0: 62.56% |  Acc1: 98.09% 
2023-06-19 18:50:58,241 	 Val. Loss: 5.279277 |  Val. Acc: 83.854% |  Val. Pre: 86.36% |  Val. Rec: 85.83% |  Val. Fsc: 86.10%
2023-06-19 18:50:58,241 	 Acc0: 68.75% |  Acc1: 100.00% |  Pre0: 100.00% |  Pre1: 72.73% |  Rec0: 71.67% | Rec1: 100.00% 
2023-06-19 18:50:58,258 Epoch: 65 | Epoch Time: 2m 49s
2023-06-19 18:50:58,259 EarlyStopping counter: 7 out of 20
2023-06-19 18:53:27,620 	Train Loss: 6.464995 | Train Acc: 78.472% | Acc0: 61.14% |  Acc1: 94.74% 
2023-06-19 18:53:48,113 	 Val. Loss: 5.567532 |  Val. Acc: 83.854% |  Val. Pre: 86.36% |  Val. Rec: 85.83% |  Val. Fsc: 86.10%
2023-06-19 18:53:48,114 	 Acc0: 68.75% |  Acc1: 100.00% |  Pre0: 100.00% |  Pre1: 72.73% |  Rec0: 71.67% | Rec1: 100.00% 
2023-06-19 18:53:48,114 Epoch: 66 | Epoch Time: 2m 49s
2023-06-19 18:53:48,114 EarlyStopping counter: 8 out of 20
2023-06-19 18:56:17,408 	Train Loss: 6.531995 | Train Acc: 80.787% | Acc0: 63.03% |  Acc1: 97.61% 
2023-06-19 18:56:37,771 	 Val. Loss: 5.615479 |  Val. Acc: 83.854% |  Val. Pre: 86.36% |  Val. Rec: 85.83% |  Val. Fsc: 86.10%
2023-06-19 18:56:37,771 	 Acc0: 68.75% |  Acc1: 100.00% |  Pre0: 100.00% |  Pre1: 72.73% |  Rec0: 71.67% | Rec1: 100.00% 
2023-06-19 18:56:37,772 Epoch: 67 | Epoch Time: 2m 49s
2023-06-19 18:56:37,772 EarlyStopping counter: 9 out of 20
2023-06-19 18:59:07,258 	Train Loss: 6.403038 | Train Acc: 78.472% | Acc0: 61.61% |  Acc1: 97.13% 
2023-06-19 18:59:27,684 	 Val. Loss: 5.254313 |  Val. Acc: 85.417% |  Val. Pre: 87.06% |  Val. Rec: 86.88% |  Val. Fsc: 86.97%
2023-06-19 18:59:27,684 	 Acc0: 71.88% |  Acc1: 100.00% |  Pre0: 100.00% |  Pre1: 74.12% |  Rec0: 73.75% | Rec1: 100.00% 
2023-06-19 18:59:27,684 Epoch: 68 | Epoch Time: 2m 49s
2023-06-19 18:59:27,684 Validation loss decreased (5.259536 --> 5.254313).  Saving model ...
2023-06-19 19:01:57,179 	Train Loss: 6.416155 | Train Acc: 79.861% | Acc0: 62.56% |  Acc1: 97.61% 
2023-06-19 19:02:17,520 	 Val. Loss: 5.191438 |  Val. Acc: 85.417% |  Val. Pre: 87.06% |  Val. Rec: 86.88% |  Val. Fsc: 86.97%
2023-06-19 19:02:17,520 	 Acc0: 71.88% |  Acc1: 100.00% |  Pre0: 100.00% |  Pre1: 74.12% |  Rec0: 73.75% | Rec1: 100.00% 
2023-06-19 19:02:17,520 Epoch: 69 | Epoch Time: 2m 49s
2023-06-19 19:02:17,520 Validation loss decreased (5.254313 --> 5.191438).  Saving model ...
2023-06-19 19:04:47,170 	Train Loss: 6.316171 | Train Acc: 79.398% | Acc0: 62.09% |  Acc1: 98.56% 
2023-06-19 19:05:07,676 	 Val. Loss: 5.226680 |  Val. Acc: 83.854% |  Val. Pre: 86.36% |  Val. Rec: 85.83% |  Val. Fsc: 86.10%
2023-06-19 19:05:07,676 	 Acc0: 68.75% |  Acc1: 100.00% |  Pre0: 100.00% |  Pre1: 72.73% |  Rec0: 71.67% | Rec1: 100.00% 
2023-06-19 19:05:07,689 Epoch: 70 | Epoch Time: 2m 50s
2023-06-19 19:05:07,689 EarlyStopping counter: 1 out of 20
2023-06-19 19:07:37,795 	Train Loss: 6.349894 | Train Acc: 79.861% | Acc0: 63.03% |  Acc1: 98.56% 
2023-06-19 19:07:58,402 	 Val. Loss: 5.167593 |  Val. Acc: 83.854% |  Val. Pre: 86.36% |  Val. Rec: 85.83% |  Val. Fsc: 86.10%
2023-06-19 19:07:58,402 	 Acc0: 68.75% |  Acc1: 100.00% |  Pre0: 100.00% |  Pre1: 72.73% |  Rec0: 71.67% | Rec1: 100.00% 
2023-06-19 19:07:58,402 Epoch: 71 | Epoch Time: 2m 50s
2023-06-19 19:07:58,402 Validation loss decreased (5.191438 --> 5.167593).  Saving model ...
2023-06-19 19:10:31,563 	Train Loss: 6.251868 | Train Acc: 80.324% | Acc0: 62.56% |  Acc1: 98.56% 
2023-06-19 19:10:52,423 	 Val. Loss: 5.138359 |  Val. Acc: 85.417% |  Val. Pre: 87.06% |  Val. Rec: 86.88% |  Val. Fsc: 86.97%
2023-06-19 19:10:52,423 	 Acc0: 71.88% |  Acc1: 100.00% |  Pre0: 100.00% |  Pre1: 74.12% |  Rec0: 73.75% | Rec1: 100.00% 
2023-06-19 19:10:52,423 Epoch: 72 | Epoch Time: 2m 54s
2023-06-19 19:10:52,423 Validation loss decreased (5.167593 --> 5.138359).  Saving model ...
2023-06-19 19:13:24,565 	Train Loss: 6.224387 | Train Acc: 81.019% | Acc0: 63.03% |  Acc1: 98.09% 
2023-06-19 19:13:45,285 	 Val. Loss: 5.212698 |  Val. Acc: 83.854% |  Val. Pre: 86.36% |  Val. Rec: 85.83% |  Val. Fsc: 86.10%
2023-06-19 19:13:45,285 	 Acc0: 68.75% |  Acc1: 100.00% |  Pre0: 100.00% |  Pre1: 72.73% |  Rec0: 71.67% | Rec1: 100.00% 
2023-06-19 19:13:45,286 Epoch: 73 | Epoch Time: 2m 52s
2023-06-19 19:13:45,286 EarlyStopping counter: 1 out of 20
2023-06-19 19:16:16,486 	Train Loss: 6.279754 | Train Acc: 79.630% | Acc0: 62.56% |  Acc1: 98.56% 
2023-06-19 19:16:37,258 	 Val. Loss: 5.186746 |  Val. Acc: 83.854% |  Val. Pre: 86.36% |  Val. Rec: 85.83% |  Val. Fsc: 86.10%
2023-06-19 19:16:37,258 	 Acc0: 68.75% |  Acc1: 100.00% |  Pre0: 100.00% |  Pre1: 72.73% |  Rec0: 71.67% | Rec1: 100.00% 
2023-06-19 19:16:37,259 Epoch: 74 | Epoch Time: 2m 51s
2023-06-19 19:16:37,259 EarlyStopping counter: 2 out of 20
2023-06-19 19:19:08,055 	Train Loss: 6.320503 | Train Acc: 80.556% | Acc0: 62.09% |  Acc1: 98.09% 
2023-06-19 19:19:28,610 	 Val. Loss: 5.213926 |  Val. Acc: 83.854% |  Val. Pre: 86.36% |  Val. Rec: 85.83% |  Val. Fsc: 86.10%
2023-06-19 19:19:28,610 	 Acc0: 68.75% |  Acc1: 100.00% |  Pre0: 100.00% |  Pre1: 72.73% |  Rec0: 71.67% | Rec1: 100.00% 
2023-06-19 19:19:28,623 Epoch: 75 | Epoch Time: 2m 51s
2023-06-19 19:19:28,623 EarlyStopping counter: 3 out of 20
2023-06-19 19:22:01,144 	Train Loss: 6.219180 | Train Acc: 80.787% | Acc0: 62.09% |  Acc1: 98.56% 
2023-06-19 19:22:22,856 	 Val. Loss: 5.059039 |  Val. Acc: 85.417% |  Val. Pre: 87.06% |  Val. Rec: 86.88% |  Val. Fsc: 86.97%
2023-06-19 19:22:22,856 	 Acc0: 71.88% |  Acc1: 100.00% |  Pre0: 100.00% |  Pre1: 74.12% |  Rec0: 73.75% | Rec1: 100.00% 
2023-06-19 19:22:22,856 Epoch: 76 | Epoch Time: 2m 54s
2023-06-19 19:22:22,856 Validation loss decreased (5.138359 --> 5.059039).  Saving model ...
2023-06-19 19:24:55,997 	Train Loss: 6.193834 | Train Acc: 80.556% | Acc0: 63.03% |  Acc1: 98.56% 
2023-06-19 19:25:17,064 	 Val. Loss: 5.049338 |  Val. Acc: 85.417% |  Val. Pre: 87.06% |  Val. Rec: 86.88% |  Val. Fsc: 86.97%
2023-06-19 19:25:17,064 	 Acc0: 71.88% |  Acc1: 100.00% |  Pre0: 100.00% |  Pre1: 74.12% |  Rec0: 73.75% | Rec1: 100.00% 
2023-06-19 19:25:17,064 Epoch: 77 | Epoch Time: 2m 54s
2023-06-19 19:25:17,064 Validation loss decreased (5.059039 --> 5.049338).  Saving model ...
2023-06-19 19:27:48,851 	Train Loss: 6.192358 | Train Acc: 79.861% | Acc0: 62.09% |  Acc1: 98.09% 
2023-06-19 19:28:09,649 	 Val. Loss: 5.111915 |  Val. Acc: 83.333% |  Val. Pre: 83.76% |  Val. Rec: 85.31% |  Val. Fsc: 84.53%
2023-06-19 19:28:09,649 	 Acc0: 71.88% |  Acc1: 96.43% |  Pre0: 93.75% |  Pre1: 73.77% |  Rec0: 73.75% | Rec1: 96.88% 
2023-06-19 19:28:09,650 Epoch: 78 | Epoch Time: 2m 52s
2023-06-19 19:28:09,650 EarlyStopping counter: 1 out of 20
2023-06-19 19:30:42,016 	Train Loss: 6.203271 | Train Acc: 78.704% | Acc0: 62.09% |  Acc1: 98.56% 
2023-06-19 19:31:02,735 	 Val. Loss: 5.216561 |  Val. Acc: 83.854% |  Val. Pre: 86.36% |  Val. Rec: 85.83% |  Val. Fsc: 86.10%
2023-06-19 19:31:02,735 	 Acc0: 68.75% |  Acc1: 100.00% |  Pre0: 100.00% |  Pre1: 72.73% |  Rec0: 71.67% | Rec1: 100.00% 
2023-06-19 19:31:02,735 Epoch: 79 | Epoch Time: 2m 53s
2023-06-19 19:31:02,735 EarlyStopping counter: 2 out of 20
2023-06-19 19:33:35,113 	Train Loss: 6.276140 | Train Acc: 79.861% | Acc0: 63.51% |  Acc1: 98.09% 
2023-06-19 19:33:55,838 	 Val. Loss: 5.188867 |  Val. Acc: 83.854% |  Val. Pre: 86.36% |  Val. Rec: 85.83% |  Val. Fsc: 86.10%
2023-06-19 19:33:55,838 	 Acc0: 68.75% |  Acc1: 100.00% |  Pre0: 100.00% |  Pre1: 72.73% |  Rec0: 71.67% | Rec1: 100.00% 
2023-06-19 19:33:55,851 Epoch: 80 | Epoch Time: 2m 53s
2023-06-19 19:33:55,851 EarlyStopping counter: 3 out of 20
2023-06-19 19:36:28,161 	Train Loss: 6.096351 | Train Acc: 81.250% | Acc0: 65.88% |  Acc1: 97.13% 
2023-06-19 19:36:48,966 	 Val. Loss: 5.220229 |  Val. Acc: 84.896% |  Val. Pre: 84.65% |  Val. Rec: 86.35% |  Val. Fsc: 85.49%
2023-06-19 19:36:48,966 	 Acc0: 75.00% |  Acc1: 96.43% |  Pre0: 93.75% |  Pre1: 75.55% |  Rec0: 75.83% | Rec1: 96.88% 
2023-06-19 19:36:48,966 Epoch: 81 | Epoch Time: 2m 53s
2023-06-19 19:36:48,966 EarlyStopping counter: 4 out of 20
2023-06-19 19:39:22,209 	Train Loss: 6.342985 | Train Acc: 80.787% | Acc0: 62.56% |  Acc1: 98.09% 
2023-06-19 19:39:42,951 	 Val. Loss: 5.081205 |  Val. Acc: 85.417% |  Val. Pre: 87.06% |  Val. Rec: 86.88% |  Val. Fsc: 86.97%
2023-06-19 19:39:42,951 	 Acc0: 71.88% |  Acc1: 100.00% |  Pre0: 100.00% |  Pre1: 74.12% |  Rec0: 73.75% | Rec1: 100.00% 
2023-06-19 19:39:42,951 Epoch: 82 | Epoch Time: 2m 53s
2023-06-19 19:39:42,951 EarlyStopping counter: 5 out of 20
2023-06-19 19:42:16,508 	Train Loss: 6.242171 | Train Acc: 79.398% | Acc0: 62.56% |  Acc1: 96.65% 
2023-06-19 19:42:37,404 	 Val. Loss: 5.093474 |  Val. Acc: 83.854% |  Val. Pre: 86.36% |  Val. Rec: 85.83% |  Val. Fsc: 86.10%
2023-06-19 19:42:37,404 	 Acc0: 68.75% |  Acc1: 100.00% |  Pre0: 100.00% |  Pre1: 72.73% |  Rec0: 71.67% | Rec1: 100.00% 
2023-06-19 19:42:37,404 Epoch: 83 | Epoch Time: 2m 54s
2023-06-19 19:42:37,404 EarlyStopping counter: 6 out of 20
2023-06-19 19:45:10,024 	Train Loss: 6.256907 | Train Acc: 79.861% | Acc0: 63.03% |  Acc1: 98.56% 
2023-06-19 19:45:30,908 	 Val. Loss: 5.272823 |  Val. Acc: 83.854% |  Val. Pre: 86.36% |  Val. Rec: 85.83% |  Val. Fsc: 86.10%
2023-06-19 19:45:30,908 	 Acc0: 68.75% |  Acc1: 100.00% |  Pre0: 100.00% |  Pre1: 72.73% |  Rec0: 71.67% | Rec1: 100.00% 
2023-06-19 19:45:30,908 Epoch: 84 | Epoch Time: 2m 53s
2023-06-19 19:45:30,909 EarlyStopping counter: 7 out of 20
2023-06-19 19:48:04,081 	Train Loss: 6.346734 | Train Acc: 79.398% | Acc0: 61.61% |  Acc1: 97.61% 
2023-06-19 19:48:24,843 	 Val. Loss: 5.164295 |  Val. Acc: 83.854% |  Val. Pre: 86.36% |  Val. Rec: 85.83% |  Val. Fsc: 86.10%
2023-06-19 19:48:24,843 	 Acc0: 68.75% |  Acc1: 100.00% |  Pre0: 100.00% |  Pre1: 72.73% |  Rec0: 71.67% | Rec1: 100.00% 
2023-06-19 19:48:24,856 Epoch: 85 | Epoch Time: 2m 53s
2023-06-19 19:48:24,856 EarlyStopping counter: 8 out of 20
2023-06-19 19:50:56,873 	Train Loss: 6.205103 | Train Acc: 81.019% | Acc0: 63.03% |  Acc1: 98.09% 
2023-06-19 19:51:17,603 	 Val. Loss: 5.206397 |  Val. Acc: 83.854% |  Val. Pre: 86.36% |  Val. Rec: 85.83% |  Val. Fsc: 86.10%
2023-06-19 19:51:17,604 	 Acc0: 68.75% |  Acc1: 100.00% |  Pre0: 100.00% |  Pre1: 72.73% |  Rec0: 71.67% | Rec1: 100.00% 
2023-06-19 19:51:17,604 Epoch: 86 | Epoch Time: 2m 52s
2023-06-19 19:51:17,604 EarlyStopping counter: 9 out of 20
2023-06-19 19:53:49,890 	Train Loss: 6.163135 | Train Acc: 80.324% | Acc0: 63.03% |  Acc1: 98.09% 
2023-06-19 19:54:10,785 	 Val. Loss: 5.167061 |  Val. Acc: 83.854% |  Val. Pre: 86.36% |  Val. Rec: 85.83% |  Val. Fsc: 86.10%
2023-06-19 19:54:10,785 	 Acc0: 68.75% |  Acc1: 100.00% |  Pre0: 100.00% |  Pre1: 72.73% |  Rec0: 71.67% | Rec1: 100.00% 
2023-06-19 19:54:10,785 Epoch: 87 | Epoch Time: 2m 53s
2023-06-19 19:54:10,785 EarlyStopping counter: 10 out of 20
2023-06-19 19:56:43,193 	Train Loss: 6.129906 | Train Acc: 80.324% | Acc0: 62.56% |  Acc1: 98.56% 
2023-06-19 19:57:04,096 	 Val. Loss: 4.972917 |  Val. Acc: 85.417% |  Val. Pre: 87.06% |  Val. Rec: 86.88% |  Val. Fsc: 86.97%
2023-06-19 19:57:04,096 	 Acc0: 71.88% |  Acc1: 100.00% |  Pre0: 100.00% |  Pre1: 74.12% |  Rec0: 73.75% | Rec1: 100.00% 
2023-06-19 19:57:04,096 Epoch: 88 | Epoch Time: 2m 53s
2023-06-19 19:57:04,096 Validation loss decreased (5.049338 --> 4.972917).  Saving model ...
2023-06-19 19:59:36,087 	Train Loss: 6.142317 | Train Acc: 80.556% | Acc0: 63.03% |  Acc1: 98.56% 
2023-06-19 19:59:56,560 	 Val. Loss: 5.019828 |  Val. Acc: 85.417% |  Val. Pre: 87.06% |  Val. Rec: 86.88% |  Val. Fsc: 86.97%
2023-06-19 19:59:56,560 	 Acc0: 71.88% |  Acc1: 100.00% |  Pre0: 100.00% |  Pre1: 74.12% |  Rec0: 73.75% | Rec1: 100.00% 
2023-06-19 19:59:56,561 Epoch: 89 | Epoch Time: 2m 52s
2023-06-19 19:59:56,561 EarlyStopping counter: 1 out of 20
2023-06-19 20:02:28,982 	Train Loss: 6.073010 | Train Acc: 81.019% | Acc0: 62.56% |  Acc1: 98.56% 
2023-06-19 20:02:49,678 	 Val. Loss: 5.083815 |  Val. Acc: 83.854% |  Val. Pre: 86.36% |  Val. Rec: 85.83% |  Val. Fsc: 86.10%
2023-06-19 20:02:49,678 	 Acc0: 68.75% |  Acc1: 100.00% |  Pre0: 100.00% |  Pre1: 72.73% |  Rec0: 71.67% | Rec1: 100.00% 
2023-06-19 20:02:49,693 Epoch: 90 | Epoch Time: 2m 53s
2023-06-19 20:02:49,693 EarlyStopping counter: 2 out of 20
2023-06-19 20:05:21,510 	Train Loss: 6.047641 | Train Acc: 81.481% | Acc0: 63.03% |  Acc1: 99.04% 
2023-06-19 20:05:42,213 	 Val. Loss: 4.932487 |  Val. Acc: 85.417% |  Val. Pre: 87.06% |  Val. Rec: 86.88% |  Val. Fsc: 86.97%
2023-06-19 20:05:42,213 	 Acc0: 71.88% |  Acc1: 100.00% |  Pre0: 100.00% |  Pre1: 74.12% |  Rec0: 73.75% | Rec1: 100.00% 
2023-06-19 20:05:42,213 Epoch: 91 | Epoch Time: 2m 52s
2023-06-19 20:05:42,213 Validation loss decreased (4.972917 --> 4.932487).  Saving model ...
2023-06-19 20:08:15,000 	Train Loss: 6.054063 | Train Acc: 80.093% | Acc0: 64.45% |  Acc1: 97.61% 
2023-06-19 20:08:35,850 	 Val. Loss: 5.035343 |  Val. Acc: 83.854% |  Val. Pre: 86.36% |  Val. Rec: 85.83% |  Val. Fsc: 86.10%
2023-06-19 20:08:35,851 	 Acc0: 68.75% |  Acc1: 100.00% |  Pre0: 100.00% |  Pre1: 72.73% |  Rec0: 71.67% | Rec1: 100.00% 
2023-06-19 20:08:35,851 Epoch: 92 | Epoch Time: 2m 53s
2023-06-19 20:08:35,851 EarlyStopping counter: 1 out of 20
2023-06-19 20:11:08,737 	Train Loss: 6.070359 | Train Acc: 81.019% | Acc0: 63.03% |  Acc1: 98.09% 
2023-06-19 20:11:29,416 	 Val. Loss: 5.008296 |  Val. Acc: 85.417% |  Val. Pre: 87.06% |  Val. Rec: 86.88% |  Val. Fsc: 86.97%
2023-06-19 20:11:29,416 	 Acc0: 71.88% |  Acc1: 100.00% |  Pre0: 100.00% |  Pre1: 74.12% |  Rec0: 73.75% | Rec1: 100.00% 
2023-06-19 20:11:29,416 Epoch: 93 | Epoch Time: 2m 53s
2023-06-19 20:11:29,416 EarlyStopping counter: 2 out of 20
2023-06-19 20:14:02,169 	Train Loss: 5.979497 | Train Acc: 80.324% | Acc0: 62.56% |  Acc1: 98.56% 
2023-06-19 20:14:22,900 	 Val. Loss: 4.930121 |  Val. Acc: 85.417% |  Val. Pre: 87.06% |  Val. Rec: 86.88% |  Val. Fsc: 86.97%
2023-06-19 20:14:22,901 	 Acc0: 71.88% |  Acc1: 100.00% |  Pre0: 100.00% |  Pre1: 74.12% |  Rec0: 73.75% | Rec1: 100.00% 
2023-06-19 20:14:22,901 Epoch: 94 | Epoch Time: 2m 53s
2023-06-19 20:14:22,901 Validation loss decreased (4.932487 --> 4.930121).  Saving model ...
2023-06-19 20:16:56,509 	Train Loss: 6.175035 | Train Acc: 80.787% | Acc0: 61.61% |  Acc1: 99.04% 
2023-06-19 20:17:17,293 	 Val. Loss: 5.107642 |  Val. Acc: 85.417% |  Val. Pre: 87.06% |  Val. Rec: 86.88% |  Val. Fsc: 86.97%
2023-06-19 20:17:17,293 	 Acc0: 71.88% |  Acc1: 100.00% |  Pre0: 100.00% |  Pre1: 74.12% |  Rec0: 73.75% | Rec1: 100.00% 
2023-06-19 20:17:17,306 Epoch: 95 | Epoch Time: 2m 54s
2023-06-19 20:17:17,306 EarlyStopping counter: 1 out of 20
2023-06-19 20:19:49,942 	Train Loss: 6.116847 | Train Acc: 80.787% | Acc0: 64.45% |  Acc1: 96.17% 
2023-06-19 20:20:11,847 	 Val. Loss: 4.935685 |  Val. Acc: 85.417% |  Val. Pre: 87.06% |  Val. Rec: 86.88% |  Val. Fsc: 86.97%
2023-06-19 20:20:11,847 	 Acc0: 71.88% |  Acc1: 100.00% |  Pre0: 100.00% |  Pre1: 74.12% |  Rec0: 73.75% | Rec1: 100.00% 
2023-06-19 20:20:11,847 Epoch: 96 | Epoch Time: 2m 54s
2023-06-19 20:20:11,847 EarlyStopping counter: 2 out of 20
2023-06-19 20:22:45,644 	Train Loss: 6.024065 | Train Acc: 81.019% | Acc0: 62.56% |  Acc1: 98.56% 
2023-06-19 20:23:06,372 	 Val. Loss: 4.859767 |  Val. Acc: 85.417% |  Val. Pre: 87.06% |  Val. Rec: 86.88% |  Val. Fsc: 86.97%
2023-06-19 20:23:06,372 	 Acc0: 71.88% |  Acc1: 100.00% |  Pre0: 100.00% |  Pre1: 74.12% |  Rec0: 73.75% | Rec1: 100.00% 
2023-06-19 20:23:06,372 Epoch: 97 | Epoch Time: 2m 54s
2023-06-19 20:23:06,372 Validation loss decreased (4.930121 --> 4.859767).  Saving model ...
2023-06-19 20:25:40,483 	Train Loss: 6.029792 | Train Acc: 80.093% | Acc0: 63.03% |  Acc1: 99.04% 
2023-06-19 20:26:01,762 	 Val. Loss: 5.040205 |  Val. Acc: 83.854% |  Val. Pre: 86.36% |  Val. Rec: 85.83% |  Val. Fsc: 86.10%
2023-06-19 20:26:01,762 	 Acc0: 68.75% |  Acc1: 100.00% |  Pre0: 100.00% |  Pre1: 72.73% |  Rec0: 71.67% | Rec1: 100.00% 
2023-06-19 20:26:01,762 Epoch: 98 | Epoch Time: 2m 55s
2023-06-19 20:26:01,762 EarlyStopping counter: 1 out of 20
2023-06-19 20:28:34,272 	Train Loss: 6.045299 | Train Acc: 80.787% | Acc0: 63.51% |  Acc1: 98.56% 
2023-06-19 20:28:55,160 	 Val. Loss: 4.959986 |  Val. Acc: 85.417% |  Val. Pre: 87.06% |  Val. Rec: 86.88% |  Val. Fsc: 86.97%
2023-06-19 20:28:55,160 	 Acc0: 71.88% |  Acc1: 100.00% |  Pre0: 100.00% |  Pre1: 74.12% |  Rec0: 73.75% | Rec1: 100.00% 
2023-06-19 20:28:55,160 Epoch: 99 | Epoch Time: 2m 53s
2023-06-19 20:28:55,160 EarlyStopping counter: 2 out of 20
2023-06-19 20:31:28,110 	Train Loss: 5.918596 | Train Acc: 80.324% | Acc0: 62.56% |  Acc1: 98.56% 
2023-06-19 20:31:49,112 	 Val. Loss: 4.972554 |  Val. Acc: 85.417% |  Val. Pre: 87.06% |  Val. Rec: 86.88% |  Val. Fsc: 86.97%
2023-06-19 20:31:49,112 	 Acc0: 71.88% |  Acc1: 100.00% |  Pre0: 100.00% |  Pre1: 74.12% |  Rec0: 73.75% | Rec1: 100.00% 
2023-06-19 20:31:49,124 Epoch: 100 | Epoch Time: 2m 53s
2023-06-19 20:31:49,124 EarlyStopping counter: 3 out of 20
2023-06-19 20:34:22,596 	Train Loss: 5.983548 | Train Acc: 80.787% | Acc0: 63.98% |  Acc1: 98.09% 
2023-06-19 20:34:43,461 	 Val. Loss: 5.023889 |  Val. Acc: 85.417% |  Val. Pre: 87.06% |  Val. Rec: 86.88% |  Val. Fsc: 86.97%
2023-06-19 20:34:43,461 	 Acc0: 71.88% |  Acc1: 100.00% |  Pre0: 100.00% |  Pre1: 74.12% |  Rec0: 73.75% | Rec1: 100.00% 
2023-06-19 20:34:43,461 Epoch: 101 | Epoch Time: 2m 54s
2023-06-19 20:34:43,462 EarlyStopping counter: 4 out of 20
2023-06-19 20:37:17,977 	Train Loss: 5.933175 | Train Acc: 78.009% | Acc0: 62.09% |  Acc1: 98.56% 
2023-06-19 20:37:39,425 	 Val. Loss: 4.803450 |  Val. Acc: 85.417% |  Val. Pre: 87.06% |  Val. Rec: 86.88% |  Val. Fsc: 86.97%
2023-06-19 20:37:39,425 	 Acc0: 71.88% |  Acc1: 100.00% |  Pre0: 100.00% |  Pre1: 74.12% |  Rec0: 73.75% | Rec1: 100.00% 
2023-06-19 20:37:39,425 Epoch: 102 | Epoch Time: 2m 55s
2023-06-19 20:37:39,425 Validation loss decreased (4.859767 --> 4.803450).  Saving model ...
2023-06-19 20:40:11,578 	Train Loss: 5.964777 | Train Acc: 80.324% | Acc0: 62.09% |  Acc1: 99.04% 
2023-06-19 20:40:32,434 	 Val. Loss: 4.795122 |  Val. Acc: 85.417% |  Val. Pre: 87.06% |  Val. Rec: 86.88% |  Val. Fsc: 86.97%
2023-06-19 20:40:32,434 	 Acc0: 71.88% |  Acc1: 100.00% |  Pre0: 100.00% |  Pre1: 74.12% |  Rec0: 73.75% | Rec1: 100.00% 
2023-06-19 20:40:32,434 Epoch: 103 | Epoch Time: 2m 52s
2023-06-19 20:40:32,434 Validation loss decreased (4.803450 --> 4.795122).  Saving model ...
2023-06-19 20:43:08,037 	Train Loss: 5.912921 | Train Acc: 80.324% | Acc0: 63.98% |  Acc1: 98.56% 
2023-06-19 20:43:29,423 	 Val. Loss: 4.820811 |  Val. Acc: 85.417% |  Val. Pre: 87.06% |  Val. Rec: 86.88% |  Val. Fsc: 86.97%
2023-06-19 20:43:29,423 	 Acc0: 71.88% |  Acc1: 100.00% |  Pre0: 100.00% |  Pre1: 74.12% |  Rec0: 73.75% | Rec1: 100.00% 
2023-06-19 20:43:29,423 Epoch: 104 | Epoch Time: 2m 56s
2023-06-19 20:43:29,424 EarlyStopping counter: 1 out of 20
2023-06-19 20:46:04,226 	Train Loss: 5.840540 | Train Acc: 81.713% | Acc0: 63.51% |  Acc1: 99.04% 
2023-06-19 20:46:25,172 	 Val. Loss: 4.787262 |  Val. Acc: 85.417% |  Val. Pre: 87.06% |  Val. Rec: 86.88% |  Val. Fsc: 86.97%
2023-06-19 20:46:25,172 	 Acc0: 71.88% |  Acc1: 100.00% |  Pre0: 100.00% |  Pre1: 74.12% |  Rec0: 73.75% | Rec1: 100.00% 
2023-06-19 20:46:25,184 Epoch: 105 | Epoch Time: 2m 55s
2023-06-19 20:46:25,184 Validation loss decreased (4.795122 --> 4.787262).  Saving model ...
2023-06-19 20:49:00,894 	Train Loss: 5.883759 | Train Acc: 82.176% | Acc0: 65.40% |  Acc1: 98.09% 
2023-06-19 20:49:21,758 	 Val. Loss: 4.823200 |  Val. Acc: 85.417% |  Val. Pre: 87.06% |  Val. Rec: 86.88% |  Val. Fsc: 86.97%
2023-06-19 20:49:21,759 	 Acc0: 71.88% |  Acc1: 100.00% |  Pre0: 100.00% |  Pre1: 74.12% |  Rec0: 73.75% | Rec1: 100.00% 
2023-06-19 20:49:21,759 Epoch: 106 | Epoch Time: 2m 56s
2023-06-19 20:49:21,759 EarlyStopping counter: 1 out of 20
2023-06-19 20:51:55,010 	Train Loss: 5.864570 | Train Acc: 81.250% | Acc0: 65.88% |  Acc1: 98.56% 
2023-06-19 20:52:16,357 	 Val. Loss: 5.010400 |  Val. Acc: 85.417% |  Val. Pre: 87.06% |  Val. Rec: 86.88% |  Val. Fsc: 86.97%
2023-06-19 20:52:16,358 	 Acc0: 71.88% |  Acc1: 100.00% |  Pre0: 100.00% |  Pre1: 74.12% |  Rec0: 73.75% | Rec1: 100.00% 
2023-06-19 20:52:16,358 Epoch: 107 | Epoch Time: 2m 54s
2023-06-19 20:52:16,358 EarlyStopping counter: 2 out of 20
2023-06-19 20:54:49,630 	Train Loss: 5.821176 | Train Acc: 81.944% | Acc0: 65.88% |  Acc1: 98.56% 
2023-06-19 20:55:10,921 	 Val. Loss: 5.031845 |  Val. Acc: 85.417% |  Val. Pre: 87.06% |  Val. Rec: 86.88% |  Val. Fsc: 86.97%
2023-06-19 20:55:10,921 	 Acc0: 71.88% |  Acc1: 100.00% |  Pre0: 100.00% |  Pre1: 74.12% |  Rec0: 73.75% | Rec1: 100.00% 
2023-06-19 20:55:10,921 Epoch: 108 | Epoch Time: 2m 54s
2023-06-19 20:55:10,921 EarlyStopping counter: 3 out of 20
2023-06-19 20:57:44,559 	Train Loss: 5.989667 | Train Acc: 80.787% | Acc0: 63.03% |  Acc1: 99.04% 
2023-06-19 20:58:05,432 	 Val. Loss: 4.830241 |  Val. Acc: 85.417% |  Val. Pre: 87.06% |  Val. Rec: 86.88% |  Val. Fsc: 86.97%
2023-06-19 20:58:05,432 	 Acc0: 71.88% |  Acc1: 100.00% |  Pre0: 100.00% |  Pre1: 74.12% |  Rec0: 73.75% | Rec1: 100.00% 
2023-06-19 20:58:05,432 Epoch: 109 | Epoch Time: 2m 54s
2023-06-19 20:58:05,432 EarlyStopping counter: 4 out of 20
2023-06-19 21:00:39,335 	Train Loss: 5.848876 | Train Acc: 81.250% | Acc0: 62.56% |  Acc1: 99.04% 
2023-06-19 21:01:00,337 	 Val. Loss: 4.737275 |  Val. Acc: 85.417% |  Val. Pre: 87.06% |  Val. Rec: 86.88% |  Val. Fsc: 86.97%
2023-06-19 21:01:00,337 	 Acc0: 71.88% |  Acc1: 100.00% |  Pre0: 100.00% |  Pre1: 74.12% |  Rec0: 73.75% | Rec1: 100.00% 
2023-06-19 21:01:00,349 Epoch: 110 | Epoch Time: 2m 54s
2023-06-19 21:01:00,349 Validation loss decreased (4.787262 --> 4.737275).  Saving model ...
2023-06-19 21:03:33,157 	Train Loss: 5.757777 | Train Acc: 81.481% | Acc0: 64.93% |  Acc1: 98.56% 
2023-06-19 21:03:53,912 	 Val. Loss: 4.894234 |  Val. Acc: 85.417% |  Val. Pre: 87.06% |  Val. Rec: 86.88% |  Val. Fsc: 86.97%
2023-06-19 21:03:53,913 	 Acc0: 71.88% |  Acc1: 100.00% |  Pre0: 100.00% |  Pre1: 74.12% |  Rec0: 73.75% | Rec1: 100.00% 
2023-06-19 21:03:53,913 Epoch: 111 | Epoch Time: 2m 53s
2023-06-19 21:03:53,913 EarlyStopping counter: 1 out of 20
2023-06-19 21:06:26,467 	Train Loss: 5.750965 | Train Acc: 81.713% | Acc0: 64.93% |  Acc1: 99.04% 
2023-06-19 21:06:47,254 	 Val. Loss: 4.749387 |  Val. Acc: 85.417% |  Val. Pre: 87.06% |  Val. Rec: 86.88% |  Val. Fsc: 86.97%
2023-06-19 21:06:47,254 	 Acc0: 71.88% |  Acc1: 100.00% |  Pre0: 100.00% |  Pre1: 74.12% |  Rec0: 73.75% | Rec1: 100.00% 
2023-06-19 21:06:47,254 Epoch: 112 | Epoch Time: 2m 53s
2023-06-19 21:06:47,254 EarlyStopping counter: 2 out of 20
2023-06-19 21:09:20,841 	Train Loss: 5.766600 | Train Acc: 81.713% | Acc0: 63.51% |  Acc1: 99.04% 
2023-06-19 21:09:41,729 	 Val. Loss: 4.707013 |  Val. Acc: 86.979% |  Val. Pre: 88.19% |  Val. Rec: 88.96% |  Val. Fsc: 88.57%
2023-06-19 21:09:41,729 	 Acc0: 75.00% |  Acc1: 100.00% |  Pre0: 100.00% |  Pre1: 76.39% |  Rec0: 77.92% | Rec1: 100.00% 
2023-06-19 21:09:41,729 Epoch: 113 | Epoch Time: 2m 54s
2023-06-19 21:09:41,729 Validation loss decreased (4.737275 --> 4.707013).  Saving model ...
2023-06-19 21:12:18,544 	Train Loss: 5.753238 | Train Acc: 82.407% | Acc0: 65.40% |  Acc1: 98.56% 
2023-06-19 21:12:39,337 	 Val. Loss: 4.727691 |  Val. Acc: 85.417% |  Val. Pre: 87.06% |  Val. Rec: 86.88% |  Val. Fsc: 86.97%
2023-06-19 21:12:39,338 	 Acc0: 71.88% |  Acc1: 100.00% |  Pre0: 100.00% |  Pre1: 74.12% |  Rec0: 73.75% | Rec1: 100.00% 
2023-06-19 21:12:39,338 Epoch: 114 | Epoch Time: 2m 57s
2023-06-19 21:12:39,338 EarlyStopping counter: 1 out of 20
2023-06-19 21:15:12,371 	Train Loss: 5.699719 | Train Acc: 82.407% | Acc0: 64.93% |  Acc1: 99.04% 
2023-06-19 21:15:33,166 	 Val. Loss: 4.778297 |  Val. Acc: 85.417% |  Val. Pre: 87.06% |  Val. Rec: 86.88% |  Val. Fsc: 86.97%
2023-06-19 21:15:33,166 	 Acc0: 71.88% |  Acc1: 100.00% |  Pre0: 100.00% |  Pre1: 74.12% |  Rec0: 73.75% | Rec1: 100.00% 
2023-06-19 21:15:33,181 Epoch: 115 | Epoch Time: 2m 53s
2023-06-19 21:15:33,181 EarlyStopping counter: 2 out of 20
2023-06-19 21:18:05,279 	Train Loss: 5.728850 | Train Acc: 82.407% | Acc0: 67.77% |  Acc1: 97.61% 
2023-06-19 21:18:26,522 	 Val. Loss: 4.984841 |  Val. Acc: 83.854% |  Val. Pre: 86.22% |  Val. Rec: 85.62% |  Val. Fsc: 85.92%
2023-06-19 21:18:26,522 	 Acc0: 68.75% |  Acc1: 100.00% |  Pre0: 100.00% |  Pre1: 72.45% |  Rec0: 71.25% | Rec1: 100.00% 
2023-06-19 21:18:26,522 Epoch: 116 | Epoch Time: 2m 53s
2023-06-19 21:18:26,522 EarlyStopping counter: 3 out of 20
2023-06-19 21:20:59,381 	Train Loss: 5.926673 | Train Acc: 81.713% | Acc0: 63.51% |  Acc1: 99.04% 
2023-06-19 21:21:20,023 	 Val. Loss: 4.892176 |  Val. Acc: 83.854% |  Val. Pre: 86.22% |  Val. Rec: 85.62% |  Val. Fsc: 85.92%
2023-06-19 21:21:20,023 	 Acc0: 68.75% |  Acc1: 100.00% |  Pre0: 100.00% |  Pre1: 72.45% |  Rec0: 71.25% | Rec1: 100.00% 
2023-06-19 21:21:20,023 Epoch: 117 | Epoch Time: 2m 53s
2023-06-19 21:21:20,023 EarlyStopping counter: 4 out of 20
2023-06-19 21:23:51,599 	Train Loss: 5.773122 | Train Acc: 81.713% | Acc0: 64.93% |  Acc1: 99.04% 
2023-06-19 21:24:12,427 	 Val. Loss: 4.911809 |  Val. Acc: 83.854% |  Val. Pre: 86.22% |  Val. Rec: 85.62% |  Val. Fsc: 85.92%
2023-06-19 21:24:12,427 	 Acc0: 68.75% |  Acc1: 100.00% |  Pre0: 100.00% |  Pre1: 72.45% |  Rec0: 71.25% | Rec1: 100.00% 
2023-06-19 21:24:12,427 Epoch: 118 | Epoch Time: 2m 52s
2023-06-19 21:24:12,427 EarlyStopping counter: 5 out of 20
2023-06-19 21:26:44,364 	Train Loss: 5.953016 | Train Acc: 81.019% | Acc0: 64.93% |  Acc1: 97.61% 
2023-06-19 21:27:04,951 	 Val. Loss: 4.875802 |  Val. Acc: 83.854% |  Val. Pre: 86.22% |  Val. Rec: 85.62% |  Val. Fsc: 85.92%
2023-06-19 21:27:04,951 	 Acc0: 68.75% |  Acc1: 100.00% |  Pre0: 100.00% |  Pre1: 72.45% |  Rec0: 71.25% | Rec1: 100.00% 
2023-06-19 21:27:04,951 Epoch: 119 | Epoch Time: 2m 52s
2023-06-19 21:27:04,951 EarlyStopping counter: 6 out of 20
2023-06-19 21:29:36,462 	Train Loss: 5.766198 | Train Acc: 80.093% | Acc0: 63.98% |  Acc1: 98.09% 
2023-06-19 21:29:57,240 	 Val. Loss: 4.967536 |  Val. Acc: 83.854% |  Val. Pre: 86.22% |  Val. Rec: 85.62% |  Val. Fsc: 85.92%
2023-06-19 21:29:57,240 	 Acc0: 68.75% |  Acc1: 100.00% |  Pre0: 100.00% |  Pre1: 72.45% |  Rec0: 71.25% | Rec1: 100.00% 
2023-06-19 21:29:57,251 Epoch: 120 | Epoch Time: 2m 52s
2023-06-19 21:29:57,252 EarlyStopping counter: 7 out of 20
2023-06-19 21:32:27,510 	Train Loss: 5.690268 | Train Acc: 82.639% | Acc0: 65.88% |  Acc1: 98.56% 
2023-06-19 21:32:48,079 	 Val. Loss: 4.699915 |  Val. Acc: 85.417% |  Val. Pre: 87.06% |  Val. Rec: 86.88% |  Val. Fsc: 86.97%
2023-06-19 21:32:48,079 	 Acc0: 71.88% |  Acc1: 100.00% |  Pre0: 100.00% |  Pre1: 74.12% |  Rec0: 73.75% | Rec1: 100.00% 
2023-06-19 21:32:48,079 Epoch: 121 | Epoch Time: 2m 50s
2023-06-19 21:32:48,079 Validation loss decreased (4.707013 --> 4.699915).  Saving model ...
2023-06-19 21:35:22,655 	Train Loss: 5.728294 | Train Acc: 81.713% | Acc0: 63.51% |  Acc1: 99.04% 
2023-06-19 21:35:43,557 	 Val. Loss: 4.809218 |  Val. Acc: 83.854% |  Val. Pre: 86.22% |  Val. Rec: 85.62% |  Val. Fsc: 85.92%
2023-06-19 21:35:43,557 	 Acc0: 68.75% |  Acc1: 100.00% |  Pre0: 100.00% |  Pre1: 72.45% |  Rec0: 71.25% | Rec1: 100.00% 
2023-06-19 21:35:43,557 Epoch: 122 | Epoch Time: 2m 55s
2023-06-19 21:35:43,557 EarlyStopping counter: 1 out of 20
2023-06-19 21:38:19,470 	Train Loss: 5.717018 | Train Acc: 82.639% | Acc0: 66.82% |  Acc1: 99.04% 
2023-06-19 21:38:41,018 	 Val. Loss: 4.691916 |  Val. Acc: 89.062% |  Val. Pre: 89.58% |  Val. Rec: 92.08% |  Val. Fsc: 90.82%
2023-06-19 21:38:41,018 	 Acc0: 78.12% |  Acc1: 100.00% |  Pre0: 100.00% |  Pre1: 79.17% |  Rec0: 84.17% | Rec1: 100.00% 
2023-06-19 21:38:41,018 Epoch: 123 | Epoch Time: 2m 57s
2023-06-19 21:38:41,018 Validation loss decreased (4.699915 --> 4.691916).  Saving model ...
2023-06-19 21:41:16,834 	Train Loss: 5.648601 | Train Acc: 82.176% | Acc0: 64.45% |  Acc1: 99.04% 
2023-06-19 21:41:38,227 	 Val. Loss: 5.186954 |  Val. Acc: 84.375% |  Val. Pre: 84.52% |  Val. Rec: 88.23% |  Val. Fsc: 86.34%
2023-06-19 21:41:38,227 	 Acc0: 84.38% |  Acc1: 85.71% |  Pre0: 85.71% |  Pre1: 83.33% |  Rec0: 88.33% | Rec1: 88.12% 
2023-06-19 21:41:38,227 Epoch: 124 | Epoch Time: 2m 57s
2023-06-19 21:41:38,228 EarlyStopping counter: 1 out of 20
2023-06-19 21:44:14,408 	Train Loss: 5.893095 | Train Acc: 81.019% | Acc0: 65.40% |  Acc1: 95.69% 
2023-06-19 21:44:35,805 	 Val. Loss: 4.931800 |  Val. Acc: 87.500% |  Val. Pre: 88.45% |  Val. Rec: 90.00% |  Val. Fsc: 89.22%
2023-06-19 21:44:35,805 	 Acc0: 75.00% |  Acc1: 100.00% |  Pre0: 100.00% |  Pre1: 76.89% |  Rec0: 80.00% | Rec1: 100.00% 
2023-06-19 21:44:35,817 Epoch: 125 | Epoch Time: 2m 57s
2023-06-19 21:44:35,817 EarlyStopping counter: 2 out of 20
2023-06-19 21:47:09,952 	Train Loss: 5.697500 | Train Acc: 82.176% | Acc0: 65.88% |  Acc1: 99.04% 
2023-06-19 21:47:30,579 	 Val. Loss: 4.744799 |  Val. Acc: 85.417% |  Val. Pre: 87.06% |  Val. Rec: 86.88% |  Val. Fsc: 86.97%
2023-06-19 21:47:30,579 	 Acc0: 71.88% |  Acc1: 100.00% |  Pre0: 100.00% |  Pre1: 74.12% |  Rec0: 73.75% | Rec1: 100.00% 
2023-06-19 21:47:30,579 Epoch: 126 | Epoch Time: 2m 54s
2023-06-19 21:47:30,579 EarlyStopping counter: 3 out of 20
2023-06-19 21:50:02,629 	Train Loss: 5.673785 | Train Acc: 82.176% | Acc0: 66.35% |  Acc1: 98.56% 
2023-06-19 21:50:23,262 	 Val. Loss: 4.602993 |  Val. Acc: 85.417% |  Val. Pre: 87.06% |  Val. Rec: 86.88% |  Val. Fsc: 86.97%
2023-06-19 21:50:23,262 	 Acc0: 71.88% |  Acc1: 100.00% |  Pre0: 100.00% |  Pre1: 74.12% |  Rec0: 73.75% | Rec1: 100.00% 
2023-06-19 21:50:23,262 Epoch: 127 | Epoch Time: 2m 52s
2023-06-19 21:50:23,262 Validation loss decreased (4.691916 --> 4.602993).  Saving model ...
2023-06-19 21:52:55,171 	Train Loss: 5.638906 | Train Acc: 81.019% | Acc0: 66.35% |  Acc1: 99.04% 
2023-06-19 21:53:15,971 	 Val. Loss: 4.747019 |  Val. Acc: 83.854% |  Val. Pre: 86.22% |  Val. Rec: 85.62% |  Val. Fsc: 85.92%
2023-06-19 21:53:15,971 	 Acc0: 68.75% |  Acc1: 100.00% |  Pre0: 100.00% |  Pre1: 72.45% |  Rec0: 71.25% | Rec1: 100.00% 
2023-06-19 21:53:15,971 Epoch: 128 | Epoch Time: 2m 52s
2023-06-19 21:53:15,971 EarlyStopping counter: 1 out of 20
2023-06-19 21:55:48,258 	Train Loss: 5.639735 | Train Acc: 82.639% | Acc0: 65.88% |  Acc1: 98.56% 
2023-06-19 21:56:09,167 	 Val. Loss: 4.806954 |  Val. Acc: 83.854% |  Val. Pre: 86.22% |  Val. Rec: 85.62% |  Val. Fsc: 85.92%
2023-06-19 21:56:09,168 	 Acc0: 68.75% |  Acc1: 100.00% |  Pre0: 100.00% |  Pre1: 72.45% |  Rec0: 71.25% | Rec1: 100.00% 
2023-06-19 21:56:09,168 Epoch: 129 | Epoch Time: 2m 53s
2023-06-19 21:56:09,168 EarlyStopping counter: 2 out of 20
2023-06-19 21:58:42,351 	Train Loss: 5.608542 | Train Acc: 81.944% | Acc0: 65.40% |  Acc1: 99.04% 
2023-06-19 21:59:03,018 	 Val. Loss: 4.559783 |  Val. Acc: 86.979% |  Val. Pre: 88.19% |  Val. Rec: 88.96% |  Val. Fsc: 88.57%
2023-06-19 21:59:03,019 	 Acc0: 75.00% |  Acc1: 100.00% |  Pre0: 100.00% |  Pre1: 76.39% |  Rec0: 77.92% | Rec1: 100.00% 
2023-06-19 21:59:03,032 Epoch: 130 | Epoch Time: 2m 53s
2023-06-19 21:59:03,032 Validation loss decreased (4.602993 --> 4.559783).  Saving model ...
2023-06-19 22:01:34,999 	Train Loss: 5.514565 | Train Acc: 82.639% | Acc0: 66.82% |  Acc1: 99.04% 
2023-06-19 22:01:55,597 	 Val. Loss: 4.588503 |  Val. Acc: 85.417% |  Val. Pre: 87.06% |  Val. Rec: 86.88% |  Val. Fsc: 86.97%
2023-06-19 22:01:55,598 	 Acc0: 71.88% |  Acc1: 100.00% |  Pre0: 100.00% |  Pre1: 74.12% |  Rec0: 73.75% | Rec1: 100.00% 
2023-06-19 22:01:55,598 Epoch: 131 | Epoch Time: 2m 52s
2023-06-19 22:01:55,598 EarlyStopping counter: 1 out of 20
2023-06-19 22:04:27,782 	Train Loss: 5.558090 | Train Acc: 83.102% | Acc0: 66.35% |  Acc1: 99.04% 
2023-06-19 22:04:48,540 	 Val. Loss: 4.613887 |  Val. Acc: 85.417% |  Val. Pre: 87.06% |  Val. Rec: 86.88% |  Val. Fsc: 86.97%
2023-06-19 22:04:48,540 	 Acc0: 71.88% |  Acc1: 100.00% |  Pre0: 100.00% |  Pre1: 74.12% |  Rec0: 73.75% | Rec1: 100.00% 
2023-06-19 22:04:48,540 Epoch: 132 | Epoch Time: 2m 52s
2023-06-19 22:04:48,540 EarlyStopping counter: 2 out of 20
2023-06-19 22:07:20,121 	Train Loss: 5.540881 | Train Acc: 81.944% | Acc0: 65.40% |  Acc1: 99.04% 
2023-06-19 22:07:40,748 	 Val. Loss: 4.577125 |  Val. Acc: 85.417% |  Val. Pre: 87.06% |  Val. Rec: 86.88% |  Val. Fsc: 86.97%
2023-06-19 22:07:40,748 	 Acc0: 71.88% |  Acc1: 100.00% |  Pre0: 100.00% |  Pre1: 74.12% |  Rec0: 73.75% | Rec1: 100.00% 
2023-06-19 22:07:40,748 Epoch: 133 | Epoch Time: 2m 52s
2023-06-19 22:07:40,749 EarlyStopping counter: 3 out of 20
2023-06-19 22:10:12,814 	Train Loss: 5.550803 | Train Acc: 82.176% | Acc0: 66.35% |  Acc1: 98.56% 
2023-06-19 22:10:33,614 	 Val. Loss: 4.601228 |  Val. Acc: 85.417% |  Val. Pre: 87.06% |  Val. Rec: 86.88% |  Val. Fsc: 86.97%
2023-06-19 22:10:33,614 	 Acc0: 71.88% |  Acc1: 100.00% |  Pre0: 100.00% |  Pre1: 74.12% |  Rec0: 73.75% | Rec1: 100.00% 
2023-06-19 22:10:33,614 Epoch: 134 | Epoch Time: 2m 52s
2023-06-19 22:10:33,615 EarlyStopping counter: 4 out of 20
2023-06-19 22:13:06,016 	Train Loss: 5.525010 | Train Acc: 83.102% | Acc0: 67.77% |  Acc1: 99.04% 
2023-06-19 22:13:27,207 	 Val. Loss: 4.727429 |  Val. Acc: 83.854% |  Val. Pre: 86.22% |  Val. Rec: 85.62% |  Val. Fsc: 85.92%
2023-06-19 22:13:27,207 	 Acc0: 68.75% |  Acc1: 100.00% |  Pre0: 100.00% |  Pre1: 72.45% |  Rec0: 71.25% | Rec1: 100.00% 
2023-06-19 22:13:27,219 Epoch: 135 | Epoch Time: 2m 53s
2023-06-19 22:13:27,219 EarlyStopping counter: 5 out of 20
2023-06-19 22:15:59,407 	Train Loss: 5.408728 | Train Acc: 82.639% | Acc0: 65.88% |  Acc1: 98.56% 
2023-06-19 22:16:20,206 	 Val. Loss: 4.474223 |  Val. Acc: 86.979% |  Val. Pre: 88.19% |  Val. Rec: 88.96% |  Val. Fsc: 88.57%
2023-06-19 22:16:20,207 	 Acc0: 75.00% |  Acc1: 100.00% |  Pre0: 100.00% |  Pre1: 76.39% |  Rec0: 77.92% | Rec1: 100.00% 
2023-06-19 22:16:20,207 Epoch: 136 | Epoch Time: 2m 52s
2023-06-19 22:16:20,207 Validation loss decreased (4.559783 --> 4.474223).  Saving model ...
2023-06-19 22:18:52,657 	Train Loss: 5.476617 | Train Acc: 83.796% | Acc0: 68.25% |  Acc1: 98.56% 
2023-06-19 22:19:13,508 	 Val. Loss: 4.559038 |  Val. Acc: 89.062% |  Val. Pre: 89.58% |  Val. Rec: 92.08% |  Val. Fsc: 90.82%
2023-06-19 22:19:13,508 	 Acc0: 78.12% |  Acc1: 100.00% |  Pre0: 100.00% |  Pre1: 79.17% |  Rec0: 84.17% | Rec1: 100.00% 
2023-06-19 22:19:13,508 Epoch: 137 | Epoch Time: 2m 53s
2023-06-19 22:19:13,508 EarlyStopping counter: 1 out of 20
2023-06-19 22:21:45,827 	Train Loss: 5.440732 | Train Acc: 84.259% | Acc0: 69.19% |  Acc1: 98.56% 
2023-06-19 22:22:06,552 	 Val. Loss: 4.651071 |  Val. Acc: 83.854% |  Val. Pre: 86.22% |  Val. Rec: 85.62% |  Val. Fsc: 85.92%
2023-06-19 22:22:06,553 	 Acc0: 68.75% |  Acc1: 100.00% |  Pre0: 100.00% |  Pre1: 72.45% |  Rec0: 71.25% | Rec1: 100.00% 
2023-06-19 22:22:06,553 Epoch: 138 | Epoch Time: 2m 53s
2023-06-19 22:22:06,553 EarlyStopping counter: 2 out of 20
2023-06-19 22:24:39,776 	Train Loss: 5.452570 | Train Acc: 81.250% | Acc0: 66.82% |  Acc1: 99.04% 
2023-06-19 22:25:00,473 	 Val. Loss: 4.669613 |  Val. Acc: 83.854% |  Val. Pre: 86.22% |  Val. Rec: 85.62% |  Val. Fsc: 85.92%
2023-06-19 22:25:00,473 	 Acc0: 68.75% |  Acc1: 100.00% |  Pre0: 100.00% |  Pre1: 72.45% |  Rec0: 71.25% | Rec1: 100.00% 
2023-06-19 22:25:00,473 Epoch: 139 | Epoch Time: 2m 53s
2023-06-19 22:25:00,473 EarlyStopping counter: 3 out of 20
2023-06-19 22:27:33,987 	Train Loss: 5.506145 | Train Acc: 83.102% | Acc0: 67.77% |  Acc1: 99.04% 
2023-06-19 22:27:56,193 	 Val. Loss: 4.514352 |  Val. Acc: 83.854% |  Val. Pre: 86.22% |  Val. Rec: 85.62% |  Val. Fsc: 85.92%
2023-06-19 22:27:56,193 	 Acc0: 68.75% |  Acc1: 100.00% |  Pre0: 100.00% |  Pre1: 72.45% |  Rec0: 71.25% | Rec1: 100.00% 
2023-06-19 22:27:56,206 Epoch: 140 | Epoch Time: 2m 55s
2023-06-19 22:27:56,206 EarlyStopping counter: 4 out of 20
2023-06-19 22:30:28,729 	Train Loss: 5.397711 | Train Acc: 84.028% | Acc0: 68.25% |  Acc1: 99.04% 
2023-06-19 22:30:49,456 	 Val. Loss: 4.656717 |  Val. Acc: 88.542% |  Val. Pre: 87.98% |  Val. Rec: 91.56% |  Val. Fsc: 89.73%
2023-06-19 22:30:49,456 	 Acc0: 81.25% |  Acc1: 96.43% |  Pre0: 95.00% |  Pre1: 80.95% |  Rec0: 86.25% | Rec1: 96.88% 
2023-06-19 22:30:49,456 Epoch: 141 | Epoch Time: 2m 53s
2023-06-19 22:30:49,456 EarlyStopping counter: 5 out of 20
2023-06-19 22:33:21,032 	Train Loss: 5.652461 | Train Acc: 81.250% | Acc0: 66.35% |  Acc1: 96.65% 
2023-06-19 22:33:41,554 	 Val. Loss: 4.640351 |  Val. Acc: 89.062% |  Val. Pre: 89.58% |  Val. Rec: 92.08% |  Val. Fsc: 90.82%
2023-06-19 22:33:41,554 	 Acc0: 78.12% |  Acc1: 100.00% |  Pre0: 100.00% |  Pre1: 79.17% |  Rec0: 84.17% | Rec1: 100.00% 
2023-06-19 22:33:41,554 Epoch: 142 | Epoch Time: 2m 52s
2023-06-19 22:33:41,554 EarlyStopping counter: 6 out of 20
2023-06-19 22:36:13,302 	Train Loss: 5.596250 | Train Acc: 84.028% | Acc0: 70.14% |  Acc1: 97.13% 
2023-06-19 22:36:34,081 	 Val. Loss: 4.454476 |  Val. Acc: 85.417% |  Val. Pre: 87.06% |  Val. Rec: 86.88% |  Val. Fsc: 86.97%
2023-06-19 22:36:34,081 	 Acc0: 71.88% |  Acc1: 100.00% |  Pre0: 100.00% |  Pre1: 74.12% |  Rec0: 73.75% | Rec1: 100.00% 
2023-06-19 22:36:34,081 Epoch: 143 | Epoch Time: 2m 52s
2023-06-19 22:36:34,081 Validation loss decreased (4.474223 --> 4.454476).  Saving model ...
2023-06-19 22:39:05,877 	Train Loss: 5.384376 | Train Acc: 83.796% | Acc0: 69.19% |  Acc1: 99.04% 
2023-06-19 22:39:26,628 	 Val. Loss: 4.572712 |  Val. Acc: 83.854% |  Val. Pre: 86.22% |  Val. Rec: 85.62% |  Val. Fsc: 85.92%
2023-06-19 22:39:26,628 	 Acc0: 68.75% |  Acc1: 100.00% |  Pre0: 100.00% |  Pre1: 72.45% |  Rec0: 71.25% | Rec1: 100.00% 
2023-06-19 22:39:26,628 Epoch: 144 | Epoch Time: 2m 52s
2023-06-19 22:39:26,628 EarlyStopping counter: 1 out of 20
2023-06-19 22:41:58,419 	Train Loss: 5.364010 | Train Acc: 82.407% | Acc0: 66.35% |  Acc1: 99.04% 
2023-06-19 22:42:19,135 	 Val. Loss: 4.457794 |  Val. Acc: 85.417% |  Val. Pre: 87.06% |  Val. Rec: 86.88% |  Val. Fsc: 86.97%
2023-06-19 22:42:19,136 	 Acc0: 71.88% |  Acc1: 100.00% |  Pre0: 100.00% |  Pre1: 74.12% |  Rec0: 73.75% | Rec1: 100.00% 
2023-06-19 22:42:19,148 Epoch: 145 | Epoch Time: 2m 52s
2023-06-19 22:42:19,149 EarlyStopping counter: 2 out of 20
2023-06-19 22:44:52,356 	Train Loss: 5.306212 | Train Acc: 82.639% | Acc0: 68.25% |  Acc1: 99.04% 
2023-06-19 22:45:13,194 	 Val. Loss: 4.417217 |  Val. Acc: 86.979% |  Val. Pre: 88.19% |  Val. Rec: 88.96% |  Val. Fsc: 88.57%
2023-06-19 22:45:13,194 	 Acc0: 75.00% |  Acc1: 100.00% |  Pre0: 100.00% |  Pre1: 76.39% |  Rec0: 77.92% | Rec1: 100.00% 
2023-06-19 22:45:13,194 Epoch: 146 | Epoch Time: 2m 54s
2023-06-19 22:45:13,194 Validation loss decreased (4.454476 --> 4.417217).  Saving model ...
2023-06-19 22:47:45,336 	Train Loss: 5.357467 | Train Acc: 83.333% | Acc0: 68.25% |  Acc1: 99.04% 
2023-06-19 22:48:06,973 	 Val. Loss: 4.383935 |  Val. Acc: 88.542% |  Val. Pre: 87.98% |  Val. Rec: 91.56% |  Val. Fsc: 89.73%
2023-06-19 22:48:06,973 	 Acc0: 81.25% |  Acc1: 96.43% |  Pre0: 95.00% |  Pre1: 80.95% |  Rec0: 86.25% | Rec1: 96.88% 
2023-06-19 22:48:06,973 Epoch: 147 | Epoch Time: 2m 53s
2023-06-19 22:48:06,973 Validation loss decreased (4.417217 --> 4.383935).  Saving model ...
2023-06-19 22:50:38,531 	Train Loss: 5.366640 | Train Acc: 83.796% | Acc0: 68.72% |  Acc1: 98.09% 
2023-06-19 22:50:59,218 	 Val. Loss: 4.445033 |  Val. Acc: 83.854% |  Val. Pre: 86.22% |  Val. Rec: 85.62% |  Val. Fsc: 85.92%
2023-06-19 22:50:59,218 	 Acc0: 68.75% |  Acc1: 100.00% |  Pre0: 100.00% |  Pre1: 72.45% |  Rec0: 71.25% | Rec1: 100.00% 
2023-06-19 22:50:59,218 Epoch: 148 | Epoch Time: 2m 52s
2023-06-19 22:50:59,218 EarlyStopping counter: 1 out of 20
2023-06-19 22:53:32,132 	Train Loss: 5.432475 | Train Acc: 81.944% | Acc0: 69.67% |  Acc1: 94.74% 
2023-06-19 22:53:52,840 	 Val. Loss: 5.039022 |  Val. Acc: 83.854% |  Val. Pre: 86.22% |  Val. Rec: 85.62% |  Val. Fsc: 85.92%
2023-06-19 22:53:52,841 	 Acc0: 68.75% |  Acc1: 100.00% |  Pre0: 100.00% |  Pre1: 72.45% |  Rec0: 71.25% | Rec1: 100.00% 
2023-06-19 22:53:52,841 Epoch: 149 | Epoch Time: 2m 53s
2023-06-19 22:53:52,841 EarlyStopping counter: 2 out of 20
2023-06-19 22:56:23,765 	Train Loss: 5.562169 | Train Acc: 82.639% | Acc0: 66.35% |  Acc1: 99.52% 
2023-06-19 22:56:44,330 	 Val. Loss: 4.559793 |  Val. Acc: 83.854% |  Val. Pre: 86.22% |  Val. Rec: 85.62% |  Val. Fsc: 85.92%
2023-06-19 22:56:44,331 	 Acc0: 68.75% |  Acc1: 100.00% |  Pre0: 100.00% |  Pre1: 72.45% |  Rec0: 71.25% | Rec1: 100.00% 
2023-06-19 22:56:44,343 Epoch: 150 | Epoch Time: 2m 51s
2023-06-19 22:56:44,343 EarlyStopping counter: 3 out of 20
2023-06-19 22:59:17,094 	Train Loss: 5.341721 | Train Acc: 82.870% | Acc0: 67.30% |  Acc1: 99.04% 
2023-06-19 22:59:37,835 	 Val. Loss: 4.366561 |  Val. Acc: 89.062% |  Val. Pre: 89.58% |  Val. Rec: 92.08% |  Val. Fsc: 90.82%
2023-06-19 22:59:37,835 	 Acc0: 78.12% |  Acc1: 100.00% |  Pre0: 100.00% |  Pre1: 79.17% |  Rec0: 84.17% | Rec1: 100.00% 
2023-06-19 22:59:37,835 Epoch: 151 | Epoch Time: 2m 53s
2023-06-19 22:59:37,835 Validation loss decreased (4.383935 --> 4.366561).  Saving model ...
2023-06-19 23:02:10,084 	Train Loss: 5.257337 | Train Acc: 84.259% | Acc0: 68.72% |  Acc1: 99.04% 
2023-06-19 23:02:30,852 	 Val. Loss: 4.280425 |  Val. Acc: 89.062% |  Val. Pre: 89.58% |  Val. Rec: 92.08% |  Val. Fsc: 90.82%
2023-06-19 23:02:30,852 	 Acc0: 78.12% |  Acc1: 100.00% |  Pre0: 100.00% |  Pre1: 79.17% |  Rec0: 84.17% | Rec1: 100.00% 
2023-06-19 23:02:30,852 Epoch: 152 | Epoch Time: 2m 52s
2023-06-19 23:02:30,852 Validation loss decreased (4.366561 --> 4.280425).  Saving model ...
2023-06-19 23:05:03,443 	Train Loss: 5.274127 | Train Acc: 83.565% | Acc0: 69.67% |  Acc1: 99.52% 
2023-06-19 23:05:24,174 	 Val. Loss: 4.330642 |  Val. Acc: 89.062% |  Val. Pre: 89.58% |  Val. Rec: 92.08% |  Val. Fsc: 90.82%
2023-06-19 23:05:24,175 	 Acc0: 78.12% |  Acc1: 100.00% |  Pre0: 100.00% |  Pre1: 79.17% |  Rec0: 84.17% | Rec1: 100.00% 
2023-06-19 23:05:24,175 Epoch: 153 | Epoch Time: 2m 53s
2023-06-19 23:05:24,175 EarlyStopping counter: 1 out of 20
2023-06-19 23:07:56,990 	Train Loss: 5.367437 | Train Acc: 84.722% | Acc0: 70.14% |  Acc1: 98.56% 
2023-06-19 23:08:17,686 	 Val. Loss: 4.369194 |  Val. Acc: 83.854% |  Val. Pre: 86.22% |  Val. Rec: 85.62% |  Val. Fsc: 85.92%
2023-06-19 23:08:17,686 	 Acc0: 68.75% |  Acc1: 100.00% |  Pre0: 100.00% |  Pre1: 72.45% |  Rec0: 71.25% | Rec1: 100.00% 
2023-06-19 23:08:17,686 Epoch: 154 | Epoch Time: 2m 53s
2023-06-19 23:08:17,686 EarlyStopping counter: 2 out of 20
2023-06-19 23:10:50,180 	Train Loss: 5.228113 | Train Acc: 85.880% | Acc0: 72.04% |  Acc1: 99.04% 
2023-06-19 23:11:11,080 	 Val. Loss: 4.647123 |  Val. Acc: 83.854% |  Val. Pre: 86.22% |  Val. Rec: 85.62% |  Val. Fsc: 85.92%
2023-06-19 23:11:11,080 	 Acc0: 68.75% |  Acc1: 100.00% |  Pre0: 100.00% |  Pre1: 72.45% |  Rec0: 71.25% | Rec1: 100.00% 
2023-06-19 23:11:11,093 Epoch: 155 | Epoch Time: 2m 53s
2023-06-19 23:11:11,093 EarlyStopping counter: 3 out of 20
2023-06-19 23:13:43,268 	Train Loss: 5.245891 | Train Acc: 82.639% | Acc0: 70.62% |  Acc1: 96.65% 
2023-06-19 23:14:04,036 	 Val. Loss: 4.344135 |  Val. Acc: 86.979% |  Val. Pre: 87.08% |  Val. Rec: 90.52% |  Val. Fsc: 88.77%
2023-06-19 23:14:04,036 	 Acc0: 78.12% |  Acc1: 96.43% |  Pre0: 95.00% |  Pre1: 79.17% |  Rec0: 84.17% | Rec1: 96.88% 
2023-06-19 23:14:04,036 Epoch: 156 | Epoch Time: 2m 52s
2023-06-19 23:14:04,036 EarlyStopping counter: 4 out of 20
2023-06-19 23:16:36,218 	Train Loss: 5.337986 | Train Acc: 83.333% | Acc0: 68.25% |  Acc1: 99.04% 
2023-06-19 23:16:57,082 	 Val. Loss: 4.344785 |  Val. Acc: 86.979% |  Val. Pre: 88.19% |  Val. Rec: 88.96% |  Val. Fsc: 88.57%
2023-06-19 23:16:57,082 	 Acc0: 75.00% |  Acc1: 100.00% |  Pre0: 100.00% |  Pre1: 76.39% |  Rec0: 77.92% | Rec1: 100.00% 
2023-06-19 23:16:57,082 Epoch: 157 | Epoch Time: 2m 53s
2023-06-19 23:16:57,082 EarlyStopping counter: 5 out of 20
2023-06-19 23:19:30,116 	Train Loss: 5.302071 | Train Acc: 84.259% | Acc0: 69.19% |  Acc1: 98.56% 
2023-06-19 23:19:50,911 	 Val. Loss: 4.343838 |  Val. Acc: 86.979% |  Val. Pre: 88.19% |  Val. Rec: 88.96% |  Val. Fsc: 88.57%
2023-06-19 23:19:50,912 	 Acc0: 75.00% |  Acc1: 100.00% |  Pre0: 100.00% |  Pre1: 76.39% |  Rec0: 77.92% | Rec1: 100.00% 
2023-06-19 23:19:50,912 Epoch: 158 | Epoch Time: 2m 53s
2023-06-19 23:19:50,912 EarlyStopping counter: 6 out of 20
2023-06-19 23:22:23,155 	Train Loss: 5.278892 | Train Acc: 85.417% | Acc0: 72.04% |  Acc1: 98.09% 
2023-06-19 23:22:44,025 	 Val. Loss: 4.280795 |  Val. Acc: 89.062% |  Val. Pre: 89.58% |  Val. Rec: 92.08% |  Val. Fsc: 90.82%
2023-06-19 23:22:44,026 	 Acc0: 78.12% |  Acc1: 100.00% |  Pre0: 100.00% |  Pre1: 79.17% |  Rec0: 84.17% | Rec1: 100.00% 
2023-06-19 23:22:44,026 Epoch: 159 | Epoch Time: 2m 53s
2023-06-19 23:22:44,026 EarlyStopping counter: 7 out of 20
2023-06-19 23:25:15,772 	Train Loss: 5.243969 | Train Acc: 83.102% | Acc0: 68.25% |  Acc1: 98.56% 
2023-06-19 23:25:36,603 	 Val. Loss: 4.371860 |  Val. Acc: 85.417% |  Val. Pre: 87.36% |  Val. Rec: 87.71% |  Val. Fsc: 87.53%
2023-06-19 23:25:36,603 	 Acc0: 71.88% |  Acc1: 100.00% |  Pre0: 100.00% |  Pre1: 74.72% |  Rec0: 75.42% | Rec1: 100.00% 
2023-06-19 23:25:36,615 Epoch: 160 | Epoch Time: 2m 52s
2023-06-19 23:25:36,615 EarlyStopping counter: 8 out of 20
2023-06-19 23:28:08,796 	Train Loss: 5.256616 | Train Acc: 84.259% | Acc0: 68.72% |  Acc1: 99.04% 
2023-06-19 23:28:29,772 	 Val. Loss: 4.404597 |  Val. Acc: 83.854% |  Val. Pre: 86.22% |  Val. Rec: 85.62% |  Val. Fsc: 85.92%
2023-06-19 23:28:29,772 	 Acc0: 68.75% |  Acc1: 100.00% |  Pre0: 100.00% |  Pre1: 72.45% |  Rec0: 71.25% | Rec1: 100.00% 
2023-06-19 23:28:29,772 Epoch: 161 | Epoch Time: 2m 53s
2023-06-19 23:28:29,772 EarlyStopping counter: 9 out of 20
2023-06-19 23:31:01,746 	Train Loss: 5.156743 | Train Acc: 85.648% | Acc0: 72.99% |  Acc1: 99.04% 
2023-06-19 23:31:22,458 	 Val. Loss: 4.311233 |  Val. Acc: 86.979% |  Val. Pre: 88.19% |  Val. Rec: 88.96% |  Val. Fsc: 88.57%
2023-06-19 23:31:22,458 	 Acc0: 75.00% |  Acc1: 100.00% |  Pre0: 100.00% |  Pre1: 76.39% |  Rec0: 77.92% | Rec1: 100.00% 
2023-06-19 23:31:22,458 Epoch: 162 | Epoch Time: 2m 52s
2023-06-19 23:31:22,458 EarlyStopping counter: 10 out of 20
2023-06-19 23:33:54,823 	Train Loss: 5.111512 | Train Acc: 85.185% | Acc0: 70.62% |  Acc1: 99.04% 
2023-06-19 23:34:15,529 	 Val. Loss: 4.351041 |  Val. Acc: 85.417% |  Val. Pre: 87.36% |  Val. Rec: 87.71% |  Val. Fsc: 87.53%
2023-06-19 23:34:15,529 	 Acc0: 71.88% |  Acc1: 100.00% |  Pre0: 100.00% |  Pre1: 74.72% |  Rec0: 75.42% | Rec1: 100.00% 
2023-06-19 23:34:15,529 Epoch: 163 | Epoch Time: 2m 53s
2023-06-19 23:34:15,529 EarlyStopping counter: 11 out of 20
2023-06-19 23:36:48,026 	Train Loss: 5.123143 | Train Acc: 85.648% | Acc0: 72.51% |  Acc1: 99.52% 
2023-06-19 23:37:08,765 	 Val. Loss: 4.259246 |  Val. Acc: 86.979% |  Val. Pre: 88.19% |  Val. Rec: 88.96% |  Val. Fsc: 88.57%
2023-06-19 23:37:08,765 	 Acc0: 75.00% |  Acc1: 100.00% |  Pre0: 100.00% |  Pre1: 76.39% |  Rec0: 77.92% | Rec1: 100.00% 
2023-06-19 23:37:08,765 Epoch: 164 | Epoch Time: 2m 53s
2023-06-19 23:37:08,765 Validation loss decreased (4.280425 --> 4.259246).  Saving model ...
2023-06-19 23:39:41,101 	Train Loss: 5.147673 | Train Acc: 85.185% | Acc0: 70.62% |  Acc1: 99.04% 
2023-06-19 23:40:01,796 	 Val. Loss: 4.226380 |  Val. Acc: 89.062% |  Val. Pre: 89.58% |  Val. Rec: 92.08% |  Val. Fsc: 90.82%
2023-06-19 23:40:01,797 	 Acc0: 78.12% |  Acc1: 100.00% |  Pre0: 100.00% |  Pre1: 79.17% |  Rec0: 84.17% | Rec1: 100.00% 
2023-06-19 23:40:01,810 Epoch: 165 | Epoch Time: 2m 53s
2023-06-19 23:40:01,810 Validation loss decreased (4.259246 --> 4.226380).  Saving model ...
2023-06-19 23:42:34,072 	Train Loss: 5.130519 | Train Acc: 86.806% | Acc0: 73.93% |  Acc1: 99.04% 
2023-06-19 23:42:54,865 	 Val. Loss: 4.190361 |  Val. Acc: 86.979% |  Val. Pre: 88.19% |  Val. Rec: 88.96% |  Val. Fsc: 88.57%
2023-06-19 23:42:54,865 	 Acc0: 75.00% |  Acc1: 100.00% |  Pre0: 100.00% |  Pre1: 76.39% |  Rec0: 77.92% | Rec1: 100.00% 
2023-06-19 23:42:54,865 Epoch: 166 | Epoch Time: 2m 53s
2023-06-19 23:42:54,865 Validation loss decreased (4.226380 --> 4.190361).  Saving model ...
2023-06-19 23:45:27,704 	Train Loss: 5.082384 | Train Acc: 86.806% | Acc0: 75.83% |  Acc1: 98.56% 
2023-06-19 23:45:48,495 	 Val. Loss: 4.853635 |  Val. Acc: 83.854% |  Val. Pre: 86.22% |  Val. Rec: 85.62% |  Val. Fsc: 85.92%
2023-06-19 23:45:48,495 	 Acc0: 68.75% |  Acc1: 100.00% |  Pre0: 100.00% |  Pre1: 72.45% |  Rec0: 71.25% | Rec1: 100.00% 
2023-06-19 23:45:48,495 Epoch: 167 | Epoch Time: 2m 53s
2023-06-19 23:45:48,496 EarlyStopping counter: 1 out of 20
2023-06-19 23:48:20,791 	Train Loss: 5.235499 | Train Acc: 83.796% | Acc0: 67.77% |  Acc1: 99.04% 
2023-06-19 23:48:41,557 	 Val. Loss: 4.185711 |  Val. Acc: 89.062% |  Val. Pre: 89.58% |  Val. Rec: 92.08% |  Val. Fsc: 90.82%
2023-06-19 23:48:41,558 	 Acc0: 78.12% |  Acc1: 100.00% |  Pre0: 100.00% |  Pre1: 79.17% |  Rec0: 84.17% | Rec1: 100.00% 
2023-06-19 23:48:41,558 Epoch: 168 | Epoch Time: 2m 53s
2023-06-19 23:48:41,558 Validation loss decreased (4.190361 --> 4.185711).  Saving model ...
2023-06-19 23:51:13,905 	Train Loss: 5.061031 | Train Acc: 85.417% | Acc0: 71.56% |  Acc1: 100.00% 
2023-06-19 23:51:34,613 	 Val. Loss: 4.174624 |  Val. Acc: 89.062% |  Val. Pre: 89.58% |  Val. Rec: 92.08% |  Val. Fsc: 90.82%
2023-06-19 23:51:34,613 	 Acc0: 78.12% |  Acc1: 100.00% |  Pre0: 100.00% |  Pre1: 79.17% |  Rec0: 84.17% | Rec1: 100.00% 
2023-06-19 23:51:34,613 Epoch: 169 | Epoch Time: 2m 53s
2023-06-19 23:51:34,613 Validation loss decreased (4.185711 --> 4.174624).  Saving model ...
2023-06-19 23:54:06,673 	Train Loss: 5.014770 | Train Acc: 84.954% | Acc0: 70.14% |  Acc1: 99.04% 
2023-06-19 23:54:27,389 	 Val. Loss: 4.187601 |  Val. Acc: 89.062% |  Val. Pre: 89.58% |  Val. Rec: 92.08% |  Val. Fsc: 90.82%
2023-06-19 23:54:27,389 	 Acc0: 78.12% |  Acc1: 100.00% |  Pre0: 100.00% |  Pre1: 79.17% |  Rec0: 84.17% | Rec1: 100.00% 
2023-06-19 23:54:27,402 Epoch: 170 | Epoch Time: 2m 52s
2023-06-19 23:54:27,402 EarlyStopping counter: 1 out of 20
2023-06-19 23:56:59,539 	Train Loss: 5.067656 | Train Acc: 85.880% | Acc0: 73.93% |  Acc1: 97.13% 
2023-06-19 23:57:20,177 	 Val. Loss: 4.228352 |  Val. Acc: 89.062% |  Val. Pre: 89.58% |  Val. Rec: 92.08% |  Val. Fsc: 90.82%
2023-06-19 23:57:20,177 	 Acc0: 78.12% |  Acc1: 100.00% |  Pre0: 100.00% |  Pre1: 79.17% |  Rec0: 84.17% | Rec1: 100.00% 
2023-06-19 23:57:20,177 Epoch: 171 | Epoch Time: 2m 52s
2023-06-19 23:57:20,177 EarlyStopping counter: 2 out of 20
2023-06-19 23:59:51,879 	Train Loss: 5.334153 | Train Acc: 84.491% | Acc0: 70.14% |  Acc1: 99.52% 
2023-06-20 00:00:12,517 	 Val. Loss: 4.387760 |  Val. Acc: 85.417% |  Val. Pre: 87.36% |  Val. Rec: 87.71% |  Val. Fsc: 87.53%
2023-06-20 00:00:12,517 	 Acc0: 71.88% |  Acc1: 100.00% |  Pre0: 100.00% |  Pre1: 74.72% |  Rec0: 75.42% | Rec1: 100.00% 
2023-06-20 00:00:12,517 Epoch: 172 | Epoch Time: 2m 52s
2023-06-20 00:00:12,517 EarlyStopping counter: 3 out of 20
2023-06-20 00:02:45,476 	Train Loss: 5.060706 | Train Acc: 84.028% | Acc0: 69.67% |  Acc1: 99.04% 
2023-06-20 00:03:06,396 	 Val. Loss: 4.202595 |  Val. Acc: 89.062% |  Val. Pre: 89.58% |  Val. Rec: 92.08% |  Val. Fsc: 90.82%
2023-06-20 00:03:06,396 	 Acc0: 78.12% |  Acc1: 100.00% |  Pre0: 100.00% |  Pre1: 79.17% |  Rec0: 84.17% | Rec1: 100.00% 
2023-06-20 00:03:06,396 Epoch: 173 | Epoch Time: 2m 53s
2023-06-20 00:03:06,396 EarlyStopping counter: 4 out of 20
2023-06-20 00:05:38,696 	Train Loss: 5.016435 | Train Acc: 86.343% | Acc0: 72.99% |  Acc1: 99.04% 
2023-06-20 00:05:59,396 	 Val. Loss: 4.154841 |  Val. Acc: 86.979% |  Val. Pre: 88.19% |  Val. Rec: 88.96% |  Val. Fsc: 88.57%
2023-06-20 00:05:59,396 	 Acc0: 75.00% |  Acc1: 100.00% |  Pre0: 100.00% |  Pre1: 76.39% |  Rec0: 77.92% | Rec1: 100.00% 
2023-06-20 00:05:59,396 Epoch: 174 | Epoch Time: 2m 52s
2023-06-20 00:05:59,396 Validation loss decreased (4.174624 --> 4.154841).  Saving model ...
2023-06-20 00:08:31,477 	Train Loss: 4.896577 | Train Acc: 84.954% | Acc0: 71.09% |  Acc1: 99.52% 
2023-06-20 00:08:52,351 	 Val. Loss: 5.320049 |  Val. Acc: 78.646% |  Val. Pre: 85.02% |  Val. Rec: 78.02% |  Val. Fsc: 81.37%
2023-06-20 00:08:52,351 	 Acc0: 100.00% |  Acc1: 57.14% |  Pre0: 70.04% |  Pre1: 100.00% |  Rec0: 100.00% | Rec1: 56.04% 
2023-06-20 00:08:52,364 Epoch: 175 | Epoch Time: 2m 52s
2023-06-20 00:08:52,364 EarlyStopping counter: 1 out of 20
2023-06-20 00:11:24,339 	Train Loss: 5.568420 | Train Acc: 84.259% | Acc0: 71.09% |  Acc1: 96.65% 
2023-06-20 00:11:45,066 	 Val. Loss: 4.634973 |  Val. Acc: 85.417% |  Val. Pre: 87.36% |  Val. Rec: 87.71% |  Val. Fsc: 87.53%
2023-06-20 00:11:45,066 	 Acc0: 71.88% |  Acc1: 100.00% |  Pre0: 100.00% |  Pre1: 74.72% |  Rec0: 75.42% | Rec1: 100.00% 
2023-06-20 00:11:45,067 Epoch: 176 | Epoch Time: 2m 52s
2023-06-20 00:11:45,067 EarlyStopping counter: 2 out of 20
2023-06-20 00:14:17,025 	Train Loss: 5.314296 | Train Acc: 84.028% | Acc0: 69.19% |  Acc1: 98.09% 
2023-06-20 00:14:37,721 	 Val. Loss: 4.295273 |  Val. Acc: 90.625% |  Val. Pre: 90.48% |  Val. Rec: 93.12% |  Val. Fsc: 91.78%
2023-06-20 00:14:37,722 	 Acc0: 81.25% |  Acc1: 100.00% |  Pre0: 100.00% |  Pre1: 80.95% |  Rec0: 86.25% | Rec1: 100.00% 
2023-06-20 00:14:37,722 Epoch: 177 | Epoch Time: 2m 52s
2023-06-20 00:14:37,722 EarlyStopping counter: 3 out of 20
2023-06-20 00:17:10,039 	Train Loss: 5.130269 | Train Acc: 84.954% | Acc0: 70.62% |  Acc1: 98.56% 
2023-06-20 00:17:30,868 	 Val. Loss: 4.172940 |  Val. Acc: 89.062% |  Val. Pre: 89.58% |  Val. Rec: 92.08% |  Val. Fsc: 90.82%
2023-06-20 00:17:30,869 	 Acc0: 78.12% |  Acc1: 100.00% |  Pre0: 100.00% |  Pre1: 79.17% |  Rec0: 84.17% | Rec1: 100.00% 
2023-06-20 00:17:30,869 Epoch: 178 | Epoch Time: 2m 53s
2023-06-20 00:17:30,869 EarlyStopping counter: 4 out of 20
2023-06-20 00:20:03,273 	Train Loss: 4.960737 | Train Acc: 87.731% | Acc0: 75.83% |  Acc1: 99.04% 
2023-06-20 00:20:24,058 	 Val. Loss: 4.302521 |  Val. Acc: 85.417% |  Val. Pre: 87.36% |  Val. Rec: 87.71% |  Val. Fsc: 87.53%
2023-06-20 00:20:24,058 	 Acc0: 71.88% |  Acc1: 100.00% |  Pre0: 100.00% |  Pre1: 74.72% |  Rec0: 75.42% | Rec1: 100.00% 
2023-06-20 00:20:24,058 Epoch: 179 | Epoch Time: 2m 53s
2023-06-20 00:20:24,058 EarlyStopping counter: 5 out of 20
2023-06-20 00:22:56,364 	Train Loss: 4.984318 | Train Acc: 84.722% | Acc0: 72.51% |  Acc1: 99.04% 
2023-06-20 00:23:17,198 	 Val. Loss: 4.144819 |  Val. Acc: 86.979% |  Val. Pre: 88.19% |  Val. Rec: 88.96% |  Val. Fsc: 88.57%
2023-06-20 00:23:17,198 	 Acc0: 75.00% |  Acc1: 100.00% |  Pre0: 100.00% |  Pre1: 76.39% |  Rec0: 77.92% | Rec1: 100.00% 
2023-06-20 00:23:17,210 Epoch: 180 | Epoch Time: 2m 53s
2023-06-20 00:23:17,210 Validation loss decreased (4.154841 --> 4.144819).  Saving model ...
2023-06-20 00:25:49,184 	Train Loss: 4.889204 | Train Acc: 86.111% | Acc0: 72.99% |  Acc1: 100.00% 
2023-06-20 00:26:09,975 	 Val. Loss: 4.072651 |  Val. Acc: 86.979% |  Val. Pre: 87.08% |  Val. Rec: 90.52% |  Val. Fsc: 88.77%
2023-06-20 00:26:09,975 	 Acc0: 78.12% |  Acc1: 96.43% |  Pre0: 95.00% |  Pre1: 79.17% |  Rec0: 84.17% | Rec1: 96.88% 
2023-06-20 00:26:09,975 Epoch: 181 | Epoch Time: 2m 52s
2023-06-20 00:26:09,975 Validation loss decreased (4.144819 --> 4.072651).  Saving model ...
2023-06-20 00:28:42,293 	Train Loss: 4.946324 | Train Acc: 87.500% | Acc0: 75.36% |  Acc1: 99.04% 
2023-06-20 00:29:03,109 	 Val. Loss: 4.094723 |  Val. Acc: 89.062% |  Val. Pre: 89.58% |  Val. Rec: 92.08% |  Val. Fsc: 90.82%
2023-06-20 00:29:03,109 	 Acc0: 78.12% |  Acc1: 100.00% |  Pre0: 100.00% |  Pre1: 79.17% |  Rec0: 84.17% | Rec1: 100.00% 
2023-06-20 00:29:03,109 Epoch: 182 | Epoch Time: 2m 53s
2023-06-20 00:29:03,109 EarlyStopping counter: 1 out of 20
2023-06-20 00:31:35,550 	Train Loss: 4.940098 | Train Acc: 86.111% | Acc0: 72.04% |  Acc1: 99.52% 
2023-06-20 00:31:56,287 	 Val. Loss: 4.040720 |  Val. Acc: 89.062% |  Val. Pre: 89.58% |  Val. Rec: 92.08% |  Val. Fsc: 90.82%
2023-06-20 00:31:56,287 	 Acc0: 78.12% |  Acc1: 100.00% |  Pre0: 100.00% |  Pre1: 79.17% |  Rec0: 84.17% | Rec1: 100.00% 
2023-06-20 00:31:56,287 Epoch: 183 | Epoch Time: 2m 53s
2023-06-20 00:31:56,287 Validation loss decreased (4.072651 --> 4.040720).  Saving model ...
2023-06-20 00:34:27,943 	Train Loss: 4.852189 | Train Acc: 87.500% | Acc0: 76.30% |  Acc1: 98.09% 
2023-06-20 00:34:48,627 	 Val. Loss: 4.364369 |  Val. Acc: 85.417% |  Val. Pre: 87.36% |  Val. Rec: 87.71% |  Val. Fsc: 87.53%
2023-06-20 00:34:48,627 	 Acc0: 71.88% |  Acc1: 100.00% |  Pre0: 100.00% |  Pre1: 74.72% |  Rec0: 75.42% | Rec1: 100.00% 
2023-06-20 00:34:48,627 Epoch: 184 | Epoch Time: 2m 52s
2023-06-20 00:34:48,628 EarlyStopping counter: 1 out of 20
2023-06-20 00:37:20,453 	Train Loss: 4.964271 | Train Acc: 86.343% | Acc0: 74.41% |  Acc1: 97.61% 
2023-06-20 00:37:41,227 	 Val. Loss: 4.347298 |  Val. Acc: 85.417% |  Val. Pre: 87.36% |  Val. Rec: 87.71% |  Val. Fsc: 87.53%
2023-06-20 00:37:41,227 	 Acc0: 71.88% |  Acc1: 100.00% |  Pre0: 100.00% |  Pre1: 74.72% |  Rec0: 75.42% | Rec1: 100.00% 
2023-06-20 00:37:41,240 Epoch: 185 | Epoch Time: 2m 52s
2023-06-20 00:37:41,240 EarlyStopping counter: 2 out of 20
2023-06-20 00:40:13,821 	Train Loss: 4.930760 | Train Acc: 85.880% | Acc0: 72.51% |  Acc1: 100.00% 
2023-06-20 00:40:34,556 	 Val. Loss: 4.028235 |  Val. Acc: 89.062% |  Val. Pre: 89.58% |  Val. Rec: 92.08% |  Val. Fsc: 90.82%
2023-06-20 00:40:34,556 	 Acc0: 78.12% |  Acc1: 100.00% |  Pre0: 100.00% |  Pre1: 79.17% |  Rec0: 84.17% | Rec1: 100.00% 
2023-06-20 00:40:34,556 Epoch: 186 | Epoch Time: 2m 53s
2023-06-20 00:40:34,556 Validation loss decreased (4.040720 --> 4.028235).  Saving model ...
2023-06-20 00:43:06,522 	Train Loss: 4.870473 | Train Acc: 84.491% | Acc0: 72.04% |  Acc1: 99.04% 
2023-06-20 00:43:27,217 	 Val. Loss: 4.111176 |  Val. Acc: 85.417% |  Val. Pre: 87.36% |  Val. Rec: 87.71% |  Val. Fsc: 87.53%
2023-06-20 00:43:27,217 	 Acc0: 71.88% |  Acc1: 100.00% |  Pre0: 100.00% |  Pre1: 74.72% |  Rec0: 75.42% | Rec1: 100.00% 
2023-06-20 00:43:27,217 Epoch: 187 | Epoch Time: 2m 52s
2023-06-20 00:43:27,217 EarlyStopping counter: 1 out of 20
2023-06-20 00:45:59,457 	Train Loss: 4.941102 | Train Acc: 85.185% | Acc0: 71.56% |  Acc1: 99.52% 
2023-06-20 00:46:20,248 	 Val. Loss: 4.081724 |  Val. Acc: 86.979% |  Val. Pre: 88.19% |  Val. Rec: 88.96% |  Val. Fsc: 88.57%
2023-06-20 00:46:20,248 	 Acc0: 75.00% |  Acc1: 100.00% |  Pre0: 100.00% |  Pre1: 76.39% |  Rec0: 77.92% | Rec1: 100.00% 
2023-06-20 00:46:20,248 Epoch: 188 | Epoch Time: 2m 53s
2023-06-20 00:46:20,248 EarlyStopping counter: 2 out of 20
2023-06-20 00:48:52,021 	Train Loss: 4.852750 | Train Acc: 84.954% | Acc0: 71.56% |  Acc1: 99.04% 
2023-06-20 00:49:12,920 	 Val. Loss: 4.010061 |  Val. Acc: 89.062% |  Val. Pre: 89.58% |  Val. Rec: 92.08% |  Val. Fsc: 90.82%
2023-06-20 00:49:12,921 	 Acc0: 78.12% |  Acc1: 100.00% |  Pre0: 100.00% |  Pre1: 79.17% |  Rec0: 84.17% | Rec1: 100.00% 
2023-06-20 00:49:12,921 Epoch: 189 | Epoch Time: 2m 52s
2023-06-20 00:49:12,921 Validation loss decreased (4.028235 --> 4.010061).  Saving model ...
2023-06-20 00:51:45,170 	Train Loss: 4.761218 | Train Acc: 86.343% | Acc0: 72.99% |  Acc1: 99.04% 
2023-06-20 00:52:05,924 	 Val. Loss: 3.922538 |  Val. Acc: 89.062% |  Val. Pre: 89.58% |  Val. Rec: 92.08% |  Val. Fsc: 90.82%
2023-06-20 00:52:05,924 	 Acc0: 78.12% |  Acc1: 100.00% |  Pre0: 100.00% |  Pre1: 79.17% |  Rec0: 84.17% | Rec1: 100.00% 
2023-06-20 00:52:05,940 Epoch: 190 | Epoch Time: 2m 53s
2023-06-20 00:52:05,940 Validation loss decreased (4.010061 --> 3.922538).  Saving model ...
2023-06-20 00:54:38,715 	Train Loss: 4.776529 | Train Acc: 87.500% | Acc0: 74.41% |  Acc1: 100.00% 
2023-06-20 00:54:59,618 	 Val. Loss: 3.988809 |  Val. Acc: 89.062% |  Val. Pre: 89.58% |  Val. Rec: 92.08% |  Val. Fsc: 90.82%
2023-06-20 00:54:59,618 	 Acc0: 78.12% |  Acc1: 100.00% |  Pre0: 100.00% |  Pre1: 79.17% |  Rec0: 84.17% | Rec1: 100.00% 
2023-06-20 00:54:59,618 Epoch: 191 | Epoch Time: 2m 53s
2023-06-20 00:54:59,618 EarlyStopping counter: 1 out of 20
2023-06-20 00:57:32,184 	Train Loss: 4.698198 | Train Acc: 86.343% | Acc0: 76.30% |  Acc1: 98.56% 
2023-06-20 00:57:52,909 	 Val. Loss: 3.907808 |  Val. Acc: 88.542% |  Val. Pre: 87.98% |  Val. Rec: 91.56% |  Val. Fsc: 89.73%
2023-06-20 00:57:52,909 	 Acc0: 81.25% |  Acc1: 96.43% |  Pre0: 95.00% |  Pre1: 80.95% |  Rec0: 86.25% | Rec1: 96.88% 
2023-06-20 00:57:52,909 Epoch: 192 | Epoch Time: 2m 53s
2023-06-20 00:57:52,909 Validation loss decreased (3.922538 --> 3.907808).  Saving model ...
2023-06-20 01:00:24,858 	Train Loss: 4.820469 | Train Acc: 86.574% | Acc0: 74.88% |  Acc1: 99.04% 
2023-06-20 01:00:45,529 	 Val. Loss: 3.946260 |  Val. Acc: 89.062% |  Val. Pre: 89.58% |  Val. Rec: 92.08% |  Val. Fsc: 90.82%
2023-06-20 01:00:45,529 	 Acc0: 78.12% |  Acc1: 100.00% |  Pre0: 100.00% |  Pre1: 79.17% |  Rec0: 84.17% | Rec1: 100.00% 
2023-06-20 01:00:45,530 Epoch: 193 | Epoch Time: 2m 52s
2023-06-20 01:00:45,530 EarlyStopping counter: 1 out of 20
2023-06-20 01:03:17,465 	Train Loss: 4.687983 | Train Acc: 87.500% | Acc0: 75.83% |  Acc1: 98.56% 
2023-06-20 01:03:38,144 	 Val. Loss: 3.971497 |  Val. Acc: 89.062% |  Val. Pre: 89.58% |  Val. Rec: 92.08% |  Val. Fsc: 90.82%
2023-06-20 01:03:38,145 	 Acc0: 78.12% |  Acc1: 100.00% |  Pre0: 100.00% |  Pre1: 79.17% |  Rec0: 84.17% | Rec1: 100.00% 
2023-06-20 01:03:38,145 Epoch: 194 | Epoch Time: 2m 52s
2023-06-20 01:03:38,145 EarlyStopping counter: 2 out of 20
2023-06-20 01:06:10,101 	Train Loss: 4.703241 | Train Acc: 86.574% | Acc0: 74.41% |  Acc1: 99.52% 
2023-06-20 01:06:30,856 	 Val. Loss: 3.858281 |  Val. Acc: 89.062% |  Val. Pre: 89.58% |  Val. Rec: 92.08% |  Val. Fsc: 90.82%
2023-06-20 01:06:30,856 	 Acc0: 78.12% |  Acc1: 100.00% |  Pre0: 100.00% |  Pre1: 79.17% |  Rec0: 84.17% | Rec1: 100.00% 
2023-06-20 01:06:30,868 Epoch: 195 | Epoch Time: 2m 52s
2023-06-20 01:06:30,868 Validation loss decreased (3.907808 --> 3.858281).  Saving model ...
2023-06-20 01:09:03,119 	Train Loss: 4.840871 | Train Acc: 86.806% | Acc0: 75.36% |  Acc1: 99.04% 
2023-06-20 01:09:23,858 	 Val. Loss: 3.946257 |  Val. Acc: 88.542% |  Val. Pre: 87.98% |  Val. Rec: 91.56% |  Val. Fsc: 89.73%
2023-06-20 01:09:23,858 	 Acc0: 81.25% |  Acc1: 96.43% |  Pre0: 95.00% |  Pre1: 80.95% |  Rec0: 86.25% | Rec1: 96.88% 
2023-06-20 01:09:23,858 Epoch: 196 | Epoch Time: 2m 52s
2023-06-20 01:09:23,858 EarlyStopping counter: 1 out of 20
2023-06-20 01:11:55,358 	Train Loss: 4.876537 | Train Acc: 87.037% | Acc0: 75.83% |  Acc1: 97.61% 
2023-06-20 01:12:15,981 	 Val. Loss: 3.897973 |  Val. Acc: 89.062% |  Val. Pre: 89.58% |  Val. Rec: 92.08% |  Val. Fsc: 90.82%
2023-06-20 01:12:15,981 	 Acc0: 78.12% |  Acc1: 100.00% |  Pre0: 100.00% |  Pre1: 79.17% |  Rec0: 84.17% | Rec1: 100.00% 
2023-06-20 01:12:15,981 Epoch: 197 | Epoch Time: 2m 52s
2023-06-20 01:12:15,981 EarlyStopping counter: 2 out of 20
2023-06-20 01:14:47,705 	Train Loss: 4.912129 | Train Acc: 86.574% | Acc0: 72.99% |  Acc1: 99.52% 
2023-06-20 01:15:08,448 	 Val. Loss: 4.129688 |  Val. Acc: 90.104% |  Val. Pre: 89.17% |  Val. Rec: 92.60% |  Val. Fsc: 90.85%
2023-06-20 01:15:08,448 	 Acc0: 84.38% |  Acc1: 96.43% |  Pre0: 95.00% |  Pre1: 83.33% |  Rec0: 88.33% | Rec1: 96.88% 
2023-06-20 01:15:08,448 Epoch: 198 | Epoch Time: 2m 52s
2023-06-20 01:15:08,448 EarlyStopping counter: 3 out of 20
2023-06-20 01:17:40,551 	Train Loss: 4.773394 | Train Acc: 87.269% | Acc0: 75.36% |  Acc1: 98.56% 
2023-06-20 01:18:01,268 	 Val. Loss: 3.955772 |  Val. Acc: 89.062% |  Val. Pre: 89.58% |  Val. Rec: 92.08% |  Val. Fsc: 90.82%
2023-06-20 01:18:01,268 	 Acc0: 78.12% |  Acc1: 100.00% |  Pre0: 100.00% |  Pre1: 79.17% |  Rec0: 84.17% | Rec1: 100.00% 
2023-06-20 01:18:01,268 Epoch: 199 | Epoch Time: 2m 52s
2023-06-20 01:18:01,268 EarlyStopping counter: 4 out of 20
2023-06-20 01:20:33,440 	Train Loss: 4.736972 | Train Acc: 85.880% | Acc0: 74.88% |  Acc1: 97.61% 
2023-06-20 01:20:53,993 	 Val. Loss: 3.921642 |  Val. Acc: 89.062% |  Val. Pre: 89.58% |  Val. Rec: 92.08% |  Val. Fsc: 90.82%
2023-06-20 01:20:53,994 	 Acc0: 78.12% |  Acc1: 100.00% |  Pre0: 100.00% |  Pre1: 79.17% |  Rec0: 84.17% | Rec1: 100.00% 
2023-06-20 01:20:54,007 Epoch: 200 | Epoch Time: 2m 52s
2023-06-20 01:20:54,007 EarlyStopping counter: 5 out of 20
